Log file open, 11/18/17 13:57:24
LogInit:Display: Running engine for game: OpenWorld_16
LogPlatformFile: Not using cached read wrapper
LogInit:Display: RandInit(1748997110) SRandInit(1748997110).
LogTaskGraph: Started task graph with 5 named threads and 6 total threads with 1 sets of task threads.
LogStats: Stats thread started at 0.196227
LogInit: Using libcurl 7.47.1
LogInit:  - built for x86_64-pc-win32
LogInit:  - supports SSL with OpenSSL/1.0.2g
LogInit:  - supports HTTP deflate (compression) using libz 1.2.8
LogInit:  - other features:
LogInit:      CURL_VERSION_SSL
LogInit:      CURL_VERSION_LIBZ
LogInit:      CURL_VERSION_IPV6
LogInit:      CURL_VERSION_ASYNCHDNS
LogInit:      CURL_VERSION_LARGEFILE
LogInit:      CURL_VERSION_IDN
LogInit:  CurlRequestOptions (configurable via config and command line):
LogInit:  - bVerifyPeer = false  - Libcurl will NOT verify peer certificate
LogInit:  - bUseHttpProxy = false  - Libcurl will NOT use HTTP proxy
LogInit:  - bDontReuseConnections = false  - Libcurl will reuse connections
LogInit:  - CertBundlePath = nullptr  - Libcurl will use whatever was configured at build time.
LogInit: Build: ++UE4+Release-4.16-CL-3561208
LogInit: Engine Version: 4.16.3-3561208+++UE4+Release-4.16
LogInit: Compatible Engine Version: 4.16.0-3452394+++UE4+Release-4.16
LogInit: Net CL: 3452394
LogDevObjectVersion: Number of dev versions registered: 16
LogDevObjectVersion:   Dev-Blueprints (B0D832E4-1F89-4F0D-ACCF-7EB736FD4AA2): 9
LogDevObjectVersion:   Dev-Build (E1C64328-A22C-4D53-A36C-8E866417BD8C): 0
LogDevObjectVersion:   Dev-Core (375EC13C-06E4-48FB-B500-84F0262A717E): 2
LogDevObjectVersion:   Dev-Editor (E4B068ED-F494-42E9-A231-DA0B2E46BB41): 17
LogDevObjectVersion:   Dev-Framework (CFFC743F-43B0-4480-9391-14DF171D2073): 23
LogDevObjectVersion:   Dev-Mobile (B02B49B5-BB20-44E9-A304-32B752E40360): 0
LogDevObjectVersion:   Dev-Networking (A4E4105C-59A1-49B5-A7C5-40C4547EDFEE): 0
LogDevObjectVersion:   Dev-Online (39C831C9-5AE6-47DC-9A44-9C173E1C8E7C): 0
LogDevObjectVersion:   Dev-Physics (78F01B33-EBEA-4F98-B9B4-84EACCB95AA2): 0
LogDevObjectVersion:   Dev-Platform (6631380F-2D4D-43E0-8009-CF276956A95A): 0
LogDevObjectVersion:   Dev-Rendering (12F88B9F-8875-4AFC-A67C-D90C383ABD29): 15
LogDevObjectVersion:   Dev-Sequencer (7B5AE74C-D270-4C10-A958-57980B212A5A): 4
LogDevObjectVersion:   Dev-VR (D7296918-1DD6-4BDD-9DE2-64A83CC13884): 0
LogDevObjectVersion:   Dev-LoadTimes (C2A15278-BFE7-4AFE-6C17-90FF531DF755): 1
LogDevObjectVersion:   Private-Geometry (6EACA3D4-40EC-4CC1-B786-8BED09428FC5): 1
LogDevObjectVersion:   Dev-AnimPhys (29E575DD-E0A3-4627-9D10-D276232CDCEA): 3
LogInit: Compiled (64-bit): Jul 28 2017 11:49:47
LogInit: Compiled with Visual C++: 19.00.24215.01
LogInit: Build Configuration: Development
LogInit: Branch Name: ++UE4+Release-4.16
LogInit: Command line:  -skipcompile
LogInit: Base directory: C:/Program Files (x86)/Epic Games/UE_4.16/Engine/Binaries/Win64/
LogInit: Installed Engine Build: 1
LogInit: Presizing for max 8388607 objects, including 0 objects not considered by GC, pre-allocating 0 bytes for permanent pool.
LogInit: Object subsystem initialized
[2017.11.18-12.57.25:121][  0]LogInit: Selected Device Profile: [Windows]
[2017.11.18-12.57.25:121][  0]LogInit: Applying CVar settings loaded from the selected device profile: [Windows]
[2017.11.18-12.57.25:142][  0]LogInit: Computer: HP-PC
[2017.11.18-12.57.25:143][  0]LogInit: User: Admin
[2017.11.18-12.57.25:143][  0]LogInit: CPU Page size=4096, Cores=2
[2017.11.18-12.57.25:143][  0]LogInit: High frequency timer resolution =3.117568 MHz
[2017.11.18-12.57.25:143][  0]LogMemory: Memory total: Physical=7.9GB (8GB approx)
[2017.11.18-12.57.25:143][  0]LogMemory: Platform Memory Stats for Windows
[2017.11.18-12.57.25:143][  0]LogMemory: Process Physical Memory: 273.63 MB used, 273.63 MB peak
[2017.11.18-12.57.25:144][  0]LogMemory: Process Virtual Memory: 260.61 MB used, 260.61 MB peak
[2017.11.18-12.57.25:144][  0]LogMemory: Physical Memory: 5119.94 MB used,  2935.35 MB free, 8055.29 MB total
[2017.11.18-12.57.25:144][  0]LogMemory: Virtual Memory: 618.77 MB used,  2935.35 MB free, 8388608.00 MB total
[2017.11.18-12.57.25:385][  0]LogInit: Overriding language with editor language configuration option (en).
[2017.11.18-12.57.25:385][  0]LogInit: Overriding locale with editor locale configuration option (en).
[2017.11.18-12.57.27:028][  0]LogD3D11RHI: D3D11 adapters:
[2017.11.18-12.57.27:073][  0]LogD3D11RHI:    0. 'NVIDIA GeForce GT 730' (Feature Level 11_0)
[2017.11.18-12.57.27:073][  0]LogD3D11RHI:       973/0/3072 MB DedicatedVideo/DedicatedSystem/SharedSystem, Outputs:1, VendorId:0x10de
[2017.11.18-12.57.27:073][  0]LogD3D11RHI: Chosen D3D11 Adapter: 0
[2017.11.18-12.57.27:080][  0]LogD3D11RHI: Creating new Direct3DDevice
[2017.11.18-12.57.27:080][  0]LogD3D11RHI:     GPU DeviceId: 0x1287 (for the marketing name, search the web for "GPU Device Id")
[2017.11.18-12.57.27:080][  0]LogWindows: EnumDisplayDevices:
[2017.11.18-12.57.27:081][  0]LogWindows:    0. 'NVIDIA GeForce GT 730' (P:1 D:1)
[2017.11.18-12.57.27:082][  0]LogWindows:    1. 'NVIDIA GeForce GT 730' (P:0 D:0)
[2017.11.18-12.57.27:083][  0]LogWindows:    2. 'NVIDIA GeForce GT 730' (P:0 D:0)
[2017.11.18-12.57.27:084][  0]LogWindows:    3. 'RDPDD Chained DD' (P:0 D:0)
[2017.11.18-12.57.27:084][  0]LogWindows:    4. 'RDP Encoder Mirror Driver' (P:0 D:0)
[2017.11.18-12.57.27:085][  0]LogWindows:    5. 'RDP Reflector Display Driver' (P:0 D:0)
[2017.11.18-12.57.27:085][  0]LogWindows: DebugString: GetVideoDriverDetailsInvalid PrimaryIsNotTheChoosenAdapter GetVideoDriverDetailsInvalid PrimaryIsNotTheChoosenAdapter GetVideoDriverDetailsInvalid PrimaryIsNotTheChoosenAdapter FoundDriverCount:3 
[2017.11.18-12.57.27:085][  0]LogD3D11RHI:     Adapter Name: NVIDIA GeForce GT 730
[2017.11.18-12.57.27:085][  0]LogD3D11RHI:   Driver Version: 385.69 (internal:22.21.13.8569, unified:385.69)
[2017.11.18-12.57.27:085][  0]LogD3D11RHI:      Driver Date: 9-16-2017
[2017.11.18-12.57.27:085][  0]LogRHI: Texture pool is 681 MB (70% of 973 MB)
[2017.11.18-12.57.27:103][  0]LogD3D11RHI: Async texture creation enabled
[2017.11.18-12.57.27:115][  0]LogD3D11RHI: GPU Timing Frequency: 1000.000000 (Debug: 2 1)
[2017.11.18-12.57.27:117][  0]LogD3D11RHI: HDR output is supported on display 0 (NvId: 0x80061083).
[2017.11.18-12.57.27:117][  0]LogShaderCompilers: Guid format shader working directory is -22 characters bigger than the processId version (../../../../../../Users/Admin/Documents/Unreal Projects/OpenWorld_16/Intermediate/Shaders/WorkingDirectory/1760/).
[2017.11.18-12.57.27:117][  0]LogShaderCompilers: Cleaned the shader compiler working directory 'C:/Users/Admin/AppData/Local/Temp/UnrealShaderWorkingDir/C695119A4B3974F99DA895AFEB66EB3E/'.
[2017.11.18-12.57.27:117][  0]LogShaderCompilers:Display: Using Local Shader Compiler.
[2017.11.18-12.57.28:884][  0]LogTemp:Display: Loaded TP AllDesktopTargetPlatform
[2017.11.18-12.57.28:976][  0]LogTemp:Display: Loaded TP MacClientTargetPlatform
[2017.11.18-12.57.29:063][  0]LogTemp:Display: Loaded TP MacNoEditorTargetPlatform
[2017.11.18-12.57.29:160][  0]LogTemp:Display: Loaded TP MacServerTargetPlatform
[2017.11.18-12.57.29:253][  0]LogTemp:Display: Loaded TP MacTargetPlatform
[2017.11.18-12.57.29:347][  0]LogTemp:Display: Loaded TP WindowsClientTargetPlatform
[2017.11.18-12.57.29:441][  0]LogTemp:Display: Loaded TP WindowsNoEditorTargetPlatform
[2017.11.18-12.57.29:534][  0]LogTemp:Display: Loaded TP WindowsServerTargetPlatform
[2017.11.18-12.57.29:615][  0]LogTemp:Display: Loaded TP WindowsTargetPlatform
[2017.11.18-12.57.29:708][  0]LogTemp:Display: Loaded TP AndroidTargetPlatform
[2017.11.18-12.57.29:806][  0]LogTemp:Display: Loaded TP Android_ASTCTargetPlatform
[2017.11.18-12.57.29:898][  0]LogTemp:Display: Loaded TP Android_ATCTargetPlatform
[2017.11.18-12.57.29:995][  0]LogTemp:Display: Loaded TP Android_DXTTargetPlatform
[2017.11.18-12.57.30:087][  0]LogTemp:Display: Loaded TP Android_ETC1TargetPlatform
[2017.11.18-12.57.30:175][  0]LogTemp:Display: Loaded TP Android_ETC2TargetPlatform
[2017.11.18-12.57.30:351][  0]LogTemp:Display: Loaded TP Android_MultiTargetPlatform
[2017.11.18-12.57.30:351][  0]LogTemp:Display: Loaded TP Android_PVRTCTargetPlatform
[2017.11.18-12.57.30:421][  0]LogTemp:Display: Loaded TP HTML5TargetPlatform
[2017.11.18-12.57.30:591][  0]LogTemp:Display: Loaded TP IOSTargetPlatform
[2017.11.18-12.57.30:633][  0]LogTemp:Display: Loaded TP TVOSTargetPlatform
[2017.11.18-12.57.30:718][  0]LogTemp:Display: Loaded TP LinuxClientTargetPlatform
[2017.11.18-12.57.30:810][  0]LogTemp:Display: Loaded TP LinuxNoEditorTargetPlatform
[2017.11.18-12.57.30:903][  0]LogTemp:Display: Loaded TP LinuxServerTargetPlatform
[2017.11.18-12.57.31:000][  0]LogTemp:Display: Loaded TP LinuxTargetPlatform
[2017.11.18-12.57.31:000][  0]LogTargetPlatformManager:Display: Building Assets For Windows
[2017.11.18-12.57.31:925][  0]LogDerivedDataCache:Display: Max Cache Size: 512 MB
[2017.11.18-12.57.32:437][  0]LogDerivedDataCache: Loaded boot cache 0.51s 90MB C:/Users/Admin/AppData/Local/UnrealEngine/4.16/DerivedDataCache/Boot.ddc.
[2017.11.18-12.57.32:437][  0]LogDerivedDataCache:Display: Loaded Boot cache: C:/Users/Admin/AppData/Local/UnrealEngine/4.16/DerivedDataCache/Boot.ddc
[2017.11.18-12.57.32:438][  0]LogDerivedDataCache: FDerivedDataBackendGraph:  Pak pak cache file ../../../../../../Users/Admin/Documents/Unreal Projects/OpenWorld_16/DerivedDataCache/DDC.ddp not found, will not use a pak cache.
[2017.11.18-12.57.32:438][  0]LogDerivedDataCache: Unable to find inner node Pak for hierarchical cache Hierarchy.
[2017.11.18-12.57.32:438][  0]LogDerivedDataCache: FDerivedDataBackendGraph:  CompressedPak pak cache file ../../../../../../Users/Admin/Documents/Unreal Projects/OpenWorld_16/DerivedDataCache/Compressed.ddp not found, will not use a pak cache.
[2017.11.18-12.57.32:438][  0]LogDerivedDataCache: Unable to find inner node CompressedPak for hierarchical cache Hierarchy.
[2017.11.18-12.57.32:466][  0]LogDerivedDataCache:Display: Pak cache opened for reading ../../../Engine/DerivedDataCache/Compressed.ddp.
[2017.11.18-12.57.32:479][  0]LogDerivedDataCache: Using Local data cache path C:/Users/Admin/AppData/Local/UnrealEngine/Common/DerivedDataCache: Writable
[2017.11.18-12.57.32:494][  0]LogMaterial: Verifying Global Shaders for PCD3D_SM5
[2017.11.18-12.57.32:495][  0]LogSlate: Using Freetype 2.6.0
[2017.11.18-12.57.32:497][  0]LogSlate: SlateFontCache - WITH_FREETYPE: 1, WITH_HARFBUZZ: 1
[2017.11.18-12.57.32:497][  0]LogSlate: SlateFontCache - WITH_FREETYPE: 1, WITH_HARFBUZZ: 1
[2017.11.18-12.57.33:517][  0]LogInit: Selected Device Profile: [Windows]
[2017.11.18-12.57.33:522][  0]LogContentStreaming: Texture pool size is 0.00 MB
[2017.11.18-12.57.33:892][  0]LogMeshUtilities: Using QuadricMeshReduction for automatic static mesh reduction
[2017.11.18-12.57.33:979][  0]LogSimplygon: Simplygon DLL not present - disabling.
[2017.11.18-12.57.34:060][  0]LogMeshUtilities: Using SimplygonSwarm for distributed automatic mesh merging
[2017.11.18-12.57.34:060][  0]LogMeshUtilities: No automatic skeletal mesh reduction module available
[2017.11.18-12.57.34:060][  0]LogMeshUtilities: No automatic mesh merging module available
[2017.11.18-12.57.34:945][  0]LogNetVersion: OpenWorld_16 , NetCL: 3452394, EngineNetVer: 2, GameNetVer: 0 (Checksum: 878940126)
[2017.11.18-12.57.35:042][  0]LogAssetRegistry: FAssetRegistry took 0.0325 seconds to start up
[2017.11.18-12.57.35:105][  0]LogPackageLocalizationCache: Processed 4 localized package path(s) for 1 prioritized culture(s) in 0.025990 seconds
[2017.11.18-12.57.35:115][  0]LogUObjectArray: 34194 objects as part of root set at end of initial load.
[2017.11.18-12.57.35:115][  0]LogUObjectAllocator: 7260424 out of 0 bytes used by permanent object pool.
[2017.11.18-12.57.35:115][  0]LogUObjectArray: CloseDisregardForGC: 0/0 objects in disregard for GC pool
[2017.11.18-12.57.35:215][  0]LogInit: WinSock: version 1.1 (2.2), MaxSocks=32767, MaxUdp=65467
[2017.11.18-12.57.40:861][  0]LogSubstanceCoreModule: Substance [CPU] Engine Loaded, Max Texture Size = 2048
[2017.11.18-12.57.40:927][  0]LogTcpMessaging: Initializing TcpMessaging bridge
[2017.11.18-12.57.40:983][  0]LogUdpMessaging: Initializing bridge on interface 0.0.0.0:0 to multicast group 230.0.0.1:6666.
[2017.11.18-12.57.42:196][  0]LogMaterial: Uniform references updated for custom material expression Custom.
[2017.11.18-12.57.42:862][  0]SourceControl: Info Source control is disabled
[2017.11.18-12.57.42:934][  0]SourceControl: Info Source control is disabled
[2017.11.18-12.57.43:017][  0]SourceControl: Info Source control is disabled
[2017.11.18-12.57.43:100][  0]SourceControl: Info Source control is disabled
[2017.11.18-12.57.44:675][  0]LogAndroidPermission: UAndroidPermissionCallbackProxy::GetInstance
[2017.11.18-12.57.45:898][  0]LogEngine: Initializing Engine...
[2017.11.18-12.57.45:899][  0]LogHMD: Failed to initialize OpenVR with code 110
[2017.11.18-12.57.46:234][  0]LogStats: UGameplayTagsManager::ConstructGameplayTagTree: Construct from data asset -  0.000 s
[2017.11.18-12.57.46:234][  0]LogStats: UGameplayTagsManager::ConstructGameplayTagTree: GameplayTagTreeChangedEvent.Broadcast -  0.000 s
[2017.11.18-12.57.46:480][  0]LogAIModule: Creating AISystem for world Untitled
[2017.11.18-12.57.46:507][  0]LogInit: XAudio2 using 'Altavoces (Realtek High Definition Audio)' : 2 channels at 48 kHz using 32 bits per sample (channel mask 0x3)
[2017.11.18-12.57.46:523][  0]LogInit: FAudioDevice initialized.
[2017.11.18-12.57.46:577][  0]LogDerivedDataCache: Saved boot cache 0.05s 90MB C:/Users/Admin/AppData/Local/UnrealEngine/4.16/DerivedDataCache/Boot.ddc.
[2017.11.18-12.57.46:603][  0]LogInit: Texture streaming: Enabled
[2017.11.18-12.57.46:751][  0]LogEngineSessionManager: EngineSessionManager initialized
[2017.11.18-12.57.47:137][  0]LogInit: Transaction tracking system initialized
[2017.11.18-12.57.47:702][  0]BlueprintLog: New page: Editor Load
[2017.11.18-12.57.49:372][  0]LocalizationService: Info Localization service is disabled
[2017.11.18-12.57.50:960][  0]LogConsoleResponse:Display: 
[2017.11.18-12.57.51:224][  0]LogCook:Display: Max memory allowance for cook 16384mb min free memory 0mb
[2017.11.18-12.57.51:224][  0]LogCook:Display: Mobile HDR setting 1
[2017.11.18-12.57.51:502][  0]LogFileCache: Scanning file cache for directory 'C:/Users/Admin/Documents/Unreal Projects/OpenWorld_16/Content/' took 0.02s
[2017.11.18-12.57.53:059][  0]SourceControl: Info Source control is disabled
[2017.11.18-12.57.53:059][  0]Cmd: MAP LOAD FILE="../../../../../../Users/Admin/Documents/Unreal Projects/OpenWorld_16/Content/FirstPersonBP/Maps/FirstPersonExampleMap.umap" TEMPLATE=0 SHOWPROGRESS=1 FEATURELEVEL=3
[2017.11.18-12.57.53:062][  0]LightingResults: New page: Lighting Build
[2017.11.18-12.57.53:130][  0]MapCheck: New page: Map Check
[2017.11.18-12.57.53:130][  0]LightingResults: New page: Lighting Build
[2017.11.18-12.57.53:941][  0]LogAIModule: Creating AISystem for world FirstPersonExampleMap
[2017.11.18-12.57.53:950][  0]LogEditorServer: Finished looking for orphan Actors (0.000 secs)
[2017.11.18-12.57.53:989][  0]Cmd: MAP CHECKDEP NOCLEARLOG
[2017.11.18-12.57.54:118][  0]MapCheck: Info Map check complete: 0 Error(s), 0 Warning(s), took 129.115ms to complete.
[2017.11.18-12.57.54:119][  0]LogFileHelpers: Loading map 'FirstPersonExampleMap' took 1.131
[2017.11.18-12.57.54:324][  0]LogCollectionManager: Loaded 0 collections in 0.001740 seconds
[2017.11.18-12.57.54:448][  0]LogFileCache: Scanning file cache for directory 'C:/Users/Admin/Documents/Unreal Projects/OpenWorld_16/Saved/Collections/' took 0.01s
[2017.11.18-12.57.54:448][  0]LogFileCache: Scanning file cache for directory 'C:/Users/Admin/Documents/Unreal Projects/OpenWorld_16/Content/Developers/Admin/Collections/' took 0.01s
[2017.11.18-12.57.54:448][  0]LogFileCache: Scanning file cache for directory 'C:/Users/Admin/Documents/Unreal Projects/OpenWorld_16/Content/Collections/' took 0.01s
[2017.11.18-12.57.54:448][  0]LogCollectionManager: Rebuilt the GUID cache for 0 collections in 0.000002 seconds
[2017.11.18-12.57.54:463][  0]LogContentBrowser: Native class hierarchy populated in 0.0144 seconds. Added 2361 classes and 508 folders.
[2017.11.18-12.57.54:594][  0]LogContentBrowser: Native class hierarchy updated for 'WidgetCarousel' in 0.0020 seconds. Added 0 classes and 0 folders.
[2017.11.18-12.57.54:776][  0]LogContentBrowser: Native class hierarchy updated for 'AddContentDialog' in 0.0020 seconds. Added 0 classes and 0 folders.
[2017.11.18-12.57.54:873][  0]LogContentBrowser: Native class hierarchy updated for 'SceneOutliner' in 0.0021 seconds. Added 1 classes and 2 folders.
[2017.11.18-12.57.55:011][  0]LogCrashTracker: Crashtracker disabled due to settings.
[2017.11.18-12.57.55:020][  0]LogSlate: Took 0.002762 seconds to synchronously load lazily loaded font '../../../Engine/Content/Slate/Fonts/Roboto-Regular.ttf' (155K)
[2017.11.18-12.57.55:030][  0]LogSlate: Took 0.002845 seconds to synchronously load lazily loaded font '../../../Engine/Content/Slate/Fonts/Roboto-Bold.ttf' (160K)
[2017.11.18-12.57.55:045][  0]LogSlate: Took 0.002078 seconds to synchronously load lazily loaded font '../../../Engine/Content/Editor/Slate/Fonts/FontAwesome.ttf' (139K)
[2017.11.18-12.57.55:047][  0]LogSlate: Took 0.001440 seconds to synchronously load lazily loaded font '../../../Engine/Content/Editor/Slate/Fonts/DroidSansMono.ttf' (77K)
[2017.11.18-12.57.55:204][  0]LogRenderer: Reallocating scene render targets to support 844x408 NumSamples 1 (Frame:1).
[2017.11.18-12.57.55:392][  0]LogUObjectGlobals:Warning: Failed to find object 'Class None.'
[2017.11.18-12.57.55:500][  0]LogContentBrowser: Native class hierarchy updated for 'HierarchicalLODOutliner' in 0.0021 seconds. Added 1 classes and 2 folders.
[2017.11.18-12.57.55:501][  0]LogLoad: (Engine Initialization) Total time: 33.56 seconds
[2017.11.18-12.57.55:502][  0]LogLoad: (Engine Initialization) Total Blueprint compile time: 0.26 seconds
[2017.11.18-12.57.55:502][  0]LogExternalProfiler: Found external profiler: VSPerf
[2017.11.18-12.57.55:502][  0]LogExternalProfiler: Using external profiler: VSPerf
[2017.11.18-12.57.55:540][  0]LogOcInput: OculusInput pre-init called
[2017.11.18-12.57.55:541][  0]LogHMD: Starting GearVRController plugin
[2017.11.18-12.57.55:562][  0]LogContentStreaming: Texture pool size now 600 MB
[2017.11.18-12.57.55:644][  2]LogAssetRegistry: Asset discovery search completed in 20.7268 seconds
[2017.11.18-12.57.55:647][  2]LogCollectionManager: Rebuilt the object cache for 0 collections in 0.000001 seconds (found 0 objects)
[2017.11.18-12.57.55:647][  2]LogCollectionManager: Fixed up redirectors for 0 collections in 0.000470 seconds (updated 0 objects)
[2017.11.18-12.58.09:618][367]LogTemp: Repeting last play command: Selected Viewport
[2017.11.18-12.58.09:680][367]LogBlueprintUserMessages: Early PlayInEditor Detection: Level '/Game/FirstPersonBP/Maps/FirstPersonExampleMap.FirstPersonExampleMap:PersistentLevel' has LevelScriptBlueprint '/Game/FirstPersonBP/Maps/FirstPersonExampleMap.FirstPersonExampleMap:PersistentLevel.FirstPersonExampleMap' with GeneratedClass '/Game/FirstPersonBP/Maps/FirstPersonExampleMap.FirstPersonExampleMap_C' with ClassGeneratedBy '/Game/FirstPersonBP/Maps/FirstPersonExampleMap.FirstPersonExampleMap:PersistentLevel.FirstPersonExampleMap'
[2017.11.18-12.58.09:682][367]LogPlayLevel: PlayLevel: No blueprints needed recompiling
[2017.11.18-12.58.09:682][367]PIE: New page: PIE session: FirstPersonExampleMap (Nov 18, 2017, 2:58:09 PM)
[2017.11.18-12.58.09:683][367]LogPlayLevel: Creating play world package: /Game/FirstPersonBP/Maps/UEDPIE_0_FirstPersonExampleMap
[2017.11.18-12.58.09:720][367]LogPlayLevel: PIE: StaticDuplicateObject took: (0.036327s)
[2017.11.18-12.58.09:721][367]LogAIModule: Creating AISystem for world FirstPersonExampleMap
[2017.11.18-12.58.09:722][367]LogPlayLevel: PIE: World Init took: (0.002015s)
[2017.11.18-12.58.09:723][367]LogPlayLevel: PIE: Created PIE world by copying editor world from /Game/FirstPersonBP/Maps/FirstPersonExampleMap.FirstPersonExampleMap to /Game/FirstPersonBP/Maps/UEDPIE_0_FirstPersonExampleMap.FirstPersonExampleMap (0.040044s)
[2017.11.18-12.58.09:767][367]LogInit: XAudio2 using 'Altavoces (Realtek High Definition Audio)' : 2 channels at 48 kHz using 32 bits per sample (channel mask 0x3)
[2017.11.18-12.58.09:778][367]LogInit: FAudioDevice initialized.
[2017.11.18-12.58.09:828][367]LogLoad: Game class is 'WorldGameMode_BP_C'
[2017.11.18-12.58.09:831][367]LogWorld: Bringing World /Game/FirstPersonBP/Maps/UEDPIE_0_FirstPersonExampleMap.FirstPersonExampleMap up for play (max tick rate 30) at 2017.11.18-13.58.09
[2017.11.18-12.58.09:832][367]LogWorld: Bringing up level for play took: 0.002122
[2017.11.18-12.58.09:919][367]LogContentBrowser: Native class hierarchy updated for 'MovieSceneCapture' in 0.0025 seconds. Added 11 classes and 0 folders.
[2017.11.18-12.58.09:921][367]LogBlueprintUserMessages: [WorldGameMode_BP_C_0] Hello
[2017.11.18-12.58.10:002][367]LogTemp:Warning: First map load took: 80.632082 ms
[2017.11.18-12.58.10:003][367]PIE: Info Play in editor start time for /Game/FirstPersonBP/Maps/UEDPIE_0_FirstPersonExampleMap 1.246
[2017.11.18-12.58.10:004][367]LogBlueprintUserMessages: Late PlayInEditor Detection: Level '/Game/FirstPersonBP/Maps/FirstPersonExampleMap.FirstPersonExampleMap:PersistentLevel' has LevelScriptBlueprint '/Game/FirstPersonBP/Maps/FirstPersonExampleMap.FirstPersonExampleMap:PersistentLevel.FirstPersonExampleMap' with GeneratedClass '/Game/FirstPersonBP/Maps/FirstPersonExampleMap.FirstPersonExampleMap_C' with ClassGeneratedBy '/Game/FirstPersonBP/Maps/FirstPersonExampleMap.FirstPersonExampleMap:PersistentLevel.FirstPersonExampleMap'
[2017.11.18-12.58.10:042][368]Mat_Loader:Warning: Added transition meterial with index: 2-1-0
[2017.11.18-12.58.13:799][470]LogBlueprintUserMessages: [WorldGameMode_BP_C_0] Hello
[2017.11.18-12.58.18:235][603]LogTemp:Warning: Updating MeshSection 1
[2017.11.18-12.58.18:236][603]LogTemp:Warning: Updating MeshSection 0
[2017.11.18-12.58.18:237][603]LogTemp:Warning: Updating MeshSection 1
[2017.11.18-12.58.18:237][603]LogTemp:Warning: Updating MeshSection 2
[2017.11.18-12.58.18:238][603]LogTemp:Warning: Updating MeshSection 500
[2017.11.18-12.58.18:239][603]LogTemp:Warning: Updating MeshSection 0
[2017.11.18-12.58.18:239][603]LogTemp:Warning: Updating MeshSection 1
[2017.11.18-12.58.18:239][603]LogTemp:Warning: Updating MeshSection 2
[2017.11.18-12.58.18:240][603]LogTemp:Warning: Updating MeshSection 500
[2017.11.18-12.58.18:240][603]LogTemp:Warning: Updating MeshSection 0
[2017.11.18-12.58.18:241][603]LogTemp:Warning: Updating MeshSection 1
[2017.11.18-12.58.18:241][603]LogTemp:Warning: Updating MeshSection 500
[2017.11.18-12.58.18:241][603]LogTemp:Warning: Updating MeshSection 0
[2017.11.18-12.58.18:242][603]LogTemp:Warning: Updating MeshSection 1
[2017.11.18-12.58.18:242][603]LogTemp:Warning: Updating MeshSection 500
[2017.11.18-12.58.18:243][603]LogTemp:Warning: Updating MeshSection 0
[2017.11.18-12.58.18:244][603]LogTemp:Warning: Updating MeshSection 0
[2017.11.18-12.58.18:245][603]LogTemp:Warning: Updating MeshSection 0
[2017.11.18-12.58.18:245][603]LogTemp:Warning: Updating MeshSection 0
[2017.11.18-12.58.18:246][603]LogTemp:Warning: Updating MeshSection 0
[2017.11.18-12.58.18:247][603]LogTemp:Warning: Updating MeshSection 1
[2017.11.18-12.58.18:247][603]LogTemp:Warning: Updating MeshSection 0
[2017.11.18-12.58.18:248][603]LogTemp:Warning: Updating MeshSection 0
[2017.11.18-12.58.18:249][603]LogTemp:Warning: Updating MeshSection 0
[2017.11.18-12.58.18:249][603]LogTemp:Warning: Updating MeshSection 1
[2017.11.18-12.58.18:250][603]LogTemp:Warning: Updating MeshSection 500
[2017.11.18-12.58.18:251][603]LogTemp:Warning: Updating MeshSection 0
[2017.11.18-12.58.18:251][603]LogTemp:Warning: Updating MeshSection 1
[2017.11.18-12.58.18:252][603]LogTemp:Warning: Updating MeshSection 2
[2017.11.18-12.58.18:252][603]LogTemp:Warning: Updating MeshSection 500
[2017.11.18-12.58.18:253][603]LogTemp:Warning: Updating MeshSection 0
[2017.11.18-12.58.18:253][603]LogTemp:Warning: Updating MeshSection 1
[2017.11.18-12.58.18:254][603]LogTemp:Warning: Updating MeshSection 500
[2017.11.18-12.58.18:254][603]LogTemp:Warning: Updating MeshSection 0
[2017.11.18-12.58.18:255][603]LogTemp:Warning: Updating MeshSection 1
[2017.11.18-12.58.18:255][603]LogTemp:Warning: Updating MeshSection 500
[2017.11.18-12.58.18:256][603]LogTemp:Warning: Updating MeshSection 0
[2017.11.18-12.58.18:256][603]LogTemp:Warning: Updating MeshSection 1
[2017.11.18-12.58.18:257][603]LogTemp:Warning: Updating MeshSection 500
[2017.11.18-12.58.18:257][603]LogTemp:Warning: Updating MeshSection 0
[2017.11.18-12.58.18:258][603]LogTemp:Warning: Updating MeshSection 1
[2017.11.18-12.58.18:258][603]LogTemp:Warning: Updating MeshSection 500
[2017.11.18-12.58.18:259][603]LogTemp:Warning: Updating MeshSection 0
[2017.11.18-12.58.18:259][603]LogTemp:Warning: Updating MeshSection 1
[2017.11.18-12.58.18:259][603]LogTemp:Warning: Updating MeshSection 2
[2017.11.18-12.58.18:260][603]LogTemp:Warning: Updating MeshSection 500
[2017.11.18-12.58.18:260][603]LogTemp:Warning: Updating MeshSection 0
[2017.11.18-12.58.18:261][603]LogTemp:Warning: Updating MeshSection 1
[2017.11.18-12.58.18:261][603]LogTemp:Warning: Updating MeshSection 2
[2017.11.18-12.58.18:261][603]LogTemp:Warning: Updating MeshSection 500
[2017.11.18-12.58.18:262][603]LogTemp:Warning: Updating MeshSection 0
[2017.11.18-12.58.18:263][603]LogTemp:Warning: Updating MeshSection 1
[2017.11.18-12.58.18:264][603]LogTemp:Warning: Updating MeshSection 2
[2017.11.18-12.58.18:264][603]LogTemp:Warning: Updating MeshSection 500
[2017.11.18-12.58.18:265][603]LogTemp:Warning: Updating MeshSection 0
[2017.11.18-12.58.18:265][603]LogTemp:Warning: Updating MeshSection 1
[2017.11.18-12.58.18:265][603]LogTemp:Warning: Updating MeshSection 500
[2017.11.18-12.58.18:266][603]LogTemp:Warning: Updating MeshSection 0
[2017.11.18-12.58.18:266][603]LogTemp:Warning: Updating MeshSection 1
[2017.11.18-12.58.18:267][603]LogTemp:Warning: Updating MeshSection 500
[2017.11.18-12.58.18:267][603]LogTemp:Warning: Updating MeshSection 0
[2017.11.18-12.58.18:268][603]LogTemp:Warning: Updating MeshSection 1
[2017.11.18-12.58.18:269][603]LogTemp:Warning: Updating MeshSection 500
[2017.11.18-12.58.18:269][603]LogTemp:Warning: Updating MeshSection 0
[2017.11.18-12.58.18:270][603]LogTemp:Warning: Updating MeshSection 1
[2017.11.18-12.58.18:270][603]LogTemp:Warning: Updating MeshSection 500
[2017.11.18-12.58.18:271][603]LogTemp:Warning: Updating MeshSection 0
[2017.11.18-12.58.18:271][603]LogTemp:Warning: Updating MeshSection 1
[2017.11.18-12.58.18:271][603]LogTemp:Warning: Updating MeshSection 500
[2017.11.18-12.58.18:273][603]LogTemp:Warning: Updating MeshSection 0
[2017.11.18-12.58.18:273][603]LogTemp:Warning: Updating MeshSection 1
[2017.11.18-12.58.18:273][603]LogTemp:Warning: Updating MeshSection 500
[2017.11.18-12.58.18:274][603]LogTemp:Warning: Updating MeshSection 0
[2017.11.18-12.58.18:274][603]LogTemp:Warning: Updating MeshSection 1
[2017.11.18-12.58.18:275][603]LogTemp:Warning: Updating MeshSection 2
[2017.11.18-12.58.18:275][603]LogTemp:Warning: Updating MeshSection 500
[2017.11.18-12.58.21:044][685]LogTemp:Warning: Updating MeshSection 0
[2017.11.18-12.58.21:045][685]LogTemp:Warning: Updating MeshSection 1
[2017.11.18-12.58.21:045][685]LogTemp:Warning: Updating MeshSection 2
[2017.11.18-12.58.21:045][685]LogTemp:Warning: Updating MeshSection 500
[2017.11.18-12.58.21:046][685]LogTemp:Warning: Updating MeshSection 0
[2017.11.18-12.58.21:047][685]LogTemp:Warning: Updating MeshSection 1
[2017.11.18-12.58.21:048][685]LogTemp:Warning: Updating MeshSection 2
[2017.11.18-12.58.21:048][685]LogTemp:Warning: Updating MeshSection 500
[2017.11.18-12.58.21:048][685]LogTemp:Warning: Updating MeshSection 0
[2017.11.18-12.58.21:049][685]LogTemp:Warning: Updating MeshSection 1
[2017.11.18-12.58.21:049][685]LogTemp:Warning: Updating MeshSection 500
[2017.11.18-12.58.21:050][685]LogTemp:Warning: Updating MeshSection 0
[2017.11.18-12.58.21:050][685]LogTemp:Warning: Updating MeshSection 1
[2017.11.18-12.58.21:050][685]LogTemp:Warning: Updating MeshSection 500
[2017.11.18-12.58.21:051][685]LogTemp:Warning: Updating MeshSection 0
[2017.11.18-12.58.21:052][685]LogTemp:Warning: Updating MeshSection 0
[2017.11.18-12.58.21:053][685]LogTemp:Warning: Updating MeshSection 0
[2017.11.18-12.58.21:054][685]LogTemp:Warning: Updating MeshSection 0
[2017.11.18-12.58.21:054][685]LogTemp:Warning: Updating MeshSection 0
[2017.11.18-12.58.21:055][685]LogTemp:Warning: Updating MeshSection 0
[2017.11.18-12.58.21:057][685]LogTemp:Warning: Updating MeshSection 0
[2017.11.18-12.58.21:057][685]LogTemp:Warning: Updating MeshSection 0
[2017.11.18-12.58.21:058][685]LogTemp:Warning: Updating MeshSection 1
[2017.11.18-12.58.21:058][685]LogTemp:Warning: Updating MeshSection 500
[2017.11.18-12.58.21:058][685]LogTemp:Warning: Updating MeshSection 1
[2017.11.18-12.58.21:058][685]LogTemp:Warning: Updating MeshSection 2
[2017.11.18-12.58.21:059][685]LogTemp:Warning: Updating MeshSection 500
[2017.11.18-12.58.21:059][685]LogTemp:Warning: Updating MeshSection 0
[2017.11.18-12.58.21:059][685]LogTemp:Warning: Updating MeshSection 1
[2017.11.18-12.58.21:060][685]LogTemp:Warning: Updating MeshSection 500
[2017.11.18-12.58.21:060][685]LogTemp:Warning: Updating MeshSection 0
[2017.11.18-12.58.21:062][685]LogTemp:Warning: Updating MeshSection 1
[2017.11.18-12.58.21:062][685]LogTemp:Warning: Updating MeshSection 500
[2017.11.18-12.58.21:063][685]LogTemp:Warning: Updating MeshSection 0
[2017.11.18-12.58.21:063][685]LogTemp:Warning: Updating MeshSection 1
[2017.11.18-12.58.21:063][685]LogTemp:Warning: Updating MeshSection 500
[2017.11.18-12.58.21:064][685]LogTemp:Warning: Updating MeshSection 1
[2017.11.18-12.58.21:064][685]LogTemp:Warning: Updating MeshSection 0
[2017.11.18-12.58.21:065][685]LogTemp:Warning: Updating MeshSection 1
[2017.11.18-12.58.21:066][685]LogTemp:Warning: Updating MeshSection 2
[2017.11.18-12.58.21:067][685]LogTemp:Warning: Updating MeshSection 500
[2017.11.18-12.58.21:067][685]LogTemp:Warning: Updating MeshSection 0
[2017.11.18-12.58.21:067][685]LogTemp:Warning: Updating MeshSection 1
[2017.11.18-12.58.21:068][685]LogTemp:Warning: Updating MeshSection 2
[2017.11.18-12.58.21:068][685]LogTemp:Warning: Updating MeshSection 500
[2017.11.18-12.58.21:068][685]LogTemp:Warning: Updating MeshSection 0
[2017.11.18-12.58.21:069][685]LogTemp:Warning: Updating MeshSection 1
[2017.11.18-12.58.21:069][685]LogTemp:Warning: Updating MeshSection 2
[2017.11.18-12.58.21:069][685]LogTemp:Warning: Updating MeshSection 500
[2017.11.18-12.58.21:069][685]LogTemp:Warning: Updating MeshSection 0
[2017.11.18-12.58.21:070][685]LogTemp:Warning: Updating MeshSection 1
[2017.11.18-12.58.21:070][685]LogTemp:Warning: Updating MeshSection 500
[2017.11.18-12.58.21:071][685]LogTemp:Warning: Updating MeshSection 0
[2017.11.18-12.58.21:073][685]LogTemp:Warning: Updating MeshSection 1
[2017.11.18-12.58.21:073][685]LogTemp:Warning: Updating MeshSection 500
[2017.11.18-12.58.21:073][685]LogTemp:Warning: Updating MeshSection 0
[2017.11.18-12.58.21:073][685]LogTemp:Warning: Updating MeshSection 1
[2017.11.18-12.58.21:074][685]LogTemp:Warning: Updating MeshSection 500
[2017.11.18-12.58.21:074][685]LogTemp:Warning: Updating MeshSection 0
[2017.11.18-12.58.21:074][685]LogTemp:Warning: Updating MeshSection 1
[2017.11.18-12.58.21:077][685]LogTemp:Warning: Updating MeshSection 500
[2017.11.18-12.58.21:078][685]LogTemp:Warning: Updating MeshSection 0
[2017.11.18-12.58.21:078][685]LogTemp:Warning: Updating MeshSection 1
[2017.11.18-12.58.21:078][685]LogTemp:Warning: Updating MeshSection 500
[2017.11.18-12.58.21:079][685]LogTemp:Warning: Updating MeshSection 0
[2017.11.18-12.58.21:080][685]LogTemp:Warning: Updating MeshSection 1
[2017.11.18-12.58.21:080][685]LogTemp:Warning: Updating MeshSection 500
[2017.11.18-12.58.21:081][685]LogTemp:Warning: Updating MeshSection 0
[2017.11.18-12.58.21:082][685]LogTemp:Warning: Updating MeshSection 1
[2017.11.18-12.58.21:082][685]LogTemp:Warning: Updating MeshSection 2
[2017.11.18-12.58.21:083][685]LogTemp:Warning: Updating MeshSection 500
[2017.11.18-12.58.21:083][685]LogTemp:Warning: Updating MeshSection 0
[2017.11.18-12.58.21:083][685]LogTemp:Warning: Updating MeshSection 1
[2017.11.18-12.58.21:083][685]LogTemp:Warning: Updating MeshSection 500
[2017.11.18-12.58.21:084][685]LogTemp:Warning: Updating MeshSection 0
[2017.11.18-12.58.21:084][685]LogTemp:Warning: Updating MeshSection 1
[2017.11.18-12.58.21:084][685]LogTemp:Warning: Updating MeshSection 500
[2017.11.18-12.58.21:085][685]LogTemp:Warning: Updating MeshSection 0
[2017.11.18-12.58.21:085][685]LogTemp:Warning: Updating MeshSection 1
[2017.11.18-12.58.21:086][685]LogTemp:Warning: Updating MeshSection 500
[2017.11.18-12.58.21:087][685]LogTemp:Warning: Updating MeshSection 2
[2017.11.18-12.58.21:087][685]LogTemp:Warning: Updating MeshSection 500
[2017.11.18-12.58.26:041][833]LogBlueprintUserMessages: Early EndPlayMap Detection: Level '/Game/FirstPersonBP/Maps/FirstPersonExampleMap.FirstPersonExampleMap:PersistentLevel' has LevelScriptBlueprint '/Game/FirstPersonBP/Maps/FirstPersonExampleMap.FirstPersonExampleMap:PersistentLevel.FirstPersonExampleMap' with GeneratedClass '/Game/FirstPersonBP/Maps/FirstPersonExampleMap.FirstPersonExampleMap_C' with ClassGeneratedBy '/Game/FirstPersonBP/Maps/FirstPersonExampleMap.FirstPersonExampleMap:PersistentLevel.FirstPersonExampleMap'
[2017.11.18-12.58.26:093][833]LogBlueprintUserMessages: Late EndPlayMap Detection: Level '/Game/FirstPersonBP/Maps/FirstPersonExampleMap.FirstPersonExampleMap:PersistentLevel' has LevelScriptBlueprint '/Game/FirstPersonBP/Maps/FirstPersonExampleMap.FirstPersonExampleMap:PersistentLevel.FirstPersonExampleMap' with GeneratedClass '/Game/FirstPersonBP/Maps/FirstPersonExampleMap.FirstPersonExampleMap_C' with ClassGeneratedBy '/Game/FirstPersonBP/Maps/FirstPersonExampleMap.FirstPersonExampleMap:PersistentLevel.FirstPersonExampleMap'
[2017.11.18-12.59.04:811][  1]Cmd: QUIT_EDITOR
[2017.11.18-12.59.04:854][  1]LogExit: Preparing to exit.
[2017.11.18-12.59.05:066][  1]LogDirectoryWatcher: A directory notification for 'C:/Users/Admin/Documents/Unreal Projects/OpenWorld_16/Content/' was aborted.
[2017.11.18-12.59.05:097][  1]LogExit: Editor shut down
[2017.11.18-12.59.05:104][  1]LogExit: Transaction tracking system shut down
[2017.11.18-12.59.05:188][  1]LogObj: Freed 0b from 0 cluster array pools.
[2017.11.18-12.59.05:189][  1]LogExit: Object subsystem successfully closed.
[2017.11.18-12.59.05:213][  1]LogD3D11RHI: Shutdown
[2017.11.18-12.59.05:213][  1]LogD3D11RHI: CleanupD3DDevice
[2017.11.18-12.59.05:298][  1]LogD3D11RHI: ~FD3D11DynamicRHI
[2017.11.18-12.59.05:340][  1]LogModuleManager: Shutting down and abandoning module MovieSceneCapture (542)
[2017.11.18-12.59.05:340][  1]LogModuleManager: Shutting down and abandoning module HierarchicalLODOutliner (540)
[2017.11.18-12.59.05:340][  1]LogModuleManager: Shutting down and abandoning module CrashTracker (538)
[2017.11.18-12.59.05:340][  1]LogModuleManager: Shutting down and abandoning module SceneOutliner (536)
[2017.11.18-12.59.05:340][  1]LogModuleManager: Shutting down and abandoning module AddContentDialog (534)
[2017.11.18-12.59.05:340][  1]LogDirectoryWatcher: A directory notification for 'C:/Program Files (x86)/Epic Games/UE_4.16/FeaturePacks/' was aborted.
[2017.11.18-12.59.05:343][  1]LogModuleManager: Shutting down and abandoning module WidgetCarousel (533)
[2017.11.18-12.59.05:343][  1]LogModuleManager: Shutting down and abandoning module EditorWidgets (530)
[2017.11.18-12.59.05:343][  1]LogModuleManager: Shutting down and abandoning module CollectionManager (528)
[2017.11.18-12.59.05:343][  1]LogDirectoryWatcher: A directory notification for 'C:/Users/Admin/Documents/Unreal Projects/OpenWorld_16/Content/Collections/' was aborted.
[2017.11.18-12.59.05:343][  1]LogDirectoryWatcher: A directory notification for 'C:/Users/Admin/Documents/Unreal Projects/OpenWorld_16/Content/Developers/Admin/Collections/' was aborted.
[2017.11.18-12.59.05:343][  1]LogDirectoryWatcher: A directory notification for 'C:/Users/Admin/Documents/Unreal Projects/OpenWorld_16/Saved/Collections/' was aborted.
[2017.11.18-12.59.05:344][  1]LogModuleManager: Shutting down and abandoning module StatsViewer (526)
[2017.11.18-12.59.05:344][  1]LogModuleManager: Shutting down and abandoning module FoliageEdit (524)
[2017.11.18-12.59.05:344][  1]LogModuleManager: Shutting down and abandoning module LandscapeEditor (522)
[2017.11.18-12.59.05:344][  1]LogModuleManager: Shutting down and abandoning module MeshPaintMode (520)
[2017.11.18-12.59.05:344][  1]LogModuleManager: Shutting down and abandoning module SceneDepthPickerMode (518)
[2017.11.18-12.59.05:344][  1]LogModuleManager: Shutting down and abandoning module ActorPickerMode (516)
[2017.11.18-12.59.05:344][  1]LogModuleManager: Shutting down and abandoning module GeometryMode (514)
[2017.11.18-12.59.05:344][  1]LogModuleManager: Shutting down and abandoning module TextureAlignMode (512)
[2017.11.18-12.59.05:344][  1]LogModuleManager: Shutting down and abandoning module BspMode (510)
[2017.11.18-12.59.05:345][  1]LogModuleManager: Shutting down and abandoning module HardwareSurvey (508)
[2017.11.18-12.59.05:345][  1]LogModuleManager: Shutting down and abandoning module SequenceRecorderSections (506)
[2017.11.18-12.59.05:345][  1]LogModuleManager: Shutting down and abandoning module AutomationWorker (504)
[2017.11.18-12.59.05:345][  1]LogModuleManager: Shutting down and abandoning module MatineeToLevelSequence (502)
[2017.11.18-12.59.05:345][  1]LogModuleManager: Shutting down and abandoning module LevelSequenceEditor (500)
[2017.11.18-12.59.05:345][  1]LogModuleManager: Shutting down and abandoning module PlacementMode (499)
[2017.11.18-12.59.05:345][  1]LogModuleManager: Shutting down and abandoning module WmfMediaFactory (496)
[2017.11.18-12.59.05:345][  1]LogModuleManager: Shutting down and abandoning module WmfMediaEditor (494)
[2017.11.18-12.59.05:345][  1]LogModuleManager: Shutting down and abandoning module AvfMediaFactory (492)
[2017.11.18-12.59.05:345][  1]LogModuleManager: Shutting down and abandoning module AvfMediaEditor (490)
[2017.11.18-12.59.05:346][  1]LogModuleManager: Shutting down and abandoning module AndroidMediaFactory (488)
[2017.11.18-12.59.05:346][  1]LogModuleManager: Shutting down and abandoning module Media (487)
[2017.11.18-12.59.05:346][  1]LogModuleManager: Shutting down and abandoning module AndroidMediaEditor (484)
[2017.11.18-12.59.05:346][  1]LogModuleManager: Shutting down and abandoning module CharacterAI (482)
[2017.11.18-12.59.05:346][  1]LogModuleManager: Shutting down and abandoning module AudioCapture (480)
[2017.11.18-12.59.05:347][  1]LogModuleManager: Shutting down and abandoning module SequenceRecorder (479)
[2017.11.18-12.59.05:347][  1]LogModuleManager: Shutting down and abandoning module SmartSnapping (476)
[2017.11.18-12.59.05:347][  1]LogModuleManager: Shutting down and abandoning module SessionServices (474)
[2017.11.18-12.59.05:348][  1]LogModuleManager: Shutting down and abandoning module ViewportSnapping (472)
[2017.11.18-12.59.05:348][  1]LogModuleManager: Shutting down and abandoning module ViewportInteraction (470)
[2017.11.18-12.59.05:348][  1]LogModuleManager: Shutting down and abandoning module ClothPainter (468)
[2017.11.18-12.59.05:349][  1]LogModuleManager: Shutting down and abandoning module LogVisualizer (466)
[2017.11.18-12.59.05:349][  1]LogModuleManager: Shutting down and abandoning module IntroTutorials (464)
[2017.11.18-12.59.05:350][  1]LogModuleManager: Shutting down and abandoning module GameProjectGeneration (463)
[2017.11.18-12.59.05:350][  1]LogModuleManager: Shutting down and abandoning module EditorLiveStreaming (460)
[2017.11.18-12.59.05:350][  1]LogModuleManager: Shutting down and abandoning module IOSPlatformEditor (458)
[2017.11.18-12.59.05:351][  1]LogModuleManager: Shutting down and abandoning module HTML5PlatformEditor (456)
[2017.11.18-12.59.05:351][  1]LogModuleManager: Shutting down and abandoning module AndroidPlatformEditor (454)
[2017.11.18-12.59.05:351][  1]LogModuleManager: Shutting down and abandoning module AndroidDeviceDetection (453)
[2017.11.18-12.59.05:959][  1]LogModuleManager: Shutting down and abandoning module IOSRuntimeSettings (450)
[2017.11.18-12.59.05:959][  1]LogModuleManager: Shutting down and abandoning module AndroidRuntimeSettings (448)
[2017.11.18-12.59.05:960][  1]LogModuleManager: Shutting down and abandoning module InputBindingEditor (446)
[2017.11.18-12.59.05:960][  1]LogModuleManager: Shutting down and abandoning module MergeActors (444)
[2017.11.18-12.59.05:960][  1]LogModuleManager: Shutting down and abandoning module SizeMap (442)
[2017.11.18-12.59.05:962][  1]LogModuleManager: Shutting down and abandoning module TreeMap (440)
[2017.11.18-12.59.05:962][  1]LogModuleManager: Shutting down and abandoning module ReferenceViewer (438)
[2017.11.18-12.59.05:963][  1]LogModuleManager: Shutting down and abandoning module LocalizationDashboard (436)
[2017.11.18-12.59.05:967][  1]LogModuleManager: Shutting down and abandoning module LocalizationService (435)
[2017.11.18-12.59.05:967][  1]LogModuleManager: Shutting down and abandoning module HardwareTargeting (432)
[2017.11.18-12.59.05:968][  1]LogModuleManager: Shutting down and abandoning module DeviceProfileEditor (430)
[2017.11.18-12.59.05:969][  1]LogModuleManager: Shutting down and abandoning module UndoHistory (428)
[2017.11.18-12.59.05:970][  1]LogModuleManager: Shutting down and abandoning module UserFeedback (426)
[2017.11.18-12.59.05:970][  1]LogModuleManager: Shutting down and abandoning module XmlParser (424)
[2017.11.18-12.59.05:970][  1]LogModuleManager: Shutting down and abandoning module Blutility (422)
[2017.11.18-12.59.05:970][  1]LogModuleManager: Shutting down and abandoning module ProjectSettingsViewer (420)
[2017.11.18-12.59.05:970][  1]LogModuleManager: Shutting down and abandoning module ProjectTargetPlatformEditor (419)
[2017.11.18-12.59.05:971][  1]LogModuleManager: Shutting down and abandoning module EditorSettingsViewer (416)
[2017.11.18-12.59.05:971][  1]LogModuleManager: Shutting down and abandoning module SettingsEditor (414)
[2017.11.18-12.59.05:972][  1]LogModuleManager: Shutting down and abandoning module ProjectLauncher (412)
[2017.11.18-12.59.05:972][  1]LogModuleManager: Shutting down and abandoning module SessionFrontend (410)
[2017.11.18-12.59.05:972][  1]LogModuleManager: Shutting down and abandoning module ProfilerClient (408)
[2017.11.18-12.59.05:973][  1]LogModuleManager: Shutting down and abandoning module DeviceManager (406)
[2017.11.18-12.59.05:973][  1]LogModuleManager: Shutting down and abandoning module TargetDeviceServices (405)
[2017.11.18-12.59.06:023][  1]LogModuleManager: Shutting down and abandoning module AutomationController (402)
[2017.11.18-12.59.06:023][  1]LogModuleManager: Shutting down and abandoning module AutomationWindow (400)
[2017.11.18-12.59.06:024][  1]LogModuleManager: Shutting down and abandoning module Layers (398)
[2017.11.18-12.59.06:024][  1]LogModuleManager: Shutting down and abandoning module ComponentVisualizers (396)
[2017.11.18-12.59.06:024][  1]LogModuleManager: Shutting down and abandoning module DetailCustomizations (394)
[2017.11.18-12.59.06:025][  1]LogModuleManager: Shutting down and abandoning module PackagesDialog (392)
[2017.11.18-12.59.06:025][  1]LogModuleManager: Shutting down and abandoning module Persona (390)
[2017.11.18-12.59.06:025][  1]LogModuleManager: Shutting down and abandoning module AdvancedPreviewScene (389)
[2017.11.18-12.59.06:025][  1]LogModuleManager: Shutting down and abandoning module AnimGraph (387)
[2017.11.18-12.59.06:025][  1]LogModuleManager: Shutting down and abandoning module Kismet (384)
[2017.11.18-12.59.06:026][  1]LogModuleManager: Shutting down and abandoning module ClassViewer (382)
[2017.11.18-12.59.06:027][  1]LogModuleManager: Shutting down and abandoning module Toolbox (380)
[2017.11.18-12.59.06:027][  1]LogModuleManager: Shutting down and abandoning module ModuleUI (378)
[2017.11.18-12.59.06:027][  1]LogModuleManager: Shutting down and abandoning module MovieSceneTools (376)
[2017.11.18-12.59.06:028][  1]LogModuleManager: Shutting down and abandoning module OutputLog (374)
[2017.11.18-12.59.06:028][  1]LogModuleManager: Shutting down and abandoning module GammaUI (372)
[2017.11.18-12.59.06:028][  1]LogModuleManager: Shutting down and abandoning module Documentation (370)
[2017.11.18-12.59.06:028][  1]LogModuleManager: Shutting down and abandoning module MovieSceneTracks (368)
[2017.11.18-12.59.06:028][  1]LogModuleManager: Shutting down and abandoning module MovieScene (366)
[2017.11.18-12.59.06:028][  1]LogModuleManager: Shutting down and abandoning module Niagara (364)
[2017.11.18-12.59.06:029][  1]LogModuleManager: Shutting down and abandoning module NiagaraEditor (363)
[2017.11.18-12.59.06:029][  1]LogModuleManager: Shutting down and abandoning module StreamingPauseRendering (360)
[2017.11.18-12.59.06:029][  1]LogModuleManager: Shutting down and abandoning module AnalyticsET (358)
[2017.11.18-12.59.06:029][  1]LogModuleManager: Shutting down and abandoning module PortalServices (356)
[2017.11.18-12.59.06:029][  1]LogModuleManager: Shutting down and abandoning module PortalRpc (354)
[2017.11.18-12.59.06:030][  1]LogModuleManager: Shutting down and abandoning module MessagingRpc (352)
[2017.11.18-12.59.06:030][  1]LogModuleManager: Shutting down and abandoning module AIModule (350)
[2017.11.18-12.59.06:030][  1]LogModuleManager: Shutting down and abandoning module GameplayDebugger (349)
[2017.11.18-12.59.06:030][  1]LogModuleManager: Shutting down and abandoning module AITestSuite (347)
[2017.11.18-12.59.06:031][  1]LogModuleManager: Shutting down and abandoning module ProfilerService (344)
[2017.11.18-12.59.06:146][  1]LogModuleManager: Shutting down and abandoning module TaskGraph (342)
[2017.11.18-12.59.06:147][  1]LogModuleManager: Shutting down and abandoning module SubstanceEditor (340)
[2017.11.18-12.59.06:147][  1]LogModuleManager: Shutting down and abandoning module UnrealFastNoisePlugin (338)
[2017.11.18-12.59.06:147][  1]LogModuleManager: Shutting down and abandoning module SteamVRController (336)
[2017.11.18-12.59.06:149][  1]LogModuleManager: Shutting down and abandoning module SteamVR (334)
[2017.11.18-12.59.06:149][  1]LogModuleManager: Shutting down and abandoning module ProceduralMeshComponentEditor (332)
[2017.11.18-12.59.06:149][  1]LogModuleManager: Shutting down and abandoning module ProceduralMeshComponent (330)
[2017.11.18-12.59.06:150][  1]LogModuleManager: Shutting down and abandoning module OculusLibrary (328)
[2017.11.18-12.59.06:150][  1]LogModuleManager: Shutting down and abandoning module OculusInput (326)
[2017.11.18-12.59.06:150][  1]LogModuleManager: Shutting down and abandoning module MobilePatchingUtils (324)
[2017.11.18-12.59.06:151][  1]LogModuleManager: Shutting down and abandoning module CustomMeshComponent (322)
[2017.11.18-12.59.06:151][  1]LogModuleManager: Shutting down and abandoning module CableComponent (320)
[2017.11.18-12.59.06:152][  1]LogModuleManager: Shutting down and abandoning module ArchVisCharacter (318)
[2017.11.18-12.59.06:152][  1]LogModuleManager: Shutting down and abandoning module AndroidPermission (316)
[2017.11.18-12.59.06:152][  1]LogModuleManager: Shutting down and abandoning module MediaPlayerEditor (312)
[2017.11.18-12.59.06:153][  1]LogModuleManager: Shutting down and abandoning module RuntimeMeshComponentSlicer (310)
[2017.11.18-12.59.06:153][  1]LogModuleManager: Shutting down and abandoning module RuntimeMeshComponentEditor (308)
[2017.11.18-12.59.06:153][  1]LogModuleManager: Shutting down and abandoning module RuntimeMeshComponent (306)
[2017.11.18-12.59.06:154][  1]LogModuleManager: Shutting down and abandoning module HTML5Networking (304)
[2017.11.18-12.59.06:154][  1]LogModuleManager: Shutting down and abandoning module CodeView (302)
[2017.11.18-12.59.06:155][  1]LogModuleManager: Shutting down and abandoning module AlembicImporter (300)
[2017.11.18-12.59.06:155][  1]LogModuleManager: Shutting down and abandoning module AlembicLibrary (299)
[2017.11.18-12.59.06:156][  1]LogModuleManager: Shutting down and abandoning module GeometryCache (298)
[2017.11.18-12.59.06:157][  1]LogModuleManager: Shutting down and abandoning module GeometryCacheEd (297)
[2017.11.18-12.59.06:157][  1]LogModuleManager: Shutting down and abandoning module SuperSearchEditor (292)
[2017.11.18-12.59.06:157][  1]LogModuleManager: Shutting down and abandoning module SuperSearch (291)
[2017.11.18-12.59.06:158][  1]LogModuleManager: Shutting down and abandoning module SpeedTreeImporter (288)
[2017.11.18-12.59.06:158][  1]LogModuleManager: Shutting down and abandoning module PluginBrowser (286)
[2017.11.18-12.59.06:159][  1]LogModuleManager: Shutting down and abandoning module MobileLauncherProfileWizard (284)
[2017.11.18-12.59.06:159][  1]LogModuleManager: Shutting down and abandoning module VisualStudioSourceCodeAccess (282)
[2017.11.18-12.59.06:159][  1]LogModuleManager: Shutting down and abandoning module DesktopPlatform (281)
[2017.11.18-12.59.06:160][  1]LogModuleManager: Shutting down and abandoning module UObjectPlugin (278)
[2017.11.18-12.59.06:160][  1]LogModuleManager: Shutting down and abandoning module SubversionSourceControl (276)
[2017.11.18-12.59.06:161][  1]LogModuleManager: Shutting down and abandoning module PerforceSourceControl (274)
[2017.11.18-12.59.06:161][  1]LogModuleManager: Shutting down and abandoning module GitSourceControl (272)
[2017.11.18-12.59.06:161][  1]LogModuleManager: Shutting down and abandoning module SourceControl (271)
[2017.11.18-12.59.06:161][  1]LogModuleManager: Shutting down and abandoning module LightPropagationVolumeEditor (268)
[2017.11.18-12.59.06:162][  1]LogModuleManager: Shutting down and abandoning module PaperTiledImporter (266)
[2017.11.18-12.59.06:163][  1]LogModuleManager: Shutting down and abandoning module PaperSpriteSheetImporter (264)
[2017.11.18-12.59.06:163][  1]LogModuleManager: Shutting down and abandoning module Paper2DEditor (262)
[2017.11.18-12.59.06:164][  1]LogModuleManager: Shutting down and abandoning module MeshPaint (261)
[2017.11.18-12.59.06:164][  1]LogModuleManager: Shutting down and abandoning module LevelEditor (259)
[2017.11.18-12.59.06:166][  1]LogModuleManager: Shutting down and abandoning module PixelInspectorModule (258)
[2017.11.18-12.59.06:167][  1]LogModuleManager: Shutting down and abandoning module MainFrame (256)
[2017.11.18-12.59.06:167][  1]LogModuleManager: Shutting down and abandoning module HotReload (255)
[2017.11.18-12.59.06:167][  1]LogDirectoryWatcher: A directory notification for 'C:/Users/Admin/Documents/Unreal Projects/OpenWorld_16/Binaries/Win64' was aborted.
[2017.11.18-12.59.06:168][  1]LogDirectoryWatcher: A directory notification for 'C:/Users/Admin/Documents/Unreal Projects/OpenWorld_16/Plugins/UnrealFastNoisePlugin/Binaries/Win64' was aborted.
[2017.11.18-12.59.06:170][  1]LogModuleManager: Shutting down and abandoning module OpenWorld_16 (250)
[2017.11.18-12.59.06:170][  1]LogModuleManager: Shutting down and abandoning module PhysXVehiclesEditor (248)
[2017.11.18-12.59.06:170][  1]LogModuleManager: Shutting down and abandoning module PhysXVehicles (246)
[2017.11.18-12.59.06:170][  1]LogModuleManager: Shutting down and abandoning module LocationServicesBPLibrary (244)
[2017.11.18-12.59.06:171][  1]LogModuleManager: Shutting down and abandoning module ImmediatePhysicsEditor (242)
[2017.11.18-12.59.06:171][  1]LogModuleManager: Shutting down and abandoning module ImmediatePhysics (240)
[2017.11.18-12.59.06:173][  1]LogModuleManager: Shutting down and abandoning module UdpMessaging (238)
[2017.11.18-12.59.06:274][  1]LogModuleManager: Shutting down and abandoning module TcpMessaging (236)
[2017.11.18-12.59.06:374][  1]LogModuleManager: Shutting down and abandoning module SubstanceCore (234)
[2017.11.18-12.59.06:374][  1]LogModuleManager: Shutting down and abandoning module GameplayTagsEditor (232)
[2017.11.18-12.59.06:374][  1]LogModuleManager: Shutting down and abandoning module FacialAnimationEditor (230)
[2017.11.18-12.59.06:374][  1]LogModuleManager: Shutting down and abandoning module FacialAnimation (228)
[2017.11.18-12.59.06:375][  1]LogModuleManager: Shutting down and abandoning module AssetManagerEditor (226)
[2017.11.18-12.59.06:375][  1]LogModuleManager: Shutting down and abandoning module GraphEditor (225)
[2017.11.18-12.59.06:375][  1]LogModuleManager: Shutting down and abandoning module ContentBrowser (223)
[2017.11.18-12.59.06:378][  1]LogModuleManager: Shutting down and abandoning module LightPropagationVolumeRuntime (220)
[2017.11.18-12.59.06:379][  1]LogModuleManager: Shutting down and abandoning module Paper2D (218)
[2017.11.18-12.59.06:379][  1]LogModuleManager: Shutting down and abandoning module WindowsMoviePlayer (216)
[2017.11.18-12.59.06:382][  1]LogModuleManager: Shutting down and abandoning module WmfMedia (214)
[2017.11.18-12.59.06:389][  1]LogModuleManager: Shutting down and abandoning module ClothingSystemEditor (212)
[2017.11.18-12.59.06:389][  1]LogModuleManager: Shutting down and abandoning module ClothingSystemRuntime (210)
[2017.11.18-12.59.06:393][  1]LogModuleManager: Shutting down and abandoning module MediaAssets (208)
[2017.11.18-12.59.06:394][  1]LogModuleManager: Shutting down and abandoning module GameLiveStreaming (206)
[2017.11.18-12.59.06:394][  1]LogModuleManager: Shutting down and abandoning module VREditor (204)
[2017.11.18-12.59.06:394][  1]LogModuleManager: Shutting down and abandoning module StringTableEditor (202)
[2017.11.18-12.59.06:394][  1]LogModuleManager: Shutting down and abandoning module GameplayTasksEditor (200)
[2017.11.18-12.59.06:394][  1]LogModuleManager: Shutting down and abandoning module BehaviorTreeEditor (198)
[2017.11.18-12.59.06:395][  1]LogModuleManager: Shutting down and abandoning module FunctionalTesting (196)
[2017.11.18-12.59.06:395][  1]LogModuleManager: Shutting down and abandoning module CollisionAnalyzer (194)
[2017.11.18-12.59.06:395][  1]LogModuleManager: Shutting down and abandoning module UMG (192)
[2017.11.18-12.59.06:395][  1]LogModuleManager: Shutting down and abandoning module UMGEditor (191)
[2017.11.18-12.59.06:396][  1]LogModuleManager: Shutting down and abandoning module Sequencer (190)
[2017.11.18-12.59.06:396][  1]LogModuleManager: Shutting down and abandoning module AssetTools (188)
[2017.11.18-12.59.06:397][  1]LogModuleManager: Shutting down and abandoning module MessageLog (187)
[2017.11.18-12.59.06:397][  1]LogModuleManager: Shutting down and abandoning module WorkspaceMenuStructure (186)
[2017.11.18-12.59.06:398][  1]LogModuleManager: Shutting down and abandoning module SlateReflector (180)
[2017.11.18-12.59.06:398][  1]LogModuleManager: Shutting down and abandoning module Slate (178)
[2017.11.18-12.59.06:398][  1]LogModuleManager: Shutting down and abandoning module EditorStyle (176)
[2017.11.18-12.59.06:404][  1]LogModuleManager: Shutting down and abandoning module SourceCodeAccess (174)
[2017.11.18-12.59.06:405][  1]LogModuleManager: Shutting down and abandoning module HeadMountedDisplay (172)
[2017.11.18-12.59.06:406][  1]LogModuleManager: Shutting down and abandoning module XAudio2 (170)
[2017.11.18-12.59.06:406][  1]LogModuleManager: Shutting down and abandoning module Networking (168)
[2017.11.18-12.59.06:406][  1]LogModuleManager: Shutting down and abandoning module Core (164)
[2017.11.18-12.59.06:406][  1]LogModuleManager: Shutting down and abandoning module AssetRegistry (162)
[2017.11.18-12.59.06:518][  1]LogDirectoryWatcher: A directory notification for '../../../Engine/Content/' was aborted.
[2017.11.18-12.59.06:519][  1]LogDirectoryWatcher: A directory notification for '../../../../../../Users/Admin/Documents/Unreal Projects/OpenWorld_16/Content/' was aborted.
[2017.11.18-12.59.06:519][  1]LogDirectoryWatcher: A directory notification for '../../../Engine/Plugins/2D/Paper2D/Content/' was aborted.
[2017.11.18-12.59.06:519][  1]LogDirectoryWatcher: A directory notification for '../../../Engine/Plugins/Runtime/GearVR/Content/' was aborted.
[2017.11.18-12.59.06:523][  1]LogModuleManager: Shutting down and abandoning module DirectoryWatcher (161)
[2017.11.18-12.59.06:527][  1]LogModuleManager: Shutting down and abandoning module KismetCompiler (158)
[2017.11.18-12.59.06:527][  1]LogModuleManager: Shutting down and abandoning module PhysXFormats (156)
[2017.11.18-12.59.06:527][  1]LogModuleManager: Shutting down and abandoning module MeshUtilities (154)
[2017.11.18-12.59.06:527][  1]LogModuleManager: Shutting down and abandoning module SimplygonSwarm (153)
[2017.11.18-12.59.06:527][  1]LogModuleManager: Shutting down and abandoning module SimplygonMeshReduction (151)
[2017.11.18-12.59.06:527][  1]LogModuleManager: Shutting down and abandoning module QuadricMeshReduction (149)
[2017.11.18-12.59.06:527][  1]LogModuleManager: Shutting down and abandoning module LevelSequence (146)
[2017.11.18-12.59.06:528][  1]LogModuleManager: Shutting down and abandoning module DerivedDataCache (144)
[2017.11.18-12.59.07:038][  1]LogDerivedDataCache: Shutdown
[2017.11.18-12.59.07:038][  1]LogModuleManager: Shutting down and abandoning module TargetPlatform (142)
[2017.11.18-12.59.07:039][  1]LogModuleManager: Shutting down and abandoning module VulkanShaderFormat (141)
[2017.11.18-12.59.07:039][  1]LogModuleManager: Shutting down and abandoning module ShaderFormatVectorVM (139)
[2017.11.18-12.59.07:039][  1]LogModuleManager: Shutting down and abandoning module ShaderFormatOpenGL (137)
[2017.11.18-12.59.07:039][  1]LogModuleManager: Shutting down and abandoning module ShaderFormatD3D (135)
[2017.11.18-12.59.07:039][  1]LogModuleManager: Shutting down and abandoning module MetalShaderFormat (133)
[2017.11.18-12.59.07:039][  1]LogModuleManager: Shutting down and abandoning module TextureFormatUncompressed (131)
[2017.11.18-12.59.07:040][  1]LogModuleManager: Shutting down and abandoning module TextureFormatPVR (129)
[2017.11.18-12.59.07:040][  1]LogModuleManager: Shutting down and abandoning module TextureFormatDXT (127)
[2017.11.18-12.59.07:040][  1]LogModuleManager: Shutting down and abandoning module TextureFormatIntelISPCTexComp (125)
[2017.11.18-12.59.07:043][  1]LogModuleManager: Shutting down and abandoning module TextureFormatASTC (123)
[2017.11.18-12.59.07:043][  1]LogModuleManager: Shutting down and abandoning module ImageWrapper (122)
[2017.11.18-12.59.07:044][  1]LogModuleManager: Shutting down and abandoning module TextureFormatAndroid (119)
[2017.11.18-12.59.07:044][  1]LogModuleManager: Shutting down and abandoning module AudioFormatOpus (117)
[2017.11.18-12.59.07:044][  1]LogModuleManager: Shutting down and abandoning module AudioFormatOgg (115)
[2017.11.18-12.59.07:044][  1]LogModuleManager: Shutting down and abandoning module AudioFormatADPCM (113)
[2017.11.18-12.59.07:044][  1]LogModuleManager: Shutting down and abandoning module LinuxTargetPlatform (111)
[2017.11.18-12.59.07:045][  1]LogModuleManager: Shutting down and abandoning module LinuxServerTargetPlatform (109)
[2017.11.18-12.59.07:045][  1]LogModuleManager: Shutting down and abandoning module LinuxNoEditorTargetPlatform (107)
[2017.11.18-12.59.07:045][  1]LogModuleManager: Shutting down and abandoning module LinuxClientTargetPlatform (105)
[2017.11.18-12.59.07:046][  1]LogModuleManager: Shutting down and abandoning module TVOSTargetPlatform (103)
[2017.11.18-12.59.07:046][  1]LogModuleManager: Shutting down and abandoning module Messaging (101)
[2017.11.18-12.59.07:046][  1]LogModuleManager: Shutting down and abandoning module IOSTargetPlatform (99)
[2017.11.18-12.59.07:046][  1]LogModuleManager: Shutting down and abandoning module HTML5TargetPlatform (97)
[2017.11.18-12.59.07:047][  1]LogModuleManager: Shutting down and abandoning module Android_PVRTCTargetPlatform (95)
[2017.11.18-12.59.07:047][  1]LogModuleManager: Shutting down and abandoning module Android_MultiTargetPlatform (93)
[2017.11.18-12.59.07:047][  1]LogModuleManager: Shutting down and abandoning module Android_ETC2TargetPlatform (91)
[2017.11.18-12.59.07:047][  1]LogModuleManager: Shutting down and abandoning module Android_ETC1TargetPlatform (89)
[2017.11.18-12.59.07:048][  1]LogModuleManager: Shutting down and abandoning module Android_DXTTargetPlatform (87)
[2017.11.18-12.59.07:048][  1]LogModuleManager: Shutting down and abandoning module Android_ATCTargetPlatform (85)
[2017.11.18-12.59.07:048][  1]LogModuleManager: Shutting down and abandoning module Android_ASTCTargetPlatform (83)
[2017.11.18-12.59.07:048][  1]LogModuleManager: Shutting down and abandoning module AndroidTargetPlatform (81)
[2017.11.18-12.59.07:048][  1]LogModuleManager: Shutting down and abandoning module WindowsTargetPlatform (79)
[2017.11.18-12.59.07:049][  1]LogModuleManager: Shutting down and abandoning module WindowsServerTargetPlatform (77)
[2017.11.18-12.59.07:049][  1]LogModuleManager: Shutting down and abandoning module WindowsNoEditorTargetPlatform (75)
[2017.11.18-12.59.07:049][  1]LogModuleManager: Shutting down and abandoning module WindowsClientTargetPlatform (73)
[2017.11.18-12.59.07:049][  1]LogModuleManager: Shutting down and abandoning module MacTargetPlatform (71)
[2017.11.18-12.59.07:049][  1]LogModuleManager: Shutting down and abandoning module MacServerTargetPlatform (69)
[2017.11.18-12.59.07:049][  1]LogModuleManager: Shutting down and abandoning module MacNoEditorTargetPlatform (67)
[2017.11.18-12.59.07:049][  1]LogModuleManager: Shutting down and abandoning module MacClientTargetPlatform (65)
[2017.11.18-12.59.07:049][  1]LogModuleManager: Shutting down and abandoning module AllDesktopTargetPlatform (63)
[2017.11.18-12.59.07:049][  1]LogModuleManager: Shutting down and abandoning module InputCore (60)
[2017.11.18-12.59.07:049][  1]LogModuleManager: Shutting down and abandoning module Settings (58)
[2017.11.18-12.59.07:049][  1]LogModuleManager: Shutting down and abandoning module OculusRift (56)
[2017.11.18-12.59.07:049][  1]LogModuleManager: Shutting down and abandoning module GearVRController (54)
[2017.11.18-12.59.07:050][  1]LogModuleManager: Shutting down and abandoning module GearVR (52)
[2017.11.18-12.59.07:050][  1]LogModuleManager: Shutting down and abandoning module ExampleDeviceProfileSelector (50)
[2017.11.18-12.59.07:050][  1]LogModuleManager: Shutting down and abandoning module OnlineBlueprintSupport (48)
[2017.11.18-12.59.07:050][  1]LogModuleManager: Shutting down and abandoning module OnlineSubsystem (44)
[2017.11.18-12.59.07:050][  1]LogOnline:Display: Unloading online subsystem: NULL
[2017.11.18-12.59.07:050][  1]LogModuleManager: Shutting down and abandoning module XMPP (43)
[2017.11.18-12.59.07:050][  1]LogModuleManager: Shutting down and abandoning module HTTP (41)
[2017.11.18-12.59.07:050][  1]LogHttp:Display: Http module shutting down, but needs to wait on 1 outstanding Http requests:
[2017.11.18-12.59.07:050][  1]LogHttp:Display: 	verb=[POST] url=[https://datarouter.ol.epicgames.com/datarouter/api/v1/public/data?SessionID=%7BCA67A9D9-4475-DD27-A0F1-C99CEA30C0D3%7D&AppID=UEEditor.Rocket.Release&AppVersion=4.16.3-3561208%2B%2B%2BUE4%2BRelease-4.16&UserID=617e6a62402b4484553a4cb6ea5114d1%7Ca0430c46660d4dc5973c0814ead9f1e2%7Cd0e4fba0-155e-424d-8985-2a3b896a1535&AppEnvironment=datacollector-binary&UploadType=eteventstream] status=Processing
[2017.11.18-12.59.07:076][  1]LogModuleManager: Shutting down and abandoning module SSL (40)
[2017.11.18-12.59.07:078][  1]LogModuleManager: Shutting down and abandoning module HTTPChunkInstaller (36)
[2017.11.18-12.59.07:078][  1]LogModuleManager: Shutting down and abandoning module AnimationModifiers (34)
[2017.11.18-12.59.07:079][  1]LogModuleManager: Shutting down and abandoning module PropertyEditor (33)
[2017.11.18-12.59.07:079][  1]LogModuleManager: Shutting down and abandoning module AudioEditor (30)
[2017.11.18-12.59.07:079][  1]LogModuleManager: Shutting down and abandoning module TextureCompressor (28)
[2017.11.18-12.59.07:080][  1]LogModuleManager: Shutting down and abandoning module ShaderCore (26)
[2017.11.18-12.59.07:080][  1]LogModuleManager: Shutting down and abandoning module Landscape (24)
[2017.11.18-12.59.07:080][  1]LogModuleManager: Shutting down and abandoning module SlateRHIRenderer (22)
[2017.11.18-12.59.07:082][  1]LogModuleManager: Shutting down and abandoning module OpenGLDrv (20)
[2017.11.18-12.59.07:082][  1]LogModuleManager: Shutting down and abandoning module D3D11RHI (18)
[2017.11.18-12.59.07:082][  1]LogModuleManager: Shutting down and abandoning module AnimGraphRuntime (16)
[2017.11.18-12.59.07:082][  1]LogModuleManager: Shutting down and abandoning module Renderer (14)
[2017.11.18-12.59.07:082][  1]LogModuleManager: Shutting down and abandoning module Engine (12)
[2017.11.18-12.59.07:082][  1]LogModuleManager: Shutting down and abandoning module CoreUObject (10)
[2017.11.18-12.59.07:082][  1]LogModuleManager: Shutting down and abandoning module NetworkFile (8)
[2017.11.18-12.59.07:082][  1]LogModuleManager: Shutting down and abandoning module StreamingFile (6)
[2017.11.18-12.59.07:082][  1]LogModuleManager: Shutting down and abandoning module SandboxFile (4)
[2017.11.18-12.59.07:082][  1]LogModuleManager: Shutting down and abandoning module PakFile (2)
[2017.11.18-12.59.07:085][  1]LogExit: Exiting.
[2017.11.18-12.59.07:104][  1]Log file closed, 11/18/17 13:59:07
