Log file open, 11/15/17 21:08:16
LogInit:Display: Running engine for game: OpenWorld_16
LogPlatformFile: Not using cached read wrapper
LogInit:Display: RandInit(2028613134) SRandInit(2028613134).
LogTaskGraph: Started task graph with 5 named threads and 6 total threads with 1 sets of task threads.
LogStats: Stats thread started at 1.275418
LogInit: Using libcurl 7.47.1
LogInit:  - built for x86_64-pc-win32
LogInit:  - supports SSL with OpenSSL/1.0.2g
LogInit:  - supports HTTP deflate (compression) using libz 1.2.8
LogInit:  - other features:
LogInit:      CURL_VERSION_SSL
LogInit:      CURL_VERSION_LIBZ
LogInit:      CURL_VERSION_IPV6
LogInit:      CURL_VERSION_ASYNCHDNS
LogInit:      CURL_VERSION_LARGEFILE
LogInit:      CURL_VERSION_IDN
LogInit:  CurlRequestOptions (configurable via config and command line):
LogInit:  - bVerifyPeer = false  - Libcurl will NOT verify peer certificate
LogInit:  - bUseHttpProxy = false  - Libcurl will NOT use HTTP proxy
LogInit:  - bDontReuseConnections = false  - Libcurl will reuse connections
LogInit:  - CertBundlePath = nullptr  - Libcurl will use whatever was configured at build time.
LogInit: Build: ++UE4+Release-4.16-CL-3561208
LogInit: Engine Version: 4.16.3-3561208+++UE4+Release-4.16
LogInit: Compatible Engine Version: 4.16.0-3452394+++UE4+Release-4.16
LogInit: Net CL: 3452394
LogDevObjectVersion: Number of dev versions registered: 16
LogDevObjectVersion:   Dev-Blueprints (B0D832E4-1F89-4F0D-ACCF-7EB736FD4AA2): 9
LogDevObjectVersion:   Dev-Build (E1C64328-A22C-4D53-A36C-8E866417BD8C): 0
LogDevObjectVersion:   Dev-Core (375EC13C-06E4-48FB-B500-84F0262A717E): 2
LogDevObjectVersion:   Dev-Editor (E4B068ED-F494-42E9-A231-DA0B2E46BB41): 17
LogDevObjectVersion:   Dev-Framework (CFFC743F-43B0-4480-9391-14DF171D2073): 23
LogDevObjectVersion:   Dev-Mobile (B02B49B5-BB20-44E9-A304-32B752E40360): 0
LogDevObjectVersion:   Dev-Networking (A4E4105C-59A1-49B5-A7C5-40C4547EDFEE): 0
LogDevObjectVersion:   Dev-Online (39C831C9-5AE6-47DC-9A44-9C173E1C8E7C): 0
LogDevObjectVersion:   Dev-Physics (78F01B33-EBEA-4F98-B9B4-84EACCB95AA2): 0
LogDevObjectVersion:   Dev-Platform (6631380F-2D4D-43E0-8009-CF276956A95A): 0
LogDevObjectVersion:   Dev-Rendering (12F88B9F-8875-4AFC-A67C-D90C383ABD29): 15
LogDevObjectVersion:   Dev-Sequencer (7B5AE74C-D270-4C10-A958-57980B212A5A): 4
LogDevObjectVersion:   Dev-VR (D7296918-1DD6-4BDD-9DE2-64A83CC13884): 0
LogDevObjectVersion:   Dev-LoadTimes (C2A15278-BFE7-4AFE-6C17-90FF531DF755): 1
LogDevObjectVersion:   Private-Geometry (6EACA3D4-40EC-4CC1-B786-8BED09428FC5): 1
LogDevObjectVersion:   Dev-AnimPhys (29E575DD-E0A3-4627-9D10-D276232CDCEA): 3
LogInit: Compiled (64-bit): Jul 28 2017 11:49:47
LogInit: Compiled with Visual C++: 19.00.24215.01
LogInit: Build Configuration: Development
LogInit: Branch Name: ++UE4+Release-4.16
LogInit: Command line:  -skipcompile
LogInit: Base directory: C:/Program Files (x86)/Epic Games/UE_4.16/Engine/Binaries/Win64/
LogInit: Installed Engine Build: 1
LogInit: Presizing for max 8388607 objects, including 0 objects not considered by GC, pre-allocating 0 bytes for permanent pool.
LogInit: Object subsystem initialized
[2017.11.15-20.08.17:248][  0]LogInit: Selected Device Profile: [Windows]
[2017.11.15-20.08.17:248][  0]LogInit: Applying CVar settings loaded from the selected device profile: [Windows]
[2017.11.15-20.08.17:279][  0]LogInit: Computer: HP-PC
[2017.11.15-20.08.17:279][  0]LogInit: User: Admin
[2017.11.15-20.08.17:279][  0]LogInit: CPU Page size=4096, Cores=2
[2017.11.15-20.08.17:279][  0]LogInit: High frequency timer resolution =3.117558 MHz
[2017.11.15-20.08.17:279][  0]LogMemory: Memory total: Physical=7.9GB (8GB approx)
[2017.11.15-20.08.17:279][  0]LogMemory: Platform Memory Stats for Windows
[2017.11.15-20.08.17:279][  0]LogMemory: Process Physical Memory: 273.83 MB used, 273.83 MB peak
[2017.11.15-20.08.17:279][  0]LogMemory: Process Virtual Memory: 260.85 MB used, 260.85 MB peak
[2017.11.15-20.08.17:279][  0]LogMemory: Physical Memory: 5740.82 MB used,  2314.47 MB free, 8055.29 MB total
[2017.11.15-20.08.17:279][  0]LogMemory: Virtual Memory: 618.77 MB used,  2314.47 MB free, 8388608.00 MB total
[2017.11.15-20.08.17:733][  0]LogInit: Overriding language with editor language configuration option (en).
[2017.11.15-20.08.17:733][  0]LogInit: Overriding locale with editor locale configuration option (en).
[2017.11.15-20.08.19:445][  0]LogD3D11RHI: D3D11 adapters:
[2017.11.15-20.08.19:500][  0]LogD3D11RHI:    0. 'NVIDIA GeForce GT 730' (Feature Level 11_0)
[2017.11.15-20.08.19:500][  0]LogD3D11RHI:       973/0/3072 MB DedicatedVideo/DedicatedSystem/SharedSystem, Outputs:1, VendorId:0x10de
[2017.11.15-20.08.19:500][  0]LogD3D11RHI: Chosen D3D11 Adapter: 0
[2017.11.15-20.08.19:507][  0]LogD3D11RHI: Creating new Direct3DDevice
[2017.11.15-20.08.19:508][  0]LogD3D11RHI:     GPU DeviceId: 0x1287 (for the marketing name, search the web for "GPU Device Id")
[2017.11.15-20.08.19:508][  0]LogWindows: EnumDisplayDevices:
[2017.11.15-20.08.19:508][  0]LogWindows:    0. 'NVIDIA GeForce GT 730' (P:1 D:1)
[2017.11.15-20.08.19:508][  0]LogWindows:    1. 'NVIDIA GeForce GT 730' (P:0 D:0)
[2017.11.15-20.08.19:508][  0]LogWindows:    2. 'NVIDIA GeForce GT 730' (P:0 D:0)
[2017.11.15-20.08.19:509][  0]LogWindows:    3. 'RDPDD Chained DD' (P:0 D:0)
[2017.11.15-20.08.19:509][  0]LogWindows:    4. 'RDP Encoder Mirror Driver' (P:0 D:0)
[2017.11.15-20.08.19:509][  0]LogWindows:    5. 'RDP Reflector Display Driver' (P:0 D:0)
[2017.11.15-20.08.19:509][  0]LogWindows: DebugString: GetVideoDriverDetailsInvalid PrimaryIsNotTheChoosenAdapter GetVideoDriverDetailsInvalid PrimaryIsNotTheChoosenAdapter GetVideoDriverDetailsInvalid PrimaryIsNotTheChoosenAdapter FoundDriverCount:3 
[2017.11.15-20.08.19:509][  0]LogD3D11RHI:     Adapter Name: NVIDIA GeForce GT 730
[2017.11.15-20.08.19:510][  0]LogD3D11RHI:   Driver Version: 385.69 (internal:22.21.13.8569, unified:385.69)
[2017.11.15-20.08.19:510][  0]LogD3D11RHI:      Driver Date: 9-16-2017
[2017.11.15-20.08.19:510][  0]LogRHI: Texture pool is 681 MB (70% of 973 MB)
[2017.11.15-20.08.19:535][  0]LogD3D11RHI: Async texture creation enabled
[2017.11.15-20.08.19:575][  0]LogD3D11RHI: GPU Timing Frequency: 1000.000000 (Debug: 2 2)
[2017.11.15-20.08.19:586][  0]LogShaderCompilers: Guid format shader working directory is -22 characters bigger than the processId version (../../../../../../Users/Admin/Documents/Unreal Projects/OpenWorld_16/Intermediate/Shaders/WorkingDirectory/4296/).
[2017.11.15-20.08.19:586][  0]LogShaderCompilers: Cleaned the shader compiler working directory 'C:/Users/Admin/AppData/Local/Temp/UnrealShaderWorkingDir/E118AD4E4F861624FCC2DA9FB38BB075/'.
[2017.11.15-20.08.19:587][  0]LogShaderCompilers:Display: Using Local Shader Compiler.
[2017.11.15-20.08.21:396][  0]LogTemp:Display: Loaded TP AllDesktopTargetPlatform
[2017.11.15-20.08.21:481][  0]LogTemp:Display: Loaded TP MacClientTargetPlatform
[2017.11.15-20.08.21:578][  0]LogTemp:Display: Loaded TP MacNoEditorTargetPlatform
[2017.11.15-20.08.21:673][  0]LogTemp:Display: Loaded TP MacServerTargetPlatform
[2017.11.15-20.08.21:775][  0]LogTemp:Display: Loaded TP MacTargetPlatform
[2017.11.15-20.08.21:864][  0]LogTemp:Display: Loaded TP WindowsClientTargetPlatform
[2017.11.15-20.08.21:951][  0]LogTemp:Display: Loaded TP WindowsNoEditorTargetPlatform
[2017.11.15-20.08.22:041][  0]LogTemp:Display: Loaded TP WindowsServerTargetPlatform
[2017.11.15-20.08.22:123][  0]LogTemp:Display: Loaded TP WindowsTargetPlatform
[2017.11.15-20.08.22:208][  0]LogTemp:Display: Loaded TP AndroidTargetPlatform
[2017.11.15-20.08.22:291][  0]LogTemp:Display: Loaded TP Android_ASTCTargetPlatform
[2017.11.15-20.08.22:379][  0]LogTemp:Display: Loaded TP Android_ATCTargetPlatform
[2017.11.15-20.08.22:464][  0]LogTemp:Display: Loaded TP Android_DXTTargetPlatform
[2017.11.15-20.08.22:556][  0]LogTemp:Display: Loaded TP Android_ETC1TargetPlatform
[2017.11.15-20.08.22:646][  0]LogTemp:Display: Loaded TP Android_ETC2TargetPlatform
[2017.11.15-20.08.22:831][  0]LogTemp:Display: Loaded TP Android_MultiTargetPlatform
[2017.11.15-20.08.22:832][  0]LogTemp:Display: Loaded TP Android_PVRTCTargetPlatform
[2017.11.15-20.08.22:908][  0]LogTemp:Display: Loaded TP HTML5TargetPlatform
[2017.11.15-20.08.23:085][  0]LogTemp:Display: Loaded TP IOSTargetPlatform
[2017.11.15-20.08.23:137][  0]LogTemp:Display: Loaded TP TVOSTargetPlatform
[2017.11.15-20.08.23:231][  0]LogTemp:Display: Loaded TP LinuxClientTargetPlatform
[2017.11.15-20.08.23:318][  0]LogTemp:Display: Loaded TP LinuxNoEditorTargetPlatform
[2017.11.15-20.08.23:406][  0]LogTemp:Display: Loaded TP LinuxServerTargetPlatform
[2017.11.15-20.08.23:497][  0]LogTemp:Display: Loaded TP LinuxTargetPlatform
[2017.11.15-20.08.23:497][  0]LogTargetPlatformManager:Display: Building Assets For Windows
[2017.11.15-20.08.24:458][  0]LogDerivedDataCache:Display: Max Cache Size: 512 MB
[2017.11.15-20.08.25:025][  0]LogDerivedDataCache: Loaded boot cache 0.57s 90MB C:/Users/Admin/AppData/Local/UnrealEngine/4.16/DerivedDataCache/Boot.ddc.
[2017.11.15-20.08.25:025][  0]LogDerivedDataCache:Display: Loaded Boot cache: C:/Users/Admin/AppData/Local/UnrealEngine/4.16/DerivedDataCache/Boot.ddc
[2017.11.15-20.08.25:025][  0]LogDerivedDataCache: FDerivedDataBackendGraph:  Pak pak cache file ../../../../../../Users/Admin/Documents/Unreal Projects/OpenWorld_16/DerivedDataCache/DDC.ddp not found, will not use a pak cache.
[2017.11.15-20.08.25:025][  0]LogDerivedDataCache: Unable to find inner node Pak for hierarchical cache Hierarchy.
[2017.11.15-20.08.25:025][  0]LogDerivedDataCache: FDerivedDataBackendGraph:  CompressedPak pak cache file ../../../../../../Users/Admin/Documents/Unreal Projects/OpenWorld_16/DerivedDataCache/Compressed.ddp not found, will not use a pak cache.
[2017.11.15-20.08.25:025][  0]LogDerivedDataCache: Unable to find inner node CompressedPak for hierarchical cache Hierarchy.
[2017.11.15-20.08.25:060][  0]LogDerivedDataCache:Display: Pak cache opened for reading ../../../Engine/DerivedDataCache/Compressed.ddp.
[2017.11.15-20.08.25:073][  0]LogDerivedDataCache: Using Local data cache path C:/Users/Admin/AppData/Local/UnrealEngine/Common/DerivedDataCache: Writable
[2017.11.15-20.08.25:092][  0]LogMaterial: Verifying Global Shaders for PCD3D_SM5
[2017.11.15-20.08.25:099][  0]LogSlate: Using Freetype 2.6.0
[2017.11.15-20.08.25:107][  0]LogSlate: SlateFontCache - WITH_FREETYPE: 1, WITH_HARFBUZZ: 1
[2017.11.15-20.08.25:107][  0]LogSlate: SlateFontCache - WITH_FREETYPE: 1, WITH_HARFBUZZ: 1
[2017.11.15-20.08.26:691][  0]LogInit: Selected Device Profile: [Windows]
[2017.11.15-20.08.26:709][  0]LogContentStreaming: Texture pool size is 0.00 MB
[2017.11.15-20.08.27:195][  0]LogMeshUtilities: Using QuadricMeshReduction for automatic static mesh reduction
[2017.11.15-20.08.27:305][  0]LogSimplygon: Simplygon DLL not present - disabling.
[2017.11.15-20.08.27:408][  0]LogMeshUtilities: Using SimplygonSwarm for distributed automatic mesh merging
[2017.11.15-20.08.27:408][  0]LogMeshUtilities: No automatic skeletal mesh reduction module available
[2017.11.15-20.08.27:408][  0]LogMeshUtilities: No automatic mesh merging module available
[2017.11.15-20.08.28:740][  0]LogNetVersion: OpenWorld_16 , NetCL: 3452394, EngineNetVer: 2, GameNetVer: 0 (Checksum: 878940126)
[2017.11.15-20.08.28:895][  0]LogAssetRegistry: FAssetRegistry took 0.0348 seconds to start up
[2017.11.15-20.08.28:961][  0]LogPackageLocalizationCache: Processed 4 localized package path(s) for 1 prioritized culture(s) in 0.031083 seconds
[2017.11.15-20.08.28:973][  0]LogUObjectArray: 34194 objects as part of root set at end of initial load.
[2017.11.15-20.08.28:973][  0]LogUObjectAllocator: 7260416 out of 0 bytes used by permanent object pool.
[2017.11.15-20.08.28:973][  0]LogUObjectArray: CloseDisregardForGC: 0/0 objects in disregard for GC pool
[2017.11.15-20.08.29:096][  0]LogInit: WinSock: version 1.1 (2.2), MaxSocks=32767, MaxUdp=65467
[2017.11.15-20.08.36:517][  0]LogSubstanceCoreModule: Substance [CPU] Engine Loaded, Max Texture Size = 2048
[2017.11.15-20.08.36:617][  0]LogTcpMessaging: Initializing TcpMessaging bridge
[2017.11.15-20.08.36:713][  0]LogUdpMessaging: Initializing bridge on interface 0.0.0.0:0 to multicast group 230.0.0.1:6666.
[2017.11.15-20.08.38:288][  0]LogMaterial: Uniform references updated for custom material expression Custom.
[2017.11.15-20.08.39:206][  0]SourceControl: Info Source control is disabled
[2017.11.15-20.08.39:306][  0]SourceControl: Info Source control is disabled
[2017.11.15-20.08.39:405][  0]SourceControl: Info Source control is disabled
[2017.11.15-20.08.39:522][  0]SourceControl: Info Source control is disabled
[2017.11.15-20.08.41:411][  0]LogAndroidPermission: UAndroidPermissionCallbackProxy::GetInstance
[2017.11.15-20.08.42:788][  0]LogEngine: Initializing Engine...
[2017.11.15-20.08.42:791][  0]LogHMD: Failed to initialize OpenVR with code 110
[2017.11.15-20.08.43:326][  0]LogStats: UGameplayTagsManager::ConstructGameplayTagTree: Construct from data asset -  0.000 s
[2017.11.15-20.08.43:326][  0]LogStats: UGameplayTagsManager::ConstructGameplayTagTree: GameplayTagTreeChangedEvent.Broadcast -  0.000 s
[2017.11.15-20.08.43:598][  0]LogAIModule: Creating AISystem for world Untitled
[2017.11.15-20.08.43:633][  0]LogInit: XAudio2 using 'Altavoces (Realtek High Definition Audio)' : 2 channels at 48 kHz using 32 bits per sample (channel mask 0x3)
[2017.11.15-20.08.43:822][  0]LogInit: FAudioDevice initialized.
[2017.11.15-20.08.43:904][  0]LogDerivedDataCache: Saved boot cache 0.07s 90MB C:/Users/Admin/AppData/Local/UnrealEngine/4.16/DerivedDataCache/Boot.ddc.
[2017.11.15-20.08.43:940][  0]LogInit: Texture streaming: Enabled
[2017.11.15-20.08.44:230][  0]LogEngineSessionManager: EngineSessionManager initialized
[2017.11.15-20.08.44:231][  0]LogEngineSessionManager: EngineSessionManager sent abnormal shutdown report. Type=Debugger, SessionId={B4475D18-496B-AFB8-9EB3-F1BD51CBE0FF}
[2017.11.15-20.08.44:777][  0]LogInit: Transaction tracking system initialized
[2017.11.15-20.08.45:416][  0]BlueprintLog: New page: Editor Load
[2017.11.15-20.08.47:490][  0]LocalizationService: Info Localization service is disabled
[2017.11.15-20.08.49:366][  0]LogConsoleResponse:Display: 
[2017.11.15-20.08.49:752][  0]LogCook:Display: Max memory allowance for cook 16384mb min free memory 0mb
[2017.11.15-20.08.49:752][  0]LogCook:Display: Mobile HDR setting 1
[2017.11.15-20.08.49:814][  0]LogFileCache: Scanning file cache for directory 'C:/Users/Admin/Documents/Unreal Projects/OpenWorld_16/Content/' took 0.02s
[2017.11.15-20.08.51:932][  0]SourceControl: Info Source control is disabled
[2017.11.15-20.08.51:934][  0]Cmd: MAP LOAD FILE="../../../../../../Users/Admin/Documents/Unreal Projects/OpenWorld_16/Content/FirstPersonBP/Maps/FirstPersonExampleMap.umap" TEMPLATE=0 SHOWPROGRESS=1 FEATURELEVEL=3
[2017.11.15-20.08.51:939][  0]LightingResults: New page: Lighting Build
[2017.11.15-20.08.52:024][  0]MapCheck: New page: Map Check
[2017.11.15-20.08.52:024][  0]LightingResults: New page: Lighting Build
[2017.11.15-20.08.53:221][  0]LogAIModule: Creating AISystem for world FirstPersonExampleMap
[2017.11.15-20.08.53:253][  0]LogEditorServer: Finished looking for orphan Actors (0.000 secs)
[2017.11.15-20.08.53:309][  0]Cmd: MAP CHECKDEP NOCLEARLOG
[2017.11.15-20.08.53:438][  0]MapCheck: Info Map check complete: 0 Error(s), 0 Warning(s), took 129.479ms to complete.
[2017.11.15-20.08.53:439][  0]LogFileHelpers: Loading map 'FirstPersonExampleMap' took 1.587
[2017.11.15-20.08.53:713][  0]LogCollectionManager: Loaded 0 collections in 0.002405 seconds
[2017.11.15-20.08.53:882][  0]LogFileCache: Scanning file cache for directory 'C:/Users/Admin/Documents/Unreal Projects/OpenWorld_16/Saved/Collections/' took 0.01s
[2017.11.15-20.08.53:882][  0]LogFileCache: Scanning file cache for directory 'C:/Users/Admin/Documents/Unreal Projects/OpenWorld_16/Content/Developers/Admin/Collections/' took 0.01s
[2017.11.15-20.08.53:882][  0]LogFileCache: Scanning file cache for directory 'C:/Users/Admin/Documents/Unreal Projects/OpenWorld_16/Content/Collections/' took 0.01s
[2017.11.15-20.08.53:882][  0]LogCollectionManager: Rebuilt the GUID cache for 0 collections in 0.000002 seconds
[2017.11.15-20.08.53:904][  0]LogContentBrowser: Native class hierarchy populated in 0.0190 seconds. Added 2361 classes and 508 folders.
[2017.11.15-20.08.54:033][  0]LogContentBrowser: Native class hierarchy updated for 'WidgetCarousel' in 0.0024 seconds. Added 0 classes and 0 folders.
[2017.11.15-20.08.54:339][  0]LogContentBrowser: Native class hierarchy updated for 'AddContentDialog' in 0.0022 seconds. Added 0 classes and 0 folders.
[2017.11.15-20.08.54:449][  0]LogContentBrowser: Native class hierarchy updated for 'SceneOutliner' in 0.0023 seconds. Added 1 classes and 2 folders.
[2017.11.15-20.08.54:738][  0]LogCrashTracker: Crashtracker disabled due to settings.
[2017.11.15-20.08.54:756][  0]LogSlate: Took 0.001941 seconds to synchronously load lazily loaded font '../../../Engine/Content/Slate/Fonts/Roboto-Regular.ttf' (155K)
[2017.11.15-20.08.54:763][  0]LogSlate: Took 0.002671 seconds to synchronously load lazily loaded font '../../../Engine/Content/Slate/Fonts/Roboto-Bold.ttf' (160K)
[2017.11.15-20.08.54:780][  0]LogSlate: Took 0.003382 seconds to synchronously load lazily loaded font '../../../Engine/Content/Editor/Slate/Fonts/FontAwesome.ttf' (139K)
[2017.11.15-20.08.54:943][  0]LogRenderer: Reallocating scene render targets to support 844x408 NumSamples 1 (Frame:1).
[2017.11.15-20.08.55:052][  0]LogSlate: Took 0.002233 seconds to synchronously load lazily loaded font '../../../Engine/Content/Slate/Fonts/Roboto-Light.ttf' (159K)
[2017.11.15-20.08.55:177][  0]LogUObjectGlobals:Warning: Failed to find object 'Class None.'
[2017.11.15-20.08.55:297][  0]LogContentBrowser: Native class hierarchy updated for 'HierarchicalLODOutliner' in 0.0024 seconds. Added 1 classes and 2 folders.
[2017.11.15-20.08.55:309][  0]LogLoad: (Engine Initialization) Total time: 43.20 seconds
[2017.11.15-20.08.55:311][  0]LogLoad: (Engine Initialization) Total Blueprint compile time: 0.32 seconds
[2017.11.15-20.08.55:312][  0]LogExternalProfiler: Found external profiler: VSPerf
[2017.11.15-20.08.55:312][  0]LogExternalProfiler: Using external profiler: VSPerf
[2017.11.15-20.08.55:354][  0]LogOcInput: OculusInput pre-init called
[2017.11.15-20.08.55:355][  0]LogHMD: Starting GearVRController plugin
[2017.11.15-20.08.55:378][  0]LogContentStreaming: Texture pool size now 600 MB
[2017.11.15-20.08.55:547][  2]LogAssetRegistry: Asset discovery search completed in 27.0436 seconds
[2017.11.15-20.08.55:552][  2]LogCollectionManager: Rebuilt the object cache for 0 collections in 0.000002 seconds (found 0 objects)
[2017.11.15-20.08.55:552][  2]LogCollectionManager: Fixed up redirectors for 0 collections in 0.000275 seconds (updated 0 objects)
[2017.11.15-20.09.50:031][215]LogTemp: Repeting last play command: Selected Viewport
[2017.11.15-20.09.50:104][215]LogBlueprintUserMessages: Early PlayInEditor Detection: Level '/Game/FirstPersonBP/Maps/FirstPersonExampleMap.FirstPersonExampleMap:PersistentLevel' has LevelScriptBlueprint '/Game/FirstPersonBP/Maps/FirstPersonExampleMap.FirstPersonExampleMap:PersistentLevel.FirstPersonExampleMap' with GeneratedClass '/Game/FirstPersonBP/Maps/FirstPersonExampleMap.FirstPersonExampleMap_C' with ClassGeneratedBy '/Game/FirstPersonBP/Maps/FirstPersonExampleMap.FirstPersonExampleMap:PersistentLevel.FirstPersonExampleMap'
[2017.11.15-20.09.50:105][215]LogPlayLevel: PlayLevel: No blueprints needed recompiling
[2017.11.15-20.09.50:111][215]PIE: New page: PIE session: FirstPersonExampleMap (Nov 15, 2017, 10:09:50 PM)
[2017.11.15-20.09.50:111][215]LogPlayLevel: Creating play world package: /Game/FirstPersonBP/Maps/UEDPIE_0_FirstPersonExampleMap
[2017.11.15-20.09.50:159][215]LogPlayLevel: PIE: StaticDuplicateObject took: (0.047711s)
[2017.11.15-20.09.50:161][215]LogAIModule: Creating AISystem for world FirstPersonExampleMap
[2017.11.15-20.09.50:162][215]LogPlayLevel: PIE: World Init took: (0.002231s)
[2017.11.15-20.09.50:165][215]LogPlayLevel: PIE: Created PIE world by copying editor world from /Game/FirstPersonBP/Maps/FirstPersonExampleMap.FirstPersonExampleMap to /Game/FirstPersonBP/Maps/UEDPIE_0_FirstPersonExampleMap.FirstPersonExampleMap (0.054248s)
[2017.11.15-20.09.50:214][215]LogInit: XAudio2 using 'Altavoces (Realtek High Definition Audio)' : 2 channels at 48 kHz using 32 bits per sample (channel mask 0x3)
[2017.11.15-20.09.50:227][215]LogInit: FAudioDevice initialized.
[2017.11.15-20.09.50:291][215]LogLoad: Game class is 'WorldGameMode_BP_C'
[2017.11.15-20.09.50:301][215]LogWorld: Bringing World /Game/FirstPersonBP/Maps/UEDPIE_0_FirstPersonExampleMap.FirstPersonExampleMap up for play (max tick rate 30) at 2017.11.15-21.09.50
[2017.11.15-20.09.50:304][215]LogWorld: Bringing up level for play took: 0.003747
[2017.11.15-20.09.50:436][215]LogContentBrowser: Native class hierarchy updated for 'MovieSceneCapture' in 0.0030 seconds. Added 11 classes and 0 folders.
[2017.11.15-20.09.50:445][215]LogBlueprintUserMessages: [WorldGameMode_BP_C_0] Hello
[2017.11.15-20.09.50:563][215]LogTemp:Warning: First map load took: 118.676220 ms
[2017.11.15-20.09.50:564][215]PIE: Info Play in editor start time for /Game/FirstPersonBP/Maps/UEDPIE_0_FirstPersonExampleMap -0.334
[2017.11.15-20.09.50:565][215]LogBlueprintUserMessages: Late PlayInEditor Detection: Level '/Game/FirstPersonBP/Maps/FirstPersonExampleMap.FirstPersonExampleMap:PersistentLevel' has LevelScriptBlueprint '/Game/FirstPersonBP/Maps/FirstPersonExampleMap.FirstPersonExampleMap:PersistentLevel.FirstPersonExampleMap' with GeneratedClass '/Game/FirstPersonBP/Maps/FirstPersonExampleMap.FirstPersonExampleMap_C' with ClassGeneratedBy '/Game/FirstPersonBP/Maps/FirstPersonExampleMap.FirstPersonExampleMap:PersistentLevel.FirstPersonExampleMap'
[2017.11.15-20.09.50:630][216]Mat_Loader:Warning: Added transition meterial with index: 2-1-0
[2017.11.15-20.09.52:759][264]LogBlueprintUserMessages: [WorldGameMode_BP_C_0] Hello
