Log file open, 11/20/17 19:55:47
LogInit:Display: Running engine for game: OpenWorld_16
LogPlatformFile: Not using cached read wrapper
LogInit:Display: RandInit(623292913) SRandInit(623292913).
LogTaskGraph: Started task graph with 5 named threads and 6 total threads with 1 sets of task threads.
LogStats: Stats thread started at 1.114094
LogInit: Using libcurl 7.47.1
LogInit:  - built for x86_64-pc-win32
LogInit:  - supports SSL with OpenSSL/1.0.2g
LogInit:  - supports HTTP deflate (compression) using libz 1.2.8
LogInit:  - other features:
LogInit:      CURL_VERSION_SSL
LogInit:      CURL_VERSION_LIBZ
LogInit:      CURL_VERSION_IPV6
LogInit:      CURL_VERSION_ASYNCHDNS
LogInit:      CURL_VERSION_LARGEFILE
LogInit:      CURL_VERSION_IDN
LogInit:  CurlRequestOptions (configurable via config and command line):
LogInit:  - bVerifyPeer = false  - Libcurl will NOT verify peer certificate
LogInit:  - bUseHttpProxy = false  - Libcurl will NOT use HTTP proxy
LogInit:  - bDontReuseConnections = false  - Libcurl will reuse connections
LogInit:  - CertBundlePath = nullptr  - Libcurl will use whatever was configured at build time.
LogInit: Build: ++UE4+Release-4.16-CL-3561208
LogInit: Engine Version: 4.16.3-3561208+++UE4+Release-4.16
LogInit: Compatible Engine Version: 4.16.0-3452394+++UE4+Release-4.16
LogInit: Net CL: 3452394
LogDevObjectVersion: Number of dev versions registered: 16
LogDevObjectVersion:   Dev-Blueprints (B0D832E4-1F89-4F0D-ACCF-7EB736FD4AA2): 9
LogDevObjectVersion:   Dev-Build (E1C64328-A22C-4D53-A36C-8E866417BD8C): 0
LogDevObjectVersion:   Dev-Core (375EC13C-06E4-48FB-B500-84F0262A717E): 2
LogDevObjectVersion:   Dev-Editor (E4B068ED-F494-42E9-A231-DA0B2E46BB41): 17
LogDevObjectVersion:   Dev-Framework (CFFC743F-43B0-4480-9391-14DF171D2073): 23
LogDevObjectVersion:   Dev-Mobile (B02B49B5-BB20-44E9-A304-32B752E40360): 0
LogDevObjectVersion:   Dev-Networking (A4E4105C-59A1-49B5-A7C5-40C4547EDFEE): 0
LogDevObjectVersion:   Dev-Online (39C831C9-5AE6-47DC-9A44-9C173E1C8E7C): 0
LogDevObjectVersion:   Dev-Physics (78F01B33-EBEA-4F98-B9B4-84EACCB95AA2): 0
LogDevObjectVersion:   Dev-Platform (6631380F-2D4D-43E0-8009-CF276956A95A): 0
LogDevObjectVersion:   Dev-Rendering (12F88B9F-8875-4AFC-A67C-D90C383ABD29): 15
LogDevObjectVersion:   Dev-Sequencer (7B5AE74C-D270-4C10-A958-57980B212A5A): 4
LogDevObjectVersion:   Dev-VR (D7296918-1DD6-4BDD-9DE2-64A83CC13884): 0
LogDevObjectVersion:   Dev-LoadTimes (C2A15278-BFE7-4AFE-6C17-90FF531DF755): 1
LogDevObjectVersion:   Private-Geometry (6EACA3D4-40EC-4CC1-B786-8BED09428FC5): 1
LogDevObjectVersion:   Dev-AnimPhys (29E575DD-E0A3-4627-9D10-D276232CDCEA): 3
LogInit: Compiled (64-bit): Jul 28 2017 11:49:47
LogInit: Compiled with Visual C++: 19.00.24215.01
LogInit: Build Configuration: Development
LogInit: Branch Name: ++UE4+Release-4.16
LogInit: Command line:  -skipcompile
LogInit: Base directory: C:/Program Files (x86)/Epic Games/UE_4.16/Engine/Binaries/Win64/
LogInit: Installed Engine Build: 1
LogInit: Presizing for max 8388607 objects, including 0 objects not considered by GC, pre-allocating 0 bytes for permanent pool.
LogInit: Object subsystem initialized
[2017.11.20-18.55.48:635][  0]LogInit: Selected Device Profile: [Windows]
[2017.11.20-18.55.48:635][  0]LogInit: Applying CVar settings loaded from the selected device profile: [Windows]
[2017.11.20-18.55.48:651][  0]LogInit: Computer: HP-PC
[2017.11.20-18.55.48:651][  0]LogInit: User: Admin
[2017.11.20-18.55.48:651][  0]LogInit: CPU Page size=4096, Cores=2
[2017.11.20-18.55.48:651][  0]LogInit: High frequency timer resolution =3.117568 MHz
[2017.11.20-18.55.48:651][  0]LogMemory: Memory total: Physical=7.9GB (8GB approx)
[2017.11.20-18.55.48:651][  0]LogMemory: Platform Memory Stats for Windows
[2017.11.20-18.55.48:651][  0]LogMemory: Process Physical Memory: 273.59 MB used, 273.59 MB peak
[2017.11.20-18.55.48:651][  0]LogMemory: Process Virtual Memory: 260.60 MB used, 260.60 MB peak
[2017.11.20-18.55.48:651][  0]LogMemory: Physical Memory: 3879.11 MB used,  4176.18 MB free, 8055.29 MB total
[2017.11.20-18.55.48:651][  0]LogMemory: Virtual Memory: 618.77 MB used,  4176.18 MB free, 8388608.00 MB total
[2017.11.20-18.55.49:070][  0]LogInit: Overriding language with editor language configuration option (en).
[2017.11.20-18.55.49:072][  0]LogInit: Overriding locale with editor locale configuration option (en).
[2017.11.20-18.55.50:766][  0]LogD3D11RHI: D3D11 adapters:
[2017.11.20-18.55.50:807][  0]LogD3D11RHI:    0. 'NVIDIA GeForce GT 730' (Feature Level 11_0)
[2017.11.20-18.55.50:807][  0]LogD3D11RHI:       973/0/3072 MB DedicatedVideo/DedicatedSystem/SharedSystem, Outputs:1, VendorId:0x10de
[2017.11.20-18.55.50:807][  0]LogD3D11RHI: Chosen D3D11 Adapter: 0
[2017.11.20-18.55.50:815][  0]LogD3D11RHI: Creating new Direct3DDevice
[2017.11.20-18.55.50:816][  0]LogD3D11RHI:     GPU DeviceId: 0x1287 (for the marketing name, search the web for "GPU Device Id")
[2017.11.20-18.55.50:816][  0]LogWindows: EnumDisplayDevices:
[2017.11.20-18.55.50:816][  0]LogWindows:    0. 'NVIDIA GeForce GT 730' (P:1 D:1)
[2017.11.20-18.55.50:817][  0]LogWindows:    1. 'NVIDIA GeForce GT 730' (P:0 D:0)
[2017.11.20-18.55.50:817][  0]LogWindows:    2. 'NVIDIA GeForce GT 730' (P:0 D:0)
[2017.11.20-18.55.50:817][  0]LogWindows:    3. 'RDPDD Chained DD' (P:0 D:0)
[2017.11.20-18.55.50:817][  0]LogWindows:    4. 'RDP Encoder Mirror Driver' (P:0 D:0)
[2017.11.20-18.55.50:817][  0]LogWindows:    5. 'RDP Reflector Display Driver' (P:0 D:0)
[2017.11.20-18.55.50:817][  0]LogWindows: DebugString: GetVideoDriverDetailsInvalid PrimaryIsNotTheChoosenAdapter GetVideoDriverDetailsInvalid PrimaryIsNotTheChoosenAdapter GetVideoDriverDetailsInvalid PrimaryIsNotTheChoosenAdapter FoundDriverCount:3 
[2017.11.20-18.55.50:817][  0]LogD3D11RHI:     Adapter Name: NVIDIA GeForce GT 730
[2017.11.20-18.55.50:818][  0]LogD3D11RHI:   Driver Version: 385.69 (internal:22.21.13.8569, unified:385.69)
[2017.11.20-18.55.50:818][  0]LogD3D11RHI:      Driver Date: 9-16-2017
[2017.11.20-18.55.50:818][  0]LogRHI: Texture pool is 681 MB (70% of 973 MB)
[2017.11.20-18.55.50:840][  0]LogD3D11RHI: Async texture creation enabled
[2017.11.20-18.55.50:881][  0]LogD3D11RHI: GPU Timing Frequency: 1000.000000 (Debug: 2 2)
[2017.11.20-18.55.50:890][  0]LogShaderCompilers: Guid format shader working directory is -22 characters bigger than the processId version (../../../../../../Users/Admin/Documents/Unreal Projects/OpenWorld_16/Intermediate/Shaders/WorkingDirectory/4136/).
[2017.11.20-18.55.50:891][  0]LogShaderCompilers: Cleaned the shader compiler working directory 'C:/Users/Admin/AppData/Local/Temp/UnrealShaderWorkingDir/E6B32C3C4FD7F22C535903893F738177/'.
[2017.11.20-18.55.50:891][  0]LogShaderCompilers:Display: Using Local Shader Compiler.
[2017.11.20-18.55.52:849][  0]LogTemp:Display: Loaded TP AllDesktopTargetPlatform
[2017.11.20-18.55.52:942][  0]LogTemp:Display: Loaded TP MacClientTargetPlatform
[2017.11.20-18.55.53:055][  0]LogTemp:Display: Loaded TP MacNoEditorTargetPlatform
[2017.11.20-18.55.53:152][  0]LogTemp:Display: Loaded TP MacServerTargetPlatform
[2017.11.20-18.55.53:251][  0]LogTemp:Display: Loaded TP MacTargetPlatform
[2017.11.20-18.55.53:338][  0]LogTemp:Display: Loaded TP WindowsClientTargetPlatform
[2017.11.20-18.55.53:432][  0]LogTemp:Display: Loaded TP WindowsNoEditorTargetPlatform
[2017.11.20-18.55.53:521][  0]LogTemp:Display: Loaded TP WindowsServerTargetPlatform
[2017.11.20-18.55.53:608][  0]LogTemp:Display: Loaded TP WindowsTargetPlatform
[2017.11.20-18.55.53:696][  0]LogTemp:Display: Loaded TP AndroidTargetPlatform
[2017.11.20-18.55.53:791][  0]LogTemp:Display: Loaded TP Android_ASTCTargetPlatform
[2017.11.20-18.55.53:886][  0]LogTemp:Display: Loaded TP Android_ATCTargetPlatform
[2017.11.20-18.55.53:976][  0]LogTemp:Display: Loaded TP Android_DXTTargetPlatform
[2017.11.20-18.55.54:076][  0]LogTemp:Display: Loaded TP Android_ETC1TargetPlatform
[2017.11.20-18.55.54:160][  0]LogTemp:Display: Loaded TP Android_ETC2TargetPlatform
[2017.11.20-18.55.54:339][  0]LogTemp:Display: Loaded TP Android_MultiTargetPlatform
[2017.11.20-18.55.54:339][  0]LogTemp:Display: Loaded TP Android_PVRTCTargetPlatform
[2017.11.20-18.55.54:414][  0]LogTemp:Display: Loaded TP HTML5TargetPlatform
[2017.11.20-18.55.54:571][  0]LogTemp:Display: Loaded TP IOSTargetPlatform
[2017.11.20-18.55.54:620][  0]LogTemp:Display: Loaded TP TVOSTargetPlatform
[2017.11.20-18.55.54:709][  0]LogTemp:Display: Loaded TP LinuxClientTargetPlatform
[2017.11.20-18.55.54:798][  0]LogTemp:Display: Loaded TP LinuxNoEditorTargetPlatform
[2017.11.20-18.55.54:888][  0]LogTemp:Display: Loaded TP LinuxServerTargetPlatform
[2017.11.20-18.55.54:980][  0]LogTemp:Display: Loaded TP LinuxTargetPlatform
[2017.11.20-18.55.54:980][  0]LogTargetPlatformManager:Display: Building Assets For Windows
[2017.11.20-18.55.56:032][  0]LogDerivedDataCache:Display: Max Cache Size: 512 MB
[2017.11.20-18.55.56:618][  0]LogDerivedDataCache: Loaded boot cache 0.58s 90MB C:/Users/Admin/AppData/Local/UnrealEngine/4.16/DerivedDataCache/Boot.ddc.
[2017.11.20-18.55.56:620][  0]LogDerivedDataCache:Display: Loaded Boot cache: C:/Users/Admin/AppData/Local/UnrealEngine/4.16/DerivedDataCache/Boot.ddc
[2017.11.20-18.55.56:622][  0]LogDerivedDataCache: FDerivedDataBackendGraph:  Pak pak cache file ../../../../../../Users/Admin/Documents/Unreal Projects/OpenWorld_16/DerivedDataCache/DDC.ddp not found, will not use a pak cache.
[2017.11.20-18.55.56:622][  0]LogDerivedDataCache: Unable to find inner node Pak for hierarchical cache Hierarchy.
[2017.11.20-18.55.56:622][  0]LogDerivedDataCache: FDerivedDataBackendGraph:  CompressedPak pak cache file ../../../../../../Users/Admin/Documents/Unreal Projects/OpenWorld_16/DerivedDataCache/Compressed.ddp not found, will not use a pak cache.
[2017.11.20-18.55.56:623][  0]LogDerivedDataCache: Unable to find inner node CompressedPak for hierarchical cache Hierarchy.
[2017.11.20-18.55.56:674][  0]LogDerivedDataCache:Display: Pak cache opened for reading ../../../Engine/DerivedDataCache/Compressed.ddp.
[2017.11.20-18.55.56:688][  0]LogDerivedDataCache: Using Local data cache path C:/Users/Admin/AppData/Local/UnrealEngine/Common/DerivedDataCache: Writable
[2017.11.20-18.55.56:706][  0]LogMaterial: Verifying Global Shaders for PCD3D_SM5
[2017.11.20-18.55.56:712][  0]LogSlate: Using Freetype 2.6.0
[2017.11.20-18.55.56:716][  0]LogSlate: SlateFontCache - WITH_FREETYPE: 1, WITH_HARFBUZZ: 1
[2017.11.20-18.55.56:716][  0]LogSlate: SlateFontCache - WITH_FREETYPE: 1, WITH_HARFBUZZ: 1
[2017.11.20-18.55.58:310][  0]LogInit: Selected Device Profile: [Windows]
[2017.11.20-18.55.58:324][  0]LogContentStreaming: Texture pool size is 0.00 MB
[2017.11.20-18.55.58:812][  0]LogMeshUtilities: Using QuadricMeshReduction for automatic static mesh reduction
[2017.11.20-18.55.58:914][  0]LogSimplygon: Simplygon DLL not present - disabling.
[2017.11.20-18.55.58:996][  0]LogMeshUtilities: Using SimplygonSwarm for distributed automatic mesh merging
[2017.11.20-18.55.58:996][  0]LogMeshUtilities: No automatic skeletal mesh reduction module available
[2017.11.20-18.55.58:996][  0]LogMeshUtilities: No automatic mesh merging module available
[2017.11.20-18.56.00:263][  0]LogNetVersion: OpenWorld_16 , NetCL: 3452394, EngineNetVer: 2, GameNetVer: 0 (Checksum: 878940126)
[2017.11.20-18.56.00:408][  0]LogAssetRegistry: FAssetRegistry took 0.0330 seconds to start up
[2017.11.20-18.56.00:472][  0]LogPackageLocalizationCache: Processed 4 localized package path(s) for 1 prioritized culture(s) in 0.030578 seconds
[2017.11.20-18.56.00:481][  0]LogUObjectArray: 34194 objects as part of root set at end of initial load.
[2017.11.20-18.56.00:481][  0]LogUObjectAllocator: 7260416 out of 0 bytes used by permanent object pool.
[2017.11.20-18.56.00:481][  0]LogUObjectArray: CloseDisregardForGC: 0/0 objects in disregard for GC pool
[2017.11.20-18.56.00:587][  0]LogInit: WinSock: version 1.1 (2.2), MaxSocks=32767, MaxUdp=65467
[2017.11.20-18.56.07:608][  0]LogSubstanceCoreModule: Substance [CPU] Engine Loaded, Max Texture Size = 2048
[2017.11.20-18.56.07:685][  0]LogTcpMessaging: Initializing TcpMessaging bridge
[2017.11.20-18.56.07:748][  0]LogUdpMessaging: Initializing bridge on interface 0.0.0.0:0 to multicast group 230.0.0.1:6666.
[2017.11.20-18.56.09:285][  0]LogMaterial: Uniform references updated for custom material expression Custom.
[2017.11.20-18.56.10:268][  0]SourceControl: Info Source control is disabled
[2017.11.20-18.56.10:369][  0]SourceControl: Info Source control is disabled
[2017.11.20-18.56.10:479][  0]SourceControl: Info Source control is disabled
[2017.11.20-18.56.10:594][  0]SourceControl: Info Source control is disabled
[2017.11.20-18.56.12:705][  0]LogAndroidPermission: UAndroidPermissionCallbackProxy::GetInstance
[2017.11.20-18.56.14:320][  0]LogEngine: Initializing Engine...
[2017.11.20-18.56.14:322][  0]LogHMD: Failed to initialize OpenVR with code 110
[2017.11.20-18.56.14:687][  0]LogStats: UGameplayTagsManager::ConstructGameplayTagTree: Construct from data asset -  0.000 s
[2017.11.20-18.56.14:688][  0]LogStats: UGameplayTagsManager::ConstructGameplayTagTree: GameplayTagTreeChangedEvent.Broadcast -  0.000 s
[2017.11.20-18.56.15:039][  0]LogAIModule: Creating AISystem for world Untitled
[2017.11.20-18.56.15:090][  0]LogInit: XAudio2 using 'Altavoces (Realtek High Definition Audio)' : 2 channels at 48 kHz using 32 bits per sample (channel mask 0x3)
[2017.11.20-18.56.15:160][  0]LogInit: FAudioDevice initialized.
[2017.11.20-18.56.15:221][  0]LogDerivedDataCache: Saved boot cache 0.06s 90MB C:/Users/Admin/AppData/Local/UnrealEngine/4.16/DerivedDataCache/Boot.ddc.
[2017.11.20-18.56.15:247][  0]LogInit: Texture streaming: Enabled
[2017.11.20-18.56.15:448][  0]LogEngineSessionManager: EngineSessionManager initialized
[2017.11.20-18.56.16:091][  0]LogInit: Transaction tracking system initialized
[2017.11.20-18.56.16:941][  0]BlueprintLog: New page: Editor Load
[2017.11.20-18.56.20:766][  0]LocalizationService: Info Localization service is disabled
[2017.11.20-18.56.23:264][  0]LogConsoleResponse:Display: 
[2017.11.20-18.56.23:947][  0]LogCook:Display: Max memory allowance for cook 16384mb min free memory 0mb
[2017.11.20-18.56.23:948][  0]LogCook:Display: Mobile HDR setting 1
[2017.11.20-18.56.24:834][  0]LogFileCache: Scanning file cache for directory 'C:/Users/Admin/Documents/Unreal Projects/OpenWorld_16/Content/' took 0.02s
[2017.11.20-18.56.26:497][  0]SourceControl: Info Source control is disabled
[2017.11.20-18.56.26:500][  0]Cmd: MAP LOAD FILE="../../../../../../Users/Admin/Documents/Unreal Projects/OpenWorld_16/Content/FirstPersonBP/Maps/FirstPersonExampleMap.umap" TEMPLATE=0 SHOWPROGRESS=1 FEATURELEVEL=3
[2017.11.20-18.56.26:505][  0]LightingResults: New page: Lighting Build
[2017.11.20-18.56.26:597][  0]MapCheck: New page: Map Check
[2017.11.20-18.56.26:597][  0]LightingResults: New page: Lighting Build
[2017.11.20-18.56.27:721][  0]LogAIModule: Creating AISystem for world FirstPersonExampleMap
[2017.11.20-18.56.27:765][  0]LogEditorServer: Finished looking for orphan Actors (0.000 secs)
[2017.11.20-18.56.27:799][  0]Cmd: MAP CHECKDEP NOCLEARLOG
[2017.11.20-18.56.27:940][  0]MapCheck: Info Map check complete: 0 Error(s), 0 Warning(s), took 140.171ms to complete.
[2017.11.20-18.56.27:940][  0]LogFileHelpers: Loading map 'FirstPersonExampleMap' took 1.510
[2017.11.20-18.56.28:236][  0]LogCollectionManager: Loaded 0 collections in 0.002324 seconds
[2017.11.20-18.56.28:409][  0]LogFileCache: Scanning file cache for directory 'C:/Users/Admin/Documents/Unreal Projects/OpenWorld_16/Saved/Collections/' took 0.01s
[2017.11.20-18.56.28:410][  0]LogFileCache: Scanning file cache for directory 'C:/Users/Admin/Documents/Unreal Projects/OpenWorld_16/Content/Developers/Admin/Collections/' took 0.01s
[2017.11.20-18.56.28:410][  0]LogFileCache: Scanning file cache for directory 'C:/Users/Admin/Documents/Unreal Projects/OpenWorld_16/Content/Collections/' took 0.01s
[2017.11.20-18.56.28:410][  0]LogCollectionManager: Rebuilt the GUID cache for 0 collections in 0.000005 seconds
[2017.11.20-18.56.28:429][  0]LogContentBrowser: Native class hierarchy populated in 0.0169 seconds. Added 2361 classes and 508 folders.
[2017.11.20-18.56.28:578][  0]LogContentBrowser: Native class hierarchy updated for 'WidgetCarousel' in 0.0019 seconds. Added 0 classes and 0 folders.
[2017.11.20-18.56.28:795][  0]LogContentBrowser: Native class hierarchy updated for 'AddContentDialog' in 0.0020 seconds. Added 0 classes and 0 folders.
[2017.11.20-18.56.28:974][  0]LogContentBrowser: Native class hierarchy updated for 'SceneOutliner' in 0.0027 seconds. Added 1 classes and 2 folders.
[2017.11.20-18.56.29:283][  0]LogCrashTracker: Crashtracker disabled due to settings.
[2017.11.20-18.56.29:300][  0]LogSlate: Took 0.002188 seconds to synchronously load lazily loaded font '../../../Engine/Content/Slate/Fonts/Roboto-Regular.ttf' (155K)
[2017.11.20-18.56.29:306][  0]LogSlate: Took 0.002201 seconds to synchronously load lazily loaded font '../../../Engine/Content/Slate/Fonts/Roboto-Bold.ttf' (160K)
[2017.11.20-18.56.29:321][  0]LogSlate: Took 0.002298 seconds to synchronously load lazily loaded font '../../../Engine/Content/Editor/Slate/Fonts/FontAwesome.ttf' (139K)
[2017.11.20-18.56.29:481][  0]LogRenderer: Reallocating scene render targets to support 844x408 NumSamples 1 (Frame:1).
[2017.11.20-18.56.29:583][  0]LogSlate: Took 0.002354 seconds to synchronously load lazily loaded font '../../../Engine/Content/Slate/Fonts/Roboto-Light.ttf' (159K)
[2017.11.20-18.56.29:716][  0]LogUObjectGlobals:Warning: Failed to find object 'Class None.'
[2017.11.20-18.56.29:850][  0]LogContentBrowser: Native class hierarchy updated for 'HierarchicalLODOutliner' in 0.0021 seconds. Added 1 classes and 2 folders.
[2017.11.20-18.56.29:851][  0]LogLoad: (Engine Initialization) Total time: 45.83 seconds
[2017.11.20-18.56.29:851][  0]LogLoad: (Engine Initialization) Total Blueprint compile time: 0.29 seconds
[2017.11.20-18.56.29:851][  0]LogExternalProfiler: Found external profiler: VSPerf
[2017.11.20-18.56.29:851][  0]LogExternalProfiler: Using external profiler: VSPerf
[2017.11.20-18.56.29:890][  0]LogOcInput: OculusInput pre-init called
[2017.11.20-18.56.29:891][  0]LogHMD: Starting GearVRController plugin
[2017.11.20-18.56.29:918][  0]LogContentStreaming: Texture pool size now 600 MB
[2017.11.20-18.56.29:986][  1]LogAssetRegistry: Asset discovery search completed in 29.7069 seconds
[2017.11.20-18.56.29:989][  1]LogCollectionManager: Rebuilt the object cache for 0 collections in 0.000001 seconds (found 0 objects)
[2017.11.20-18.56.29:989][  1]LogCollectionManager: Fixed up redirectors for 0 collections in 0.000226 seconds (updated 0 objects)
[2017.11.20-18.56.32:757][ 83]LogTemp: Repeting last play command: Selected Viewport
[2017.11.20-18.56.32:821][ 83]LogBlueprintUserMessages: Early PlayInEditor Detection: Level '/Game/FirstPersonBP/Maps/FirstPersonExampleMap.FirstPersonExampleMap:PersistentLevel' has LevelScriptBlueprint '/Game/FirstPersonBP/Maps/FirstPersonExampleMap.FirstPersonExampleMap:PersistentLevel.FirstPersonExampleMap' with GeneratedClass '/Game/FirstPersonBP/Maps/FirstPersonExampleMap.FirstPersonExampleMap_C' with ClassGeneratedBy '/Game/FirstPersonBP/Maps/FirstPersonExampleMap.FirstPersonExampleMap:PersistentLevel.FirstPersonExampleMap'
[2017.11.20-18.56.32:822][ 83]LogPlayLevel: PlayLevel: No blueprints needed recompiling
[2017.11.20-18.56.32:823][ 83]PIE: New page: PIE session: FirstPersonExampleMap (Nov 20, 2017, 8:56:32 PM)
[2017.11.20-18.56.32:824][ 83]LogPlayLevel: Creating play world package: /Game/FirstPersonBP/Maps/UEDPIE_0_FirstPersonExampleMap
[2017.11.20-18.56.32:859][ 83]LogPlayLevel: PIE: StaticDuplicateObject took: (0.035311s)
[2017.11.20-18.56.32:861][ 83]LogAIModule: Creating AISystem for world FirstPersonExampleMap
[2017.11.20-18.56.32:861][ 83]LogPlayLevel: PIE: World Init took: (0.001888s)
[2017.11.20-18.56.32:862][ 83]LogPlayLevel: PIE: Created PIE world by copying editor world from /Game/FirstPersonBP/Maps/FirstPersonExampleMap.FirstPersonExampleMap to /Game/FirstPersonBP/Maps/UEDPIE_0_FirstPersonExampleMap.FirstPersonExampleMap (0.038029s)
[2017.11.20-18.56.32:901][ 83]LogInit: XAudio2 using 'Altavoces (Realtek High Definition Audio)' : 2 channels at 48 kHz using 32 bits per sample (channel mask 0x3)
[2017.11.20-18.56.32:911][ 83]LogInit: FAudioDevice initialized.
[2017.11.20-18.56.32:964][ 83]LogLoad: Game class is 'WorldGameMode_BP_C'
[2017.11.20-18.56.32:968][ 83]LogWorld: Bringing World /Game/FirstPersonBP/Maps/UEDPIE_0_FirstPersonExampleMap.FirstPersonExampleMap up for play (max tick rate 30) at 2017.11.20-19.56.32
[2017.11.20-18.56.32:968][ 83]LogWorld: Bringing up level for play took: 0.001867
[2017.11.20-18.56.33:085][ 83]LogContentBrowser: Native class hierarchy updated for 'MovieSceneCapture' in 0.0020 seconds. Added 11 classes and 0 folders.
[2017.11.20-18.56.33:089][ 83]LogBlueprintUserMessages: [WorldGameMode_BP_C_0] Hello
[2017.11.20-18.56.33:205][ 83]LogTemp:Warning: First map load took: 116.375008 ms
[2017.11.20-18.56.33:209][ 83]PIE: Info Play in editor start time for /Game/FirstPersonBP/Maps/UEDPIE_0_FirstPersonExampleMap 0.048
[2017.11.20-18.56.33:210][ 83]LogBlueprintUserMessages: Late PlayInEditor Detection: Level '/Game/FirstPersonBP/Maps/FirstPersonExampleMap.FirstPersonExampleMap:PersistentLevel' has LevelScriptBlueprint '/Game/FirstPersonBP/Maps/FirstPersonExampleMap.FirstPersonExampleMap:PersistentLevel.FirstPersonExampleMap' with GeneratedClass '/Game/FirstPersonBP/Maps/FirstPersonExampleMap.FirstPersonExampleMap_C' with ClassGeneratedBy '/Game/FirstPersonBP/Maps/FirstPersonExampleMap.FirstPersonExampleMap:PersistentLevel.FirstPersonExampleMap'
[2017.11.20-18.56.33:259][ 84]Mat_Loader:Warning: Added transition meterial with index: 2-1-0
[2017.11.20-18.56.40:892][293]LogTemp:Warning: Updating MeshSection 2
[2017.11.20-18.56.40:893][293]LogTemp:Warning: Updating MeshSection 0
[2017.11.20-18.56.40:893][293]LogTemp:Warning: Updating MeshSection 1
[2017.11.20-18.56.40:893][293]LogTemp:Warning: Updating MeshSection 2
[2017.11.20-18.56.40:893][293]LogTemp:Warning: Updating MeshSection 3
[2017.11.20-18.56.40:894][293]LogTemp:Warning: Updating MeshSection 0
[2017.11.20-18.56.40:895][293]LogTemp:Warning: Updating MeshSection 1
[2017.11.20-18.56.40:895][293]LogTemp:Warning: Updating MeshSection 3
[2017.11.20-18.56.40:896][293]LogTemp:Warning: Updating MeshSection 0
[2017.11.20-18.56.40:896][293]LogTemp:Warning: Updating MeshSection 1
[2017.11.20-18.56.40:896][293]LogTemp:Warning: Updating MeshSection 3
[2017.11.20-18.56.40:897][293]LogTemp:Warning: Updating MeshSection 0
[2017.11.20-18.56.40:898][293]LogTemp:Warning: Updating MeshSection 0
[2017.11.20-18.56.40:899][293]LogTemp:Warning: Updating MeshSection 0
[2017.11.20-18.56.40:900][293]LogTemp:Warning: Updating MeshSection 0
[2017.11.20-18.56.40:901][293]LogTemp:Warning: Updating MeshSection 0
[2017.11.20-18.56.40:902][293]LogTemp:Warning: Updating MeshSection 0
[2017.11.20-18.56.40:903][293]LogTemp:Warning: Updating MeshSection 1
[2017.11.20-18.56.40:903][293]LogTemp:Warning: Updating MeshSection 3
[2017.11.20-18.56.40:904][293]LogTemp:Warning: Updating MeshSection 0
[2017.11.20-18.56.40:904][293]LogTemp:Warning: Updating MeshSection 0
[2017.11.20-18.56.40:905][293]LogTemp:Warning: Updating MeshSection 0
[2017.11.20-18.56.40:906][293]LogTemp:Warning: Updating MeshSection 0
[2017.11.20-18.56.40:907][293]LogTemp:Warning: Updating MeshSection 1
[2017.11.20-18.56.40:907][293]LogTemp:Warning: Updating MeshSection 2
[2017.11.20-18.56.40:907][293]LogTemp:Warning: Updating MeshSection 3
[2017.11.20-18.56.40:908][293]LogTemp:Warning: Updating MeshSection 0
[2017.11.20-18.56.40:909][293]LogTemp:Warning: Updating MeshSection 0
[2017.11.20-18.56.40:910][293]LogTemp:Warning: Updating MeshSection 0
[2017.11.20-18.56.40:910][293]LogTemp:Warning: Updating MeshSection 1
[2017.11.20-18.56.40:910][293]LogTemp:Warning: Updating MeshSection 2
[2017.11.20-18.56.40:910][293]LogTemp:Warning: Updating MeshSection 3
[2017.11.20-18.56.40:911][293]LogTemp:Warning: Updating MeshSection 0
[2017.11.20-18.56.40:911][293]LogTemp:Warning: Updating MeshSection 1
[2017.11.20-18.56.40:911][293]LogTemp:Warning: Updating MeshSection 2
[2017.11.20-18.56.40:911][293]LogTemp:Warning: Updating MeshSection 3
[2017.11.20-18.56.40:912][293]LogTemp:Warning: Updating MeshSection 0
[2017.11.20-18.56.40:912][293]LogTemp:Warning: Updating MeshSection 1
[2017.11.20-18.56.40:912][293]LogTemp:Warning: Updating MeshSection 3
[2017.11.20-18.56.40:913][293]LogTemp:Warning: Updating MeshSection 0
[2017.11.20-18.56.40:913][293]LogTemp:Warning: Updating MeshSection 1
[2017.11.20-18.56.40:913][293]LogTemp:Warning: Updating MeshSection 3
[2017.11.20-18.56.40:914][293]LogTemp:Warning: Updating MeshSection 0
[2017.11.20-18.56.40:914][293]LogTemp:Warning: Updating MeshSection 1
[2017.11.20-18.56.40:914][293]LogTemp:Warning: Updating MeshSection 3
[2017.11.20-18.56.40:915][293]LogTemp:Warning: Updating MeshSection 0
[2017.11.20-18.56.40:916][293]LogTemp:Warning: Updating MeshSection 1
[2017.11.20-18.56.40:916][293]LogTemp:Warning: Updating MeshSection 2
[2017.11.20-18.56.40:916][293]LogTemp:Warning: Updating MeshSection 3
[2017.11.20-18.56.40:917][293]LogTemp:Warning: Updating MeshSection 0
[2017.11.20-18.56.40:917][293]LogTemp:Warning: Updating MeshSection 1
[2017.11.20-18.56.40:917][293]LogTemp:Warning: Updating MeshSection 2
[2017.11.20-18.56.40:917][293]LogTemp:Warning: Updating MeshSection 3
[2017.11.20-18.56.40:918][293]LogTemp:Warning: Updating MeshSection 0
[2017.11.20-18.56.40:918][293]LogTemp:Warning: Updating MeshSection 1
[2017.11.20-18.56.40:918][293]LogTemp:Warning: Updating MeshSection 3
[2017.11.20-18.56.40:919][293]LogTemp:Warning: Updating MeshSection 0
[2017.11.20-18.56.40:919][293]LogTemp:Warning: Updating MeshSection 1
[2017.11.20-18.56.40:919][293]LogTemp:Warning: Updating MeshSection 3
[2017.11.20-18.56.40:920][293]LogTemp:Warning: Updating MeshSection 0
[2017.11.20-18.56.40:920][293]LogTemp:Warning: Updating MeshSection 1
[2017.11.20-18.56.40:921][293]LogTemp:Warning: Updating MeshSection 3
[2017.11.20-18.56.40:921][293]LogTemp:Warning: Updating MeshSection 0
[2017.11.20-18.56.40:921][293]LogTemp:Warning: Updating MeshSection 1
[2017.11.20-18.56.40:922][293]LogTemp:Warning: Updating MeshSection 3
[2017.11.20-18.56.40:922][293]LogTemp:Warning: Updating MeshSection 0
[2017.11.20-18.56.40:923][293]LogTemp:Warning: Updating MeshSection 1
[2017.11.20-18.56.40:923][293]LogTemp:Warning: Updating MeshSection 3
[2017.11.20-18.56.41:428][304]LogTemp:Warning: Updating MeshSection 1
[2017.11.20-18.56.41:429][304]LogTemp:Warning: Updating MeshSection 2
[2017.11.20-18.56.41:429][304]LogTemp:Warning: Updating MeshSection 3
[2017.11.20-18.56.41:430][304]LogTemp:Warning: Updating MeshSection 0
[2017.11.20-18.56.41:430][304]LogTemp:Warning: Updating MeshSection 1
[2017.11.20-18.56.41:430][304]LogTemp:Warning: Updating MeshSection 3
[2017.11.20-18.56.41:431][304]LogTemp:Warning: Updating MeshSection 0
[2017.11.20-18.56.41:431][304]LogTemp:Warning: Updating MeshSection 1
[2017.11.20-18.56.41:431][304]LogTemp:Warning: Updating MeshSection 3
[2017.11.20-18.56.41:432][304]LogTemp:Warning: Updating MeshSection 0
[2017.11.20-18.56.41:433][304]LogTemp:Warning: Updating MeshSection 0
[2017.11.20-18.56.41:433][304]LogTemp:Warning: Updating MeshSection 0
[2017.11.20-18.56.41:434][304]LogTemp:Warning: Updating MeshSection 0
[2017.11.20-18.56.41:435][304]LogTemp:Warning: Updating MeshSection 0
[2017.11.20-18.56.41:436][304]LogTemp:Warning: Updating MeshSection 0
[2017.11.20-18.56.41:437][304]LogTemp:Warning: Updating MeshSection 0
[2017.11.20-18.56.41:438][304]LogTemp:Warning: Updating MeshSection 0
[2017.11.20-18.56.41:439][304]LogTemp:Warning: Updating MeshSection 0
[2017.11.20-18.56.41:440][304]LogTemp:Warning: Updating MeshSection 0
[2017.11.20-18.56.41:440][304]LogTemp:Warning: Updating MeshSection 1
[2017.11.20-18.56.41:440][304]LogTemp:Warning: Updating MeshSection 2
[2017.11.20-18.56.41:440][304]LogTemp:Warning: Updating MeshSection 3
[2017.11.20-18.56.41:441][304]LogTemp:Warning: Updating MeshSection 0
[2017.11.20-18.56.41:442][304]LogTemp:Warning: Updating MeshSection 0
[2017.11.20-18.56.41:443][304]LogTemp:Warning: Updating MeshSection 0
[2017.11.20-18.56.41:443][304]LogTemp:Warning: Updating MeshSection 1
[2017.11.20-18.56.41:444][304]LogTemp:Warning: Updating MeshSection 2
[2017.11.20-18.56.41:444][304]LogTemp:Warning: Updating MeshSection 3
[2017.11.20-18.56.41:445][304]LogTemp:Warning: Updating MeshSection 0
[2017.11.20-18.56.41:445][304]LogTemp:Warning: Updating MeshSection 1
[2017.11.20-18.56.41:445][304]LogTemp:Warning: Updating MeshSection 2
[2017.11.20-18.56.41:445][304]LogTemp:Warning: Updating MeshSection 3
[2017.11.20-18.56.41:446][304]LogTemp:Warning: Updating MeshSection 0
[2017.11.20-18.56.41:446][304]LogTemp:Warning: Updating MeshSection 1
[2017.11.20-18.56.41:446][304]LogTemp:Warning: Updating MeshSection 3
[2017.11.20-18.56.41:447][304]LogTemp:Warning: Updating MeshSection 0
[2017.11.20-18.56.41:447][304]LogTemp:Warning: Updating MeshSection 1
[2017.11.20-18.56.41:447][304]LogTemp:Warning: Updating MeshSection 3
[2017.11.20-18.56.41:448][304]LogTemp:Warning: Updating MeshSection 0
[2017.11.20-18.56.41:448][304]LogTemp:Warning: Updating MeshSection 1
[2017.11.20-18.56.41:448][304]LogTemp:Warning: Updating MeshSection 3
[2017.11.20-18.56.41:449][304]LogTemp:Warning: Updating MeshSection 0
[2017.11.20-18.56.41:449][304]LogTemp:Warning: Updating MeshSection 1
[2017.11.20-18.56.41:449][304]LogTemp:Warning: Updating MeshSection 2
[2017.11.20-18.56.41:449][304]LogTemp:Warning: Updating MeshSection 3
[2017.11.20-18.56.41:450][304]LogTemp:Warning: Updating MeshSection 0
[2017.11.20-18.56.41:450][304]LogTemp:Warning: Updating MeshSection 1
[2017.11.20-18.56.41:451][304]LogTemp:Warning: Updating MeshSection 2
[2017.11.20-18.56.41:451][304]LogTemp:Warning: Updating MeshSection 3
[2017.11.20-18.56.41:451][304]LogTemp:Warning: Updating MeshSection 0
[2017.11.20-18.56.41:452][304]LogTemp:Warning: Updating MeshSection 1
[2017.11.20-18.56.41:452][304]LogTemp:Warning: Updating MeshSection 3
[2017.11.20-18.56.41:453][304]LogTemp:Warning: Updating MeshSection 0
[2017.11.20-18.56.41:453][304]LogTemp:Warning: Updating MeshSection 1
[2017.11.20-18.56.41:453][304]LogTemp:Warning: Updating MeshSection 3
[2017.11.20-18.56.41:455][304]LogTemp:Warning: Updating MeshSection 0
[2017.11.20-18.56.41:455][304]LogTemp:Warning: Updating MeshSection 1
[2017.11.20-18.56.41:455][304]LogTemp:Warning: Updating MeshSection 3
[2017.11.20-18.56.41:456][304]LogTemp:Warning: Updating MeshSection 0
[2017.11.20-18.56.41:457][304]LogTemp:Warning: Updating MeshSection 1
[2017.11.20-18.56.41:457][304]LogTemp:Warning: Updating MeshSection 3
[2017.11.20-18.56.41:458][304]LogTemp:Warning: Updating MeshSection 0
[2017.11.20-18.56.41:458][304]LogTemp:Warning: Updating MeshSection 1
[2017.11.20-18.56.41:459][304]LogTemp:Warning: Updating MeshSection 3
[2017.11.20-18.56.41:460][304]LogTemp:Warning: Updating MeshSection 1
[2017.11.20-18.56.41:460][304]LogTemp:Warning: Updating MeshSection 2
[2017.11.20-18.56.41:460][304]LogTemp:Warning: Updating MeshSection 3
[2017.11.20-18.56.41:462][304]LogTemp:Warning: Updating MeshSection 2
[2017.11.20-18.56.41:463][304]LogTemp:Warning: Updating MeshSection 0
[2017.11.20-18.56.41:464][304]LogTemp:Warning: Updating MeshSection 0
[2017.11.20-18.56.41:464][304]LogTemp:Warning: Updating MeshSection 1
[2017.11.20-18.56.41:465][304]LogTemp:Warning: Updating MeshSection 3
[2017.11.20-18.57.08:025][ 97]LogBlueprintUserMessages: [PlayerController_BP_C_0] Remove
[2017.11.20-18.57.08:460][110]LogBlueprintUserMessages: [PlayerController_BP_C_0] Add
[2017.11.20-18.57.09:269][134]LogTemp:Warning: Updating MeshSection 0
[2017.11.20-18.57.09:269][134]LogTemp:Warning: Updating MeshSection 1
[2017.11.20-18.57.09:270][134]LogTemp:Warning: Updating MeshSection 3
[2017.11.20-18.57.09:270][134]LogBlueprintUserMessages: [PlayerController_BP_C_0] true
[2017.11.20-18.57.12:645][235]LogBlueprintUserMessages: [PlayerController_BP_C_0] Wait
[2017.11.20-18.58.23:369][352]LogBlueprintUserMessages: Early EndPlayMap Detection: Level '/Game/FirstPersonBP/Maps/FirstPersonExampleMap.FirstPersonExampleMap:PersistentLevel' has LevelScriptBlueprint '/Game/FirstPersonBP/Maps/FirstPersonExampleMap.FirstPersonExampleMap:PersistentLevel.FirstPersonExampleMap' with GeneratedClass '/Game/FirstPersonBP/Maps/FirstPersonExampleMap.FirstPersonExampleMap_C' with ClassGeneratedBy '/Game/FirstPersonBP/Maps/FirstPersonExampleMap.FirstPersonExampleMap:PersistentLevel.FirstPersonExampleMap'
[2017.11.20-18.58.23:416][352]LogBlueprintUserMessages: Late EndPlayMap Detection: Level '/Game/FirstPersonBP/Maps/FirstPersonExampleMap.FirstPersonExampleMap:PersistentLevel' has LevelScriptBlueprint '/Game/FirstPersonBP/Maps/FirstPersonExampleMap.FirstPersonExampleMap:PersistentLevel.FirstPersonExampleMap' with GeneratedClass '/Game/FirstPersonBP/Maps/FirstPersonExampleMap.FirstPersonExampleMap_C' with ClassGeneratedBy '/Game/FirstPersonBP/Maps/FirstPersonExampleMap.FirstPersonExampleMap:PersistentLevel.FirstPersonExampleMap'
[2017.11.20-18.58.35:380][705]LogWindowsTextInputMethodSystem:Display: IME system now deactivated.
[2017.11.20-18.58.35:598][706]Cmd: QUIT_EDITOR
[2017.11.20-18.58.35:659][706]LogExit: Preparing to exit.
[2017.11.20-18.58.35:861][706]LogDirectoryWatcher: A directory notification for 'C:/Users/Admin/Documents/Unreal Projects/OpenWorld_16/Content/' was aborted.
[2017.11.20-18.58.35:893][706]LogExit: Editor shut down
[2017.11.20-18.58.35:900][706]LogExit: Transaction tracking system shut down
[2017.11.20-18.58.35:997][706]LogObj: Freed 0b from 0 cluster array pools.
[2017.11.20-18.58.35:998][706]LogExit: Object subsystem successfully closed.
[2017.11.20-18.58.36:039][706]LogD3D11RHI: Shutdown
[2017.11.20-18.58.36:039][706]LogD3D11RHI: CleanupD3DDevice
[2017.11.20-18.58.36:129][706]LogD3D11RHI: ~FD3D11DynamicRHI
[2017.11.20-18.58.36:179][706]LogModuleManager: Shutting down and abandoning module MovieSceneCapture (542)
[2017.11.20-18.58.36:179][706]LogModuleManager: Shutting down and abandoning module HierarchicalLODOutliner (540)
[2017.11.20-18.58.36:179][706]LogModuleManager: Shutting down and abandoning module CrashTracker (538)
[2017.11.20-18.58.36:179][706]LogModuleManager: Shutting down and abandoning module SceneOutliner (536)
[2017.11.20-18.58.36:179][706]LogModuleManager: Shutting down and abandoning module AddContentDialog (534)
[2017.11.20-18.58.36:180][706]LogDirectoryWatcher: A directory notification for 'C:/Program Files (x86)/Epic Games/UE_4.16/FeaturePacks/' was aborted.
[2017.11.20-18.58.36:182][706]LogModuleManager: Shutting down and abandoning module WidgetCarousel (533)
[2017.11.20-18.58.36:182][706]LogModuleManager: Shutting down and abandoning module EditorWidgets (530)
[2017.11.20-18.58.36:182][706]LogModuleManager: Shutting down and abandoning module CollectionManager (528)
[2017.11.20-18.58.36:183][706]LogDirectoryWatcher: A directory notification for 'C:/Users/Admin/Documents/Unreal Projects/OpenWorld_16/Content/Collections/' was aborted.
[2017.11.20-18.58.36:183][706]LogDirectoryWatcher: A directory notification for 'C:/Users/Admin/Documents/Unreal Projects/OpenWorld_16/Content/Developers/Admin/Collections/' was aborted.
[2017.11.20-18.58.36:183][706]LogDirectoryWatcher: A directory notification for 'C:/Users/Admin/Documents/Unreal Projects/OpenWorld_16/Saved/Collections/' was aborted.
[2017.11.20-18.58.36:183][706]LogModuleManager: Shutting down and abandoning module StatsViewer (526)
[2017.11.20-18.58.36:183][706]LogModuleManager: Shutting down and abandoning module FoliageEdit (524)
[2017.11.20-18.58.36:183][706]LogModuleManager: Shutting down and abandoning module LandscapeEditor (522)
[2017.11.20-18.58.36:184][706]LogModuleManager: Shutting down and abandoning module MeshPaintMode (520)
[2017.11.20-18.58.36:184][706]LogModuleManager: Shutting down and abandoning module SceneDepthPickerMode (518)
[2017.11.20-18.58.36:184][706]LogModuleManager: Shutting down and abandoning module ActorPickerMode (516)
[2017.11.20-18.58.36:184][706]LogModuleManager: Shutting down and abandoning module GeometryMode (514)
[2017.11.20-18.58.36:184][706]LogModuleManager: Shutting down and abandoning module TextureAlignMode (512)
[2017.11.20-18.58.36:184][706]LogModuleManager: Shutting down and abandoning module BspMode (510)
[2017.11.20-18.58.36:184][706]LogModuleManager: Shutting down and abandoning module HardwareSurvey (508)
[2017.11.20-18.58.36:184][706]LogModuleManager: Shutting down and abandoning module SequenceRecorderSections (506)
[2017.11.20-18.58.36:184][706]LogModuleManager: Shutting down and abandoning module AutomationWorker (504)
[2017.11.20-18.58.36:184][706]LogModuleManager: Shutting down and abandoning module MatineeToLevelSequence (502)
[2017.11.20-18.58.36:185][706]LogModuleManager: Shutting down and abandoning module LevelSequenceEditor (500)
[2017.11.20-18.58.36:185][706]LogModuleManager: Shutting down and abandoning module PlacementMode (499)
[2017.11.20-18.58.36:186][706]LogModuleManager: Shutting down and abandoning module WmfMediaFactory (496)
[2017.11.20-18.58.36:186][706]LogModuleManager: Shutting down and abandoning module WmfMediaEditor (494)
[2017.11.20-18.58.36:186][706]LogModuleManager: Shutting down and abandoning module AvfMediaFactory (492)
[2017.11.20-18.58.36:186][706]LogModuleManager: Shutting down and abandoning module AvfMediaEditor (490)
[2017.11.20-18.58.36:186][706]LogModuleManager: Shutting down and abandoning module AndroidMediaFactory (488)
[2017.11.20-18.58.36:186][706]LogModuleManager: Shutting down and abandoning module Media (487)
[2017.11.20-18.58.36:186][706]LogModuleManager: Shutting down and abandoning module AndroidMediaEditor (484)
[2017.11.20-18.58.36:186][706]LogModuleManager: Shutting down and abandoning module CharacterAI (482)
[2017.11.20-18.58.36:186][706]LogModuleManager: Shutting down and abandoning module AudioCapture (480)
[2017.11.20-18.58.36:186][706]LogModuleManager: Shutting down and abandoning module SequenceRecorder (479)
[2017.11.20-18.58.36:186][706]LogModuleManager: Shutting down and abandoning module SmartSnapping (476)
[2017.11.20-18.58.36:186][706]LogModuleManager: Shutting down and abandoning module SessionServices (474)
[2017.11.20-18.58.36:186][706]LogModuleManager: Shutting down and abandoning module ViewportSnapping (472)
[2017.11.20-18.58.36:187][706]LogModuleManager: Shutting down and abandoning module ViewportInteraction (470)
[2017.11.20-18.58.36:187][706]LogModuleManager: Shutting down and abandoning module ClothPainter (468)
[2017.11.20-18.58.36:188][706]LogModuleManager: Shutting down and abandoning module LogVisualizer (466)
[2017.11.20-18.58.36:188][706]LogModuleManager: Shutting down and abandoning module IntroTutorials (464)
[2017.11.20-18.58.36:189][706]LogModuleManager: Shutting down and abandoning module GameProjectGeneration (463)
[2017.11.20-18.58.36:190][706]LogModuleManager: Shutting down and abandoning module EditorLiveStreaming (460)
[2017.11.20-18.58.36:190][706]LogModuleManager: Shutting down and abandoning module IOSPlatformEditor (458)
[2017.11.20-18.58.36:190][706]LogModuleManager: Shutting down and abandoning module HTML5PlatformEditor (456)
[2017.11.20-18.58.36:191][706]LogModuleManager: Shutting down and abandoning module AndroidPlatformEditor (454)
[2017.11.20-18.58.36:191][706]LogModuleManager: Shutting down and abandoning module AndroidDeviceDetection (453)
[2017.11.20-18.58.36:847][706]LogModuleManager: Shutting down and abandoning module IOSRuntimeSettings (450)
[2017.11.20-18.58.36:847][706]LogModuleManager: Shutting down and abandoning module AndroidRuntimeSettings (448)
[2017.11.20-18.58.36:847][706]LogModuleManager: Shutting down and abandoning module InputBindingEditor (446)
[2017.11.20-18.58.36:847][706]LogModuleManager: Shutting down and abandoning module MergeActors (444)
[2017.11.20-18.58.36:849][706]LogModuleManager: Shutting down and abandoning module SizeMap (442)
[2017.11.20-18.58.36:850][706]LogModuleManager: Shutting down and abandoning module TreeMap (440)
[2017.11.20-18.58.36:850][706]LogModuleManager: Shutting down and abandoning module ReferenceViewer (438)
[2017.11.20-18.58.36:850][706]LogModuleManager: Shutting down and abandoning module LocalizationDashboard (436)
[2017.11.20-18.58.36:851][706]LogModuleManager: Shutting down and abandoning module LocalizationService (435)
[2017.11.20-18.58.36:851][706]LogModuleManager: Shutting down and abandoning module HardwareTargeting (432)
[2017.11.20-18.58.36:851][706]LogModuleManager: Shutting down and abandoning module DeviceProfileEditor (430)
[2017.11.20-18.58.36:852][706]LogModuleManager: Shutting down and abandoning module UndoHistory (428)
[2017.11.20-18.58.36:852][706]LogModuleManager: Shutting down and abandoning module UserFeedback (426)
[2017.11.20-18.58.36:852][706]LogModuleManager: Shutting down and abandoning module XmlParser (424)
[2017.11.20-18.58.36:852][706]LogModuleManager: Shutting down and abandoning module Blutility (422)
[2017.11.20-18.58.36:852][706]LogModuleManager: Shutting down and abandoning module ProjectSettingsViewer (420)
[2017.11.20-18.58.36:852][706]LogModuleManager: Shutting down and abandoning module ProjectTargetPlatformEditor (419)
[2017.11.20-18.58.36:853][706]LogModuleManager: Shutting down and abandoning module EditorSettingsViewer (416)
[2017.11.20-18.58.36:853][706]LogModuleManager: Shutting down and abandoning module SettingsEditor (414)
[2017.11.20-18.58.36:853][706]LogModuleManager: Shutting down and abandoning module ProjectLauncher (412)
[2017.11.20-18.58.36:854][706]LogModuleManager: Shutting down and abandoning module SessionFrontend (410)
[2017.11.20-18.58.36:854][706]LogModuleManager: Shutting down and abandoning module ProfilerClient (408)
[2017.11.20-18.58.36:854][706]LogModuleManager: Shutting down and abandoning module DeviceManager (406)
[2017.11.20-18.58.36:856][706]LogModuleManager: Shutting down and abandoning module TargetDeviceServices (405)
[2017.11.20-18.58.36:906][706]LogModuleManager: Shutting down and abandoning module AutomationController (402)
[2017.11.20-18.58.36:906][706]LogModuleManager: Shutting down and abandoning module AutomationWindow (400)
[2017.11.20-18.58.36:907][706]LogModuleManager: Shutting down and abandoning module Layers (398)
[2017.11.20-18.58.36:909][706]LogModuleManager: Shutting down and abandoning module ComponentVisualizers (396)
[2017.11.20-18.58.36:909][706]LogModuleManager: Shutting down and abandoning module DetailCustomizations (394)
[2017.11.20-18.58.36:909][706]LogModuleManager: Shutting down and abandoning module PackagesDialog (392)
[2017.11.20-18.58.36:910][706]LogModuleManager: Shutting down and abandoning module Persona (390)
[2017.11.20-18.58.36:911][706]LogModuleManager: Shutting down and abandoning module AdvancedPreviewScene (389)
[2017.11.20-18.58.36:911][706]LogModuleManager: Shutting down and abandoning module AnimGraph (387)
[2017.11.20-18.58.36:911][706]LogModuleManager: Shutting down and abandoning module Kismet (384)
[2017.11.20-18.58.36:912][706]LogModuleManager: Shutting down and abandoning module ClassViewer (382)
[2017.11.20-18.58.36:912][706]LogModuleManager: Shutting down and abandoning module Toolbox (380)
[2017.11.20-18.58.36:913][706]LogModuleManager: Shutting down and abandoning module ModuleUI (378)
[2017.11.20-18.58.36:913][706]LogModuleManager: Shutting down and abandoning module MovieSceneTools (376)
[2017.11.20-18.58.36:914][706]LogModuleManager: Shutting down and abandoning module OutputLog (374)
[2017.11.20-18.58.36:914][706]LogModuleManager: Shutting down and abandoning module GammaUI (372)
[2017.11.20-18.58.36:914][706]LogModuleManager: Shutting down and abandoning module Documentation (370)
[2017.11.20-18.58.36:914][706]LogModuleManager: Shutting down and abandoning module MovieSceneTracks (368)
[2017.11.20-18.58.36:914][706]LogModuleManager: Shutting down and abandoning module MovieScene (366)
[2017.11.20-18.58.36:915][706]LogModuleManager: Shutting down and abandoning module Niagara (364)
[2017.11.20-18.58.36:915][706]LogModuleManager: Shutting down and abandoning module NiagaraEditor (363)
[2017.11.20-18.58.36:915][706]LogModuleManager: Shutting down and abandoning module StreamingPauseRendering (360)
[2017.11.20-18.58.36:916][706]LogModuleManager: Shutting down and abandoning module AnalyticsET (358)
[2017.11.20-18.58.36:916][706]LogModuleManager: Shutting down and abandoning module PortalServices (356)
[2017.11.20-18.58.36:916][706]LogModuleManager: Shutting down and abandoning module PortalRpc (354)
[2017.11.20-18.58.36:916][706]LogModuleManager: Shutting down and abandoning module MessagingRpc (352)
[2017.11.20-18.58.36:916][706]LogModuleManager: Shutting down and abandoning module AIModule (350)
[2017.11.20-18.58.36:916][706]LogModuleManager: Shutting down and abandoning module GameplayDebugger (349)
[2017.11.20-18.58.36:917][706]LogModuleManager: Shutting down and abandoning module AITestSuite (347)
[2017.11.20-18.58.36:917][706]LogModuleManager: Shutting down and abandoning module ProfilerService (344)
[2017.11.20-18.58.37:117][706]LogModuleManager: Shutting down and abandoning module TaskGraph (342)
[2017.11.20-18.58.37:118][706]LogModuleManager: Shutting down and abandoning module SubstanceEditor (340)
[2017.11.20-18.58.37:119][706]LogModuleManager: Shutting down and abandoning module UnrealFastNoisePlugin (338)
[2017.11.20-18.58.37:121][706]LogModuleManager: Shutting down and abandoning module SteamVRController (336)
[2017.11.20-18.58.37:122][706]LogModuleManager: Shutting down and abandoning module SteamVR (334)
[2017.11.20-18.58.37:123][706]LogModuleManager: Shutting down and abandoning module ProceduralMeshComponentEditor (332)
[2017.11.20-18.58.37:123][706]LogModuleManager: Shutting down and abandoning module ProceduralMeshComponent (330)
[2017.11.20-18.58.37:123][706]LogModuleManager: Shutting down and abandoning module OculusLibrary (328)
[2017.11.20-18.58.37:123][706]LogModuleManager: Shutting down and abandoning module OculusInput (326)
[2017.11.20-18.58.37:124][706]LogModuleManager: Shutting down and abandoning module MobilePatchingUtils (324)
[2017.11.20-18.58.37:124][706]LogModuleManager: Shutting down and abandoning module CustomMeshComponent (322)
[2017.11.20-18.58.37:124][706]LogModuleManager: Shutting down and abandoning module CableComponent (320)
[2017.11.20-18.58.37:124][706]LogModuleManager: Shutting down and abandoning module ArchVisCharacter (318)
[2017.11.20-18.58.37:124][706]LogModuleManager: Shutting down and abandoning module AndroidPermission (316)
[2017.11.20-18.58.37:124][706]LogModuleManager: Shutting down and abandoning module MediaPlayerEditor (312)
[2017.11.20-18.58.37:125][706]LogModuleManager: Shutting down and abandoning module RuntimeMeshComponentSlicer (310)
[2017.11.20-18.58.37:125][706]LogModuleManager: Shutting down and abandoning module RuntimeMeshComponentEditor (308)
[2017.11.20-18.58.37:125][706]LogModuleManager: Shutting down and abandoning module RuntimeMeshComponent (306)
[2017.11.20-18.58.37:126][706]LogModuleManager: Shutting down and abandoning module HTML5Networking (304)
[2017.11.20-18.58.37:126][706]LogModuleManager: Shutting down and abandoning module CodeView (302)
[2017.11.20-18.58.37:126][706]LogModuleManager: Shutting down and abandoning module AlembicImporter (300)
[2017.11.20-18.58.37:126][706]LogModuleManager: Shutting down and abandoning module AlembicLibrary (299)
[2017.11.20-18.58.37:126][706]LogModuleManager: Shutting down and abandoning module GeometryCache (298)
[2017.11.20-18.58.37:126][706]LogModuleManager: Shutting down and abandoning module GeometryCacheEd (297)
[2017.11.20-18.58.37:126][706]LogModuleManager: Shutting down and abandoning module SuperSearchEditor (292)
[2017.11.20-18.58.37:127][706]LogModuleManager: Shutting down and abandoning module SuperSearch (291)
[2017.11.20-18.58.37:127][706]LogModuleManager: Shutting down and abandoning module SpeedTreeImporter (288)
[2017.11.20-18.58.37:127][706]LogModuleManager: Shutting down and abandoning module PluginBrowser (286)
[2017.11.20-18.58.37:127][706]LogModuleManager: Shutting down and abandoning module MobileLauncherProfileWizard (284)
[2017.11.20-18.58.37:127][706]LogModuleManager: Shutting down and abandoning module VisualStudioSourceCodeAccess (282)
[2017.11.20-18.58.37:127][706]LogModuleManager: Shutting down and abandoning module DesktopPlatform (281)
[2017.11.20-18.58.37:128][706]LogModuleManager: Shutting down and abandoning module UObjectPlugin (278)
[2017.11.20-18.58.37:128][706]LogModuleManager: Shutting down and abandoning module SubversionSourceControl (276)
[2017.11.20-18.58.37:128][706]LogModuleManager: Shutting down and abandoning module PerforceSourceControl (274)
[2017.11.20-18.58.37:128][706]LogModuleManager: Shutting down and abandoning module GitSourceControl (272)
[2017.11.20-18.58.37:128][706]LogModuleManager: Shutting down and abandoning module SourceControl (271)
[2017.11.20-18.58.37:128][706]LogModuleManager: Shutting down and abandoning module LightPropagationVolumeEditor (268)
[2017.11.20-18.58.37:129][706]LogModuleManager: Shutting down and abandoning module PaperTiledImporter (266)
[2017.11.20-18.58.37:129][706]LogModuleManager: Shutting down and abandoning module PaperSpriteSheetImporter (264)
[2017.11.20-18.58.37:129][706]LogModuleManager: Shutting down and abandoning module Paper2DEditor (262)
[2017.11.20-18.58.37:129][706]LogModuleManager: Shutting down and abandoning module MeshPaint (261)
[2017.11.20-18.58.37:129][706]LogModuleManager: Shutting down and abandoning module LevelEditor (259)
[2017.11.20-18.58.37:131][706]LogModuleManager: Shutting down and abandoning module PixelInspectorModule (258)
[2017.11.20-18.58.37:131][706]LogModuleManager: Shutting down and abandoning module MainFrame (256)
[2017.11.20-18.58.37:131][706]LogModuleManager: Shutting down and abandoning module HotReload (255)
[2017.11.20-18.58.37:132][706]LogDirectoryWatcher: A directory notification for 'C:/Users/Admin/Documents/Unreal Projects/OpenWorld_16/Binaries/Win64' was aborted.
[2017.11.20-18.58.37:132][706]LogDirectoryWatcher: A directory notification for 'C:/Users/Admin/Documents/Unreal Projects/OpenWorld_16/Plugins/UnrealFastNoisePlugin/Binaries/Win64' was aborted.
[2017.11.20-18.58.37:133][706]LogModuleManager: Shutting down and abandoning module OpenWorld_16 (250)
[2017.11.20-18.58.37:133][706]LogModuleManager: Shutting down and abandoning module PhysXVehiclesEditor (248)
[2017.11.20-18.58.37:133][706]LogModuleManager: Shutting down and abandoning module PhysXVehicles (246)
[2017.11.20-18.58.37:133][706]LogModuleManager: Shutting down and abandoning module LocationServicesBPLibrary (244)
[2017.11.20-18.58.37:133][706]LogModuleManager: Shutting down and abandoning module ImmediatePhysicsEditor (242)
[2017.11.20-18.58.37:133][706]LogModuleManager: Shutting down and abandoning module ImmediatePhysics (240)
[2017.11.20-18.58.37:133][706]LogModuleManager: Shutting down and abandoning module UdpMessaging (238)
[2017.11.20-18.58.37:233][706]LogModuleManager: Shutting down and abandoning module TcpMessaging (236)
[2017.11.20-18.58.37:333][706]LogModuleManager: Shutting down and abandoning module SubstanceCore (234)
[2017.11.20-18.58.37:333][706]LogModuleManager: Shutting down and abandoning module GameplayTagsEditor (232)
[2017.11.20-18.58.37:333][706]LogModuleManager: Shutting down and abandoning module FacialAnimationEditor (230)
[2017.11.20-18.58.37:333][706]LogModuleManager: Shutting down and abandoning module FacialAnimation (228)
[2017.11.20-18.58.37:333][706]LogModuleManager: Shutting down and abandoning module AssetManagerEditor (226)
[2017.11.20-18.58.37:336][706]LogModuleManager: Shutting down and abandoning module GraphEditor (225)
[2017.11.20-18.58.37:339][706]LogModuleManager: Shutting down and abandoning module ContentBrowser (223)
[2017.11.20-18.58.37:341][706]LogModuleManager: Shutting down and abandoning module LightPropagationVolumeRuntime (220)
[2017.11.20-18.58.37:341][706]LogModuleManager: Shutting down and abandoning module Paper2D (218)
[2017.11.20-18.58.37:342][706]LogModuleManager: Shutting down and abandoning module WindowsMoviePlayer (216)
[2017.11.20-18.58.37:342][706]LogModuleManager: Shutting down and abandoning module WmfMedia (214)
[2017.11.20-18.58.37:345][706]LogModuleManager: Shutting down and abandoning module ClothingSystemEditor (212)
[2017.11.20-18.58.37:345][706]LogModuleManager: Shutting down and abandoning module ClothingSystemRuntime (210)
[2017.11.20-18.58.37:348][706]LogModuleManager: Shutting down and abandoning module MediaAssets (208)
[2017.11.20-18.58.37:348][706]LogModuleManager: Shutting down and abandoning module GameLiveStreaming (206)
[2017.11.20-18.58.37:348][706]LogModuleManager: Shutting down and abandoning module VREditor (204)
[2017.11.20-18.58.37:349][706]LogModuleManager: Shutting down and abandoning module StringTableEditor (202)
[2017.11.20-18.58.37:349][706]LogModuleManager: Shutting down and abandoning module GameplayTasksEditor (200)
[2017.11.20-18.58.37:349][706]LogModuleManager: Shutting down and abandoning module BehaviorTreeEditor (198)
[2017.11.20-18.58.37:350][706]LogModuleManager: Shutting down and abandoning module FunctionalTesting (196)
[2017.11.20-18.58.37:350][706]LogModuleManager: Shutting down and abandoning module CollisionAnalyzer (194)
[2017.11.20-18.58.37:351][706]LogModuleManager: Shutting down and abandoning module UMG (192)
[2017.11.20-18.58.37:351][706]LogModuleManager: Shutting down and abandoning module UMGEditor (191)
[2017.11.20-18.58.37:351][706]LogModuleManager: Shutting down and abandoning module Sequencer (190)
[2017.11.20-18.58.37:352][706]LogModuleManager: Shutting down and abandoning module AssetTools (188)
[2017.11.20-18.58.37:354][706]LogModuleManager: Shutting down and abandoning module MessageLog (187)
[2017.11.20-18.58.37:354][706]LogModuleManager: Shutting down and abandoning module WorkspaceMenuStructure (186)
[2017.11.20-18.58.37:354][706]LogModuleManager: Shutting down and abandoning module SlateReflector (180)
[2017.11.20-18.58.37:355][706]LogModuleManager: Shutting down and abandoning module Slate (178)
[2017.11.20-18.58.37:356][706]LogModuleManager: Shutting down and abandoning module EditorStyle (176)
[2017.11.20-18.58.37:362][706]LogModuleManager: Shutting down and abandoning module SourceCodeAccess (174)
[2017.11.20-18.58.37:362][706]LogModuleManager: Shutting down and abandoning module HeadMountedDisplay (172)
[2017.11.20-18.58.37:362][706]LogModuleManager: Shutting down and abandoning module XAudio2 (170)
[2017.11.20-18.58.37:362][706]LogModuleManager: Shutting down and abandoning module Networking (168)
[2017.11.20-18.58.37:362][706]LogModuleManager: Shutting down and abandoning module Core (164)
[2017.11.20-18.58.37:362][706]LogModuleManager: Shutting down and abandoning module AssetRegistry (162)
[2017.11.20-18.58.37:466][706]LogDirectoryWatcher: A directory notification for '../../../Engine/Content/' was aborted.
[2017.11.20-18.58.37:466][706]LogDirectoryWatcher: A directory notification for '../../../../../../Users/Admin/Documents/Unreal Projects/OpenWorld_16/Content/' was aborted.
[2017.11.20-18.58.37:466][706]LogDirectoryWatcher: A directory notification for '../../../Engine/Plugins/2D/Paper2D/Content/' was aborted.
[2017.11.20-18.58.37:466][706]LogDirectoryWatcher: A directory notification for '../../../Engine/Plugins/Runtime/GearVR/Content/' was aborted.
[2017.11.20-18.58.37:470][706]LogModuleManager: Shutting down and abandoning module DirectoryWatcher (161)
[2017.11.20-18.58.37:472][706]LogModuleManager: Shutting down and abandoning module KismetCompiler (158)
[2017.11.20-18.58.37:472][706]LogModuleManager: Shutting down and abandoning module PhysXFormats (156)
[2017.11.20-18.58.37:472][706]LogModuleManager: Shutting down and abandoning module MeshUtilities (154)
[2017.11.20-18.58.37:472][706]LogModuleManager: Shutting down and abandoning module SimplygonSwarm (153)
[2017.11.20-18.58.37:472][706]LogModuleManager: Shutting down and abandoning module SimplygonMeshReduction (151)
[2017.11.20-18.58.37:472][706]LogModuleManager: Shutting down and abandoning module QuadricMeshReduction (149)
[2017.11.20-18.58.37:472][706]LogModuleManager: Shutting down and abandoning module LevelSequence (146)
[2017.11.20-18.58.37:472][706]LogModuleManager: Shutting down and abandoning module DerivedDataCache (144)
[2017.11.20-18.58.37:553][706]LogDerivedDataCache: Shutdown
[2017.11.20-18.58.37:553][706]LogModuleManager: Shutting down and abandoning module TargetPlatform (142)
[2017.11.20-18.58.37:553][706]LogModuleManager: Shutting down and abandoning module VulkanShaderFormat (141)
[2017.11.20-18.58.37:553][706]LogModuleManager: Shutting down and abandoning module ShaderFormatVectorVM (139)
[2017.11.20-18.58.37:556][706]LogModuleManager: Shutting down and abandoning module ShaderFormatOpenGL (137)
[2017.11.20-18.58.37:557][706]LogModuleManager: Shutting down and abandoning module ShaderFormatD3D (135)
[2017.11.20-18.58.37:558][706]LogModuleManager: Shutting down and abandoning module MetalShaderFormat (133)
[2017.11.20-18.58.37:559][706]LogModuleManager: Shutting down and abandoning module TextureFormatUncompressed (131)
[2017.11.20-18.58.37:559][706]LogModuleManager: Shutting down and abandoning module TextureFormatPVR (129)
[2017.11.20-18.58.37:559][706]LogModuleManager: Shutting down and abandoning module TextureFormatDXT (127)
[2017.11.20-18.58.37:559][706]LogModuleManager: Shutting down and abandoning module TextureFormatIntelISPCTexComp (125)
[2017.11.20-18.58.37:563][706]LogModuleManager: Shutting down and abandoning module TextureFormatASTC (123)
[2017.11.20-18.58.37:563][706]LogModuleManager: Shutting down and abandoning module ImageWrapper (122)
[2017.11.20-18.58.37:564][706]LogModuleManager: Shutting down and abandoning module TextureFormatAndroid (119)
[2017.11.20-18.58.37:564][706]LogModuleManager: Shutting down and abandoning module AudioFormatOpus (117)
[2017.11.20-18.58.37:565][706]LogModuleManager: Shutting down and abandoning module AudioFormatOgg (115)
[2017.11.20-18.58.37:565][706]LogModuleManager: Shutting down and abandoning module AudioFormatADPCM (113)
[2017.11.20-18.58.37:565][706]LogModuleManager: Shutting down and abandoning module LinuxTargetPlatform (111)
[2017.11.20-18.58.37:565][706]LogModuleManager: Shutting down and abandoning module LinuxServerTargetPlatform (109)
[2017.11.20-18.58.37:565][706]LogModuleManager: Shutting down and abandoning module LinuxNoEditorTargetPlatform (107)
[2017.11.20-18.58.37:565][706]LogModuleManager: Shutting down and abandoning module LinuxClientTargetPlatform (105)
[2017.11.20-18.58.37:565][706]LogModuleManager: Shutting down and abandoning module TVOSTargetPlatform (103)
[2017.11.20-18.58.37:566][706]LogModuleManager: Shutting down and abandoning module Messaging (101)
[2017.11.20-18.58.37:566][706]LogModuleManager: Shutting down and abandoning module IOSTargetPlatform (99)
[2017.11.20-18.58.37:566][706]LogModuleManager: Shutting down and abandoning module HTML5TargetPlatform (97)
[2017.11.20-18.58.37:566][706]LogModuleManager: Shutting down and abandoning module Android_PVRTCTargetPlatform (95)
[2017.11.20-18.58.37:566][706]LogModuleManager: Shutting down and abandoning module Android_MultiTargetPlatform (93)
[2017.11.20-18.58.37:566][706]LogModuleManager: Shutting down and abandoning module Android_ETC2TargetPlatform (91)
[2017.11.20-18.58.37:567][706]LogModuleManager: Shutting down and abandoning module Android_ETC1TargetPlatform (89)
[2017.11.20-18.58.37:567][706]LogModuleManager: Shutting down and abandoning module Android_DXTTargetPlatform (87)
[2017.11.20-18.58.37:567][706]LogModuleManager: Shutting down and abandoning module Android_ATCTargetPlatform (85)
[2017.11.20-18.58.37:567][706]LogModuleManager: Shutting down and abandoning module Android_ASTCTargetPlatform (83)
[2017.11.20-18.58.37:567][706]LogModuleManager: Shutting down and abandoning module AndroidTargetPlatform (81)
[2017.11.20-18.58.37:567][706]LogModuleManager: Shutting down and abandoning module WindowsTargetPlatform (79)
[2017.11.20-18.58.37:568][706]LogModuleManager: Shutting down and abandoning module WindowsServerTargetPlatform (77)
[2017.11.20-18.58.37:568][706]LogModuleManager: Shutting down and abandoning module WindowsNoEditorTargetPlatform (75)
[2017.11.20-18.58.37:568][706]LogModuleManager: Shutting down and abandoning module WindowsClientTargetPlatform (73)
[2017.11.20-18.58.37:568][706]LogModuleManager: Shutting down and abandoning module MacTargetPlatform (71)
[2017.11.20-18.58.37:568][706]LogModuleManager: Shutting down and abandoning module MacServerTargetPlatform (69)
[2017.11.20-18.58.37:568][706]LogModuleManager: Shutting down and abandoning module MacNoEditorTargetPlatform (67)
[2017.11.20-18.58.37:569][706]LogModuleManager: Shutting down and abandoning module MacClientTargetPlatform (65)
[2017.11.20-18.58.37:569][706]LogModuleManager: Shutting down and abandoning module AllDesktopTargetPlatform (63)
[2017.11.20-18.58.37:569][706]LogModuleManager: Shutting down and abandoning module InputCore (60)
[2017.11.20-18.58.37:569][706]LogModuleManager: Shutting down and abandoning module Settings (58)
[2017.11.20-18.58.37:569][706]LogModuleManager: Shutting down and abandoning module OculusRift (56)
[2017.11.20-18.58.37:569][706]LogModuleManager: Shutting down and abandoning module GearVRController (54)
[2017.11.20-18.58.37:569][706]LogModuleManager: Shutting down and abandoning module GearVR (52)
[2017.11.20-18.58.37:570][706]LogModuleManager: Shutting down and abandoning module ExampleDeviceProfileSelector (50)
[2017.11.20-18.58.37:570][706]LogModuleManager: Shutting down and abandoning module OnlineBlueprintSupport (48)
[2017.11.20-18.58.37:570][706]LogModuleManager: Shutting down and abandoning module OnlineSubsystem (44)
[2017.11.20-18.58.37:570][706]LogOnline:Display: Unloading online subsystem: NULL
[2017.11.20-18.58.37:570][706]LogModuleManager: Shutting down and abandoning module XMPP (43)
[2017.11.20-18.58.37:571][706]LogModuleManager: Shutting down and abandoning module HTTP (41)
[2017.11.20-18.58.37:571][706]LogHttp:Display: Http module shutting down, but needs to wait on 1 outstanding Http requests:
[2017.11.20-18.58.37:571][706]LogHttp:Display: 	verb=[POST] url=[https://datarouter.ol.epicgames.com/datarouter/api/v1/public/data?SessionID=%7B4619E1BD-4495-5A88-47C5-DA8E2417A495%7D&AppID=UEEditor.Rocket.Release&AppVersion=4.16.3-3561208%2B%2B%2BUE4%2BRelease-4.16&UserID=617e6a62402b4484553a4cb6ea5114d1%7Ca0430c46660d4dc5973c0814ead9f1e2%7Cd0e4fba0-155e-424d-8985-2a3b896a1535&AppEnvironment=datacollector-binary&UploadType=eteventstream] status=Processing
[2017.11.20-18.58.37:578][706]LogModuleManager: Shutting down and abandoning module SSL (40)
[2017.11.20-18.58.37:582][706]LogModuleManager: Shutting down and abandoning module HTTPChunkInstaller (36)
[2017.11.20-18.58.37:582][706]LogModuleManager: Shutting down and abandoning module AnimationModifiers (34)
[2017.11.20-18.58.37:583][706]LogModuleManager: Shutting down and abandoning module PropertyEditor (33)
[2017.11.20-18.58.37:583][706]LogModuleManager: Shutting down and abandoning module AudioEditor (30)
[2017.11.20-18.58.37:583][706]LogModuleManager: Shutting down and abandoning module TextureCompressor (28)
[2017.11.20-18.58.37:585][706]LogModuleManager: Shutting down and abandoning module ShaderCore (26)
[2017.11.20-18.58.37:585][706]LogModuleManager: Shutting down and abandoning module Landscape (24)
[2017.11.20-18.58.37:585][706]LogModuleManager: Shutting down and abandoning module SlateRHIRenderer (22)
[2017.11.20-18.58.37:587][706]LogModuleManager: Shutting down and abandoning module OpenGLDrv (20)
[2017.11.20-18.58.37:588][706]LogModuleManager: Shutting down and abandoning module D3D11RHI (18)
[2017.11.20-18.58.37:588][706]LogModuleManager: Shutting down and abandoning module AnimGraphRuntime (16)
[2017.11.20-18.58.37:588][706]LogModuleManager: Shutting down and abandoning module Renderer (14)
[2017.11.20-18.58.37:588][706]LogModuleManager: Shutting down and abandoning module Engine (12)
[2017.11.20-18.58.37:588][706]LogModuleManager: Shutting down and abandoning module CoreUObject (10)
[2017.11.20-18.58.37:589][706]LogModuleManager: Shutting down and abandoning module NetworkFile (8)
[2017.11.20-18.58.37:589][706]LogModuleManager: Shutting down and abandoning module StreamingFile (6)
[2017.11.20-18.58.37:589][706]LogModuleManager: Shutting down and abandoning module SandboxFile (4)
[2017.11.20-18.58.37:589][706]LogModuleManager: Shutting down and abandoning module PakFile (2)
[2017.11.20-18.58.37:593][706]LogExit: Exiting.
[2017.11.20-18.58.37:622][706]Log file closed, 11/20/17 19:58:37
