Log file open, 11/18/17 20:12:50
LogInit:Display: Running engine for game: OpenWorld_16
LogPlatformFile: Not using cached read wrapper
LogInit:Display: RandInit(1322105871) SRandInit(1322105871).
LogTaskGraph: Started task graph with 5 named threads and 6 total threads with 1 sets of task threads.
LogStats: Stats thread started at 1.324870
LogInit: Using libcurl 7.47.1
LogInit:  - built for x86_64-pc-win32
LogInit:  - supports SSL with OpenSSL/1.0.2g
LogInit:  - supports HTTP deflate (compression) using libz 1.2.8
LogInit:  - other features:
LogInit:      CURL_VERSION_SSL
LogInit:      CURL_VERSION_LIBZ
LogInit:      CURL_VERSION_IPV6
LogInit:      CURL_VERSION_ASYNCHDNS
LogInit:      CURL_VERSION_LARGEFILE
LogInit:      CURL_VERSION_IDN
LogInit:  CurlRequestOptions (configurable via config and command line):
LogInit:  - bVerifyPeer = false  - Libcurl will NOT verify peer certificate
LogInit:  - bUseHttpProxy = false  - Libcurl will NOT use HTTP proxy
LogInit:  - bDontReuseConnections = false  - Libcurl will reuse connections
LogInit:  - CertBundlePath = nullptr  - Libcurl will use whatever was configured at build time.
LogInit: Build: ++UE4+Release-4.16-CL-3561208
LogInit: Engine Version: 4.16.3-3561208+++UE4+Release-4.16
LogInit: Compatible Engine Version: 4.16.0-3452394+++UE4+Release-4.16
LogInit: Net CL: 3452394
LogDevObjectVersion: Number of dev versions registered: 16
LogDevObjectVersion:   Dev-Blueprints (B0D832E4-1F89-4F0D-ACCF-7EB736FD4AA2): 9
LogDevObjectVersion:   Dev-Build (E1C64328-A22C-4D53-A36C-8E866417BD8C): 0
LogDevObjectVersion:   Dev-Core (375EC13C-06E4-48FB-B500-84F0262A717E): 2
LogDevObjectVersion:   Dev-Editor (E4B068ED-F494-42E9-A231-DA0B2E46BB41): 17
LogDevObjectVersion:   Dev-Framework (CFFC743F-43B0-4480-9391-14DF171D2073): 23
LogDevObjectVersion:   Dev-Mobile (B02B49B5-BB20-44E9-A304-32B752E40360): 0
LogDevObjectVersion:   Dev-Networking (A4E4105C-59A1-49B5-A7C5-40C4547EDFEE): 0
LogDevObjectVersion:   Dev-Online (39C831C9-5AE6-47DC-9A44-9C173E1C8E7C): 0
LogDevObjectVersion:   Dev-Physics (78F01B33-EBEA-4F98-B9B4-84EACCB95AA2): 0
LogDevObjectVersion:   Dev-Platform (6631380F-2D4D-43E0-8009-CF276956A95A): 0
LogDevObjectVersion:   Dev-Rendering (12F88B9F-8875-4AFC-A67C-D90C383ABD29): 15
LogDevObjectVersion:   Dev-Sequencer (7B5AE74C-D270-4C10-A958-57980B212A5A): 4
LogDevObjectVersion:   Dev-VR (D7296918-1DD6-4BDD-9DE2-64A83CC13884): 0
LogDevObjectVersion:   Dev-LoadTimes (C2A15278-BFE7-4AFE-6C17-90FF531DF755): 1
LogDevObjectVersion:   Private-Geometry (6EACA3D4-40EC-4CC1-B786-8BED09428FC5): 1
LogDevObjectVersion:   Dev-AnimPhys (29E575DD-E0A3-4627-9D10-D276232CDCEA): 3
LogInit: Compiled (64-bit): Jul 28 2017 11:49:47
LogInit: Compiled with Visual C++: 19.00.24215.01
LogInit: Build Configuration: Development
LogInit: Branch Name: ++UE4+Release-4.16
LogInit: Command line:  -skipcompile
LogInit: Base directory: C:/Program Files (x86)/Epic Games/UE_4.16/Engine/Binaries/Win64/
LogInit: Installed Engine Build: 1
LogInit: Presizing for max 8388607 objects, including 0 objects not considered by GC, pre-allocating 0 bytes for permanent pool.
LogInit: Object subsystem initialized
[2017.11.18-19.12.51:966][  0]LogInit: Selected Device Profile: [Windows]
[2017.11.18-19.12.51:966][  0]LogInit: Applying CVar settings loaded from the selected device profile: [Windows]
[2017.11.18-19.12.51:997][  0]LogInit: Computer: HP-PC
[2017.11.18-19.12.51:997][  0]LogInit: User: Admin
[2017.11.18-19.12.51:997][  0]LogInit: CPU Page size=4096, Cores=2
[2017.11.18-19.12.51:997][  0]LogInit: High frequency timer resolution =3.117597 MHz
[2017.11.18-19.12.51:997][  0]LogMemory: Memory total: Physical=7.9GB (8GB approx)
[2017.11.18-19.12.51:997][  0]LogMemory: Platform Memory Stats for Windows
[2017.11.18-19.12.51:997][  0]LogMemory: Process Physical Memory: 273.86 MB used, 273.86 MB peak
[2017.11.18-19.12.51:997][  0]LogMemory: Process Virtual Memory: 260.73 MB used, 260.73 MB peak
[2017.11.18-19.12.51:997][  0]LogMemory: Physical Memory: 4414.79 MB used,  3640.50 MB free, 8055.29 MB total
[2017.11.18-19.12.51:997][  0]LogMemory: Virtual Memory: 618.77 MB used,  3640.50 MB free, 8388608.00 MB total
[2017.11.18-19.12.52:359][  0]LogInit: Overriding language with editor language configuration option (en).
[2017.11.18-19.12.52:359][  0]LogInit: Overriding locale with editor locale configuration option (en).
[2017.11.18-19.12.54:105][  0]LogD3D11RHI: D3D11 adapters:
[2017.11.18-19.12.54:144][  0]LogD3D11RHI:    0. 'NVIDIA GeForce GT 730' (Feature Level 11_0)
[2017.11.18-19.12.54:145][  0]LogD3D11RHI:       973/0/3072 MB DedicatedVideo/DedicatedSystem/SharedSystem, Outputs:1, VendorId:0x10de
[2017.11.18-19.12.54:145][  0]LogD3D11RHI: Chosen D3D11 Adapter: 0
[2017.11.18-19.12.54:153][  0]LogD3D11RHI: Creating new Direct3DDevice
[2017.11.18-19.12.54:154][  0]LogD3D11RHI:     GPU DeviceId: 0x1287 (for the marketing name, search the web for "GPU Device Id")
[2017.11.18-19.12.54:154][  0]LogWindows: EnumDisplayDevices:
[2017.11.18-19.12.54:154][  0]LogWindows:    0. 'NVIDIA GeForce GT 730' (P:1 D:1)
[2017.11.18-19.12.54:154][  0]LogWindows:    1. 'NVIDIA GeForce GT 730' (P:0 D:0)
[2017.11.18-19.12.54:155][  0]LogWindows:    2. 'NVIDIA GeForce GT 730' (P:0 D:0)
[2017.11.18-19.12.54:155][  0]LogWindows:    3. 'RDPDD Chained DD' (P:0 D:0)
[2017.11.18-19.12.54:155][  0]LogWindows:    4. 'RDP Encoder Mirror Driver' (P:0 D:0)
[2017.11.18-19.12.54:155][  0]LogWindows:    5. 'RDP Reflector Display Driver' (P:0 D:0)
[2017.11.18-19.12.54:155][  0]LogWindows: DebugString: GetVideoDriverDetailsInvalid PrimaryIsNotTheChoosenAdapter GetVideoDriverDetailsInvalid PrimaryIsNotTheChoosenAdapter GetVideoDriverDetailsInvalid PrimaryIsNotTheChoosenAdapter FoundDriverCount:3 
[2017.11.18-19.12.54:155][  0]LogD3D11RHI:     Adapter Name: NVIDIA GeForce GT 730
[2017.11.18-19.12.54:156][  0]LogD3D11RHI:   Driver Version: 385.69 (internal:22.21.13.8569, unified:385.69)
[2017.11.18-19.12.54:156][  0]LogD3D11RHI:      Driver Date: 9-16-2017
[2017.11.18-19.12.54:156][  0]LogRHI: Texture pool is 681 MB (70% of 973 MB)
[2017.11.18-19.12.54:181][  0]LogD3D11RHI: Async texture creation enabled
[2017.11.18-19.12.54:221][  0]LogD3D11RHI: GPU Timing Frequency: 1000.000000 (Debug: 2 1)
[2017.11.18-19.12.54:228][  0]LogD3D11RHI: HDR output is supported on display 0 (NvId: 0x80061083).
[2017.11.18-19.12.54:230][  0]LogShaderCompilers: Guid format shader working directory is -22 characters bigger than the processId version (../../../../../../Users/Admin/Documents/Unreal Projects/OpenWorld_16/Intermediate/Shaders/WorkingDirectory/3608/).
[2017.11.18-19.12.54:230][  0]LogShaderCompilers: Cleaned the shader compiler working directory 'C:/Users/Admin/AppData/Local/Temp/UnrealShaderWorkingDir/BC53067A4C24AF17FD10D6BEC0639FF2/'.
[2017.11.18-19.12.54:231][  0]LogShaderCompilers:Display: Using Local Shader Compiler.
[2017.11.18-19.12.56:439][  0]LogTemp:Display: Loaded TP AllDesktopTargetPlatform
[2017.11.18-19.12.56:560][  0]LogTemp:Display: Loaded TP MacClientTargetPlatform
[2017.11.18-19.12.56:683][  0]LogTemp:Display: Loaded TP MacNoEditorTargetPlatform
[2017.11.18-19.12.56:800][  0]LogTemp:Display: Loaded TP MacServerTargetPlatform
[2017.11.18-19.12.56:915][  0]LogTemp:Display: Loaded TP MacTargetPlatform
[2017.11.18-19.12.57:039][  0]LogTemp:Display: Loaded TP WindowsClientTargetPlatform
[2017.11.18-19.12.57:170][  0]LogTemp:Display: Loaded TP WindowsNoEditorTargetPlatform
[2017.11.18-19.12.57:300][  0]LogTemp:Display: Loaded TP WindowsServerTargetPlatform
[2017.11.18-19.12.57:426][  0]LogTemp:Display: Loaded TP WindowsTargetPlatform
[2017.11.18-19.12.57:559][  0]LogTemp:Display: Loaded TP AndroidTargetPlatform
[2017.11.18-19.12.57:699][  0]LogTemp:Display: Loaded TP Android_ASTCTargetPlatform
[2017.11.18-19.12.57:845][  0]LogTemp:Display: Loaded TP Android_ATCTargetPlatform
[2017.11.18-19.12.57:992][  0]LogTemp:Display: Loaded TP Android_DXTTargetPlatform
[2017.11.18-19.12.58:116][  0]LogTemp:Display: Loaded TP Android_ETC1TargetPlatform
[2017.11.18-19.12.58:275][  0]LogTemp:Display: Loaded TP Android_ETC2TargetPlatform
[2017.11.18-19.12.58:638][  0]LogTemp:Display: Loaded TP Android_MultiTargetPlatform
[2017.11.18-19.12.58:638][  0]LogTemp:Display: Loaded TP Android_PVRTCTargetPlatform
[2017.11.18-19.12.58:755][  0]LogTemp:Display: Loaded TP HTML5TargetPlatform
[2017.11.18-19.12.59:015][  0]LogTemp:Display: Loaded TP IOSTargetPlatform
[2017.11.18-19.12.59:107][  0]LogTemp:Display: Loaded TP TVOSTargetPlatform
[2017.11.18-19.12.59:286][  0]LogTemp:Display: Loaded TP LinuxClientTargetPlatform
[2017.11.18-19.12.59:442][  0]LogTemp:Display: Loaded TP LinuxNoEditorTargetPlatform
[2017.11.18-19.12.59:581][  0]LogTemp:Display: Loaded TP LinuxServerTargetPlatform
[2017.11.18-19.12.59:720][  0]LogTemp:Display: Loaded TP LinuxTargetPlatform
[2017.11.18-19.12.59:720][  0]LogTargetPlatformManager:Display: Building Assets For Windows
[2017.11.18-19.13.00:868][  0]LogDerivedDataCache:Display: Max Cache Size: 512 MB
[2017.11.18-19.13.01:399][  0]LogDerivedDataCache: Loaded boot cache 0.53s 90MB C:/Users/Admin/AppData/Local/UnrealEngine/4.16/DerivedDataCache/Boot.ddc.
[2017.11.18-19.13.01:399][  0]LogDerivedDataCache:Display: Loaded Boot cache: C:/Users/Admin/AppData/Local/UnrealEngine/4.16/DerivedDataCache/Boot.ddc
[2017.11.18-19.13.01:400][  0]LogDerivedDataCache: FDerivedDataBackendGraph:  Pak pak cache file ../../../../../../Users/Admin/Documents/Unreal Projects/OpenWorld_16/DerivedDataCache/DDC.ddp not found, will not use a pak cache.
[2017.11.18-19.13.01:400][  0]LogDerivedDataCache: Unable to find inner node Pak for hierarchical cache Hierarchy.
[2017.11.18-19.13.01:400][  0]LogDerivedDataCache: FDerivedDataBackendGraph:  CompressedPak pak cache file ../../../../../../Users/Admin/Documents/Unreal Projects/OpenWorld_16/DerivedDataCache/Compressed.ddp not found, will not use a pak cache.
[2017.11.18-19.13.01:400][  0]LogDerivedDataCache: Unable to find inner node CompressedPak for hierarchical cache Hierarchy.
[2017.11.18-19.13.01:439][  0]LogDerivedDataCache:Display: Pak cache opened for reading ../../../Engine/DerivedDataCache/Compressed.ddp.
[2017.11.18-19.13.01:454][  0]LogDerivedDataCache: Using Local data cache path C:/Users/Admin/AppData/Local/UnrealEngine/Common/DerivedDataCache: Writable
[2017.11.18-19.13.01:476][  0]LogMaterial: Verifying Global Shaders for PCD3D_SM5
[2017.11.18-19.13.01:484][  0]LogSlate: Using Freetype 2.6.0
[2017.11.18-19.13.01:493][  0]LogSlate: SlateFontCache - WITH_FREETYPE: 1, WITH_HARFBUZZ: 1
[2017.11.18-19.13.01:493][  0]LogSlate: SlateFontCache - WITH_FREETYPE: 1, WITH_HARFBUZZ: 1
[2017.11.18-19.13.03:113][  0]LogInit: Selected Device Profile: [Windows]
[2017.11.18-19.13.03:129][  0]LogContentStreaming: Texture pool size is 0.00 MB
[2017.11.18-19.13.03:636][  0]LogMeshUtilities: Using QuadricMeshReduction for automatic static mesh reduction
[2017.11.18-19.13.03:743][  0]LogSimplygon: Simplygon DLL not present - disabling.
[2017.11.18-19.13.03:832][  0]LogMeshUtilities: Using SimplygonSwarm for distributed automatic mesh merging
[2017.11.18-19.13.03:833][  0]LogMeshUtilities: No automatic skeletal mesh reduction module available
[2017.11.18-19.13.03:833][  0]LogMeshUtilities: No automatic mesh merging module available
[2017.11.18-19.13.05:179][  0]LogNetVersion: OpenWorld_16 , NetCL: 3452394, EngineNetVer: 2, GameNetVer: 0 (Checksum: 878940126)
[2017.11.18-19.13.05:322][  0]LogAssetRegistry: FAssetRegistry took 0.0364 seconds to start up
[2017.11.18-19.13.05:390][  0]LogPackageLocalizationCache: Processed 4 localized package path(s) for 1 prioritized culture(s) in 0.030422 seconds
[2017.11.18-19.13.05:400][  0]LogUObjectArray: 34194 objects as part of root set at end of initial load.
[2017.11.18-19.13.05:400][  0]LogUObjectAllocator: 7260424 out of 0 bytes used by permanent object pool.
[2017.11.18-19.13.05:400][  0]LogUObjectArray: CloseDisregardForGC: 0/0 objects in disregard for GC pool
[2017.11.18-19.13.05:523][  0]LogInit: WinSock: version 1.1 (2.2), MaxSocks=32767, MaxUdp=65467
[2017.11.18-19.13.11:704][  0]LogSubstanceCoreModule: Substance [CPU] Engine Loaded, Max Texture Size = 2048
[2017.11.18-19.13.11:769][  0]LogTcpMessaging: Initializing TcpMessaging bridge
[2017.11.18-19.13.11:829][  0]LogUdpMessaging: Initializing bridge on interface 0.0.0.0:0 to multicast group 230.0.0.1:6666.
[2017.11.18-19.13.13:101][  0]LogMaterial: Uniform references updated for custom material expression Custom.
[2017.11.18-19.13.14:025][  0]SourceControl: Info Source control is disabled
[2017.11.18-19.13.14:151][  0]SourceControl: Info Source control is disabled
[2017.11.18-19.13.14:256][  0]SourceControl: Info Source control is disabled
[2017.11.18-19.13.14:365][  0]SourceControl: Info Source control is disabled
[2017.11.18-19.13.16:154][  0]LogAndroidPermission: UAndroidPermissionCallbackProxy::GetInstance
[2017.11.18-19.13.17:622][  0]LogEngine: Initializing Engine...
[2017.11.18-19.13.17:625][  0]LogHMD: Failed to initialize OpenVR with code 110
[2017.11.18-19.13.18:059][  0]LogStats: UGameplayTagsManager::ConstructGameplayTagTree: Construct from data asset -  0.000 s
[2017.11.18-19.13.18:059][  0]LogStats: UGameplayTagsManager::ConstructGameplayTagTree: GameplayTagTreeChangedEvent.Broadcast -  0.000 s
[2017.11.18-19.13.18:371][  0]LogAIModule: Creating AISystem for world Untitled
[2017.11.18-19.13.18:405][  0]LogInit: XAudio2 using 'Altavoces (Realtek High Definition Audio)' : 2 channels at 48 kHz using 32 bits per sample (channel mask 0x3)
[2017.11.18-19.13.18:422][  0]LogInit: FAudioDevice initialized.
[2017.11.18-19.13.18:485][  0]LogDerivedDataCache: Saved boot cache 0.06s 90MB C:/Users/Admin/AppData/Local/UnrealEngine/4.16/DerivedDataCache/Boot.ddc.
[2017.11.18-19.13.18:512][  0]LogInit: Texture streaming: Enabled
[2017.11.18-19.13.18:727][  0]LogEngineSessionManager: EngineSessionManager initialized
[2017.11.18-19.13.19:248][  0]LogInit: Transaction tracking system initialized
[2017.11.18-19.13.19:947][  0]BlueprintLog: New page: Editor Load
[2017.11.18-19.13.22:105][  0]LocalizationService: Info Localization service is disabled
[2017.11.18-19.13.25:296][  0]LogConsoleResponse:Display: 
[2017.11.18-19.13.25:681][  0]LogCook:Display: Max memory allowance for cook 16384mb min free memory 0mb
[2017.11.18-19.13.25:681][  0]LogCook:Display: Mobile HDR setting 1
[2017.11.18-19.13.25:739][  0]LogFileCache: Scanning file cache for directory 'C:/Users/Admin/Documents/Unreal Projects/OpenWorld_16/Content/' took 0.02s
[2017.11.18-19.13.28:108][  0]SourceControl: Info Source control is disabled
[2017.11.18-19.13.28:110][  0]Cmd: MAP LOAD FILE="../../../../../../Users/Admin/Documents/Unreal Projects/OpenWorld_16/Content/FirstPersonBP/Maps/FirstPersonExampleMap.umap" TEMPLATE=0 SHOWPROGRESS=1 FEATURELEVEL=3
[2017.11.18-19.13.28:113][  0]LightingResults: New page: Lighting Build
[2017.11.18-19.13.28:204][  0]MapCheck: New page: Map Check
[2017.11.18-19.13.28:204][  0]LightingResults: New page: Lighting Build
[2017.11.18-19.13.29:523][  0]LogAIModule: Creating AISystem for world FirstPersonExampleMap
[2017.11.18-19.13.29:549][  0]LogEditorServer: Finished looking for orphan Actors (0.000 secs)
[2017.11.18-19.13.29:596][  0]Cmd: MAP CHECKDEP NOCLEARLOG
[2017.11.18-19.13.29:733][  0]MapCheck: Info Map check complete: 0 Error(s), 0 Warning(s), took 137.438ms to complete.
[2017.11.18-19.13.29:734][  0]LogFileHelpers: Loading map 'FirstPersonExampleMap' took 1.696
[2017.11.18-19.13.30:037][  0]LogCollectionManager: Loaded 0 collections in 0.002592 seconds
[2017.11.18-19.13.30:197][  0]LogFileCache: Scanning file cache for directory 'C:/Users/Admin/Documents/Unreal Projects/OpenWorld_16/Saved/Collections/' took 0.01s
[2017.11.18-19.13.30:197][  0]LogFileCache: Scanning file cache for directory 'C:/Users/Admin/Documents/Unreal Projects/OpenWorld_16/Content/Developers/Admin/Collections/' took 0.01s
[2017.11.18-19.13.30:197][  0]LogFileCache: Scanning file cache for directory 'C:/Users/Admin/Documents/Unreal Projects/OpenWorld_16/Content/Collections/' took 0.01s
[2017.11.18-19.13.30:197][  0]LogCollectionManager: Rebuilt the GUID cache for 0 collections in 0.000002 seconds
[2017.11.18-19.13.30:227][  0]LogContentBrowser: Native class hierarchy populated in 0.0270 seconds. Added 2361 classes and 508 folders.
[2017.11.18-19.13.30:388][  0]LogContentBrowser: Native class hierarchy updated for 'WidgetCarousel' in 0.0029 seconds. Added 0 classes and 0 folders.
[2017.11.18-19.13.30:616][  0]LogContentBrowser: Native class hierarchy updated for 'AddContentDialog' in 0.0019 seconds. Added 0 classes and 0 folders.
[2017.11.18-19.13.30:720][  0]LogContentBrowser: Native class hierarchy updated for 'SceneOutliner' in 0.0030 seconds. Added 1 classes and 2 folders.
[2017.11.18-19.13.31:014][  0]LogCrashTracker: Crashtracker disabled due to settings.
[2017.11.18-19.13.31:088][  0]LogSlate: Took 0.034114 seconds to synchronously load lazily loaded font '../../../Engine/Content/Slate/Fonts/Roboto-Regular.ttf' (155K)
[2017.11.18-19.13.31:094][  0]LogSlate: Took 0.002098 seconds to synchronously load lazily loaded font '../../../Engine/Content/Slate/Fonts/Roboto-Bold.ttf' (160K)
[2017.11.18-19.13.31:106][  0]LogSlate: Took 0.002244 seconds to synchronously load lazily loaded font '../../../Engine/Content/Editor/Slate/Fonts/FontAwesome.ttf' (139K)
[2017.11.18-19.13.31:320][  0]LogRenderer: Reallocating scene render targets to support 844x408 NumSamples 1 (Frame:1).
[2017.11.18-19.13.31:434][  0]LogSlate: Took 0.002096 seconds to synchronously load lazily loaded font '../../../Engine/Content/Slate/Fonts/Roboto-Light.ttf' (159K)
[2017.11.18-19.13.31:515][  0]LogUObjectGlobals:Warning: Failed to find object 'Class None.'
[2017.11.18-19.13.31:651][  0]LogContentBrowser: Native class hierarchy updated for 'HierarchicalLODOutliner' in 0.0030 seconds. Added 1 classes and 2 folders.
[2017.11.18-19.13.31:652][  0]LogLoad: (Engine Initialization) Total time: 44.61 seconds
[2017.11.18-19.13.31:652][  0]LogLoad: (Engine Initialization) Total Blueprint compile time: 0.37 seconds
[2017.11.18-19.13.31:653][  0]LogExternalProfiler: Found external profiler: VSPerf
[2017.11.18-19.13.31:653][  0]LogExternalProfiler: Using external profiler: VSPerf
[2017.11.18-19.13.31:993][  0]LogOcInput: OculusInput pre-init called
[2017.11.18-19.13.31:993][  0]LogHMD: Starting GearVRController plugin
[2017.11.18-19.13.32:021][  0]LogContentStreaming: Texture pool size now 600 MB
[2017.11.18-19.13.32:350][  1]LogAssetRegistry: Asset discovery search completed in 27.1686 seconds
[2017.11.18-19.13.32:354][  1]LogCollectionManager: Rebuilt the object cache for 0 collections in 0.000001 seconds (found 0 objects)
[2017.11.18-19.13.32:354][  1]LogCollectionManager: Fixed up redirectors for 0 collections in 0.000250 seconds (updated 0 objects)
[2017.11.18-19.13.35:894][ 18]LogSlate: Took 0.000230 seconds to synchronously load lazily loaded font '../../../Engine/Content/Slate/Fonts/Roboto-Light.ttf' (159K)
[2017.11.18-19.13.36:421][ 18]LogSlate: Took 0.000274 seconds to synchronously load lazily loaded font '../../../Engine/Content/Slate/Fonts/Roboto-Regular.ttf' (155K)
[2017.11.18-19.13.36:623][ 18]LogContentBrowser: Native class hierarchy updated for 'BlueprintGraph' in 0.0027 seconds. Added 112 classes and 0 folders.
[2017.11.18-19.13.37:845][ 18]LogSlate: Took 0.002133 seconds to synchronously load lazily loaded font '../../../Engine/Content/Editor/Slate/Fonts/Roboto-BoldCondensed.ttf' (158K)
[2017.11.18-19.13.38:514][ 35]LogSlate: Took 0.004800 seconds to synchronously load lazily loaded font '../../../Engine/Content/Editor/Slate/Fonts/Roboto-Italic.ttf' (157K)
[2017.11.18-19.14.30:523][546]Cmd: OBJ SAVEPACKAGE PACKAGE="/Game/GameBP/PlayerController_BP" FILE="../../../../../../Users/Admin/Documents/Unreal Projects/OpenWorld_16/Content/GameBP/PlayerController_BP.uasset" SILENT=true
[2017.11.18-19.14.30:748][546]LogSavePackage: Save=147.50ms
[2017.11.18-19.14.30:748][546]LogSavePackage: Moving '../../../../../../Users/Admin/Documents/Unreal Projects/OpenWorld_16/Saved/PlayerController_BP2C8C9E4A4D10ABC3F08A7EB149EF4E75.tmp' to '../../../../../../Users/Admin/Documents/Unreal Projects/OpenWorld_16/Content/GameBP/PlayerController_BP.uasset'
[2017.11.18-19.14.30:753][546]LogSavePackage:Display: Finished SavePackage ../../../../../../Users/Admin/Documents/Unreal Projects/OpenWorld_16/Content/GameBP/PlayerController_BP.uasset
[2017.11.18-19.14.30:916][551]BlueprintLog: New page: Compile PlayerController_BP
[2017.11.18-19.14.39:131][774]BlueprintLog: New page: Compile WorldGameMode_BP
[2017.11.18-19.14.39:913][787]Cmd: OBJ SAVEPACKAGE PACKAGE="/Game/GameBP/WorldGameMode_BP" FILE="../../../../../../Users/Admin/Documents/Unreal Projects/OpenWorld_16/Content/GameBP/WorldGameMode_BP.uasset" SILENT=true
[2017.11.18-19.14.39:984][787]LogSavePackage: Save=39.86ms
[2017.11.18-19.14.39:984][787]LogSavePackage: Moving '../../../../../../Users/Admin/Documents/Unreal Projects/OpenWorld_16/Saved/WorldGameMode_BP981D46FD48D82017CC86809065860D7B.tmp' to '../../../../../../Users/Admin/Documents/Unreal Projects/OpenWorld_16/Content/GameBP/WorldGameMode_BP.uasset'
[2017.11.18-19.14.39:989][787]LogSavePackage:Display: Finished SavePackage ../../../../../../Users/Admin/Documents/Unreal Projects/OpenWorld_16/Content/GameBP/WorldGameMode_BP.uasset
[2017.11.18-19.14.41:172][823]LogTemp: Repeting last play command: Selected Viewport
[2017.11.18-19.14.41:244][823]LogBlueprintUserMessages: Early PlayInEditor Detection: Level '/Game/FirstPersonBP/Maps/FirstPersonExampleMap.FirstPersonExampleMap:PersistentLevel' has LevelScriptBlueprint '/Game/FirstPersonBP/Maps/FirstPersonExampleMap.FirstPersonExampleMap:PersistentLevel.FirstPersonExampleMap' with GeneratedClass '/Game/FirstPersonBP/Maps/FirstPersonExampleMap.FirstPersonExampleMap_C' with ClassGeneratedBy '/Game/FirstPersonBP/Maps/FirstPersonExampleMap.FirstPersonExampleMap:PersistentLevel.FirstPersonExampleMap'
[2017.11.18-19.14.41:245][823]LogPlayLevel: PlayLevel: No blueprints needed recompiling
[2017.11.18-19.14.41:247][823]PIE: New page: PIE session: FirstPersonExampleMap (Nov 18, 2017, 9:14:41 PM)
[2017.11.18-19.14.41:248][823]LogPlayLevel: Creating play world package: /Game/FirstPersonBP/Maps/UEDPIE_0_FirstPersonExampleMap
[2017.11.18-19.14.41:290][823]LogPlayLevel: PIE: StaticDuplicateObject took: (0.041410s)
[2017.11.18-19.14.41:291][823]LogAIModule: Creating AISystem for world FirstPersonExampleMap
[2017.11.18-19.14.41:291][823]LogPlayLevel: PIE: World Init took: (0.001099s)
[2017.11.18-19.14.41:291][823]LogPlayLevel: PIE: Created PIE world by copying editor world from /Game/FirstPersonBP/Maps/FirstPersonExampleMap.FirstPersonExampleMap to /Game/FirstPersonBP/Maps/UEDPIE_0_FirstPersonExampleMap.FirstPersonExampleMap (0.043400s)
[2017.11.18-19.14.41:344][823]LogInit: XAudio2 using 'Altavoces (Realtek High Definition Audio)' : 2 channels at 48 kHz using 32 bits per sample (channel mask 0x3)
[2017.11.18-19.14.41:355][823]LogInit: FAudioDevice initialized.
[2017.11.18-19.14.41:409][823]LogLoad: Game class is 'WorldGameMode_BP_C'
[2017.11.18-19.14.41:414][823]LogWorld: Bringing World /Game/FirstPersonBP/Maps/UEDPIE_0_FirstPersonExampleMap.FirstPersonExampleMap up for play (max tick rate 30) at 2017.11.18-20.14.41
[2017.11.18-19.14.41:414][823]LogWorld: Bringing up level for play took: 0.001617
[2017.11.18-19.14.41:499][823]LogContentBrowser: Native class hierarchy updated for 'MovieSceneCapture' in 0.0025 seconds. Added 11 classes and 0 folders.
[2017.11.18-19.14.41:503][823]LogBlueprintUserMessages: [WorldGameMode_BP_C_0] Hello
[2017.11.18-19.14.41:609][823]LogTemp:Warning: First map load took: 106.936208 ms
[2017.11.18-19.14.41:610][823]PIE: Info Play in editor start time for /Game/FirstPersonBP/Maps/UEDPIE_0_FirstPersonExampleMap 0.555
[2017.11.18-19.14.41:611][823]LogBlueprintUserMessages: Late PlayInEditor Detection: Level '/Game/FirstPersonBP/Maps/FirstPersonExampleMap.FirstPersonExampleMap:PersistentLevel' has LevelScriptBlueprint '/Game/FirstPersonBP/Maps/FirstPersonExampleMap.FirstPersonExampleMap:PersistentLevel.FirstPersonExampleMap' with GeneratedClass '/Game/FirstPersonBP/Maps/FirstPersonExampleMap.FirstPersonExampleMap_C' with ClassGeneratedBy '/Game/FirstPersonBP/Maps/FirstPersonExampleMap.FirstPersonExampleMap:PersistentLevel.FirstPersonExampleMap'
[2017.11.18-19.14.41:651][824]Mat_Loader:Warning: Added transition meterial with index: 2-1-0
[2017.11.18-19.14.44:836][900]LogBlueprintUserMessages: [PlayerController_BP_C_0] Remove
[2017.11.18-19.14.45:446][918]LogBlueprintUserMessages: [PlayerController_BP_C_0] Add
[2017.11.18-19.14.51:275][ 92]LogTemp:Warning: Updating MeshSection 0
[2017.11.18-19.14.51:277][ 92]LogBlueprintUserMessages: [PlayerController_BP_C_0] true
[2017.11.18-19.14.52:507][129]LogTemp:Warning: Updating MeshSection 0
[2017.11.18-19.14.52:508][129]LogTemp:Warning: Updating MeshSection 1
[2017.11.18-19.14.52:508][129]LogTemp:Warning: Updating MeshSection 3
[2017.11.18-19.14.52:508][129]LogBlueprintUserMessages: [PlayerController_BP_C_0] true
[2017.11.18-19.14.53:375][155]LogTemp:Warning: Updating MeshSection 0
[2017.11.18-19.14.53:376][155]LogTemp:Warning: Updating MeshSection 1
[2017.11.18-19.14.53:377][155]LogTemp:Warning: Updating MeshSection 3
[2017.11.18-19.14.53:377][155]LogBlueprintUserMessages: [PlayerController_BP_C_0] true
[2017.11.18-19.14.55:219][210]LogTemp:Warning: Updating MeshSection 0
[2017.11.18-19.14.55:219][210]LogTemp:Warning: Updating MeshSection 1
[2017.11.18-19.14.55:219][210]LogTemp:Warning: Updating MeshSection 3
[2017.11.18-19.14.55:220][210]LogBlueprintUserMessages: [PlayerController_BP_C_0] true
[2017.11.18-19.14.55:987][233]LogTemp:Warning: Updating MeshSection 0
[2017.11.18-19.14.55:987][233]LogTemp:Warning: Updating MeshSection 1
[2017.11.18-19.14.55:988][233]LogTemp:Warning: Updating MeshSection 3
[2017.11.18-19.14.55:988][233]LogBlueprintUserMessages: [PlayerController_BP_C_0] true
[2017.11.18-19.14.56:703][254]LogTemp:Warning: Updating MeshSection 0
[2017.11.18-19.14.56:704][254]LogTemp:Warning: Updating MeshSection 1
[2017.11.18-19.14.56:704][254]LogTemp:Warning: Updating MeshSection 3
[2017.11.18-19.14.56:704][254]LogBlueprintUserMessages: [PlayerController_BP_C_0] true
[2017.11.18-19.14.57:312][272]LogTemp:Warning: Updating MeshSection 0
[2017.11.18-19.14.57:312][272]LogTemp:Warning: Updating MeshSection 1
[2017.11.18-19.14.57:312][272]LogTemp:Warning: Updating MeshSection 2
[2017.11.18-19.14.57:313][272]LogTemp:Warning: Updating MeshSection 3
[2017.11.18-19.14.57:314][272]LogTemp:Warning: Updating MeshSection 0
[2017.11.18-19.14.57:314][272]LogTemp:Warning: Updating MeshSection 1
[2017.11.18-19.14.57:314][272]LogTemp:Warning: Updating MeshSection 2
[2017.11.18-19.14.57:314][272]LogTemp:Warning: Updating MeshSection 3
[2017.11.18-19.14.57:316][272]LogTemp:Warning: Updating MeshSection 0
[2017.11.18-19.14.57:316][272]LogTemp:Warning: Updating MeshSection 1
[2017.11.18-19.14.57:316][272]LogTemp:Warning: Updating MeshSection 3
[2017.11.18-19.14.57:317][272]LogTemp:Warning: Updating MeshSection 0
[2017.11.18-19.14.57:318][272]LogTemp:Warning: Updating MeshSection 1
[2017.11.18-19.14.57:318][272]LogTemp:Warning: Updating MeshSection 3
[2017.11.18-19.14.57:319][272]LogTemp:Warning: Updating MeshSection 0
[2017.11.18-19.14.57:320][272]LogTemp:Warning: Updating MeshSection 0
[2017.11.18-19.14.57:321][272]LogTemp:Warning: Updating MeshSection 0
[2017.11.18-19.14.57:322][272]LogTemp:Warning: Updating MeshSection 0
[2017.11.18-19.14.57:323][272]LogTemp:Warning: Updating MeshSection 0
[2017.11.18-19.14.57:325][272]LogTemp:Warning: Updating MeshSection 0
[2017.11.18-19.14.57:326][272]LogTemp:Warning: Updating MeshSection 1
[2017.11.18-19.14.57:327][272]LogTemp:Warning: Updating MeshSection 3
[2017.11.18-19.14.57:328][272]LogTemp:Warning: Updating MeshSection 0
[2017.11.18-19.14.57:329][272]LogTemp:Warning: Updating MeshSection 0
[2017.11.18-19.14.57:330][272]LogTemp:Warning: Updating MeshSection 0
[2017.11.18-19.14.57:332][272]LogTemp:Warning: Updating MeshSection 2
[2017.11.18-19.14.57:332][272]LogTemp:Warning: Updating MeshSection 3
[2017.11.18-19.14.57:333][272]LogTemp:Warning: Updating MeshSection 0
[2017.11.18-19.14.57:334][272]LogTemp:Warning: Updating MeshSection 0
[2017.11.18-19.14.57:336][272]LogTemp:Warning: Updating MeshSection 0
[2017.11.18-19.14.57:336][272]LogTemp:Warning: Updating MeshSection 1
[2017.11.18-19.14.57:337][272]LogTemp:Warning: Updating MeshSection 2
[2017.11.18-19.14.57:337][272]LogTemp:Warning: Updating MeshSection 3
[2017.11.18-19.14.57:338][272]LogTemp:Warning: Updating MeshSection 2
[2017.11.18-19.14.57:339][272]LogTemp:Warning: Updating MeshSection 0
[2017.11.18-19.14.57:339][272]LogTemp:Warning: Updating MeshSection 1
[2017.11.18-19.14.57:340][272]LogTemp:Warning: Updating MeshSection 3
[2017.11.18-19.14.57:341][272]LogTemp:Warning: Updating MeshSection 0
[2017.11.18-19.14.57:341][272]LogTemp:Warning: Updating MeshSection 1
[2017.11.18-19.14.57:341][272]LogTemp:Warning: Updating MeshSection 3
[2017.11.18-19.14.57:342][272]LogTemp:Warning: Updating MeshSection 0
[2017.11.18-19.14.57:343][272]LogTemp:Warning: Updating MeshSection 1
[2017.11.18-19.14.57:343][272]LogTemp:Warning: Updating MeshSection 3
[2017.11.18-19.14.57:344][272]LogTemp:Warning: Updating MeshSection 0
[2017.11.18-19.14.57:344][272]LogTemp:Warning: Updating MeshSection 1
[2017.11.18-19.14.57:345][272]LogTemp:Warning: Updating MeshSection 2
[2017.11.18-19.14.57:345][272]LogTemp:Warning: Updating MeshSection 3
[2017.11.18-19.14.57:346][272]LogTemp:Warning: Updating MeshSection 0
[2017.11.18-19.14.57:346][272]LogTemp:Warning: Updating MeshSection 1
[2017.11.18-19.14.57:346][272]LogTemp:Warning: Updating MeshSection 2
[2017.11.18-19.14.57:347][272]LogTemp:Warning: Updating MeshSection 3
[2017.11.18-19.14.57:348][272]LogTemp:Warning: Updating MeshSection 0
[2017.11.18-19.14.57:348][272]LogTemp:Warning: Updating MeshSection 1
[2017.11.18-19.14.57:348][272]LogTemp:Warning: Updating MeshSection 3
[2017.11.18-19.14.57:349][272]LogTemp:Warning: Updating MeshSection 0
[2017.11.18-19.14.57:349][272]LogTemp:Warning: Updating MeshSection 1
[2017.11.18-19.14.57:350][272]LogTemp:Warning: Updating MeshSection 3
[2017.11.18-19.14.57:351][272]LogTemp:Warning: Updating MeshSection 0
[2017.11.18-19.14.57:351][272]LogTemp:Warning: Updating MeshSection 1
[2017.11.18-19.14.57:351][272]LogTemp:Warning: Updating MeshSection 3
[2017.11.18-19.14.57:352][272]LogTemp:Warning: Updating MeshSection 0
[2017.11.18-19.14.57:352][272]LogTemp:Warning: Updating MeshSection 1
[2017.11.18-19.14.57:353][272]LogTemp:Warning: Updating MeshSection 3
[2017.11.18-19.14.57:354][272]LogTemp:Warning: Updating MeshSection 0
[2017.11.18-19.14.57:354][272]LogTemp:Warning: Updating MeshSection 1
[2017.11.18-19.14.57:354][272]LogTemp:Warning: Updating MeshSection 3
[2017.11.18-19.15.00:766][371]LogBlueprintUserMessages: Early EndPlayMap Detection: Level '/Game/FirstPersonBP/Maps/FirstPersonExampleMap.FirstPersonExampleMap:PersistentLevel' has LevelScriptBlueprint '/Game/FirstPersonBP/Maps/FirstPersonExampleMap.FirstPersonExampleMap:PersistentLevel.FirstPersonExampleMap' with GeneratedClass '/Game/FirstPersonBP/Maps/FirstPersonExampleMap.FirstPersonExampleMap_C' with ClassGeneratedBy '/Game/FirstPersonBP/Maps/FirstPersonExampleMap.FirstPersonExampleMap:PersistentLevel.FirstPersonExampleMap'
[2017.11.18-19.15.00:818][371]LogBlueprintUserMessages: Late EndPlayMap Detection: Level '/Game/FirstPersonBP/Maps/FirstPersonExampleMap.FirstPersonExampleMap:PersistentLevel' has LevelScriptBlueprint '/Game/FirstPersonBP/Maps/FirstPersonExampleMap.FirstPersonExampleMap:PersistentLevel.FirstPersonExampleMap' with GeneratedClass '/Game/FirstPersonBP/Maps/FirstPersonExampleMap.FirstPersonExampleMap_C' with ClassGeneratedBy '/Game/FirstPersonBP/Maps/FirstPersonExampleMap.FirstPersonExampleMap:PersistentLevel.FirstPersonExampleMap'
[2017.11.18-19.15.23:082][ 28]Cmd: OBJ SAVEPACKAGE PACKAGE="/Game/GameBP/PlayerController_BP" FILE="../../../../../../Users/Admin/Documents/Unreal Projects/OpenWorld_16/Content/GameBP/PlayerController_BP.uasset" SILENT=true
[2017.11.18-19.15.23:269][ 28]LogSavePackage: Save=142.88ms
[2017.11.18-19.15.23:270][ 28]LogSavePackage: Moving '../../../../../../Users/Admin/Documents/Unreal Projects/OpenWorld_16/Saved/PlayerController_BPEC8ECCEB4568498F1D6D7EBA013D4D3D.tmp' to '../../../../../../Users/Admin/Documents/Unreal Projects/OpenWorld_16/Content/GameBP/PlayerController_BP.uasset'
[2017.11.18-19.15.23:274][ 28]LogSavePackage:Display: Finished SavePackage ../../../../../../Users/Admin/Documents/Unreal Projects/OpenWorld_16/Content/GameBP/PlayerController_BP.uasset
[2017.11.18-19.15.23:710][ 41]BlueprintLog: New page: Compile PlayerController_BP
[2017.11.18-19.15.32:939][310]Cmd: OBJ SAVEPACKAGE PACKAGE="/Game/GameBP/PlayerController_BP" FILE="../../../../../../Users/Admin/Documents/Unreal Projects/OpenWorld_16/Content/GameBP/PlayerController_BP.uasset" SILENT=true
[2017.11.18-19.15.33:123][310]LogSavePackage: Save=137.84ms
[2017.11.18-19.15.33:124][310]LogSavePackage: Moving '../../../../../../Users/Admin/Documents/Unreal Projects/OpenWorld_16/Saved/PlayerController_BP6A39771847E141003980449A476EF0FB.tmp' to '../../../../../../Users/Admin/Documents/Unreal Projects/OpenWorld_16/Content/GameBP/PlayerController_BP.uasset'
[2017.11.18-19.15.33:127][310]LogSavePackage:Display: Finished SavePackage ../../../../../../Users/Admin/Documents/Unreal Projects/OpenWorld_16/Content/GameBP/PlayerController_BP.uasset
[2017.11.18-19.15.34:338][346]LogTemp: Repeting last play command: Selected Viewport
[2017.11.18-19.15.34:370][346]LogBlueprintUserMessages: Early PlayInEditor Detection: Level '/Game/FirstPersonBP/Maps/FirstPersonExampleMap.FirstPersonExampleMap:PersistentLevel' has LevelScriptBlueprint '/Game/FirstPersonBP/Maps/FirstPersonExampleMap.FirstPersonExampleMap:PersistentLevel.FirstPersonExampleMap' with GeneratedClass '/Game/FirstPersonBP/Maps/FirstPersonExampleMap.FirstPersonExampleMap_C' with ClassGeneratedBy '/Game/FirstPersonBP/Maps/FirstPersonExampleMap.FirstPersonExampleMap:PersistentLevel.FirstPersonExampleMap'
[2017.11.18-19.15.34:371][346]LogPlayLevel: PlayLevel: No blueprints needed recompiling
[2017.11.18-19.15.34:372][346]PIE: New page: PIE session: FirstPersonExampleMap (Nov 18, 2017, 9:15:34 PM)
[2017.11.18-19.15.34:372][346]LogPlayLevel: Creating play world package: /Game/FirstPersonBP/Maps/UEDPIE_0_FirstPersonExampleMap
[2017.11.18-19.15.34:396][346]LogPlayLevel: PIE: StaticDuplicateObject took: (0.024350s)
[2017.11.18-19.15.34:398][346]LogAIModule: Creating AISystem for world FirstPersonExampleMap
[2017.11.18-19.15.34:398][346]LogPlayLevel: PIE: World Init took: (0.001435s)
[2017.11.18-19.15.34:399][346]LogPlayLevel: PIE: Created PIE world by copying editor world from /Game/FirstPersonBP/Maps/FirstPersonExampleMap.FirstPersonExampleMap to /Game/FirstPersonBP/Maps/UEDPIE_0_FirstPersonExampleMap.FirstPersonExampleMap (0.026765s)
[2017.11.18-19.15.34:455][346]LogInit: XAudio2 using 'Altavoces (Realtek High Definition Audio)' : 2 channels at 48 kHz using 32 bits per sample (channel mask 0x3)
[2017.11.18-19.15.34:467][346]LogInit: FAudioDevice initialized.
[2017.11.18-19.15.34:510][346]LogLoad: Game class is 'WorldGameMode_BP_C'
[2017.11.18-19.15.34:512][346]LogWorld: Bringing World /Game/FirstPersonBP/Maps/UEDPIE_0_FirstPersonExampleMap.FirstPersonExampleMap up for play (max tick rate 30) at 2017.11.18-20.15.34
[2017.11.18-19.15.34:513][346]LogWorld: Bringing up level for play took: 0.001653
[2017.11.18-19.15.34:516][346]LogBlueprintUserMessages: [WorldGameMode_BP_C_0] Hello
[2017.11.18-19.15.34:621][346]LogTemp:Warning: First map load took: 105.619809 ms
[2017.11.18-19.15.34:622][346]PIE: Info Play in editor start time for /Game/FirstPersonBP/Maps/UEDPIE_0_FirstPersonExampleMap -0.386
[2017.11.18-19.15.34:622][346]LogBlueprintUserMessages: Late PlayInEditor Detection: Level '/Game/FirstPersonBP/Maps/FirstPersonExampleMap.FirstPersonExampleMap:PersistentLevel' has LevelScriptBlueprint '/Game/FirstPersonBP/Maps/FirstPersonExampleMap.FirstPersonExampleMap:PersistentLevel.FirstPersonExampleMap' with GeneratedClass '/Game/FirstPersonBP/Maps/FirstPersonExampleMap.FirstPersonExampleMap_C' with ClassGeneratedBy '/Game/FirstPersonBP/Maps/FirstPersonExampleMap.FirstPersonExampleMap:PersistentLevel.FirstPersonExampleMap'
[2017.11.18-19.15.34:655][347]Mat_Loader:Warning: Added transition meterial with index: 2-1-0
[2017.11.18-19.15.37:957][425]LogBlueprintUserMessages: [PlayerController_BP_C_0] Remove
[2017.11.18-19.15.41:841][541]LogBlueprintUserMessages: [PlayerController_BP_C_0] Add
[2017.11.18-19.15.42:696][566]LogTemp:Warning: Updating MeshSection 0
[2017.11.18-19.15.42:697][566]LogTemp:Warning: Updating MeshSection 1
[2017.11.18-19.15.42:697][566]LogTemp:Warning: Updating MeshSection 2
[2017.11.18-19.15.42:698][566]LogTemp:Warning: Updating MeshSection 3
[2017.11.18-19.15.42:700][566]LogTemp:Warning: Updating MeshSection 0
[2017.11.18-19.15.42:700][566]LogTemp:Warning: Updating MeshSection 1
[2017.11.18-19.15.42:701][566]LogTemp:Warning: Updating MeshSection 2
[2017.11.18-19.15.42:701][566]LogTemp:Warning: Updating MeshSection 3
[2017.11.18-19.15.42:702][566]LogTemp:Warning: Updating MeshSection 0
[2017.11.18-19.15.42:703][566]LogTemp:Warning: Updating MeshSection 1
[2017.11.18-19.15.42:703][566]LogTemp:Warning: Updating MeshSection 3
[2017.11.18-19.15.42:704][566]LogTemp:Warning: Updating MeshSection 0
[2017.11.18-19.15.42:704][566]LogTemp:Warning: Updating MeshSection 1
[2017.11.18-19.15.42:705][566]LogTemp:Warning: Updating MeshSection 3
[2017.11.18-19.15.42:706][566]LogTemp:Warning: Updating MeshSection 0
[2017.11.18-19.15.42:707][566]LogTemp:Warning: Updating MeshSection 0
[2017.11.18-19.15.42:708][566]LogTemp:Warning: Updating MeshSection 0
[2017.11.18-19.15.42:711][566]LogTemp:Warning: Updating MeshSection 0
[2017.11.18-19.15.42:713][566]LogTemp:Warning: Updating MeshSection 0
[2017.11.18-19.15.42:715][566]LogTemp:Warning: Updating MeshSection 0
[2017.11.18-19.15.42:717][566]LogTemp:Warning: Updating MeshSection 1
[2017.11.18-19.15.42:717][566]LogTemp:Warning: Updating MeshSection 3
[2017.11.18-19.15.42:718][566]LogTemp:Warning: Updating MeshSection 0
[2017.11.18-19.15.42:719][566]LogTemp:Warning: Updating MeshSection 0
[2017.11.18-19.15.42:720][566]LogTemp:Warning: Updating MeshSection 0
[2017.11.18-19.15.42:721][566]LogTemp:Warning: Updating MeshSection 2
[2017.11.18-19.15.42:722][566]LogTemp:Warning: Updating MeshSection 3
[2017.11.18-19.15.42:723][566]LogTemp:Warning: Updating MeshSection 0
[2017.11.18-19.15.42:724][566]LogTemp:Warning: Updating MeshSection 0
[2017.11.18-19.15.42:726][566]LogTemp:Warning: Updating MeshSection 0
[2017.11.18-19.15.42:726][566]LogTemp:Warning: Updating MeshSection 1
[2017.11.18-19.15.42:726][566]LogTemp:Warning: Updating MeshSection 2
[2017.11.18-19.15.42:726][566]LogTemp:Warning: Updating MeshSection 3
[2017.11.18-19.15.42:727][566]LogTemp:Warning: Updating MeshSection 2
[2017.11.18-19.15.42:729][566]LogTemp:Warning: Updating MeshSection 0
[2017.11.18-19.15.42:729][566]LogTemp:Warning: Updating MeshSection 1
[2017.11.18-19.15.42:729][566]LogTemp:Warning: Updating MeshSection 3
[2017.11.18-19.15.42:730][566]LogTemp:Warning: Updating MeshSection 0
[2017.11.18-19.15.42:730][566]LogTemp:Warning: Updating MeshSection 1
[2017.11.18-19.15.42:731][566]LogTemp:Warning: Updating MeshSection 3
[2017.11.18-19.15.42:732][566]LogTemp:Warning: Updating MeshSection 0
[2017.11.18-19.15.42:732][566]LogTemp:Warning: Updating MeshSection 1
[2017.11.18-19.15.42:733][566]LogTemp:Warning: Updating MeshSection 3
[2017.11.18-19.15.42:734][566]LogTemp:Warning: Updating MeshSection 0
[2017.11.18-19.15.42:734][566]LogTemp:Warning: Updating MeshSection 1
[2017.11.18-19.15.42:734][566]LogTemp:Warning: Updating MeshSection 2
[2017.11.18-19.15.42:735][566]LogTemp:Warning: Updating MeshSection 3
[2017.11.18-19.15.42:736][566]LogTemp:Warning: Updating MeshSection 0
[2017.11.18-19.15.42:736][566]LogTemp:Warning: Updating MeshSection 1
[2017.11.18-19.15.42:736][566]LogTemp:Warning: Updating MeshSection 2
[2017.11.18-19.15.42:736][566]LogTemp:Warning: Updating MeshSection 3
[2017.11.18-19.15.42:737][566]LogTemp:Warning: Updating MeshSection 0
[2017.11.18-19.15.42:737][566]LogTemp:Warning: Updating MeshSection 1
[2017.11.18-19.15.42:738][566]LogTemp:Warning: Updating MeshSection 3
[2017.11.18-19.15.42:739][566]LogTemp:Warning: Updating MeshSection 0
[2017.11.18-19.15.42:739][566]LogTemp:Warning: Updating MeshSection 1
[2017.11.18-19.15.42:739][566]LogTemp:Warning: Updating MeshSection 3
[2017.11.18-19.15.42:741][566]LogTemp:Warning: Updating MeshSection 0
[2017.11.18-19.15.42:741][566]LogTemp:Warning: Updating MeshSection 1
[2017.11.18-19.15.42:741][566]LogTemp:Warning: Updating MeshSection 3
[2017.11.18-19.15.42:742][566]LogTemp:Warning: Updating MeshSection 0
[2017.11.18-19.15.42:742][566]LogTemp:Warning: Updating MeshSection 1
[2017.11.18-19.15.42:742][566]LogTemp:Warning: Updating MeshSection 3
[2017.11.18-19.15.42:744][566]LogTemp:Warning: Updating MeshSection 0
[2017.11.18-19.15.42:744][566]LogTemp:Warning: Updating MeshSection 1
[2017.11.18-19.15.42:744][566]LogTemp:Warning: Updating MeshSection 3
[2017.11.18-19.15.46:667][681]LogTemp:Warning: Updating MeshSection 0
[2017.11.18-19.15.46:668][681]LogTemp:Warning: Updating MeshSection 1
[2017.11.18-19.15.46:668][681]LogTemp:Warning: Updating MeshSection 3
[2017.11.18-19.15.46:669][681]LogBlueprintUserMessages: [PlayerController_BP_C_0] true
[2017.11.18-19.15.47:533][707]LogTemp:Warning: Updating MeshSection 0
[2017.11.18-19.15.47:533][707]LogTemp:Warning: Updating MeshSection 1
[2017.11.18-19.15.47:533][707]LogTemp:Warning: Updating MeshSection 3
[2017.11.18-19.15.47:533][707]LogBlueprintUserMessages: [PlayerController_BP_C_0] true
[2017.11.18-19.15.48:633][740]LogTemp:Warning: Updating MeshSection 0
[2017.11.18-19.15.48:634][740]LogTemp:Warning: Updating MeshSection 1
[2017.11.18-19.15.48:634][740]LogTemp:Warning: Updating MeshSection 3
[2017.11.18-19.15.48:634][740]LogBlueprintUserMessages: [PlayerController_BP_C_0] true
[2017.11.18-19.15.51:767][834]LogTemp:Warning: Updating MeshSection 0
[2017.11.18-19.15.51:768][834]LogTemp:Warning: Updating MeshSection 1
[2017.11.18-19.15.51:768][834]LogTemp:Warning: Updating MeshSection 3
[2017.11.18-19.15.51:769][834]LogBlueprintUserMessages: [PlayerController_BP_C_0] true
[2017.11.18-19.15.53:976][900]LogTemp:Warning: Updating MeshSection 2
[2017.11.18-19.15.53:977][900]LogTemp:Warning: Updating MeshSection 1
[2017.11.18-19.15.53:977][900]LogTemp:Warning: Updating MeshSection 2
[2017.11.18-19.15.53:978][900]LogTemp:Warning: Updating MeshSection 3
[2017.11.18-19.15.53:979][900]LogTemp:Warning: Updating MeshSection 0
[2017.11.18-19.15.53:979][900]LogTemp:Warning: Updating MeshSection 1
[2017.11.18-19.15.53:980][900]LogTemp:Warning: Updating MeshSection 3
[2017.11.18-19.15.53:981][900]LogTemp:Warning: Updating MeshSection 0
[2017.11.18-19.15.53:982][900]LogTemp:Warning: Updating MeshSection 1
[2017.11.18-19.15.53:982][900]LogTemp:Warning: Updating MeshSection 3
[2017.11.18-19.15.53:983][900]LogTemp:Warning: Updating MeshSection 0
[2017.11.18-19.15.53:984][900]LogTemp:Warning: Updating MeshSection 0
[2017.11.18-19.15.53:986][900]LogTemp:Warning: Updating MeshSection 0
[2017.11.18-19.15.53:987][900]LogTemp:Warning: Updating MeshSection 0
[2017.11.18-19.15.53:988][900]LogTemp:Warning: Updating MeshSection 0
[2017.11.18-19.15.53:989][900]LogTemp:Warning: Updating MeshSection 0
[2017.11.18-19.15.53:990][900]LogTemp:Warning: Updating MeshSection 0
[2017.11.18-19.15.53:992][900]LogTemp:Warning: Updating MeshSection 0
[2017.11.18-19.15.53:993][900]LogTemp:Warning: Updating MeshSection 0
[2017.11.18-19.15.53:994][900]LogTemp:Warning: Updating MeshSection 0
[2017.11.18-19.15.53:995][900]LogTemp:Warning: Updating MeshSection 0
[2017.11.18-19.15.53:996][900]LogTemp:Warning: Updating MeshSection 0
[2017.11.18-19.15.53:997][900]LogTemp:Warning: Updating MeshSection 1
[2017.11.18-19.15.53:997][900]LogTemp:Warning: Updating MeshSection 2
[2017.11.18-19.15.53:998][900]LogTemp:Warning: Updating MeshSection 3
[2017.11.18-19.15.53:999][900]LogTemp:Warning: Updating MeshSection 0
[2017.11.18-19.15.53:999][900]LogTemp:Warning: Updating MeshSection 1
[2017.11.18-19.15.53:999][900]LogTemp:Warning: Updating MeshSection 3
[2017.11.18-19.15.54:001][900]LogTemp:Warning: Updating MeshSection 0
[2017.11.18-19.15.54:001][900]LogTemp:Warning: Updating MeshSection 1
[2017.11.18-19.15.54:002][900]LogTemp:Warning: Updating MeshSection 3
[2017.11.18-19.15.54:003][900]LogTemp:Warning: Updating MeshSection 0
[2017.11.18-19.15.54:003][900]LogTemp:Warning: Updating MeshSection 1
[2017.11.18-19.15.54:003][900]LogTemp:Warning: Updating MeshSection 3
[2017.11.18-19.15.54:005][900]LogTemp:Warning: Updating MeshSection 0
[2017.11.18-19.15.54:005][900]LogTemp:Warning: Updating MeshSection 1
[2017.11.18-19.15.54:005][900]LogTemp:Warning: Updating MeshSection 2
[2017.11.18-19.15.54:005][900]LogTemp:Warning: Updating MeshSection 3
[2017.11.18-19.15.54:007][900]LogTemp:Warning: Updating MeshSection 0
[2017.11.18-19.15.54:007][900]LogTemp:Warning: Updating MeshSection 1
[2017.11.18-19.15.54:007][900]LogTemp:Warning: Updating MeshSection 2
[2017.11.18-19.15.54:008][900]LogTemp:Warning: Updating MeshSection 3
[2017.11.18-19.15.54:009][900]LogTemp:Warning: Updating MeshSection 0
[2017.11.18-19.15.54:009][900]LogTemp:Warning: Updating MeshSection 1
[2017.11.18-19.15.54:009][900]LogTemp:Warning: Updating MeshSection 3
[2017.11.18-19.15.54:011][900]LogTemp:Warning: Updating MeshSection 0
[2017.11.18-19.15.54:011][900]LogTemp:Warning: Updating MeshSection 1
[2017.11.18-19.15.54:011][900]LogTemp:Warning: Updating MeshSection 3
[2017.11.18-19.15.54:012][900]LogTemp:Warning: Updating MeshSection 0
[2017.11.18-19.15.54:013][900]LogTemp:Warning: Updating MeshSection 1
[2017.11.18-19.15.54:013][900]LogTemp:Warning: Updating MeshSection 3
[2017.11.18-19.15.54:014][900]LogTemp:Warning: Updating MeshSection 0
[2017.11.18-19.15.54:014][900]LogTemp:Warning: Updating MeshSection 1
[2017.11.18-19.15.54:015][900]LogTemp:Warning: Updating MeshSection 3
[2017.11.18-19.15.54:016][900]LogTemp:Warning: Updating MeshSection 0
[2017.11.18-19.15.54:016][900]LogTemp:Warning: Updating MeshSection 1
[2017.11.18-19.15.54:016][900]LogTemp:Warning: Updating MeshSection 3
[2017.11.18-19.15.54:017][900]LogTemp:Warning: Updating MeshSection 0
[2017.11.18-19.15.54:018][900]LogTemp:Warning: Updating MeshSection 1
[2017.11.18-19.15.54:019][900]LogTemp:Warning: Updating MeshSection 3
[2017.11.18-19.15.54:020][900]LogTemp:Warning: Updating MeshSection 0
[2017.11.18-19.15.54:020][900]LogTemp:Warning: Updating MeshSection 1
[2017.11.18-19.15.54:020][900]LogTemp:Warning: Updating MeshSection 2
[2017.11.18-19.15.54:021][900]LogTemp:Warning: Updating MeshSection 3
[2017.11.18-19.15.54:022][900]LogTemp:Warning: Updating MeshSection 0
[2017.11.18-19.15.54:022][900]LogTemp:Warning: Updating MeshSection 1
[2017.11.18-19.15.54:022][900]LogTemp:Warning: Updating MeshSection 2
[2017.11.18-19.15.54:023][900]LogTemp:Warning: Updating MeshSection 3
[2017.11.18-19.15.54:024][900]LogTemp:Warning: Updating MeshSection 0
[2017.11.18-19.15.54:024][900]LogTemp:Warning: Updating MeshSection 1
[2017.11.18-19.15.54:024][900]LogTemp:Warning: Updating MeshSection 2
[2017.11.18-19.15.54:024][900]LogTemp:Warning: Updating MeshSection 3
[2017.11.18-19.15.56:557][974]LogBlueprintUserMessages: [PlayerController_BP_C_0] true
[2017.11.18-19.15.57:253][995]LogBlueprintUserMessages: [PlayerController_BP_C_0] true
[2017.11.18-19.15.58:188][ 23]LogTemp:Warning: Updating MeshSection 0
[2017.11.18-19.15.58:189][ 23]LogTemp:Warning: Updating MeshSection 1
[2017.11.18-19.15.58:189][ 23]LogTemp:Warning: Updating MeshSection 3
[2017.11.18-19.15.58:189][ 23]LogBlueprintUserMessages: [PlayerController_BP_C_0] true
[2017.11.18-19.16.03:464][181]LogBlueprintUserMessages: [PlayerController_BP_C_0] true
[2017.11.18-19.16.08:989][346]LogBlueprintUserMessages: Early EndPlayMap Detection: Level '/Game/FirstPersonBP/Maps/FirstPersonExampleMap.FirstPersonExampleMap:PersistentLevel' has LevelScriptBlueprint '/Game/FirstPersonBP/Maps/FirstPersonExampleMap.FirstPersonExampleMap:PersistentLevel.FirstPersonExampleMap' with GeneratedClass '/Game/FirstPersonBP/Maps/FirstPersonExampleMap.FirstPersonExampleMap_C' with ClassGeneratedBy '/Game/FirstPersonBP/Maps/FirstPersonExampleMap.FirstPersonExampleMap:PersistentLevel.FirstPersonExampleMap'
[2017.11.18-19.16.09:037][346]LogBlueprintUserMessages: Late EndPlayMap Detection: Level '/Game/FirstPersonBP/Maps/FirstPersonExampleMap.FirstPersonExampleMap:PersistentLevel' has LevelScriptBlueprint '/Game/FirstPersonBP/Maps/FirstPersonExampleMap.FirstPersonExampleMap:PersistentLevel.FirstPersonExampleMap' with GeneratedClass '/Game/FirstPersonBP/Maps/FirstPersonExampleMap.FirstPersonExampleMap_C' with ClassGeneratedBy '/Game/FirstPersonBP/Maps/FirstPersonExampleMap.FirstPersonExampleMap:PersistentLevel.FirstPersonExampleMap'
[2017.11.18-19.16.51:304][609]Cmd: OBJ SAVEPACKAGE PACKAGE="/Game/GameBP/PlayerController_BP" FILE="../../../../../../Users/Admin/Documents/Unreal Projects/OpenWorld_16/Content/GameBP/PlayerController_BP.uasset" SILENT=true
[2017.11.18-19.16.51:482][609]LogSavePackage: Save=138.11ms
[2017.11.18-19.16.51:483][609]LogSavePackage: Moving '../../../../../../Users/Admin/Documents/Unreal Projects/OpenWorld_16/Saved/PlayerController_BP3D3869F24E02249A702A0593D9208774.tmp' to '../../../../../../Users/Admin/Documents/Unreal Projects/OpenWorld_16/Content/GameBP/PlayerController_BP.uasset'
[2017.11.18-19.16.51:487][609]LogSavePackage:Display: Finished SavePackage ../../../../../../Users/Admin/Documents/Unreal Projects/OpenWorld_16/Content/GameBP/PlayerController_BP.uasset
[2017.11.18-19.16.51:956][623]BlueprintLog: New page: Compile PlayerController_BP
[2017.11.18-19.16.54:839][702]LogTemp: Repeting last play command: Selected Viewport
[2017.11.18-19.16.54:868][702]LogBlueprintUserMessages: Early PlayInEditor Detection: Level '/Game/FirstPersonBP/Maps/FirstPersonExampleMap.FirstPersonExampleMap:PersistentLevel' has LevelScriptBlueprint '/Game/FirstPersonBP/Maps/FirstPersonExampleMap.FirstPersonExampleMap:PersistentLevel.FirstPersonExampleMap' with GeneratedClass '/Game/FirstPersonBP/Maps/FirstPersonExampleMap.FirstPersonExampleMap_C' with ClassGeneratedBy '/Game/FirstPersonBP/Maps/FirstPersonExampleMap.FirstPersonExampleMap:PersistentLevel.FirstPersonExampleMap'
[2017.11.18-19.16.54:868][702]LogPlayLevel: PlayLevel: No blueprints needed recompiling
[2017.11.18-19.16.54:869][702]PIE: New page: PIE session: FirstPersonExampleMap (Nov 18, 2017, 9:16:54 PM)
[2017.11.18-19.16.54:869][702]LogPlayLevel: Creating play world package: /Game/FirstPersonBP/Maps/UEDPIE_0_FirstPersonExampleMap
[2017.11.18-19.16.54:893][702]LogPlayLevel: PIE: StaticDuplicateObject took: (0.024078s)
[2017.11.18-19.16.54:894][702]LogAIModule: Creating AISystem for world FirstPersonExampleMap
[2017.11.18-19.16.54:896][702]LogPlayLevel: PIE: World Init took: (0.002521s)
[2017.11.18-19.16.54:896][702]LogPlayLevel: PIE: Created PIE world by copying editor world from /Game/FirstPersonBP/Maps/FirstPersonExampleMap.FirstPersonExampleMap to /Game/FirstPersonBP/Maps/UEDPIE_0_FirstPersonExampleMap.FirstPersonExampleMap (0.027268s)
[2017.11.18-19.16.54:945][702]LogInit: XAudio2 using 'Altavoces (Realtek High Definition Audio)' : 2 channels at 48 kHz using 32 bits per sample (channel mask 0x3)
[2017.11.18-19.16.54:956][702]LogInit: FAudioDevice initialized.
[2017.11.18-19.16.54:996][702]LogLoad: Game class is 'WorldGameMode_BP_C'
[2017.11.18-19.16.54:998][702]LogWorld: Bringing World /Game/FirstPersonBP/Maps/UEDPIE_0_FirstPersonExampleMap.FirstPersonExampleMap up for play (max tick rate 30) at 2017.11.18-20.16.54
[2017.11.18-19.16.54:999][702]LogWorld: Bringing up level for play took: 0.002322
[2017.11.18-19.16.55:003][702]LogBlueprintUserMessages: [WorldGameMode_BP_C_0] Hello
[2017.11.18-19.16.55:116][702]LogTemp:Warning: First map load took: 113.144836 ms
[2017.11.18-19.16.55:116][702]PIE: Info Play in editor start time for /Game/FirstPersonBP/Maps/UEDPIE_0_FirstPersonExampleMap 0.157
[2017.11.18-19.16.55:117][702]LogBlueprintUserMessages: Late PlayInEditor Detection: Level '/Game/FirstPersonBP/Maps/FirstPersonExampleMap.FirstPersonExampleMap:PersistentLevel' has LevelScriptBlueprint '/Game/FirstPersonBP/Maps/FirstPersonExampleMap.FirstPersonExampleMap:PersistentLevel.FirstPersonExampleMap' with GeneratedClass '/Game/FirstPersonBP/Maps/FirstPersonExampleMap.FirstPersonExampleMap_C' with ClassGeneratedBy '/Game/FirstPersonBP/Maps/FirstPersonExampleMap.FirstPersonExampleMap:PersistentLevel.FirstPersonExampleMap'
[2017.11.18-19.16.55:142][703]Mat_Loader:Warning: Added transition meterial with index: 2-1-0
[2017.11.18-19.16.56:754][734]LogBlueprintUserMessages: [PlayerController_BP_C_0] Remove
[2017.11.18-19.16.56:821][736]LogBlueprintUserMessages: [PlayerController_BP_C_0] Add
[2017.11.18-19.16.57:768][764]LogTemp:Warning: Updating MeshSection 2
[2017.11.18-19.16.57:770][764]LogTemp:Warning: Updating MeshSection 0
[2017.11.18-19.16.57:770][764]LogTemp:Warning: Updating MeshSection 1
[2017.11.18-19.16.57:770][764]LogTemp:Warning: Updating MeshSection 2
[2017.11.18-19.16.57:771][764]LogTemp:Warning: Updating MeshSection 3
[2017.11.18-19.16.57:772][764]LogTemp:Warning: Updating MeshSection 0
[2017.11.18-19.16.57:772][764]LogTemp:Warning: Updating MeshSection 1
[2017.11.18-19.16.57:772][764]LogTemp:Warning: Updating MeshSection 3
[2017.11.18-19.16.57:773][764]LogTemp:Warning: Updating MeshSection 0
[2017.11.18-19.16.57:773][764]LogTemp:Warning: Updating MeshSection 1
[2017.11.18-19.16.57:773][764]LogTemp:Warning: Updating MeshSection 3
[2017.11.18-19.16.57:774][764]LogTemp:Warning: Updating MeshSection 0
[2017.11.18-19.16.57:775][764]LogTemp:Warning: Updating MeshSection 0
[2017.11.18-19.16.57:776][764]LogTemp:Warning: Updating MeshSection 0
[2017.11.18-19.16.57:777][764]LogTemp:Warning: Updating MeshSection 0
[2017.11.18-19.16.57:778][764]LogTemp:Warning: Updating MeshSection 0
[2017.11.18-19.16.57:779][764]LogTemp:Warning: Updating MeshSection 0
[2017.11.18-19.16.57:780][764]LogTemp:Warning: Updating MeshSection 1
[2017.11.18-19.16.57:780][764]LogTemp:Warning: Updating MeshSection 3
[2017.11.18-19.16.57:781][764]LogTemp:Warning: Updating MeshSection 0
[2017.11.18-19.16.57:782][764]LogTemp:Warning: Updating MeshSection 0
[2017.11.18-19.16.57:783][764]LogTemp:Warning: Updating MeshSection 0
[2017.11.18-19.16.57:784][764]LogTemp:Warning: Updating MeshSection 0
[2017.11.18-19.16.57:784][764]LogTemp:Warning: Updating MeshSection 1
[2017.11.18-19.16.57:784][764]LogTemp:Warning: Updating MeshSection 2
[2017.11.18-19.16.57:785][764]LogTemp:Warning: Updating MeshSection 3
[2017.11.18-19.16.57:785][764]LogTemp:Warning: Updating MeshSection 0
[2017.11.18-19.16.57:786][764]LogTemp:Warning: Updating MeshSection 0
[2017.11.18-19.16.57:787][764]LogTemp:Warning: Updating MeshSection 0
[2017.11.18-19.16.57:788][764]LogTemp:Warning: Updating MeshSection 1
[2017.11.18-19.16.57:788][764]LogTemp:Warning: Updating MeshSection 2
[2017.11.18-19.16.57:788][764]LogTemp:Warning: Updating MeshSection 3
[2017.11.18-19.16.57:789][764]LogTemp:Warning: Updating MeshSection 0
[2017.11.18-19.16.57:789][764]LogTemp:Warning: Updating MeshSection 1
[2017.11.18-19.16.57:789][764]LogTemp:Warning: Updating MeshSection 2
[2017.11.18-19.16.57:789][764]LogTemp:Warning: Updating MeshSection 3
[2017.11.18-19.16.57:791][764]LogTemp:Warning: Updating MeshSection 0
[2017.11.18-19.16.57:791][764]LogTemp:Warning: Updating MeshSection 1
[2017.11.18-19.16.57:791][764]LogTemp:Warning: Updating MeshSection 3
[2017.11.18-19.16.57:792][764]LogTemp:Warning: Updating MeshSection 0
[2017.11.18-19.16.57:792][764]LogTemp:Warning: Updating MeshSection 1
[2017.11.18-19.16.57:792][764]LogTemp:Warning: Updating MeshSection 3
[2017.11.18-19.16.57:794][764]LogTemp:Warning: Updating MeshSection 0
[2017.11.18-19.16.57:794][764]LogTemp:Warning: Updating MeshSection 1
[2017.11.18-19.16.57:794][764]LogTemp:Warning: Updating MeshSection 3
[2017.11.18-19.16.57:795][764]LogTemp:Warning: Updating MeshSection 0
[2017.11.18-19.16.57:795][764]LogTemp:Warning: Updating MeshSection 1
[2017.11.18-19.16.57:795][764]LogTemp:Warning: Updating MeshSection 2
[2017.11.18-19.16.57:796][764]LogTemp:Warning: Updating MeshSection 3
[2017.11.18-19.16.57:797][764]LogTemp:Warning: Updating MeshSection 0
[2017.11.18-19.16.57:797][764]LogTemp:Warning: Updating MeshSection 1
[2017.11.18-19.16.57:797][764]LogTemp:Warning: Updating MeshSection 2
[2017.11.18-19.16.57:797][764]LogTemp:Warning: Updating MeshSection 3
[2017.11.18-19.16.57:798][764]LogTemp:Warning: Updating MeshSection 0
[2017.11.18-19.16.57:798][764]LogTemp:Warning: Updating MeshSection 1
[2017.11.18-19.16.57:798][764]LogTemp:Warning: Updating MeshSection 3
[2017.11.18-19.16.57:799][764]LogTemp:Warning: Updating MeshSection 0
[2017.11.18-19.16.57:799][764]LogTemp:Warning: Updating MeshSection 1
[2017.11.18-19.16.57:800][764]LogTemp:Warning: Updating MeshSection 3
[2017.11.18-19.16.57:801][764]LogTemp:Warning: Updating MeshSection 0
[2017.11.18-19.16.57:801][764]LogTemp:Warning: Updating MeshSection 1
[2017.11.18-19.16.57:801][764]LogTemp:Warning: Updating MeshSection 3
[2017.11.18-19.16.57:802][764]LogTemp:Warning: Updating MeshSection 0
[2017.11.18-19.16.57:802][764]LogTemp:Warning: Updating MeshSection 1
[2017.11.18-19.16.57:803][764]LogTemp:Warning: Updating MeshSection 3
[2017.11.18-19.16.57:804][764]LogTemp:Warning: Updating MeshSection 0
[2017.11.18-19.16.57:804][764]LogTemp:Warning: Updating MeshSection 1
[2017.11.18-19.16.57:804][764]LogTemp:Warning: Updating MeshSection 3
[2017.11.18-19.17.05:819][  1]LogTemp:Warning: Updating MeshSection 1
[2017.11.18-19.17.05:820][  1]LogTemp:Warning: Updating MeshSection 3
[2017.11.18-19.17.05:820][  1]LogBlueprintUserMessages: [PlayerController_BP_C_0] true
[2017.11.18-19.17.07:055][ 38]LogTemp:Warning: Updating MeshSection 1
[2017.11.18-19.17.07:056][ 38]LogTemp:Warning: Updating MeshSection 3
[2017.11.18-19.17.07:056][ 38]LogBlueprintUserMessages: [PlayerController_BP_C_0] true
[2017.11.18-19.17.08:726][ 88]LogTemp:Warning: Updating MeshSection 1
[2017.11.18-19.17.08:727][ 88]LogTemp:Warning: Updating MeshSection 2
[2017.11.18-19.17.08:727][ 88]LogTemp:Warning: Updating MeshSection 3
[2017.11.18-19.17.08:728][ 88]LogTemp:Warning: Updating MeshSection 0
[2017.11.18-19.17.08:728][ 88]LogTemp:Warning: Updating MeshSection 1
[2017.11.18-19.17.08:729][ 88]LogTemp:Warning: Updating MeshSection 3
[2017.11.18-19.17.08:730][ 88]LogTemp:Warning: Updating MeshSection 0
[2017.11.18-19.17.08:730][ 88]LogTemp:Warning: Updating MeshSection 1
[2017.11.18-19.17.08:730][ 88]LogTemp:Warning: Updating MeshSection 3
[2017.11.18-19.17.08:731][ 88]LogTemp:Warning: Updating MeshSection 0
[2017.11.18-19.17.08:732][ 88]LogTemp:Warning: Updating MeshSection 0
[2017.11.18-19.17.08:733][ 88]LogTemp:Warning: Updating MeshSection 0
[2017.11.18-19.17.08:734][ 88]LogTemp:Warning: Updating MeshSection 0
[2017.11.18-19.17.08:735][ 88]LogTemp:Warning: Updating MeshSection 0
[2017.11.18-19.17.08:736][ 88]LogTemp:Warning: Updating MeshSection 0
[2017.11.18-19.17.08:737][ 88]LogTemp:Warning: Updating MeshSection 0
[2017.11.18-19.17.08:738][ 88]LogTemp:Warning: Updating MeshSection 0
[2017.11.18-19.17.08:739][ 88]LogTemp:Warning: Updating MeshSection 0
[2017.11.18-19.17.08:741][ 88]LogTemp:Warning: Updating MeshSection 0
[2017.11.18-19.17.08:741][ 88]LogTemp:Warning: Updating MeshSection 1
[2017.11.18-19.17.08:741][ 88]LogTemp:Warning: Updating MeshSection 2
[2017.11.18-19.17.08:741][ 88]LogTemp:Warning: Updating MeshSection 3
[2017.11.18-19.17.08:742][ 88]LogTemp:Warning: Updating MeshSection 0
[2017.11.18-19.17.08:743][ 88]LogTemp:Warning: Updating MeshSection 0
[2017.11.18-19.17.08:744][ 88]LogTemp:Warning: Updating MeshSection 0
[2017.11.18-19.17.08:745][ 88]LogTemp:Warning: Updating MeshSection 1
[2017.11.18-19.17.08:745][ 88]LogTemp:Warning: Updating MeshSection 2
[2017.11.18-19.17.08:745][ 88]LogTemp:Warning: Updating MeshSection 3
[2017.11.18-19.17.08:746][ 88]LogTemp:Warning: Updating MeshSection 0
[2017.11.18-19.17.08:746][ 88]LogTemp:Warning: Updating MeshSection 1
[2017.11.18-19.17.08:746][ 88]LogTemp:Warning: Updating MeshSection 2
[2017.11.18-19.17.08:746][ 88]LogTemp:Warning: Updating MeshSection 3
[2017.11.18-19.17.08:747][ 88]LogTemp:Warning: Updating MeshSection 0
[2017.11.18-19.17.08:747][ 88]LogTemp:Warning: Updating MeshSection 1
[2017.11.18-19.17.08:747][ 88]LogTemp:Warning: Updating MeshSection 3
[2017.11.18-19.17.08:748][ 88]LogTemp:Warning: Updating MeshSection 0
[2017.11.18-19.17.08:749][ 88]LogTemp:Warning: Updating MeshSection 1
[2017.11.18-19.17.08:749][ 88]LogTemp:Warning: Updating MeshSection 3
[2017.11.18-19.17.08:750][ 88]LogTemp:Warning: Updating MeshSection 0
[2017.11.18-19.17.08:750][ 88]LogTemp:Warning: Updating MeshSection 1
[2017.11.18-19.17.08:750][ 88]LogTemp:Warning: Updating MeshSection 3
[2017.11.18-19.17.08:751][ 88]LogTemp:Warning: Updating MeshSection 0
[2017.11.18-19.17.08:751][ 88]LogTemp:Warning: Updating MeshSection 1
[2017.11.18-19.17.08:751][ 88]LogTemp:Warning: Updating MeshSection 2
[2017.11.18-19.17.08:751][ 88]LogTemp:Warning: Updating MeshSection 3
[2017.11.18-19.17.08:752][ 88]LogTemp:Warning: Updating MeshSection 0
[2017.11.18-19.17.08:752][ 88]LogTemp:Warning: Updating MeshSection 1
[2017.11.18-19.17.08:753][ 88]LogTemp:Warning: Updating MeshSection 2
[2017.11.18-19.17.08:753][ 88]LogTemp:Warning: Updating MeshSection 3
[2017.11.18-19.17.08:754][ 88]LogTemp:Warning: Updating MeshSection 0
[2017.11.18-19.17.08:754][ 88]LogTemp:Warning: Updating MeshSection 1
[2017.11.18-19.17.08:754][ 88]LogTemp:Warning: Updating MeshSection 3
[2017.11.18-19.17.08:755][ 88]LogTemp:Warning: Updating MeshSection 0
[2017.11.18-19.17.08:755][ 88]LogTemp:Warning: Updating MeshSection 1
[2017.11.18-19.17.08:755][ 88]LogTemp:Warning: Updating MeshSection 3
[2017.11.18-19.17.08:756][ 88]LogTemp:Warning: Updating MeshSection 0
[2017.11.18-19.17.08:756][ 88]LogTemp:Warning: Updating MeshSection 1
[2017.11.18-19.17.08:756][ 88]LogTemp:Warning: Updating MeshSection 3
[2017.11.18-19.17.08:757][ 88]LogTemp:Warning: Updating MeshSection 0
[2017.11.18-19.17.08:757][ 88]LogTemp:Warning: Updating MeshSection 1
[2017.11.18-19.17.08:758][ 88]LogTemp:Warning: Updating MeshSection 3
[2017.11.18-19.17.08:759][ 88]LogTemp:Warning: Updating MeshSection 0
[2017.11.18-19.17.08:759][ 88]LogTemp:Warning: Updating MeshSection 1
[2017.11.18-19.17.08:759][ 88]LogTemp:Warning: Updating MeshSection 3
[2017.11.18-19.17.08:760][ 88]LogTemp:Warning: Updating MeshSection 1
[2017.11.18-19.17.08:760][ 88]LogTemp:Warning: Updating MeshSection 2
[2017.11.18-19.17.08:761][ 88]LogTemp:Warning: Updating MeshSection 3
[2017.11.18-19.17.08:762][ 88]LogTemp:Warning: Updating MeshSection 2
[2017.11.18-19.17.08:762][ 88]LogTemp:Warning: Updating MeshSection 0
[2017.11.18-19.17.08:764][ 88]LogTemp:Warning: Updating MeshSection 0
[2017.11.18-19.17.08:764][ 88]LogTemp:Warning: Updating MeshSection 1
[2017.11.18-19.17.08:764][ 88]LogTemp:Warning: Updating MeshSection 3
[2017.11.18-19.17.10:548][140]LogTemp:Warning: Updating MeshSection 1
[2017.11.18-19.17.10:549][140]LogTemp:Warning: Updating MeshSection 3
[2017.11.18-19.17.10:549][140]LogBlueprintUserMessages: [PlayerController_BP_C_0] true
[2017.11.18-19.17.11:184][159]LogTemp:Warning: Updating MeshSection 1
[2017.11.18-19.17.11:184][159]LogTemp:Warning: Updating MeshSection 3
[2017.11.18-19.17.11:184][159]LogBlueprintUserMessages: [PlayerController_BP_C_0] true
[2017.11.18-19.17.18:504][378]LogBlueprintUserMessages: Early EndPlayMap Detection: Level '/Game/FirstPersonBP/Maps/FirstPersonExampleMap.FirstPersonExampleMap:PersistentLevel' has LevelScriptBlueprint '/Game/FirstPersonBP/Maps/FirstPersonExampleMap.FirstPersonExampleMap:PersistentLevel.FirstPersonExampleMap' with GeneratedClass '/Game/FirstPersonBP/Maps/FirstPersonExampleMap.FirstPersonExampleMap_C' with ClassGeneratedBy '/Game/FirstPersonBP/Maps/FirstPersonExampleMap.FirstPersonExampleMap:PersistentLevel.FirstPersonExampleMap'
[2017.11.18-19.17.18:553][378]LogBlueprintUserMessages: Late EndPlayMap Detection: Level '/Game/FirstPersonBP/Maps/FirstPersonExampleMap.FirstPersonExampleMap:PersistentLevel' has LevelScriptBlueprint '/Game/FirstPersonBP/Maps/FirstPersonExampleMap.FirstPersonExampleMap:PersistentLevel.FirstPersonExampleMap' with GeneratedClass '/Game/FirstPersonBP/Maps/FirstPersonExampleMap.FirstPersonExampleMap_C' with ClassGeneratedBy '/Game/FirstPersonBP/Maps/FirstPersonExampleMap.FirstPersonExampleMap:PersistentLevel.FirstPersonExampleMap'
[2017.11.18-19.17.20:569][429]LogActorComponent: UnregisterComponent: (/Engine/Transient.EditorFloorComp) Not registered. Aborting.
[2017.11.18-19.17.20:890][430]Cmd: QUIT_EDITOR
[2017.11.18-19.17.20:971][430]LogExit: Preparing to exit.
[2017.11.18-19.17.21:987][430]LogDirectoryWatcher: A directory notification for 'C:/Users/Admin/Documents/Unreal Projects/OpenWorld_16/Content/' was aborted.
[2017.11.18-19.17.22:042][430]LogExit: Editor shut down
[2017.11.18-19.17.22:049][430]LogExit: Transaction tracking system shut down
[2017.11.18-19.17.22:268][430]LogObj: Freed 0b from 0 cluster array pools.
[2017.11.18-19.17.22:269][430]LogExit: Object subsystem successfully closed.
[2017.11.18-19.17.22:326][430]LogD3D11RHI: Shutdown
[2017.11.18-19.17.22:327][430]LogD3D11RHI: CleanupD3DDevice
[2017.11.18-19.17.22:446][430]LogD3D11RHI: ~FD3D11DynamicRHI
[2017.11.18-19.17.22:523][430]LogModuleManager: Shutting down and abandoning module MovieSceneCapture (546)
[2017.11.18-19.17.22:524][430]LogModuleManager: Shutting down and abandoning module BlueprintGraph (544)
[2017.11.18-19.17.22:524][430]LogModuleManager: Shutting down and abandoning module BlueprintProfiler (542)
[2017.11.18-19.17.22:525][430]LogModuleManager: Shutting down and abandoning module HierarchicalLODOutliner (540)
[2017.11.18-19.17.22:525][430]LogModuleManager: Shutting down and abandoning module CrashTracker (538)
[2017.11.18-19.17.22:525][430]LogModuleManager: Shutting down and abandoning module SceneOutliner (536)
[2017.11.18-19.17.22:525][430]LogModuleManager: Shutting down and abandoning module AddContentDialog (534)
[2017.11.18-19.17.22:526][430]LogDirectoryWatcher: A directory notification for 'C:/Program Files (x86)/Epic Games/UE_4.16/FeaturePacks/' was aborted.
[2017.11.18-19.17.22:527][430]LogModuleManager: Shutting down and abandoning module WidgetCarousel (533)
[2017.11.18-19.17.22:527][430]LogModuleManager: Shutting down and abandoning module EditorWidgets (530)
[2017.11.18-19.17.22:527][430]LogModuleManager: Shutting down and abandoning module CollectionManager (528)
[2017.11.18-19.17.22:528][430]LogDirectoryWatcher: A directory notification for 'C:/Users/Admin/Documents/Unreal Projects/OpenWorld_16/Content/Collections/' was aborted.
[2017.11.18-19.17.22:528][430]LogDirectoryWatcher: A directory notification for 'C:/Users/Admin/Documents/Unreal Projects/OpenWorld_16/Content/Developers/Admin/Collections/' was aborted.
[2017.11.18-19.17.22:528][430]LogDirectoryWatcher: A directory notification for 'C:/Users/Admin/Documents/Unreal Projects/OpenWorld_16/Saved/Collections/' was aborted.
[2017.11.18-19.17.22:528][430]LogModuleManager: Shutting down and abandoning module StatsViewer (526)
[2017.11.18-19.17.22:529][430]LogModuleManager: Shutting down and abandoning module FoliageEdit (524)
[2017.11.18-19.17.22:529][430]LogModuleManager: Shutting down and abandoning module LandscapeEditor (522)
[2017.11.18-19.17.22:530][430]LogModuleManager: Shutting down and abandoning module MeshPaintMode (520)
[2017.11.18-19.17.22:530][430]LogModuleManager: Shutting down and abandoning module SceneDepthPickerMode (518)
[2017.11.18-19.17.22:530][430]LogModuleManager: Shutting down and abandoning module ActorPickerMode (516)
[2017.11.18-19.17.22:530][430]LogModuleManager: Shutting down and abandoning module GeometryMode (514)
[2017.11.18-19.17.22:530][430]LogModuleManager: Shutting down and abandoning module TextureAlignMode (512)
[2017.11.18-19.17.22:530][430]LogModuleManager: Shutting down and abandoning module BspMode (510)
[2017.11.18-19.17.22:530][430]LogModuleManager: Shutting down and abandoning module HardwareSurvey (508)
[2017.11.18-19.17.22:530][430]LogModuleManager: Shutting down and abandoning module SequenceRecorderSections (506)
[2017.11.18-19.17.22:530][430]LogModuleManager: Shutting down and abandoning module AutomationWorker (504)
[2017.11.18-19.17.22:530][430]LogModuleManager: Shutting down and abandoning module MatineeToLevelSequence (502)
[2017.11.18-19.17.22:531][430]LogModuleManager: Shutting down and abandoning module LevelSequenceEditor (500)
[2017.11.18-19.17.22:534][430]LogModuleManager: Shutting down and abandoning module PlacementMode (499)
[2017.11.18-19.17.22:534][430]LogModuleManager: Shutting down and abandoning module WmfMediaFactory (496)
[2017.11.18-19.17.22:534][430]LogModuleManager: Shutting down and abandoning module WmfMediaEditor (494)
[2017.11.18-19.17.22:534][430]LogModuleManager: Shutting down and abandoning module AvfMediaFactory (492)
[2017.11.18-19.17.22:534][430]LogModuleManager: Shutting down and abandoning module AvfMediaEditor (490)
[2017.11.18-19.17.22:534][430]LogModuleManager: Shutting down and abandoning module AndroidMediaFactory (488)
[2017.11.18-19.17.22:535][430]LogModuleManager: Shutting down and abandoning module Media (487)
[2017.11.18-19.17.22:535][430]LogModuleManager: Shutting down and abandoning module AndroidMediaEditor (484)
[2017.11.18-19.17.22:535][430]LogModuleManager: Shutting down and abandoning module CharacterAI (482)
[2017.11.18-19.17.22:535][430]LogModuleManager: Shutting down and abandoning module AudioCapture (480)
[2017.11.18-19.17.22:536][430]LogModuleManager: Shutting down and abandoning module SequenceRecorder (479)
[2017.11.18-19.17.22:538][430]LogModuleManager: Shutting down and abandoning module SmartSnapping (476)
[2017.11.18-19.17.22:538][430]LogModuleManager: Shutting down and abandoning module SessionServices (474)
[2017.11.18-19.17.22:538][430]LogModuleManager: Shutting down and abandoning module ViewportSnapping (472)
[2017.11.18-19.17.22:539][430]LogModuleManager: Shutting down and abandoning module ViewportInteraction (470)
[2017.11.18-19.17.22:539][430]LogModuleManager: Shutting down and abandoning module ClothPainter (468)
[2017.11.18-19.17.22:545][430]LogModuleManager: Shutting down and abandoning module LogVisualizer (466)
[2017.11.18-19.17.22:546][430]LogModuleManager: Shutting down and abandoning module IntroTutorials (464)
[2017.11.18-19.17.22:546][430]LogModuleManager: Shutting down and abandoning module GameProjectGeneration (463)
[2017.11.18-19.17.22:547][430]LogModuleManager: Shutting down and abandoning module EditorLiveStreaming (460)
[2017.11.18-19.17.22:548][430]LogModuleManager: Shutting down and abandoning module IOSPlatformEditor (458)
[2017.11.18-19.17.22:548][430]LogModuleManager: Shutting down and abandoning module HTML5PlatformEditor (456)
[2017.11.18-19.17.22:549][430]LogModuleManager: Shutting down and abandoning module AndroidPlatformEditor (454)
[2017.11.18-19.17.22:549][430]LogModuleManager: Shutting down and abandoning module AndroidDeviceDetection (453)
[2017.11.18-19.17.22:570][430]LogModuleManager: Shutting down and abandoning module IOSRuntimeSettings (450)
[2017.11.18-19.17.22:570][430]LogModuleManager: Shutting down and abandoning module AndroidRuntimeSettings (448)
[2017.11.18-19.17.22:570][430]LogModuleManager: Shutting down and abandoning module InputBindingEditor (446)
[2017.11.18-19.17.22:571][430]LogModuleManager: Shutting down and abandoning module MergeActors (444)
[2017.11.18-19.17.22:571][430]LogModuleManager: Shutting down and abandoning module SizeMap (442)
[2017.11.18-19.17.22:571][430]LogModuleManager: Shutting down and abandoning module TreeMap (440)
[2017.11.18-19.17.22:571][430]LogModuleManager: Shutting down and abandoning module ReferenceViewer (438)
[2017.11.18-19.17.22:571][430]LogModuleManager: Shutting down and abandoning module LocalizationDashboard (436)
[2017.11.18-19.17.22:572][430]LogModuleManager: Shutting down and abandoning module LocalizationService (435)
[2017.11.18-19.17.22:572][430]LogModuleManager: Shutting down and abandoning module HardwareTargeting (432)
[2017.11.18-19.17.22:572][430]LogModuleManager: Shutting down and abandoning module DeviceProfileEditor (430)
[2017.11.18-19.17.22:573][430]LogModuleManager: Shutting down and abandoning module UndoHistory (428)
[2017.11.18-19.17.22:573][430]LogModuleManager: Shutting down and abandoning module UserFeedback (426)
[2017.11.18-19.17.22:573][430]LogModuleManager: Shutting down and abandoning module XmlParser (424)
[2017.11.18-19.17.22:573][430]LogModuleManager: Shutting down and abandoning module Blutility (422)
[2017.11.18-19.17.22:573][430]LogModuleManager: Shutting down and abandoning module ProjectSettingsViewer (420)
[2017.11.18-19.17.22:573][430]LogModuleManager: Shutting down and abandoning module ProjectTargetPlatformEditor (419)
[2017.11.18-19.17.22:574][430]LogModuleManager: Shutting down and abandoning module EditorSettingsViewer (416)
[2017.11.18-19.17.22:574][430]LogModuleManager: Shutting down and abandoning module SettingsEditor (414)
[2017.11.18-19.17.22:574][430]LogModuleManager: Shutting down and abandoning module ProjectLauncher (412)
[2017.11.18-19.17.22:575][430]LogModuleManager: Shutting down and abandoning module SessionFrontend (410)
[2017.11.18-19.17.22:576][430]LogModuleManager: Shutting down and abandoning module ProfilerClient (408)
[2017.11.18-19.17.22:576][430]LogModuleManager: Shutting down and abandoning module DeviceManager (406)
[2017.11.18-19.17.22:577][430]LogModuleManager: Shutting down and abandoning module TargetDeviceServices (405)
[2017.11.18-19.17.22:627][430]LogModuleManager: Shutting down and abandoning module AutomationController (402)
[2017.11.18-19.17.22:627][430]LogModuleManager: Shutting down and abandoning module AutomationWindow (400)
[2017.11.18-19.17.22:628][430]LogModuleManager: Shutting down and abandoning module Layers (398)
[2017.11.18-19.17.22:630][430]LogModuleManager: Shutting down and abandoning module ComponentVisualizers (396)
[2017.11.18-19.17.22:630][430]LogModuleManager: Shutting down and abandoning module DetailCustomizations (394)
[2017.11.18-19.17.22:630][430]LogModuleManager: Shutting down and abandoning module PackagesDialog (392)
[2017.11.18-19.17.22:631][430]LogModuleManager: Shutting down and abandoning module Persona (390)
[2017.11.18-19.17.22:632][430]LogModuleManager: Shutting down and abandoning module AdvancedPreviewScene (389)
[2017.11.18-19.17.22:632][430]LogModuleManager: Shutting down and abandoning module AnimGraph (387)
[2017.11.18-19.17.22:632][430]LogModuleManager: Shutting down and abandoning module Kismet (384)
[2017.11.18-19.17.22:648][430]LogModuleManager: Shutting down and abandoning module ClassViewer (382)
[2017.11.18-19.17.22:648][430]LogModuleManager: Shutting down and abandoning module Toolbox (380)
[2017.11.18-19.17.22:648][430]LogModuleManager: Shutting down and abandoning module ModuleUI (378)
[2017.11.18-19.17.22:649][430]LogModuleManager: Shutting down and abandoning module MovieSceneTools (376)
[2017.11.18-19.17.22:651][430]LogModuleManager: Shutting down and abandoning module OutputLog (374)
[2017.11.18-19.17.22:651][430]LogModuleManager: Shutting down and abandoning module GammaUI (372)
[2017.11.18-19.17.22:651][430]LogModuleManager: Shutting down and abandoning module Documentation (370)
[2017.11.18-19.17.22:652][430]LogModuleManager: Shutting down and abandoning module MovieSceneTracks (368)
[2017.11.18-19.17.22:652][430]LogModuleManager: Shutting down and abandoning module MovieScene (366)
[2017.11.18-19.17.22:652][430]LogModuleManager: Shutting down and abandoning module Niagara (364)
[2017.11.18-19.17.22:652][430]LogModuleManager: Shutting down and abandoning module NiagaraEditor (363)
[2017.11.18-19.17.22:653][430]LogModuleManager: Shutting down and abandoning module StreamingPauseRendering (360)
[2017.11.18-19.17.22:653][430]LogModuleManager: Shutting down and abandoning module AnalyticsET (358)
[2017.11.18-19.17.22:653][430]LogModuleManager: Shutting down and abandoning module PortalServices (356)
[2017.11.18-19.17.22:653][430]LogModuleManager: Shutting down and abandoning module PortalRpc (354)
[2017.11.18-19.17.22:653][430]LogModuleManager: Shutting down and abandoning module MessagingRpc (352)
[2017.11.18-19.17.22:653][430]LogModuleManager: Shutting down and abandoning module AIModule (350)
[2017.11.18-19.17.22:654][430]LogModuleManager: Shutting down and abandoning module GameplayDebugger (349)
[2017.11.18-19.17.22:654][430]LogModuleManager: Shutting down and abandoning module AITestSuite (347)
[2017.11.18-19.17.22:654][430]LogModuleManager: Shutting down and abandoning module ProfilerService (344)
[2017.11.18-19.17.22:765][430]LogModuleManager: Shutting down and abandoning module TaskGraph (342)
[2017.11.18-19.17.22:766][430]LogModuleManager: Shutting down and abandoning module SubstanceEditor (340)
[2017.11.18-19.17.22:767][430]LogModuleManager: Shutting down and abandoning module UnrealFastNoisePlugin (338)
[2017.11.18-19.17.22:767][430]LogModuleManager: Shutting down and abandoning module SteamVRController (336)
[2017.11.18-19.17.22:768][430]LogModuleManager: Shutting down and abandoning module SteamVR (334)
[2017.11.18-19.17.22:768][430]LogModuleManager: Shutting down and abandoning module ProceduralMeshComponentEditor (332)
[2017.11.18-19.17.22:768][430]LogModuleManager: Shutting down and abandoning module ProceduralMeshComponent (330)
[2017.11.18-19.17.22:768][430]LogModuleManager: Shutting down and abandoning module OculusLibrary (328)
[2017.11.18-19.17.22:768][430]LogModuleManager: Shutting down and abandoning module OculusInput (326)
[2017.11.18-19.17.22:768][430]LogModuleManager: Shutting down and abandoning module MobilePatchingUtils (324)
[2017.11.18-19.17.22:768][430]LogModuleManager: Shutting down and abandoning module CustomMeshComponent (322)
[2017.11.18-19.17.22:768][430]LogModuleManager: Shutting down and abandoning module CableComponent (320)
[2017.11.18-19.17.22:768][430]LogModuleManager: Shutting down and abandoning module ArchVisCharacter (318)
[2017.11.18-19.17.22:768][430]LogModuleManager: Shutting down and abandoning module AndroidPermission (316)
[2017.11.18-19.17.22:768][430]LogModuleManager: Shutting down and abandoning module MediaPlayerEditor (312)
[2017.11.18-19.17.22:769][430]LogModuleManager: Shutting down and abandoning module RuntimeMeshComponentSlicer (310)
[2017.11.18-19.17.22:769][430]LogModuleManager: Shutting down and abandoning module RuntimeMeshComponentEditor (308)
[2017.11.18-19.17.22:769][430]LogModuleManager: Shutting down and abandoning module RuntimeMeshComponent (306)
[2017.11.18-19.17.22:769][430]LogModuleManager: Shutting down and abandoning module HTML5Networking (304)
[2017.11.18-19.17.22:769][430]LogModuleManager: Shutting down and abandoning module CodeView (302)
[2017.11.18-19.17.22:769][430]LogModuleManager: Shutting down and abandoning module AlembicImporter (300)
[2017.11.18-19.17.22:769][430]LogModuleManager: Shutting down and abandoning module AlembicLibrary (299)
[2017.11.18-19.17.22:769][430]LogModuleManager: Shutting down and abandoning module GeometryCache (298)
[2017.11.18-19.17.22:769][430]LogModuleManager: Shutting down and abandoning module GeometryCacheEd (297)
[2017.11.18-19.17.22:769][430]LogModuleManager: Shutting down and abandoning module SuperSearchEditor (292)
[2017.11.18-19.17.22:769][430]LogModuleManager: Shutting down and abandoning module SuperSearch (291)
[2017.11.18-19.17.22:770][430]LogModuleManager: Shutting down and abandoning module SpeedTreeImporter (288)
[2017.11.18-19.17.22:770][430]LogModuleManager: Shutting down and abandoning module PluginBrowser (286)
[2017.11.18-19.17.22:770][430]LogModuleManager: Shutting down and abandoning module MobileLauncherProfileWizard (284)
[2017.11.18-19.17.22:770][430]LogModuleManager: Shutting down and abandoning module VisualStudioSourceCodeAccess (282)
[2017.11.18-19.17.22:770][430]LogModuleManager: Shutting down and abandoning module DesktopPlatform (281)
[2017.11.18-19.17.22:771][430]LogModuleManager: Shutting down and abandoning module UObjectPlugin (278)
[2017.11.18-19.17.22:772][430]LogModuleManager: Shutting down and abandoning module SubversionSourceControl (276)
[2017.11.18-19.17.22:772][430]LogModuleManager: Shutting down and abandoning module PerforceSourceControl (274)
[2017.11.18-19.17.22:772][430]LogModuleManager: Shutting down and abandoning module GitSourceControl (272)
[2017.11.18-19.17.22:772][430]LogModuleManager: Shutting down and abandoning module SourceControl (271)
[2017.11.18-19.17.22:772][430]LogModuleManager: Shutting down and abandoning module LightPropagationVolumeEditor (268)
[2017.11.18-19.17.22:772][430]LogModuleManager: Shutting down and abandoning module PaperTiledImporter (266)
[2017.11.18-19.17.22:772][430]LogModuleManager: Shutting down and abandoning module PaperSpriteSheetImporter (264)
[2017.11.18-19.17.22:772][430]LogModuleManager: Shutting down and abandoning module Paper2DEditor (262)
[2017.11.18-19.17.22:772][430]LogModuleManager: Shutting down and abandoning module MeshPaint (261)
[2017.11.18-19.17.22:772][430]LogModuleManager: Shutting down and abandoning module LevelEditor (259)
[2017.11.18-19.17.22:774][430]LogModuleManager: Shutting down and abandoning module PixelInspectorModule (258)
[2017.11.18-19.17.22:774][430]LogModuleManager: Shutting down and abandoning module MainFrame (256)
[2017.11.18-19.17.22:774][430]LogModuleManager: Shutting down and abandoning module HotReload (255)
[2017.11.18-19.17.22:774][430]LogDirectoryWatcher: A directory notification for 'C:/Users/Admin/Documents/Unreal Projects/OpenWorld_16/Binaries/Win64' was aborted.
[2017.11.18-19.17.22:774][430]LogDirectoryWatcher: A directory notification for 'C:/Users/Admin/Documents/Unreal Projects/OpenWorld_16/Plugins/UnrealFastNoisePlugin/Binaries/Win64' was aborted.
[2017.11.18-19.17.22:775][430]LogModuleManager: Shutting down and abandoning module OpenWorld_16 (250)
[2017.11.18-19.17.22:775][430]LogModuleManager: Shutting down and abandoning module PhysXVehiclesEditor (248)
[2017.11.18-19.17.22:775][430]LogModuleManager: Shutting down and abandoning module PhysXVehicles (246)
[2017.11.18-19.17.22:775][430]LogModuleManager: Shutting down and abandoning module LocationServicesBPLibrary (244)
[2017.11.18-19.17.22:775][430]LogModuleManager: Shutting down and abandoning module ImmediatePhysicsEditor (242)
[2017.11.18-19.17.22:775][430]LogModuleManager: Shutting down and abandoning module ImmediatePhysics (240)
[2017.11.18-19.17.22:776][430]LogModuleManager: Shutting down and abandoning module UdpMessaging (238)
[2017.11.18-19.17.22:876][430]LogModuleManager: Shutting down and abandoning module TcpMessaging (236)
[2017.11.18-19.17.22:976][430]LogModuleManager: Shutting down and abandoning module SubstanceCore (234)
[2017.11.18-19.17.22:979][430]LogModuleManager: Shutting down and abandoning module GameplayTagsEditor (232)
[2017.11.18-19.17.22:988][430]LogModuleManager: Shutting down and abandoning module FacialAnimationEditor (230)
[2017.11.18-19.17.22:994][430]LogModuleManager: Shutting down and abandoning module FacialAnimation (228)
[2017.11.18-19.17.22:994][430]LogModuleManager: Shutting down and abandoning module AssetManagerEditor (226)
[2017.11.18-19.17.23:004][430]LogModuleManager: Shutting down and abandoning module GraphEditor (225)
[2017.11.18-19.17.23:005][430]LogModuleManager: Shutting down and abandoning module ContentBrowser (223)
[2017.11.18-19.17.23:007][430]LogModuleManager: Shutting down and abandoning module LightPropagationVolumeRuntime (220)
[2017.11.18-19.17.23:007][430]LogModuleManager: Shutting down and abandoning module Paper2D (218)
[2017.11.18-19.17.23:008][430]LogModuleManager: Shutting down and abandoning module WindowsMoviePlayer (216)
[2017.11.18-19.17.23:008][430]LogModuleManager: Shutting down and abandoning module WmfMedia (214)
[2017.11.18-19.17.23:012][430]LogModuleManager: Shutting down and abandoning module ClothingSystemEditor (212)
[2017.11.18-19.17.23:012][430]LogModuleManager: Shutting down and abandoning module ClothingSystemRuntime (210)
[2017.11.18-19.17.23:013][430]LogModuleManager: Shutting down and abandoning module MediaAssets (208)
[2017.11.18-19.17.23:013][430]LogModuleManager: Shutting down and abandoning module GameLiveStreaming (206)
[2017.11.18-19.17.23:014][430]LogModuleManager: Shutting down and abandoning module VREditor (204)
[2017.11.18-19.17.23:014][430]LogModuleManager: Shutting down and abandoning module StringTableEditor (202)
[2017.11.18-19.17.23:016][430]LogModuleManager: Shutting down and abandoning module GameplayTasksEditor (200)
[2017.11.18-19.17.23:016][430]LogModuleManager: Shutting down and abandoning module BehaviorTreeEditor (198)
[2017.11.18-19.17.23:019][430]LogModuleManager: Shutting down and abandoning module FunctionalTesting (196)
[2017.11.18-19.17.23:019][430]LogModuleManager: Shutting down and abandoning module CollisionAnalyzer (194)
[2017.11.18-19.17.23:021][430]LogModuleManager: Shutting down and abandoning module UMG (192)
[2017.11.18-19.17.23:022][430]LogModuleManager: Shutting down and abandoning module UMGEditor (191)
[2017.11.18-19.17.23:024][430]LogModuleManager: Shutting down and abandoning module Sequencer (190)
[2017.11.18-19.17.23:026][430]LogModuleManager: Shutting down and abandoning module AssetTools (188)
[2017.11.18-19.17.23:033][430]LogModuleManager: Shutting down and abandoning module MessageLog (187)
[2017.11.18-19.17.23:033][430]LogModuleManager: Shutting down and abandoning module WorkspaceMenuStructure (186)
[2017.11.18-19.17.23:033][430]LogModuleManager: Shutting down and abandoning module SlateReflector (180)
[2017.11.18-19.17.23:037][430]LogModuleManager: Shutting down and abandoning module Slate (178)
[2017.11.18-19.17.23:037][430]LogModuleManager: Shutting down and abandoning module EditorStyle (176)
[2017.11.18-19.17.23:041][430]LogModuleManager: Shutting down and abandoning module SourceCodeAccess (174)
[2017.11.18-19.17.23:041][430]LogModuleManager: Shutting down and abandoning module HeadMountedDisplay (172)
[2017.11.18-19.17.23:041][430]LogModuleManager: Shutting down and abandoning module XAudio2 (170)
[2017.11.18-19.17.23:041][430]LogModuleManager: Shutting down and abandoning module Networking (168)
[2017.11.18-19.17.23:041][430]LogModuleManager: Shutting down and abandoning module Core (164)
[2017.11.18-19.17.23:042][430]LogModuleManager: Shutting down and abandoning module AssetRegistry (162)
[2017.11.18-19.17.23:137][430]LogDirectoryWatcher: A directory notification for '../../../Engine/Content/' was aborted.
[2017.11.18-19.17.23:137][430]LogDirectoryWatcher: A directory notification for '../../../../../../Users/Admin/Documents/Unreal Projects/OpenWorld_16/Content/' was aborted.
[2017.11.18-19.17.23:137][430]LogDirectoryWatcher: A directory notification for '../../../Engine/Plugins/2D/Paper2D/Content/' was aborted.
[2017.11.18-19.17.23:137][430]LogDirectoryWatcher: A directory notification for '../../../Engine/Plugins/Runtime/GearVR/Content/' was aborted.
[2017.11.18-19.17.23:141][430]LogModuleManager: Shutting down and abandoning module DirectoryWatcher (161)
[2017.11.18-19.17.23:143][430]LogModuleManager: Shutting down and abandoning module KismetCompiler (158)
[2017.11.18-19.17.23:143][430]LogModuleManager: Shutting down and abandoning module PhysXFormats (156)
[2017.11.18-19.17.23:143][430]LogModuleManager: Shutting down and abandoning module MeshUtilities (154)
[2017.11.18-19.17.23:147][430]LogModuleManager: Shutting down and abandoning module SimplygonSwarm (153)
[2017.11.18-19.17.23:148][430]LogModuleManager: Shutting down and abandoning module SimplygonMeshReduction (151)
[2017.11.18-19.17.23:149][430]LogModuleManager: Shutting down and abandoning module QuadricMeshReduction (149)
[2017.11.18-19.17.23:149][430]LogModuleManager: Shutting down and abandoning module LevelSequence (146)
[2017.11.18-19.17.23:150][430]LogModuleManager: Shutting down and abandoning module DerivedDataCache (144)
[2017.11.18-19.17.23:164][430]LogDerivedDataCache: Shutdown
[2017.11.18-19.17.23:164][430]LogModuleManager: Shutting down and abandoning module TargetPlatform (142)
[2017.11.18-19.17.23:164][430]LogModuleManager: Shutting down and abandoning module VulkanShaderFormat (141)
[2017.11.18-19.17.23:166][430]LogModuleManager: Shutting down and abandoning module ShaderFormatVectorVM (139)
[2017.11.18-19.17.23:166][430]LogModuleManager: Shutting down and abandoning module ShaderFormatOpenGL (137)
[2017.11.18-19.17.23:168][430]LogModuleManager: Shutting down and abandoning module ShaderFormatD3D (135)
[2017.11.18-19.17.23:168][430]LogModuleManager: Shutting down and abandoning module MetalShaderFormat (133)
[2017.11.18-19.17.23:169][430]LogModuleManager: Shutting down and abandoning module TextureFormatUncompressed (131)
[2017.11.18-19.17.23:169][430]LogModuleManager: Shutting down and abandoning module TextureFormatPVR (129)
[2017.11.18-19.17.23:169][430]LogModuleManager: Shutting down and abandoning module TextureFormatDXT (127)
[2017.11.18-19.17.23:170][430]LogModuleManager: Shutting down and abandoning module TextureFormatIntelISPCTexComp (125)
[2017.11.18-19.17.23:174][430]LogModuleManager: Shutting down and abandoning module TextureFormatASTC (123)
[2017.11.18-19.17.23:175][430]LogModuleManager: Shutting down and abandoning module ImageWrapper (122)
[2017.11.18-19.17.23:175][430]LogModuleManager: Shutting down and abandoning module TextureFormatAndroid (119)
[2017.11.18-19.17.23:175][430]LogModuleManager: Shutting down and abandoning module AudioFormatOpus (117)
[2017.11.18-19.17.23:175][430]LogModuleManager: Shutting down and abandoning module AudioFormatOgg (115)
[2017.11.18-19.17.23:175][430]LogModuleManager: Shutting down and abandoning module AudioFormatADPCM (113)
[2017.11.18-19.17.23:175][430]LogModuleManager: Shutting down and abandoning module LinuxTargetPlatform (111)
[2017.11.18-19.17.23:175][430]LogModuleManager: Shutting down and abandoning module LinuxServerTargetPlatform (109)
[2017.11.18-19.17.23:175][430]LogModuleManager: Shutting down and abandoning module LinuxNoEditorTargetPlatform (107)
[2017.11.18-19.17.23:175][430]LogModuleManager: Shutting down and abandoning module LinuxClientTargetPlatform (105)
[2017.11.18-19.17.23:175][430]LogModuleManager: Shutting down and abandoning module TVOSTargetPlatform (103)
[2017.11.18-19.17.23:175][430]LogModuleManager: Shutting down and abandoning module Messaging (101)
[2017.11.18-19.17.23:175][430]LogModuleManager: Shutting down and abandoning module IOSTargetPlatform (99)
[2017.11.18-19.17.23:175][430]LogModuleManager: Shutting down and abandoning module HTML5TargetPlatform (97)
[2017.11.18-19.17.23:175][430]LogModuleManager: Shutting down and abandoning module Android_PVRTCTargetPlatform (95)
[2017.11.18-19.17.23:182][430]LogModuleManager: Shutting down and abandoning module Android_MultiTargetPlatform (93)
[2017.11.18-19.17.23:182][430]LogModuleManager: Shutting down and abandoning module Android_ETC2TargetPlatform (91)
[2017.11.18-19.17.23:183][430]LogModuleManager: Shutting down and abandoning module Android_ETC1TargetPlatform (89)
[2017.11.18-19.17.23:183][430]LogModuleManager: Shutting down and abandoning module Android_DXTTargetPlatform (87)
[2017.11.18-19.17.23:184][430]LogModuleManager: Shutting down and abandoning module Android_ATCTargetPlatform (85)
[2017.11.18-19.17.23:184][430]LogModuleManager: Shutting down and abandoning module Android_ASTCTargetPlatform (83)
[2017.11.18-19.17.23:185][430]LogModuleManager: Shutting down and abandoning module AndroidTargetPlatform (81)
[2017.11.18-19.17.23:186][430]LogModuleManager: Shutting down and abandoning module WindowsTargetPlatform (79)
[2017.11.18-19.17.23:186][430]LogModuleManager: Shutting down and abandoning module WindowsServerTargetPlatform (77)
[2017.11.18-19.17.23:186][430]LogModuleManager: Shutting down and abandoning module WindowsNoEditorTargetPlatform (75)
[2017.11.18-19.17.23:186][430]LogModuleManager: Shutting down and abandoning module WindowsClientTargetPlatform (73)
[2017.11.18-19.17.23:186][430]LogModuleManager: Shutting down and abandoning module MacTargetPlatform (71)
[2017.11.18-19.17.23:186][430]LogModuleManager: Shutting down and abandoning module MacServerTargetPlatform (69)
[2017.11.18-19.17.23:186][430]LogModuleManager: Shutting down and abandoning module MacNoEditorTargetPlatform (67)
[2017.11.18-19.17.23:186][430]LogModuleManager: Shutting down and abandoning module MacClientTargetPlatform (65)
[2017.11.18-19.17.23:186][430]LogModuleManager: Shutting down and abandoning module AllDesktopTargetPlatform (63)
[2017.11.18-19.17.23:186][430]LogModuleManager: Shutting down and abandoning module InputCore (60)
[2017.11.18-19.17.23:186][430]LogModuleManager: Shutting down and abandoning module Settings (58)
[2017.11.18-19.17.23:186][430]LogModuleManager: Shutting down and abandoning module OculusRift (56)
[2017.11.18-19.17.23:187][430]LogModuleManager: Shutting down and abandoning module GearVRController (54)
[2017.11.18-19.17.23:187][430]LogModuleManager: Shutting down and abandoning module GearVR (52)
[2017.11.18-19.17.23:188][430]LogModuleManager: Shutting down and abandoning module ExampleDeviceProfileSelector (50)
[2017.11.18-19.17.23:188][430]LogModuleManager: Shutting down and abandoning module OnlineBlueprintSupport (48)
[2017.11.18-19.17.23:188][430]LogModuleManager: Shutting down and abandoning module OnlineSubsystem (44)
[2017.11.18-19.17.23:188][430]LogOnline:Display: Unloading online subsystem: NULL
[2017.11.18-19.17.23:190][430]LogModuleManager: Shutting down and abandoning module XMPP (43)
[2017.11.18-19.17.23:192][430]LogModuleManager: Shutting down and abandoning module HTTP (41)
[2017.11.18-19.17.23:192][430]LogHttp:Display: Http module shutting down, but needs to wait on 1 outstanding Http requests:
[2017.11.18-19.17.23:193][430]LogHttp:Display: 	verb=[POST] url=[https://datarouter.ol.epicgames.com/datarouter/api/v1/public/data?SessionID=%7B0DCBE327-4258-E538-5656-0BAD8DE5949F%7D&AppID=UEEditor.Rocket.Release&AppVersion=4.16.3-3561208%2B%2B%2BUE4%2BRelease-4.16&UserID=617e6a62402b4484553a4cb6ea5114d1%7Ca0430c46660d4dc5973c0814ead9f1e2%7Cd0e4fba0-155e-424d-8985-2a3b896a1535&AppEnvironment=datacollector-binary&UploadType=eteventstream] status=Processing
[2017.11.18-19.17.23:220][430]LogModuleManager: Shutting down and abandoning module SSL (40)
[2017.11.18-19.17.23:223][430]LogModuleManager: Shutting down and abandoning module HTTPChunkInstaller (36)
[2017.11.18-19.17.23:225][430]LogModuleManager: Shutting down and abandoning module AnimationModifiers (34)
[2017.11.18-19.17.23:226][430]LogModuleManager: Shutting down and abandoning module PropertyEditor (33)
[2017.11.18-19.17.23:226][430]LogModuleManager: Shutting down and abandoning module AudioEditor (30)
[2017.11.18-19.17.23:229][430]LogModuleManager: Shutting down and abandoning module TextureCompressor (28)
[2017.11.18-19.17.23:230][430]LogModuleManager: Shutting down and abandoning module ShaderCore (26)
[2017.11.18-19.17.23:231][430]LogModuleManager: Shutting down and abandoning module Landscape (24)
[2017.11.18-19.17.23:231][430]LogModuleManager: Shutting down and abandoning module SlateRHIRenderer (22)
[2017.11.18-19.17.23:233][430]LogModuleManager: Shutting down and abandoning module OpenGLDrv (20)
[2017.11.18-19.17.23:235][430]LogModuleManager: Shutting down and abandoning module D3D11RHI (18)
[2017.11.18-19.17.23:235][430]LogModuleManager: Shutting down and abandoning module AnimGraphRuntime (16)
[2017.11.18-19.17.23:236][430]LogModuleManager: Shutting down and abandoning module Renderer (14)
[2017.11.18-19.17.23:236][430]LogModuleManager: Shutting down and abandoning module Engine (12)
[2017.11.18-19.17.23:236][430]LogModuleManager: Shutting down and abandoning module CoreUObject (10)
[2017.11.18-19.17.23:236][430]LogModuleManager: Shutting down and abandoning module NetworkFile (8)
[2017.11.18-19.17.23:237][430]LogModuleManager: Shutting down and abandoning module StreamingFile (6)
[2017.11.18-19.17.23:237][430]LogModuleManager: Shutting down and abandoning module SandboxFile (4)
[2017.11.18-19.17.23:237][430]LogModuleManager: Shutting down and abandoning module PakFile (2)
[2017.11.18-19.17.23:242][430]LogExit: Exiting.
[2017.11.18-19.17.23:260][430]Log file closed, 11/18/17 20:17:23
