Log file open, 11/18/17 12:59:17
LogInit:Display: Running engine for game: OpenWorld_16
LogPlatformFile: Not using cached read wrapper
LogInit:Display: RandInit(-547214776) SRandInit(-547214776).
LogTaskGraph: Started task graph with 5 named threads and 6 total threads with 1 sets of task threads.
LogStats: Stats thread started at 1.129984
LogInit: Using libcurl 7.47.1
LogInit:  - built for x86_64-pc-win32
LogInit:  - supports SSL with OpenSSL/1.0.2g
LogInit:  - supports HTTP deflate (compression) using libz 1.2.8
LogInit:  - other features:
LogInit:      CURL_VERSION_SSL
LogInit:      CURL_VERSION_LIBZ
LogInit:      CURL_VERSION_IPV6
LogInit:      CURL_VERSION_ASYNCHDNS
LogInit:      CURL_VERSION_LARGEFILE
LogInit:      CURL_VERSION_IDN
LogInit:  CurlRequestOptions (configurable via config and command line):
LogInit:  - bVerifyPeer = false  - Libcurl will NOT verify peer certificate
LogInit:  - bUseHttpProxy = false  - Libcurl will NOT use HTTP proxy
LogInit:  - bDontReuseConnections = false  - Libcurl will reuse connections
LogInit:  - CertBundlePath = nullptr  - Libcurl will use whatever was configured at build time.
LogInit: Build: ++UE4+Release-4.16-CL-3561208
LogInit: Engine Version: 4.16.3-3561208+++UE4+Release-4.16
LogInit: Compatible Engine Version: 4.16.0-3452394+++UE4+Release-4.16
LogInit: Net CL: 3452394
LogDevObjectVersion: Number of dev versions registered: 16
LogDevObjectVersion:   Dev-Blueprints (B0D832E4-1F89-4F0D-ACCF-7EB736FD4AA2): 9
LogDevObjectVersion:   Dev-Build (E1C64328-A22C-4D53-A36C-8E866417BD8C): 0
LogDevObjectVersion:   Dev-Core (375EC13C-06E4-48FB-B500-84F0262A717E): 2
LogDevObjectVersion:   Dev-Editor (E4B068ED-F494-42E9-A231-DA0B2E46BB41): 17
LogDevObjectVersion:   Dev-Framework (CFFC743F-43B0-4480-9391-14DF171D2073): 23
LogDevObjectVersion:   Dev-Mobile (B02B49B5-BB20-44E9-A304-32B752E40360): 0
LogDevObjectVersion:   Dev-Networking (A4E4105C-59A1-49B5-A7C5-40C4547EDFEE): 0
LogDevObjectVersion:   Dev-Online (39C831C9-5AE6-47DC-9A44-9C173E1C8E7C): 0
LogDevObjectVersion:   Dev-Physics (78F01B33-EBEA-4F98-B9B4-84EACCB95AA2): 0
LogDevObjectVersion:   Dev-Platform (6631380F-2D4D-43E0-8009-CF276956A95A): 0
LogDevObjectVersion:   Dev-Rendering (12F88B9F-8875-4AFC-A67C-D90C383ABD29): 15
LogDevObjectVersion:   Dev-Sequencer (7B5AE74C-D270-4C10-A958-57980B212A5A): 4
LogDevObjectVersion:   Dev-VR (D7296918-1DD6-4BDD-9DE2-64A83CC13884): 0
LogDevObjectVersion:   Dev-LoadTimes (C2A15278-BFE7-4AFE-6C17-90FF531DF755): 1
LogDevObjectVersion:   Private-Geometry (6EACA3D4-40EC-4CC1-B786-8BED09428FC5): 1
LogDevObjectVersion:   Dev-AnimPhys (29E575DD-E0A3-4627-9D10-D276232CDCEA): 3
LogInit: Compiled (64-bit): Jul 28 2017 11:49:47
LogInit: Compiled with Visual C++: 19.00.24215.01
LogInit: Build Configuration: Development
LogInit: Branch Name: ++UE4+Release-4.16
LogInit: Command line:  -skipcompile
LogInit: Base directory: C:/Program Files (x86)/Epic Games/UE_4.16/Engine/Binaries/Win64/
LogInit: Installed Engine Build: 1
LogInit: Presizing for max 8388607 objects, including 0 objects not considered by GC, pre-allocating 0 bytes for permanent pool.
LogInit: Object subsystem initialized
[2017.11.18-11.59.18:557][  0]LogInit: Selected Device Profile: [Windows]
[2017.11.18-11.59.18:557][  0]LogInit: Applying CVar settings loaded from the selected device profile: [Windows]
[2017.11.18-11.59.18:587][  0]LogInit: Computer: HP-PC
[2017.11.18-11.59.18:595][  0]LogInit: User: Admin
[2017.11.18-11.59.18:605][  0]LogInit: CPU Page size=4096, Cores=2
[2017.11.18-11.59.18:605][  0]LogInit: High frequency timer resolution =3.117568 MHz
[2017.11.18-11.59.18:606][  0]LogMemory: Memory total: Physical=7.9GB (8GB approx)
[2017.11.18-11.59.18:609][  0]LogMemory: Platform Memory Stats for Windows
[2017.11.18-11.59.18:609][  0]LogMemory: Process Physical Memory: 273.60 MB used, 273.60 MB peak
[2017.11.18-11.59.18:609][  0]LogMemory: Process Virtual Memory: 260.59 MB used, 260.59 MB peak
[2017.11.18-11.59.18:609][  0]LogMemory: Physical Memory: 5405.46 MB used,  2649.83 MB free, 8055.29 MB total
[2017.11.18-11.59.18:610][  0]LogMemory: Virtual Memory: 618.77 MB used,  2649.83 MB free, 8388608.00 MB total
[2017.11.18-11.59.19:130][  0]LogInit: Overriding language with editor language configuration option (en).
[2017.11.18-11.59.19:132][  0]LogInit: Overriding locale with editor locale configuration option (en).
[2017.11.18-11.59.21:308][  0]LogD3D11RHI: D3D11 adapters:
[2017.11.18-11.59.21:359][  0]LogD3D11RHI:    0. 'NVIDIA GeForce GT 730' (Feature Level 11_0)
[2017.11.18-11.59.21:359][  0]LogD3D11RHI:       973/0/3072 MB DedicatedVideo/DedicatedSystem/SharedSystem, Outputs:1, VendorId:0x10de
[2017.11.18-11.59.21:359][  0]LogD3D11RHI: Chosen D3D11 Adapter: 0
[2017.11.18-11.59.21:367][  0]LogD3D11RHI: Creating new Direct3DDevice
[2017.11.18-11.59.21:367][  0]LogD3D11RHI:     GPU DeviceId: 0x1287 (for the marketing name, search the web for "GPU Device Id")
[2017.11.18-11.59.21:367][  0]LogWindows: EnumDisplayDevices:
[2017.11.18-11.59.21:368][  0]LogWindows:    0. 'NVIDIA GeForce GT 730' (P:1 D:1)
[2017.11.18-11.59.21:368][  0]LogWindows:    1. 'NVIDIA GeForce GT 730' (P:0 D:0)
[2017.11.18-11.59.21:369][  0]LogWindows:    2. 'NVIDIA GeForce GT 730' (P:0 D:0)
[2017.11.18-11.59.21:369][  0]LogWindows:    3. 'RDPDD Chained DD' (P:0 D:0)
[2017.11.18-11.59.21:369][  0]LogWindows:    4. 'RDP Encoder Mirror Driver' (P:0 D:0)
[2017.11.18-11.59.21:369][  0]LogWindows:    5. 'RDP Reflector Display Driver' (P:0 D:0)
[2017.11.18-11.59.21:370][  0]LogWindows: DebugString: GetVideoDriverDetailsInvalid PrimaryIsNotTheChoosenAdapter GetVideoDriverDetailsInvalid PrimaryIsNotTheChoosenAdapter GetVideoDriverDetailsInvalid PrimaryIsNotTheChoosenAdapter FoundDriverCount:3 
[2017.11.18-11.59.21:370][  0]LogD3D11RHI:     Adapter Name: NVIDIA GeForce GT 730
[2017.11.18-11.59.21:370][  0]LogD3D11RHI:   Driver Version: 385.69 (internal:22.21.13.8569, unified:385.69)
[2017.11.18-11.59.21:370][  0]LogD3D11RHI:      Driver Date: 9-16-2017
[2017.11.18-11.59.21:371][  0]LogRHI: Texture pool is 681 MB (70% of 973 MB)
[2017.11.18-11.59.21:399][  0]LogD3D11RHI: Async texture creation enabled
[2017.11.18-11.59.21:443][  0]LogD3D11RHI: GPU Timing Frequency: 1000.000000 (Debug: 2 2)
[2017.11.18-11.59.21:451][  0]LogD3D11RHI: HDR output is supported on display 0 (NvId: 0x80061083).
[2017.11.18-11.59.21:454][  0]LogShaderCompilers: Guid format shader working directory is -22 characters bigger than the processId version (../../../../../../Users/Admin/Documents/Unreal Projects/OpenWorld_16/Intermediate/Shaders/WorkingDirectory/7308/).
[2017.11.18-11.59.21:454][  0]LogShaderCompilers: Cleaned the shader compiler working directory 'C:/Users/Admin/AppData/Local/Temp/UnrealShaderWorkingDir/A58550D246C471537E8FDDA843B84576/'.
[2017.11.18-11.59.21:455][  0]LogShaderCompilers:Display: Using Local Shader Compiler.
[2017.11.18-11.59.23:884][  0]LogTemp:Display: Loaded TP AllDesktopTargetPlatform
[2017.11.18-11.59.24:009][  0]LogTemp:Display: Loaded TP MacClientTargetPlatform
[2017.11.18-11.59.24:132][  0]LogTemp:Display: Loaded TP MacNoEditorTargetPlatform
[2017.11.18-11.59.24:244][  0]LogTemp:Display: Loaded TP MacServerTargetPlatform
[2017.11.18-11.59.24:396][  0]LogTemp:Display: Loaded TP MacTargetPlatform
[2017.11.18-11.59.24:528][  0]LogTemp:Display: Loaded TP WindowsClientTargetPlatform
[2017.11.18-11.59.24:645][  0]LogTemp:Display: Loaded TP WindowsNoEditorTargetPlatform
[2017.11.18-11.59.24:775][  0]LogTemp:Display: Loaded TP WindowsServerTargetPlatform
[2017.11.18-11.59.24:886][  0]LogTemp:Display: Loaded TP WindowsTargetPlatform
[2017.11.18-11.59.25:015][  0]LogTemp:Display: Loaded TP AndroidTargetPlatform
[2017.11.18-11.59.25:141][  0]LogTemp:Display: Loaded TP Android_ASTCTargetPlatform
[2017.11.18-11.59.25:275][  0]LogTemp:Display: Loaded TP Android_ATCTargetPlatform
[2017.11.18-11.59.25:434][  0]LogTemp:Display: Loaded TP Android_DXTTargetPlatform
[2017.11.18-11.59.25:583][  0]LogTemp:Display: Loaded TP Android_ETC1TargetPlatform
[2017.11.18-11.59.25:729][  0]LogTemp:Display: Loaded TP Android_ETC2TargetPlatform
[2017.11.18-11.59.25:985][  0]LogTemp:Display: Loaded TP Android_MultiTargetPlatform
[2017.11.18-11.59.25:985][  0]LogTemp:Display: Loaded TP Android_PVRTCTargetPlatform
[2017.11.18-11.59.26:086][  0]LogTemp:Display: Loaded TP HTML5TargetPlatform
[2017.11.18-11.59.26:303][  0]LogTemp:Display: Loaded TP IOSTargetPlatform
[2017.11.18-11.59.26:392][  0]LogTemp:Display: Loaded TP TVOSTargetPlatform
[2017.11.18-11.59.26:524][  0]LogTemp:Display: Loaded TP LinuxClientTargetPlatform
[2017.11.18-11.59.26:653][  0]LogTemp:Display: Loaded TP LinuxNoEditorTargetPlatform
[2017.11.18-11.59.26:775][  0]LogTemp:Display: Loaded TP LinuxServerTargetPlatform
[2017.11.18-11.59.26:907][  0]LogTemp:Display: Loaded TP LinuxTargetPlatform
[2017.11.18-11.59.26:909][  0]LogTargetPlatformManager:Display: Building Assets For Windows
[2017.11.18-11.59.28:336][  0]LogDerivedDataCache:Display: Max Cache Size: 512 MB
[2017.11.18-11.59.29:003][  0]LogDerivedDataCache: Loaded boot cache 0.67s 90MB C:/Users/Admin/AppData/Local/UnrealEngine/4.16/DerivedDataCache/Boot.ddc.
[2017.11.18-11.59.29:004][  0]LogDerivedDataCache:Display: Loaded Boot cache: C:/Users/Admin/AppData/Local/UnrealEngine/4.16/DerivedDataCache/Boot.ddc
[2017.11.18-11.59.29:004][  0]LogDerivedDataCache: FDerivedDataBackendGraph:  Pak pak cache file ../../../../../../Users/Admin/Documents/Unreal Projects/OpenWorld_16/DerivedDataCache/DDC.ddp not found, will not use a pak cache.
[2017.11.18-11.59.29:005][  0]LogDerivedDataCache: Unable to find inner node Pak for hierarchical cache Hierarchy.
[2017.11.18-11.59.29:005][  0]LogDerivedDataCache: FDerivedDataBackendGraph:  CompressedPak pak cache file ../../../../../../Users/Admin/Documents/Unreal Projects/OpenWorld_16/DerivedDataCache/Compressed.ddp not found, will not use a pak cache.
[2017.11.18-11.59.29:006][  0]LogDerivedDataCache: Unable to find inner node CompressedPak for hierarchical cache Hierarchy.
[2017.11.18-11.59.29:050][  0]LogDerivedDataCache:Display: Pak cache opened for reading ../../../Engine/DerivedDataCache/Compressed.ddp.
[2017.11.18-11.59.29:064][  0]LogDerivedDataCache: Using Local data cache path C:/Users/Admin/AppData/Local/UnrealEngine/Common/DerivedDataCache: Writable
[2017.11.18-11.59.29:089][  0]LogMaterial: Verifying Global Shaders for PCD3D_SM5
[2017.11.18-11.59.29:095][  0]LogSlate: Using Freetype 2.6.0
[2017.11.18-11.59.29:100][  0]LogSlate: SlateFontCache - WITH_FREETYPE: 1, WITH_HARFBUZZ: 1
[2017.11.18-11.59.29:101][  0]LogSlate: SlateFontCache - WITH_FREETYPE: 1, WITH_HARFBUZZ: 1
[2017.11.18-11.59.30:861][  0]LogInit: Selected Device Profile: [Windows]
[2017.11.18-11.59.30:875][  0]LogContentStreaming: Texture pool size is 0.00 MB
[2017.11.18-11.59.31:510][  0]LogMeshUtilities: Using QuadricMeshReduction for automatic static mesh reduction
[2017.11.18-11.59.31:683][  0]LogSimplygon: Simplygon DLL not present - disabling.
[2017.11.18-11.59.31:800][  0]LogMeshUtilities: Using SimplygonSwarm for distributed automatic mesh merging
[2017.11.18-11.59.31:801][  0]LogMeshUtilities: No automatic skeletal mesh reduction module available
[2017.11.18-11.59.31:801][  0]LogMeshUtilities: No automatic mesh merging module available
[2017.11.18-11.59.33:324][  0]LogNetVersion: OpenWorld_16 , NetCL: 3452394, EngineNetVer: 2, GameNetVer: 0 (Checksum: 878940126)
[2017.11.18-11.59.33:506][  0]LogAssetRegistry: FAssetRegistry took 0.0391 seconds to start up
[2017.11.18-11.59.33:593][  0]LogPackageLocalizationCache: Processed 4 localized package path(s) for 1 prioritized culture(s) in 0.042568 seconds
[2017.11.18-11.59.33:608][  0]LogUObjectArray: 34194 objects as part of root set at end of initial load.
[2017.11.18-11.59.33:609][  0]LogUObjectAllocator: 7260424 out of 0 bytes used by permanent object pool.
[2017.11.18-11.59.33:609][  0]LogUObjectArray: CloseDisregardForGC: 0/0 objects in disregard for GC pool
[2017.11.18-11.59.33:770][  0]LogInit: WinSock: version 1.1 (2.2), MaxSocks=32767, MaxUdp=65467
[2017.11.18-11.59.42:137][  0]LogSubstanceCoreModule: Substance [CPU] Engine Loaded, Max Texture Size = 2048
[2017.11.18-11.59.42:241][  0]LogTcpMessaging: Initializing TcpMessaging bridge
[2017.11.18-11.59.42:317][  0]LogUdpMessaging: Initializing bridge on interface 0.0.0.0:0 to multicast group 230.0.0.1:6666.
[2017.11.18-11.59.44:165][  0]LogMaterial: Uniform references updated for custom material expression Custom.
[2017.11.18-11.59.45:357][  0]SourceControl: Info Source control is disabled
[2017.11.18-11.59.45:520][  0]SourceControl: Info Source control is disabled
[2017.11.18-11.59.45:720][  0]SourceControl: Info Source control is disabled
[2017.11.18-11.59.45:894][  0]SourceControl: Info Source control is disabled
[2017.11.18-11.59.48:667][  0]LogAndroidPermission: UAndroidPermissionCallbackProxy::GetInstance
[2017.11.18-11.59.50:838][  0]LogEngine: Initializing Engine...
[2017.11.18-11.59.50:839][  0]LogHMD: Failed to initialize OpenVR with code 110
[2017.11.18-11.59.51:325][  0]LogStats: UGameplayTagsManager::ConstructGameplayTagTree: Construct from data asset -  0.000 s
[2017.11.18-11.59.51:325][  0]LogStats: UGameplayTagsManager::ConstructGameplayTagTree: GameplayTagTreeChangedEvent.Broadcast -  0.000 s
[2017.11.18-11.59.51:799][  0]LogAIModule: Creating AISystem for world Untitled
[2017.11.18-11.59.51:848][  0]LogInit: XAudio2 using 'Altavoces (Realtek High Definition Audio)' : 2 channels at 48 kHz using 32 bits per sample (channel mask 0x3)
[2017.11.18-11.59.51:868][  0]LogInit: FAudioDevice initialized.
[2017.11.18-11.59.51:945][  0]LogDerivedDataCache: Saved boot cache 0.08s 90MB C:/Users/Admin/AppData/Local/UnrealEngine/4.16/DerivedDataCache/Boot.ddc.
[2017.11.18-11.59.51:988][  0]LogInit: Texture streaming: Enabled
[2017.11.18-11.59.52:365][  0]LogEngineSessionManager: EngineSessionManager initialized
[2017.11.18-11.59.53:195][  0]LogInit: Transaction tracking system initialized
[2017.11.18-11.59.54:279][  0]BlueprintLog: New page: Editor Load
[2017.11.18-11.59.57:737][  0]LocalizationService: Info Localization service is disabled
[2017.11.18-12.00.00:977][  0]LogConsoleResponse:Display: 
[2017.11.18-12.00.01:415][  0]LogCook:Display: Max memory allowance for cook 16384mb min free memory 0mb
[2017.11.18-12.00.01:415][  0]LogCook:Display: Mobile HDR setting 1
[2017.11.18-12.00.02:437][  0]LogFileCache: Scanning file cache for directory 'C:/Users/Admin/Documents/Unreal Projects/OpenWorld_16/Content/' took 0.02s
[2017.11.18-12.00.04:359][  0]SourceControl: Info Source control is disabled
[2017.11.18-12.00.04:365][  0]Cmd: MAP LOAD FILE="../../../../../../Users/Admin/Documents/Unreal Projects/OpenWorld_16/Content/FirstPersonBP/Maps/FirstPersonExampleMap.umap" TEMPLATE=0 SHOWPROGRESS=1 FEATURELEVEL=3
[2017.11.18-12.00.04:369][  0]LightingResults: New page: Lighting Build
[2017.11.18-12.00.04:506][  0]MapCheck: New page: Map Check
[2017.11.18-12.00.04:506][  0]LightingResults: New page: Lighting Build
[2017.11.18-12.00.05:598][  0]LogAIModule: Creating AISystem for world FirstPersonExampleMap
[2017.11.18-12.00.05:644][  0]LogEditorServer: Finished looking for orphan Actors (0.000 secs)
[2017.11.18-12.00.05:703][  0]Cmd: MAP CHECKDEP NOCLEARLOG
[2017.11.18-12.00.05:848][  0]MapCheck: Info Map check complete: 0 Error(s), 0 Warning(s), took 144.933ms to complete.
[2017.11.18-12.00.05:848][  0]LogFileHelpers: Loading map 'FirstPersonExampleMap' took 1.558
[2017.11.18-12.00.06:147][  0]LogCollectionManager: Loaded 0 collections in 0.004628 seconds
[2017.11.18-12.00.06:370][  0]LogFileCache: Scanning file cache for directory 'C:/Users/Admin/Documents/Unreal Projects/OpenWorld_16/Saved/Collections/' took 0.02s
[2017.11.18-12.00.06:371][  0]LogFileCache: Scanning file cache for directory 'C:/Users/Admin/Documents/Unreal Projects/OpenWorld_16/Content/Developers/Admin/Collections/' took 0.01s
[2017.11.18-12.00.06:371][  0]LogFileCache: Scanning file cache for directory 'C:/Users/Admin/Documents/Unreal Projects/OpenWorld_16/Content/Collections/' took 0.02s
[2017.11.18-12.00.06:371][  0]LogCollectionManager: Rebuilt the GUID cache for 0 collections in 0.000005 seconds
[2017.11.18-12.00.06:392][  0]LogContentBrowser: Native class hierarchy populated in 0.0180 seconds. Added 2361 classes and 508 folders.
[2017.11.18-12.00.06:560][  0]LogContentBrowser: Native class hierarchy updated for 'WidgetCarousel' in 0.0020 seconds. Added 0 classes and 0 folders.
[2017.11.18-12.00.06:776][  0]LogContentBrowser: Native class hierarchy updated for 'AddContentDialog' in 0.0020 seconds. Added 0 classes and 0 folders.
[2017.11.18-12.00.06:910][  0]LogContentBrowser: Native class hierarchy updated for 'SceneOutliner' in 0.0022 seconds. Added 1 classes and 2 folders.
[2017.11.18-12.00.07:241][  0]LogCrashTracker: Crashtracker disabled due to settings.
[2017.11.18-12.00.07:255][  0]LogSlate: Took 0.002024 seconds to synchronously load lazily loaded font '../../../Engine/Content/Slate/Fonts/Roboto-Regular.ttf' (155K)
[2017.11.18-12.00.07:260][  0]LogSlate: Took 0.002089 seconds to synchronously load lazily loaded font '../../../Engine/Content/Slate/Fonts/Roboto-Bold.ttf' (160K)
[2017.11.18-12.00.07:279][  0]LogSlate: Took 0.004681 seconds to synchronously load lazily loaded font '../../../Engine/Content/Editor/Slate/Fonts/FontAwesome.ttf' (139K)
[2017.11.18-12.00.07:456][  0]LogRenderer: Reallocating scene render targets to support 844x408 NumSamples 1 (Frame:1).
[2017.11.18-12.00.07:582][  0]LogSlate: Took 0.002173 seconds to synchronously load lazily loaded font '../../../Engine/Content/Slate/Fonts/Roboto-Light.ttf' (159K)
[2017.11.18-12.00.07:836][  0]LogUObjectGlobals:Warning: Failed to find object 'Class None.'
[2017.11.18-12.00.08:001][  0]LogContentBrowser: Native class hierarchy updated for 'HierarchicalLODOutliner' in 0.0035 seconds. Added 1 classes and 2 folders.
[2017.11.18-12.00.08:005][  0]LogLoad: (Engine Initialization) Total time: 54.89 seconds
[2017.11.18-12.00.08:005][  0]LogLoad: (Engine Initialization) Total Blueprint compile time: 0.38 seconds
[2017.11.18-12.00.08:005][  0]LogExternalProfiler: Found external profiler: VSPerf
[2017.11.18-12.00.08:005][  0]LogExternalProfiler: Using external profiler: VSPerf
[2017.11.18-12.00.08:045][  0]LogOcInput: OculusInput pre-init called
[2017.11.18-12.00.08:045][  0]LogHMD: Starting GearVRController plugin
[2017.11.18-12.00.08:074][  0]LogContentStreaming: Texture pool size now 600 MB
[2017.11.18-12.00.08:232][  2]LogAssetRegistry: Asset discovery search completed in 34.8713 seconds
[2017.11.18-12.00.08:237][  2]LogCollectionManager: Rebuilt the object cache for 0 collections in 0.000001 seconds (found 0 objects)
[2017.11.18-12.00.08:238][  2]LogCollectionManager: Fixed up redirectors for 0 collections in 0.001003 seconds (updated 0 objects)
[2017.11.18-12.00.08:324][  3]LogMaterial: Missing cached shader map for material Material_0, compiling. 
[2017.11.18-12.00.08:412][  4]LogMaterial: Missing cached shader map for material Material_1, compiling. 
[2017.11.18-12.00.27:114][124]LogSlate: Took 0.001482 seconds to synchronously load lazily loaded font '../../../Engine/Content/Editor/Slate/Fonts/DroidSansMono.ttf' (77K)
[2017.11.18-12.00.28:523][166]LogTemp: Repeting last play command: Selected Viewport
[2017.11.18-12.00.28:611][166]LogBlueprintUserMessages: Early PlayInEditor Detection: Level '/Game/FirstPersonBP/Maps/FirstPersonExampleMap.FirstPersonExampleMap:PersistentLevel' has LevelScriptBlueprint '/Game/FirstPersonBP/Maps/FirstPersonExampleMap.FirstPersonExampleMap:PersistentLevel.FirstPersonExampleMap' with GeneratedClass '/Game/FirstPersonBP/Maps/FirstPersonExampleMap.FirstPersonExampleMap_C' with ClassGeneratedBy '/Game/FirstPersonBP/Maps/FirstPersonExampleMap.FirstPersonExampleMap:PersistentLevel.FirstPersonExampleMap'
[2017.11.18-12.00.28:614][166]LogPlayLevel: PlayLevel: No blueprints needed recompiling
[2017.11.18-12.00.28:616][166]PIE: New page: PIE session: FirstPersonExampleMap (Nov 18, 2017, 2:00:28 PM)
[2017.11.18-12.00.28:617][166]LogPlayLevel: Creating play world package: /Game/FirstPersonBP/Maps/UEDPIE_0_FirstPersonExampleMap
[2017.11.18-12.00.28:659][166]LogPlayLevel: PIE: StaticDuplicateObject took: (0.042079s)
[2017.11.18-12.00.28:661][166]LogAIModule: Creating AISystem for world FirstPersonExampleMap
[2017.11.18-12.00.28:662][166]LogPlayLevel: PIE: World Init took: (0.002279s)
[2017.11.18-12.00.28:663][166]LogPlayLevel: PIE: Created PIE world by copying editor world from /Game/FirstPersonBP/Maps/FirstPersonExampleMap.FirstPersonExampleMap to /Game/FirstPersonBP/Maps/UEDPIE_0_FirstPersonExampleMap.FirstPersonExampleMap (0.045868s)
[2017.11.18-12.00.28:712][166]LogInit: XAudio2 using 'Altavoces (Realtek High Definition Audio)' : 2 channels at 48 kHz using 32 bits per sample (channel mask 0x3)
[2017.11.18-12.00.28:725][166]LogInit: FAudioDevice initialized.
[2017.11.18-12.00.28:782][166]LogLoad: Game class is 'WorldGameMode_BP_C'
[2017.11.18-12.00.28:787][166]LogWorld: Bringing World /Game/FirstPersonBP/Maps/UEDPIE_0_FirstPersonExampleMap.FirstPersonExampleMap up for play (max tick rate 30) at 2017.11.18-13.00.28
[2017.11.18-12.00.28:788][166]LogWorld: Bringing up level for play took: 0.002303
[2017.11.18-12.00.28:909][166]LogContentBrowser: Native class hierarchy updated for 'MovieSceneCapture' in 0.0027 seconds. Added 11 classes and 0 folders.
[2017.11.18-12.00.28:913][166]LogBlueprintUserMessages: [WorldGameMode_BP_C_0] Hello
[2017.11.18-12.00.29:027][166]LogTemp:Warning: First map load took: 115.099655 ms
[2017.11.18-12.00.29:032][166]PIE: Info Play in editor start time for /Game/FirstPersonBP/Maps/UEDPIE_0_FirstPersonExampleMap 0.349
[2017.11.18-12.00.29:033][166]LogBlueprintUserMessages: Late PlayInEditor Detection: Level '/Game/FirstPersonBP/Maps/FirstPersonExampleMap.FirstPersonExampleMap:PersistentLevel' has LevelScriptBlueprint '/Game/FirstPersonBP/Maps/FirstPersonExampleMap.FirstPersonExampleMap:PersistentLevel.FirstPersonExampleMap' with GeneratedClass '/Game/FirstPersonBP/Maps/FirstPersonExampleMap.FirstPersonExampleMap_C' with ClassGeneratedBy '/Game/FirstPersonBP/Maps/FirstPersonExampleMap.FirstPersonExampleMap:PersistentLevel.FirstPersonExampleMap'
[2017.11.18-12.00.29:083][167]Mat_Loader:Warning: Added transition meterial with index: 2-1-0
[2017.11.18-12.00.38:344][421]LogBlueprintUserMessages: [WorldGameMode_BP_C_0] Hello
[2017.11.18-12.01.03:814][758]LogBlueprintUserMessages: Early EndPlayMap Detection: Level '/Game/FirstPersonBP/Maps/FirstPersonExampleMap.FirstPersonExampleMap:PersistentLevel' has LevelScriptBlueprint '/Game/FirstPersonBP/Maps/FirstPersonExampleMap.FirstPersonExampleMap:PersistentLevel.FirstPersonExampleMap' with GeneratedClass '/Game/FirstPersonBP/Maps/FirstPersonExampleMap.FirstPersonExampleMap_C' with ClassGeneratedBy '/Game/FirstPersonBP/Maps/FirstPersonExampleMap.FirstPersonExampleMap:PersistentLevel.FirstPersonExampleMap'
[2017.11.18-12.01.03:870][758]LogBlueprintUserMessages: Late EndPlayMap Detection: Level '/Game/FirstPersonBP/Maps/FirstPersonExampleMap.FirstPersonExampleMap:PersistentLevel' has LevelScriptBlueprint '/Game/FirstPersonBP/Maps/FirstPersonExampleMap.FirstPersonExampleMap:PersistentLevel.FirstPersonExampleMap' with GeneratedClass '/Game/FirstPersonBP/Maps/FirstPersonExampleMap.FirstPersonExampleMap_C' with ClassGeneratedBy '/Game/FirstPersonBP/Maps/FirstPersonExampleMap.FirstPersonExampleMap:PersistentLevel.FirstPersonExampleMap'
[2017.11.18-12.01.34:055][202]LogTemp: Repeting last play command: Selected Viewport
[2017.11.18-12.01.34:078][202]LogBlueprintUserMessages: Early PlayInEditor Detection: Level '/Game/FirstPersonBP/Maps/FirstPersonExampleMap.FirstPersonExampleMap:PersistentLevel' has LevelScriptBlueprint '/Game/FirstPersonBP/Maps/FirstPersonExampleMap.FirstPersonExampleMap:PersistentLevel.FirstPersonExampleMap' with GeneratedClass '/Game/FirstPersonBP/Maps/FirstPersonExampleMap.FirstPersonExampleMap_C' with ClassGeneratedBy '/Game/FirstPersonBP/Maps/FirstPersonExampleMap.FirstPersonExampleMap:PersistentLevel.FirstPersonExampleMap'
[2017.11.18-12.01.34:080][202]LogPlayLevel: PlayLevel: No blueprints needed recompiling
[2017.11.18-12.01.34:081][202]PIE: New page: PIE session: FirstPersonExampleMap (Nov 18, 2017, 2:01:34 PM)
[2017.11.18-12.01.34:081][202]LogPlayLevel: Creating play world package: /Game/FirstPersonBP/Maps/UEDPIE_0_FirstPersonExampleMap
[2017.11.18-12.01.34:107][202]LogPlayLevel: PIE: StaticDuplicateObject took: (0.025329s)
[2017.11.18-12.01.34:108][202]LogAIModule: Creating AISystem for world FirstPersonExampleMap
[2017.11.18-12.01.34:109][202]LogPlayLevel: PIE: World Init took: (0.001998s)
[2017.11.18-12.01.34:110][202]LogPlayLevel: PIE: Created PIE world by copying editor world from /Game/FirstPersonBP/Maps/FirstPersonExampleMap.FirstPersonExampleMap to /Game/FirstPersonBP/Maps/UEDPIE_0_FirstPersonExampleMap.FirstPersonExampleMap (0.028646s)
[2017.11.18-12.01.34:147][202]LogInit: XAudio2 using 'Altavoces (Realtek High Definition Audio)' : 2 channels at 48 kHz using 32 bits per sample (channel mask 0x3)
[2017.11.18-12.01.34:157][202]LogInit: FAudioDevice initialized.
[2017.11.18-12.01.34:196][202]LogLoad: Game class is 'WorldGameMode_BP_C'
[2017.11.18-12.01.34:198][202]LogWorld: Bringing World /Game/FirstPersonBP/Maps/UEDPIE_0_FirstPersonExampleMap.FirstPersonExampleMap up for play (max tick rate 30) at 2017.11.18-13.01.34
[2017.11.18-12.01.34:199][202]LogWorld: Bringing up level for play took: 0.002245
[2017.11.18-12.01.34:202][202]LogBlueprintUserMessages: [WorldGameMode_BP_C_0] Hello
[2017.11.18-12.01.34:277][202]LogTemp:Warning: First map load took: 75.700354 ms
[2017.11.18-12.01.34:278][202]PIE: Info Play in editor start time for /Game/FirstPersonBP/Maps/UEDPIE_0_FirstPersonExampleMap -0.319
[2017.11.18-12.01.34:279][202]LogBlueprintUserMessages: Late PlayInEditor Detection: Level '/Game/FirstPersonBP/Maps/FirstPersonExampleMap.FirstPersonExampleMap:PersistentLevel' has LevelScriptBlueprint '/Game/FirstPersonBP/Maps/FirstPersonExampleMap.FirstPersonExampleMap:PersistentLevel.FirstPersonExampleMap' with GeneratedClass '/Game/FirstPersonBP/Maps/FirstPersonExampleMap.FirstPersonExampleMap_C' with ClassGeneratedBy '/Game/FirstPersonBP/Maps/FirstPersonExampleMap.FirstPersonExampleMap:PersistentLevel.FirstPersonExampleMap'
[2017.11.18-12.01.34:308][203]Mat_Loader:Warning: Added transition meterial with index: 2-1-0
[2017.11.18-12.01.36:406][253]LogBlueprintUserMessages: [PlayerController_BP_C_0] Remove
[2017.11.18-12.01.42:554][437]LogBlueprintUserMessages: [PlayerController_BP_C_0] true
[2017.11.18-12.01.44:273][488]LogBlueprintUserMessages: [PlayerController_BP_C_0] true
[2017.11.18-12.01.45:212][516]LogBlueprintUserMessages: [PlayerController_BP_C_0] true
[2017.11.18-12.02.07:234][812]LogEditorViewport: Clicking on Actor (LMB): Chunk_BP_C (Chunk_0_0)
[2017.11.18-12.02.10:156][881]LogBlueprintUserMessages: [PlayerController_BP_C_0] true
[2017.11.18-12.02.10:889][903]LogBlueprintUserMessages: [WorldGameMode_BP_C_0] Hello
[2017.11.18-12.02.17:449][ 98]LogBlueprintUserMessages: [PlayerController_BP_C_0] true
[2017.11.18-12.02.18:618][133]LogBlueprintUserMessages: [PlayerController_BP_C_0] true
[2017.11.18-12.02.19:685][165]LogBlueprintUserMessages: [PlayerController_BP_C_0] true
[2017.11.18-12.02.20:818][199]LogBlueprintUserMessages: [PlayerController_BP_C_0] true
[2017.11.18-12.02.22:452][248]LogBlueprintUserMessages: [PlayerController_BP_C_0] true
[2017.11.18-12.02.23:518][280]LogBlueprintUserMessages: [PlayerController_BP_C_0] true
[2017.11.18-12.02.24:252][302]LogBlueprintUserMessages: [PlayerController_BP_C_0] true
[2017.11.18-12.02.25:786][348]LogBlueprintUserMessages: [PlayerController_BP_C_0] true
[2017.11.18-12.02.26:819][379]LogBlueprintUserMessages: [PlayerController_BP_C_0] true
[2017.11.18-12.02.27:952][413]LogBlueprintUserMessages: [PlayerController_BP_C_0] true
[2017.11.18-12.02.28:620][433]LogBlueprintUserMessages: [PlayerController_BP_C_0] true
[2017.11.18-12.02.29:619][463]LogBlueprintUserMessages: [PlayerController_BP_C_0] true
[2017.11.18-12.02.30:286][483]LogBlueprintUserMessages: [PlayerController_BP_C_0] true
[2017.11.18-12.02.30:953][503]LogBlueprintUserMessages: [PlayerController_BP_C_0] true
[2017.11.18-12.02.32:402][546]LogBlueprintUserMessages: [PlayerController_BP_C_0] true
[2017.11.18-12.02.36:613][672]LogBlueprintUserMessages: [PlayerController_BP_C_0] Add
[2017.11.18-12.02.37:647][703]LogBlueprintUserMessages: [PlayerController_BP_C_0] true
[2017.11.18-12.02.39:315][753]LogBlueprintUserMessages: [PlayerController_BP_C_0] true
[2017.11.18-12.02.40:882][800]LogBlueprintUserMessages: [PlayerController_BP_C_0] true
[2017.11.18-12.02.43:716][885]LogBlueprintUserMessages: [PlayerController_BP_C_0] true
[2017.11.18-12.02.45:151][928]LogBlueprintUserMessages: [PlayerController_BP_C_0] true
[2017.11.18-12.02.50:079][ 62]LogBlueprintUserMessages: [PlayerController_BP_C_0] true
[2017.11.18-12.02.52:847][145]LogBlueprintUserMessages: [PlayerController_BP_C_0] true
[2017.11.18-12.02.55:155][214]LogBlueprintUserMessages: [PlayerController_BP_C_0] true
[2017.11.18-12.03.00:167][364]LogBlueprintUserMessages: [PlayerController_BP_C_0] Wait
[2017.11.18-12.03.00:840][384]LogBlueprintUserMessages: [PlayerController_BP_C_0] Remove
[2017.11.18-12.03.01:675][409]LogBlueprintUserMessages: [PlayerController_BP_C_0] true
[2017.11.18-12.03.07:571][585]LogBlueprintUserMessages: [PlayerController_BP_C_0] true
[2017.11.18-12.03.08:573][614]LogBlueprintUserMessages: [PlayerController_BP_C_0] true
[2017.11.18-12.03.09:315][636]LogBlueprintUserMessages: [PlayerController_BP_C_0] true
[2017.11.18-12.03.10:015][657]LogBlueprintUserMessages: [PlayerController_BP_C_0] true
[2017.11.18-12.03.11:082][689]LogBlueprintUserMessages: [PlayerController_BP_C_0] true
[2017.11.18-12.03.11:949][715]LogBlueprintUserMessages: [PlayerController_BP_C_0] true
[2017.11.18-12.03.13:083][749]LogBlueprintUserMessages: [PlayerController_BP_C_0] true
[2017.11.18-12.03.13:750][769]LogBlueprintUserMessages: [PlayerController_BP_C_0] true
[2017.11.18-12.03.14:656][796]LogBlueprintUserMessages: [PlayerController_BP_C_0] true
[2017.11.18-12.03.15:327][816]LogBlueprintUserMessages: [PlayerController_BP_C_0] true
[2017.11.18-12.03.16:279][840]LogBlueprintUserMessages: [PlayerController_BP_C_0] true
[2017.11.18-12.03.17:079][864]LogBlueprintUserMessages: [PlayerController_BP_C_0] true
[2017.11.18-12.03.17:811][886]LogBlueprintUserMessages: [PlayerController_BP_C_0] true
[2017.11.18-12.03.18:916][919]LogBlueprintUserMessages: [PlayerController_BP_C_0] true
[2017.11.18-12.03.20:518][967]LogBlueprintUserMessages: [PlayerController_BP_C_0] true
[2017.11.18-12.03.25:552][118]LogBlueprintUserMessages: [PlayerController_BP_C_0] true
[2017.11.18-12.03.26:210][137]LogBlueprintUserMessages: [PlayerController_BP_C_0] true
[2017.11.18-12.03.26:975][160]LogBlueprintUserMessages: [PlayerController_BP_C_0] true
[2017.11.18-12.03.27:306][170]LogBlueprintUserMessages: Early EndPlayMap Detection: Level '/Game/FirstPersonBP/Maps/FirstPersonExampleMap.FirstPersonExampleMap:PersistentLevel' has LevelScriptBlueprint '/Game/FirstPersonBP/Maps/FirstPersonExampleMap.FirstPersonExampleMap:PersistentLevel.FirstPersonExampleMap' with GeneratedClass '/Game/FirstPersonBP/Maps/FirstPersonExampleMap.FirstPersonExampleMap_C' with ClassGeneratedBy '/Game/FirstPersonBP/Maps/FirstPersonExampleMap.FirstPersonExampleMap:PersistentLevel.FirstPersonExampleMap'
[2017.11.18-12.03.27:379][170]LogBlueprintUserMessages: Late EndPlayMap Detection: Level '/Game/FirstPersonBP/Maps/FirstPersonExampleMap.FirstPersonExampleMap:PersistentLevel' has LevelScriptBlueprint '/Game/FirstPersonBP/Maps/FirstPersonExampleMap.FirstPersonExampleMap:PersistentLevel.FirstPersonExampleMap' with GeneratedClass '/Game/FirstPersonBP/Maps/FirstPersonExampleMap.FirstPersonExampleMap_C' with ClassGeneratedBy '/Game/FirstPersonBP/Maps/FirstPersonExampleMap.FirstPersonExampleMap:PersistentLevel.FirstPersonExampleMap'
[2017.11.18-12.03.29:145][208]Cmd: QUIT_EDITOR
[2017.11.18-12.03.29:224][208]LogExit: Preparing to exit.
[2017.11.18-12.03.29:578][208]LogDirectoryWatcher: A directory notification for 'C:/Users/Admin/Documents/Unreal Projects/OpenWorld_16/Content/' was aborted.
[2017.11.18-12.03.29:615][208]LogExit: Editor shut down
[2017.11.18-12.03.29:621][208]LogExit: Transaction tracking system shut down
[2017.11.18-12.03.29:812][208]LogObj: Freed 0b from 0 cluster array pools.
[2017.11.18-12.03.29:812][208]LogExit: Object subsystem successfully closed.
[2017.11.18-12.03.29:848][208]LogD3D11RHI: Shutdown
[2017.11.18-12.03.29:848][208]LogD3D11RHI: CleanupD3DDevice
[2017.11.18-12.03.29:973][208]LogD3D11RHI: ~FD3D11DynamicRHI
[2017.11.18-12.03.30:052][208]LogModuleManager: Shutting down and abandoning module MovieSceneCapture (542)
[2017.11.18-12.03.30:053][208]LogModuleManager: Shutting down and abandoning module HierarchicalLODOutliner (540)
[2017.11.18-12.03.30:053][208]LogModuleManager: Shutting down and abandoning module CrashTracker (538)
[2017.11.18-12.03.30:053][208]LogModuleManager: Shutting down and abandoning module SceneOutliner (536)
[2017.11.18-12.03.30:054][208]LogModuleManager: Shutting down and abandoning module AddContentDialog (534)
[2017.11.18-12.03.30:055][208]LogDirectoryWatcher: A directory notification for 'C:/Program Files (x86)/Epic Games/UE_4.16/FeaturePacks/' was aborted.
[2017.11.18-12.03.30:057][208]LogModuleManager: Shutting down and abandoning module WidgetCarousel (533)
[2017.11.18-12.03.30:057][208]LogModuleManager: Shutting down and abandoning module EditorWidgets (530)
[2017.11.18-12.03.30:057][208]LogModuleManager: Shutting down and abandoning module CollectionManager (528)
[2017.11.18-12.03.30:057][208]LogDirectoryWatcher: A directory notification for 'C:/Users/Admin/Documents/Unreal Projects/OpenWorld_16/Content/Collections/' was aborted.
[2017.11.18-12.03.30:058][208]LogDirectoryWatcher: A directory notification for 'C:/Users/Admin/Documents/Unreal Projects/OpenWorld_16/Content/Developers/Admin/Collections/' was aborted.
[2017.11.18-12.03.30:058][208]LogDirectoryWatcher: A directory notification for 'C:/Users/Admin/Documents/Unreal Projects/OpenWorld_16/Saved/Collections/' was aborted.
[2017.11.18-12.03.30:059][208]LogModuleManager: Shutting down and abandoning module StatsViewer (526)
[2017.11.18-12.03.30:059][208]LogModuleManager: Shutting down and abandoning module FoliageEdit (524)
[2017.11.18-12.03.30:060][208]LogModuleManager: Shutting down and abandoning module LandscapeEditor (522)
[2017.11.18-12.03.30:061][208]LogModuleManager: Shutting down and abandoning module MeshPaintMode (520)
[2017.11.18-12.03.30:061][208]LogModuleManager: Shutting down and abandoning module SceneDepthPickerMode (518)
[2017.11.18-12.03.30:061][208]LogModuleManager: Shutting down and abandoning module ActorPickerMode (516)
[2017.11.18-12.03.30:061][208]LogModuleManager: Shutting down and abandoning module GeometryMode (514)
[2017.11.18-12.03.30:062][208]LogModuleManager: Shutting down and abandoning module TextureAlignMode (512)
[2017.11.18-12.03.30:062][208]LogModuleManager: Shutting down and abandoning module BspMode (510)
[2017.11.18-12.03.30:062][208]LogModuleManager: Shutting down and abandoning module HardwareSurvey (508)
[2017.11.18-12.03.30:063][208]LogModuleManager: Shutting down and abandoning module SequenceRecorderSections (506)
[2017.11.18-12.03.30:063][208]LogModuleManager: Shutting down and abandoning module AutomationWorker (504)
[2017.11.18-12.03.30:063][208]LogModuleManager: Shutting down and abandoning module MatineeToLevelSequence (502)
[2017.11.18-12.03.30:064][208]LogModuleManager: Shutting down and abandoning module LevelSequenceEditor (500)
[2017.11.18-12.03.30:069][208]LogModuleManager: Shutting down and abandoning module PlacementMode (499)
[2017.11.18-12.03.30:069][208]LogModuleManager: Shutting down and abandoning module WmfMediaFactory (496)
[2017.11.18-12.03.30:070][208]LogModuleManager: Shutting down and abandoning module WmfMediaEditor (494)
[2017.11.18-12.03.30:070][208]LogModuleManager: Shutting down and abandoning module AvfMediaFactory (492)
[2017.11.18-12.03.30:070][208]LogModuleManager: Shutting down and abandoning module AvfMediaEditor (490)
[2017.11.18-12.03.30:070][208]LogModuleManager: Shutting down and abandoning module AndroidMediaFactory (488)
[2017.11.18-12.03.30:070][208]LogModuleManager: Shutting down and abandoning module Media (487)
[2017.11.18-12.03.30:070][208]LogModuleManager: Shutting down and abandoning module AndroidMediaEditor (484)
[2017.11.18-12.03.30:070][208]LogModuleManager: Shutting down and abandoning module CharacterAI (482)
[2017.11.18-12.03.30:070][208]LogModuleManager: Shutting down and abandoning module AudioCapture (480)
[2017.11.18-12.03.30:071][208]LogModuleManager: Shutting down and abandoning module SequenceRecorder (479)
[2017.11.18-12.03.30:072][208]LogModuleManager: Shutting down and abandoning module SmartSnapping (476)
[2017.11.18-12.03.30:073][208]LogModuleManager: Shutting down and abandoning module SessionServices (474)
[2017.11.18-12.03.30:073][208]LogModuleManager: Shutting down and abandoning module ViewportSnapping (472)
[2017.11.18-12.03.30:073][208]LogModuleManager: Shutting down and abandoning module ViewportInteraction (470)
[2017.11.18-12.03.30:073][208]LogModuleManager: Shutting down and abandoning module ClothPainter (468)
[2017.11.18-12.03.30:076][208]LogModuleManager: Shutting down and abandoning module LogVisualizer (466)
[2017.11.18-12.03.30:077][208]LogModuleManager: Shutting down and abandoning module IntroTutorials (464)
[2017.11.18-12.03.30:079][208]LogModuleManager: Shutting down and abandoning module GameProjectGeneration (463)
[2017.11.18-12.03.30:081][208]LogModuleManager: Shutting down and abandoning module EditorLiveStreaming (460)
[2017.11.18-12.03.30:082][208]LogModuleManager: Shutting down and abandoning module IOSPlatformEditor (458)
[2017.11.18-12.03.30:083][208]LogModuleManager: Shutting down and abandoning module HTML5PlatformEditor (456)
[2017.11.18-12.03.30:083][208]LogModuleManager: Shutting down and abandoning module AndroidPlatformEditor (454)
[2017.11.18-12.03.30:083][208]LogModuleManager: Shutting down and abandoning module AndroidDeviceDetection (453)
[2017.11.18-12.03.30:340][208]LogModuleManager: Shutting down and abandoning module IOSRuntimeSettings (450)
[2017.11.18-12.03.30:340][208]LogModuleManager: Shutting down and abandoning module AndroidRuntimeSettings (448)
[2017.11.18-12.03.30:340][208]LogModuleManager: Shutting down and abandoning module InputBindingEditor (446)
[2017.11.18-12.03.30:343][208]LogModuleManager: Shutting down and abandoning module MergeActors (444)
[2017.11.18-12.03.30:344][208]LogModuleManager: Shutting down and abandoning module SizeMap (442)
[2017.11.18-12.03.30:344][208]LogModuleManager: Shutting down and abandoning module TreeMap (440)
[2017.11.18-12.03.30:345][208]LogModuleManager: Shutting down and abandoning module ReferenceViewer (438)
[2017.11.18-12.03.30:345][208]LogModuleManager: Shutting down and abandoning module LocalizationDashboard (436)
[2017.11.18-12.03.30:347][208]LogModuleManager: Shutting down and abandoning module LocalizationService (435)
[2017.11.18-12.03.30:348][208]LogModuleManager: Shutting down and abandoning module HardwareTargeting (432)
[2017.11.18-12.03.30:348][208]LogModuleManager: Shutting down and abandoning module DeviceProfileEditor (430)
[2017.11.18-12.03.30:349][208]LogModuleManager: Shutting down and abandoning module UndoHistory (428)
[2017.11.18-12.03.30:350][208]LogModuleManager: Shutting down and abandoning module UserFeedback (426)
[2017.11.18-12.03.30:351][208]LogModuleManager: Shutting down and abandoning module XmlParser (424)
[2017.11.18-12.03.30:353][208]LogModuleManager: Shutting down and abandoning module Blutility (422)
[2017.11.18-12.03.30:354][208]LogModuleManager: Shutting down and abandoning module ProjectSettingsViewer (420)
[2017.11.18-12.03.30:354][208]LogModuleManager: Shutting down and abandoning module ProjectTargetPlatformEditor (419)
[2017.11.18-12.03.30:355][208]LogModuleManager: Shutting down and abandoning module EditorSettingsViewer (416)
[2017.11.18-12.03.30:355][208]LogModuleManager: Shutting down and abandoning module SettingsEditor (414)
[2017.11.18-12.03.30:361][208]LogModuleManager: Shutting down and abandoning module ProjectLauncher (412)
[2017.11.18-12.03.30:362][208]LogModuleManager: Shutting down and abandoning module SessionFrontend (410)
[2017.11.18-12.03.30:363][208]LogModuleManager: Shutting down and abandoning module ProfilerClient (408)
[2017.11.18-12.03.30:364][208]LogModuleManager: Shutting down and abandoning module DeviceManager (406)
[2017.11.18-12.03.30:365][208]LogModuleManager: Shutting down and abandoning module TargetDeviceServices (405)
[2017.11.18-12.03.30:416][208]LogModuleManager: Shutting down and abandoning module AutomationController (402)
[2017.11.18-12.03.30:417][208]LogModuleManager: Shutting down and abandoning module AutomationWindow (400)
[2017.11.18-12.03.30:420][208]LogModuleManager: Shutting down and abandoning module Layers (398)
[2017.11.18-12.03.30:423][208]LogModuleManager: Shutting down and abandoning module ComponentVisualizers (396)
[2017.11.18-12.03.30:423][208]LogModuleManager: Shutting down and abandoning module DetailCustomizations (394)
[2017.11.18-12.03.30:424][208]LogModuleManager: Shutting down and abandoning module PackagesDialog (392)
[2017.11.18-12.03.30:426][208]LogModuleManager: Shutting down and abandoning module Persona (390)
[2017.11.18-12.03.30:431][208]LogModuleManager: Shutting down and abandoning module AdvancedPreviewScene (389)
[2017.11.18-12.03.30:431][208]LogModuleManager: Shutting down and abandoning module AnimGraph (387)
[2017.11.18-12.03.30:431][208]LogModuleManager: Shutting down and abandoning module Kismet (384)
[2017.11.18-12.03.30:432][208]LogModuleManager: Shutting down and abandoning module ClassViewer (382)
[2017.11.18-12.03.30:433][208]LogModuleManager: Shutting down and abandoning module Toolbox (380)
[2017.11.18-12.03.30:433][208]LogModuleManager: Shutting down and abandoning module ModuleUI (378)
[2017.11.18-12.03.30:436][208]LogModuleManager: Shutting down and abandoning module MovieSceneTools (376)
[2017.11.18-12.03.30:437][208]LogModuleManager: Shutting down and abandoning module OutputLog (374)
[2017.11.18-12.03.30:438][208]LogModuleManager: Shutting down and abandoning module GammaUI (372)
[2017.11.18-12.03.30:438][208]LogModuleManager: Shutting down and abandoning module Documentation (370)
[2017.11.18-12.03.30:438][208]LogModuleManager: Shutting down and abandoning module MovieSceneTracks (368)
[2017.11.18-12.03.30:439][208]LogModuleManager: Shutting down and abandoning module MovieScene (366)
[2017.11.18-12.03.30:439][208]LogModuleManager: Shutting down and abandoning module Niagara (364)
[2017.11.18-12.03.30:439][208]LogModuleManager: Shutting down and abandoning module NiagaraEditor (363)
[2017.11.18-12.03.30:444][208]LogModuleManager: Shutting down and abandoning module StreamingPauseRendering (360)
[2017.11.18-12.03.30:444][208]LogModuleManager: Shutting down and abandoning module AnalyticsET (358)
[2017.11.18-12.03.30:444][208]LogModuleManager: Shutting down and abandoning module PortalServices (356)
[2017.11.18-12.03.30:444][208]LogModuleManager: Shutting down and abandoning module PortalRpc (354)
[2017.11.18-12.03.30:444][208]LogModuleManager: Shutting down and abandoning module MessagingRpc (352)
[2017.11.18-12.03.30:444][208]LogModuleManager: Shutting down and abandoning module AIModule (350)
[2017.11.18-12.03.30:444][208]LogModuleManager: Shutting down and abandoning module GameplayDebugger (349)
[2017.11.18-12.03.30:444][208]LogModuleManager: Shutting down and abandoning module AITestSuite (347)
[2017.11.18-12.03.30:446][208]LogModuleManager: Shutting down and abandoning module ProfilerService (344)
[2017.11.18-12.03.30:500][208]LogModuleManager: Shutting down and abandoning module TaskGraph (342)
[2017.11.18-12.03.30:504][208]LogModuleManager: Shutting down and abandoning module SubstanceEditor (340)
[2017.11.18-12.03.30:510][208]LogModuleManager: Shutting down and abandoning module UnrealFastNoisePlugin (338)
[2017.11.18-12.03.30:510][208]LogModuleManager: Shutting down and abandoning module SteamVRController (336)
[2017.11.18-12.03.30:510][208]LogModuleManager: Shutting down and abandoning module SteamVR (334)
[2017.11.18-12.03.30:510][208]LogModuleManager: Shutting down and abandoning module ProceduralMeshComponentEditor (332)
[2017.11.18-12.03.30:510][208]LogModuleManager: Shutting down and abandoning module ProceduralMeshComponent (330)
[2017.11.18-12.03.30:511][208]LogModuleManager: Shutting down and abandoning module OculusLibrary (328)
[2017.11.18-12.03.30:511][208]LogModuleManager: Shutting down and abandoning module OculusInput (326)
[2017.11.18-12.03.30:511][208]LogModuleManager: Shutting down and abandoning module MobilePatchingUtils (324)
[2017.11.18-12.03.30:511][208]LogModuleManager: Shutting down and abandoning module CustomMeshComponent (322)
[2017.11.18-12.03.30:512][208]LogModuleManager: Shutting down and abandoning module CableComponent (320)
[2017.11.18-12.03.30:512][208]LogModuleManager: Shutting down and abandoning module ArchVisCharacter (318)
[2017.11.18-12.03.30:512][208]LogModuleManager: Shutting down and abandoning module AndroidPermission (316)
[2017.11.18-12.03.30:512][208]LogModuleManager: Shutting down and abandoning module MediaPlayerEditor (312)
[2017.11.18-12.03.30:516][208]LogModuleManager: Shutting down and abandoning module RuntimeMeshComponentSlicer (310)
[2017.11.18-12.03.30:516][208]LogModuleManager: Shutting down and abandoning module RuntimeMeshComponentEditor (308)
[2017.11.18-12.03.30:516][208]LogModuleManager: Shutting down and abandoning module RuntimeMeshComponent (306)
[2017.11.18-12.03.30:516][208]LogModuleManager: Shutting down and abandoning module HTML5Networking (304)
[2017.11.18-12.03.30:517][208]LogModuleManager: Shutting down and abandoning module CodeView (302)
[2017.11.18-12.03.30:518][208]LogModuleManager: Shutting down and abandoning module AlembicImporter (300)
[2017.11.18-12.03.30:519][208]LogModuleManager: Shutting down and abandoning module AlembicLibrary (299)
[2017.11.18-12.03.30:519][208]LogModuleManager: Shutting down and abandoning module GeometryCache (298)
[2017.11.18-12.03.30:520][208]LogModuleManager: Shutting down and abandoning module GeometryCacheEd (297)
[2017.11.18-12.03.30:520][208]LogModuleManager: Shutting down and abandoning module SuperSearchEditor (292)
[2017.11.18-12.03.30:520][208]LogModuleManager: Shutting down and abandoning module SuperSearch (291)
[2017.11.18-12.03.30:520][208]LogModuleManager: Shutting down and abandoning module SpeedTreeImporter (288)
[2017.11.18-12.03.30:520][208]LogModuleManager: Shutting down and abandoning module PluginBrowser (286)
[2017.11.18-12.03.30:523][208]LogModuleManager: Shutting down and abandoning module MobileLauncherProfileWizard (284)
[2017.11.18-12.03.30:526][208]LogModuleManager: Shutting down and abandoning module VisualStudioSourceCodeAccess (282)
[2017.11.18-12.03.30:526][208]LogModuleManager: Shutting down and abandoning module DesktopPlatform (281)
[2017.11.18-12.03.30:527][208]LogModuleManager: Shutting down and abandoning module UObjectPlugin (278)
[2017.11.18-12.03.30:527][208]LogModuleManager: Shutting down and abandoning module SubversionSourceControl (276)
[2017.11.18-12.03.30:528][208]LogModuleManager: Shutting down and abandoning module PerforceSourceControl (274)
[2017.11.18-12.03.30:529][208]LogModuleManager: Shutting down and abandoning module GitSourceControl (272)
[2017.11.18-12.03.30:531][208]LogModuleManager: Shutting down and abandoning module SourceControl (271)
[2017.11.18-12.03.30:531][208]LogModuleManager: Shutting down and abandoning module LightPropagationVolumeEditor (268)
[2017.11.18-12.03.30:531][208]LogModuleManager: Shutting down and abandoning module PaperTiledImporter (266)
[2017.11.18-12.03.30:531][208]LogModuleManager: Shutting down and abandoning module PaperSpriteSheetImporter (264)
[2017.11.18-12.03.30:531][208]LogModuleManager: Shutting down and abandoning module Paper2DEditor (262)
[2017.11.18-12.03.30:532][208]LogModuleManager: Shutting down and abandoning module MeshPaint (261)
[2017.11.18-12.03.30:533][208]LogModuleManager: Shutting down and abandoning module LevelEditor (259)
[2017.11.18-12.03.30:535][208]LogModuleManager: Shutting down and abandoning module PixelInspectorModule (258)
[2017.11.18-12.03.30:536][208]LogModuleManager: Shutting down and abandoning module MainFrame (256)
[2017.11.18-12.03.30:537][208]LogModuleManager: Shutting down and abandoning module HotReload (255)
[2017.11.18-12.03.30:537][208]LogDirectoryWatcher: A directory notification for 'C:/Users/Admin/Documents/Unreal Projects/OpenWorld_16/Binaries/Win64' was aborted.
[2017.11.18-12.03.30:537][208]LogDirectoryWatcher: A directory notification for 'C:/Users/Admin/Documents/Unreal Projects/OpenWorld_16/Plugins/UnrealFastNoisePlugin/Binaries/Win64' was aborted.
[2017.11.18-12.03.30:544][208]LogModuleManager: Shutting down and abandoning module OpenWorld_16 (250)
[2017.11.18-12.03.30:544][208]LogModuleManager: Shutting down and abandoning module PhysXVehiclesEditor (248)
[2017.11.18-12.03.30:546][208]LogModuleManager: Shutting down and abandoning module PhysXVehicles (246)
[2017.11.18-12.03.30:546][208]LogModuleManager: Shutting down and abandoning module LocationServicesBPLibrary (244)
[2017.11.18-12.03.30:546][208]LogModuleManager: Shutting down and abandoning module ImmediatePhysicsEditor (242)
[2017.11.18-12.03.30:547][208]LogModuleManager: Shutting down and abandoning module ImmediatePhysics (240)
[2017.11.18-12.03.30:551][208]LogModuleManager: Shutting down and abandoning module UdpMessaging (238)
[2017.11.18-12.03.30:652][208]LogModuleManager: Shutting down and abandoning module TcpMessaging (236)
[2017.11.18-12.03.30:752][208]LogModuleManager: Shutting down and abandoning module SubstanceCore (234)
[2017.11.18-12.03.30:755][208]LogModuleManager: Shutting down and abandoning module GameplayTagsEditor (232)
[2017.11.18-12.03.30:758][208]LogModuleManager: Shutting down and abandoning module FacialAnimationEditor (230)
[2017.11.18-12.03.30:759][208]LogModuleManager: Shutting down and abandoning module FacialAnimation (228)
[2017.11.18-12.03.30:759][208]LogModuleManager: Shutting down and abandoning module AssetManagerEditor (226)
[2017.11.18-12.03.30:762][208]LogModuleManager: Shutting down and abandoning module GraphEditor (225)
[2017.11.18-12.03.30:766][208]LogModuleManager: Shutting down and abandoning module ContentBrowser (223)
[2017.11.18-12.03.30:770][208]LogModuleManager: Shutting down and abandoning module LightPropagationVolumeRuntime (220)
[2017.11.18-12.03.30:770][208]LogModuleManager: Shutting down and abandoning module Paper2D (218)
[2017.11.18-12.03.30:771][208]LogModuleManager: Shutting down and abandoning module WindowsMoviePlayer (216)
[2017.11.18-12.03.30:771][208]LogModuleManager: Shutting down and abandoning module WmfMedia (214)
[2017.11.18-12.03.30:779][208]LogModuleManager: Shutting down and abandoning module ClothingSystemEditor (212)
[2017.11.18-12.03.30:779][208]LogModuleManager: Shutting down and abandoning module ClothingSystemRuntime (210)
[2017.11.18-12.03.30:781][208]LogModuleManager: Shutting down and abandoning module MediaAssets (208)
[2017.11.18-12.03.30:781][208]LogModuleManager: Shutting down and abandoning module GameLiveStreaming (206)
[2017.11.18-12.03.30:782][208]LogModuleManager: Shutting down and abandoning module VREditor (204)
[2017.11.18-12.03.30:783][208]LogModuleManager: Shutting down and abandoning module StringTableEditor (202)
[2017.11.18-12.03.30:785][208]LogModuleManager: Shutting down and abandoning module GameplayTasksEditor (200)
[2017.11.18-12.03.30:785][208]LogModuleManager: Shutting down and abandoning module BehaviorTreeEditor (198)
[2017.11.18-12.03.30:798][208]LogModuleManager: Shutting down and abandoning module FunctionalTesting (196)
[2017.11.18-12.03.30:798][208]LogModuleManager: Shutting down and abandoning module CollisionAnalyzer (194)
[2017.11.18-12.03.30:799][208]LogModuleManager: Shutting down and abandoning module UMG (192)
[2017.11.18-12.03.30:800][208]LogModuleManager: Shutting down and abandoning module UMGEditor (191)
[2017.11.18-12.03.30:802][208]LogModuleManager: Shutting down and abandoning module Sequencer (190)
[2017.11.18-12.03.30:804][208]LogModuleManager: Shutting down and abandoning module AssetTools (188)
[2017.11.18-12.03.30:815][208]LogModuleManager: Shutting down and abandoning module MessageLog (187)
[2017.11.18-12.03.30:815][208]LogModuleManager: Shutting down and abandoning module WorkspaceMenuStructure (186)
[2017.11.18-12.03.30:816][208]LogModuleManager: Shutting down and abandoning module SlateReflector (180)
[2017.11.18-12.03.30:819][208]LogModuleManager: Shutting down and abandoning module Slate (178)
[2017.11.18-12.03.30:819][208]LogModuleManager: Shutting down and abandoning module EditorStyle (176)
[2017.11.18-12.03.30:825][208]LogModuleManager: Shutting down and abandoning module SourceCodeAccess (174)
[2017.11.18-12.03.30:825][208]LogModuleManager: Shutting down and abandoning module HeadMountedDisplay (172)
[2017.11.18-12.03.30:825][208]LogModuleManager: Shutting down and abandoning module XAudio2 (170)
[2017.11.18-12.03.30:825][208]LogModuleManager: Shutting down and abandoning module Networking (168)
[2017.11.18-12.03.30:826][208]LogModuleManager: Shutting down and abandoning module Core (164)
[2017.11.18-12.03.30:826][208]LogModuleManager: Shutting down and abandoning module AssetRegistry (162)
[2017.11.18-12.03.31:017][208]LogDirectoryWatcher: A directory notification for '../../../Engine/Content/' was aborted.
[2017.11.18-12.03.31:018][208]LogDirectoryWatcher: A directory notification for '../../../../../../Users/Admin/Documents/Unreal Projects/OpenWorld_16/Content/' was aborted.
[2017.11.18-12.03.31:018][208]LogDirectoryWatcher: A directory notification for '../../../Engine/Plugins/2D/Paper2D/Content/' was aborted.
[2017.11.18-12.03.31:018][208]LogDirectoryWatcher: A directory notification for '../../../Engine/Plugins/Runtime/GearVR/Content/' was aborted.
[2017.11.18-12.03.31:023][208]LogModuleManager: Shutting down and abandoning module DirectoryWatcher (161)
[2017.11.18-12.03.31:026][208]LogModuleManager: Shutting down and abandoning module KismetCompiler (158)
[2017.11.18-12.03.31:026][208]LogModuleManager: Shutting down and abandoning module PhysXFormats (156)
[2017.11.18-12.03.31:026][208]LogModuleManager: Shutting down and abandoning module MeshUtilities (154)
[2017.11.18-12.03.31:037][208]LogModuleManager: Shutting down and abandoning module SimplygonSwarm (153)
[2017.11.18-12.03.31:038][208]LogModuleManager: Shutting down and abandoning module SimplygonMeshReduction (151)
[2017.11.18-12.03.31:039][208]LogModuleManager: Shutting down and abandoning module QuadricMeshReduction (149)
[2017.11.18-12.03.31:040][208]LogModuleManager: Shutting down and abandoning module LevelSequence (146)
[2017.11.18-12.03.31:040][208]LogModuleManager: Shutting down and abandoning module DerivedDataCache (144)
[2017.11.18-12.03.31:137][208]LogDerivedDataCache: Shutdown
[2017.11.18-12.03.31:137][208]LogModuleManager: Shutting down and abandoning module TargetPlatform (142)
[2017.11.18-12.03.31:137][208]LogModuleManager: Shutting down and abandoning module VulkanShaderFormat (141)
[2017.11.18-12.03.31:142][208]LogModuleManager: Shutting down and abandoning module ShaderFormatVectorVM (139)
[2017.11.18-12.03.31:143][208]LogModuleManager: Shutting down and abandoning module ShaderFormatOpenGL (137)
[2017.11.18-12.03.31:155][208]LogModuleManager: Shutting down and abandoning module ShaderFormatD3D (135)
[2017.11.18-12.03.31:157][208]LogModuleManager: Shutting down and abandoning module MetalShaderFormat (133)
[2017.11.18-12.03.31:159][208]LogModuleManager: Shutting down and abandoning module TextureFormatUncompressed (131)
[2017.11.18-12.03.31:159][208]LogModuleManager: Shutting down and abandoning module TextureFormatPVR (129)
[2017.11.18-12.03.31:159][208]LogModuleManager: Shutting down and abandoning module TextureFormatDXT (127)
[2017.11.18-12.03.31:160][208]LogModuleManager: Shutting down and abandoning module TextureFormatIntelISPCTexComp (125)
[2017.11.18-12.03.31:167][208]LogModuleManager: Shutting down and abandoning module TextureFormatASTC (123)
[2017.11.18-12.03.31:167][208]LogModuleManager: Shutting down and abandoning module ImageWrapper (122)
[2017.11.18-12.03.31:167][208]LogModuleManager: Shutting down and abandoning module TextureFormatAndroid (119)
[2017.11.18-12.03.31:167][208]LogModuleManager: Shutting down and abandoning module AudioFormatOpus (117)
[2017.11.18-12.03.31:167][208]LogModuleManager: Shutting down and abandoning module AudioFormatOgg (115)
[2017.11.18-12.03.31:167][208]LogModuleManager: Shutting down and abandoning module AudioFormatADPCM (113)
[2017.11.18-12.03.31:167][208]LogModuleManager: Shutting down and abandoning module LinuxTargetPlatform (111)
[2017.11.18-12.03.31:167][208]LogModuleManager: Shutting down and abandoning module LinuxServerTargetPlatform (109)
[2017.11.18-12.03.31:167][208]LogModuleManager: Shutting down and abandoning module LinuxNoEditorTargetPlatform (107)
[2017.11.18-12.03.31:169][208]LogModuleManager: Shutting down and abandoning module LinuxClientTargetPlatform (105)
[2017.11.18-12.03.31:169][208]LogModuleManager: Shutting down and abandoning module TVOSTargetPlatform (103)
[2017.11.18-12.03.31:169][208]LogModuleManager: Shutting down and abandoning module Messaging (101)
[2017.11.18-12.03.31:169][208]LogModuleManager: Shutting down and abandoning module IOSTargetPlatform (99)
[2017.11.18-12.03.31:169][208]LogModuleManager: Shutting down and abandoning module HTML5TargetPlatform (97)
[2017.11.18-12.03.31:169][208]LogModuleManager: Shutting down and abandoning module Android_PVRTCTargetPlatform (95)
[2017.11.18-12.03.31:170][208]LogModuleManager: Shutting down and abandoning module Android_MultiTargetPlatform (93)
[2017.11.18-12.03.31:170][208]LogModuleManager: Shutting down and abandoning module Android_ETC2TargetPlatform (91)
[2017.11.18-12.03.31:170][208]LogModuleManager: Shutting down and abandoning module Android_ETC1TargetPlatform (89)
[2017.11.18-12.03.31:171][208]LogModuleManager: Shutting down and abandoning module Android_DXTTargetPlatform (87)
[2017.11.18-12.03.31:171][208]LogModuleManager: Shutting down and abandoning module Android_ATCTargetPlatform (85)
[2017.11.18-12.03.31:172][208]LogModuleManager: Shutting down and abandoning module Android_ASTCTargetPlatform (83)
[2017.11.18-12.03.31:172][208]LogModuleManager: Shutting down and abandoning module AndroidTargetPlatform (81)
[2017.11.18-12.03.31:172][208]LogModuleManager: Shutting down and abandoning module WindowsTargetPlatform (79)
[2017.11.18-12.03.31:173][208]LogModuleManager: Shutting down and abandoning module WindowsServerTargetPlatform (77)
[2017.11.18-12.03.31:173][208]LogModuleManager: Shutting down and abandoning module WindowsNoEditorTargetPlatform (75)
[2017.11.18-12.03.31:173][208]LogModuleManager: Shutting down and abandoning module WindowsClientTargetPlatform (73)
[2017.11.18-12.03.31:173][208]LogModuleManager: Shutting down and abandoning module MacTargetPlatform (71)
[2017.11.18-12.03.31:174][208]LogModuleManager: Shutting down and abandoning module MacServerTargetPlatform (69)
[2017.11.18-12.03.31:174][208]LogModuleManager: Shutting down and abandoning module MacNoEditorTargetPlatform (67)
[2017.11.18-12.03.31:174][208]LogModuleManager: Shutting down and abandoning module MacClientTargetPlatform (65)
[2017.11.18-12.03.31:174][208]LogModuleManager: Shutting down and abandoning module AllDesktopTargetPlatform (63)
[2017.11.18-12.03.31:174][208]LogModuleManager: Shutting down and abandoning module InputCore (60)
[2017.11.18-12.03.31:174][208]LogModuleManager: Shutting down and abandoning module Settings (58)
[2017.11.18-12.03.31:174][208]LogModuleManager: Shutting down and abandoning module OculusRift (56)
[2017.11.18-12.03.31:175][208]LogModuleManager: Shutting down and abandoning module GearVRController (54)
[2017.11.18-12.03.31:175][208]LogModuleManager: Shutting down and abandoning module GearVR (52)
[2017.11.18-12.03.31:176][208]LogModuleManager: Shutting down and abandoning module ExampleDeviceProfileSelector (50)
[2017.11.18-12.03.31:176][208]LogModuleManager: Shutting down and abandoning module OnlineBlueprintSupport (48)
[2017.11.18-12.03.31:176][208]LogModuleManager: Shutting down and abandoning module OnlineSubsystem (44)
[2017.11.18-12.03.31:176][208]LogOnline:Display: Unloading online subsystem: NULL
[2017.11.18-12.03.31:178][208]LogModuleManager: Shutting down and abandoning module XMPP (43)
[2017.11.18-12.03.31:184][208]LogModuleManager: Shutting down and abandoning module HTTP (41)
[2017.11.18-12.03.31:184][208]LogHttp:Display: Http module shutting down, but needs to wait on 1 outstanding Http requests:
[2017.11.18-12.03.31:185][208]LogHttp:Display: 	verb=[POST] url=[https://datarouter.ol.epicgames.com/datarouter/api/v1/public/data?SessionID=%7BFEEC2CDE-4F9E-A975-F218-1FBDB902E41E%7D&AppID=UEEditor.Rocket.Release&AppVersion=4.16.3-3561208%2B%2B%2BUE4%2BRelease-4.16&UserID=617e6a62402b4484553a4cb6ea5114d1%7Ca0430c46660d4dc5973c0814ead9f1e2%7Cd0e4fba0-155e-424d-8985-2a3b896a1535&AppEnvironment=datacollector-binary&UploadType=eteventstream] status=Processing
[2017.11.18-12.03.31:191][208]LogModuleManager: Shutting down and abandoning module SSL (40)
[2017.11.18-12.03.31:194][208]LogModuleManager: Shutting down and abandoning module HTTPChunkInstaller (36)
[2017.11.18-12.03.31:195][208]LogModuleManager: Shutting down and abandoning module AnimationModifiers (34)
[2017.11.18-12.03.31:196][208]LogModuleManager: Shutting down and abandoning module PropertyEditor (33)
[2017.11.18-12.03.31:197][208]LogModuleManager: Shutting down and abandoning module AudioEditor (30)
[2017.11.18-12.03.31:198][208]LogModuleManager: Shutting down and abandoning module TextureCompressor (28)
[2017.11.18-12.03.31:199][208]LogModuleManager: Shutting down and abandoning module ShaderCore (26)
[2017.11.18-12.03.31:200][208]LogModuleManager: Shutting down and abandoning module Landscape (24)
[2017.11.18-12.03.31:200][208]LogModuleManager: Shutting down and abandoning module SlateRHIRenderer (22)
[2017.11.18-12.03.31:202][208]LogModuleManager: Shutting down and abandoning module OpenGLDrv (20)
[2017.11.18-12.03.31:204][208]LogModuleManager: Shutting down and abandoning module D3D11RHI (18)
[2017.11.18-12.03.31:204][208]LogModuleManager: Shutting down and abandoning module AnimGraphRuntime (16)
[2017.11.18-12.03.31:205][208]LogModuleManager: Shutting down and abandoning module Renderer (14)
[2017.11.18-12.03.31:206][208]LogModuleManager: Shutting down and abandoning module Engine (12)
[2017.11.18-12.03.31:206][208]LogModuleManager: Shutting down and abandoning module CoreUObject (10)
[2017.11.18-12.03.31:206][208]LogModuleManager: Shutting down and abandoning module NetworkFile (8)
[2017.11.18-12.03.31:207][208]LogModuleManager: Shutting down and abandoning module StreamingFile (6)
[2017.11.18-12.03.31:207][208]LogModuleManager: Shutting down and abandoning module SandboxFile (4)
[2017.11.18-12.03.31:208][208]LogModuleManager: Shutting down and abandoning module PakFile (2)
[2017.11.18-12.03.31:212][208]LogExit: Exiting.
[2017.11.18-12.03.31:231][208]Log file closed, 11/18/17 13:03:31
