Log file open, 11/15/17 20:52:29
LogInit:Display: Running engine for game: OpenWorld_16
LogPlatformFile: Not using cached read wrapper
LogInit:Display: RandInit(-922199307) SRandInit(-922199307).
LogTaskGraph: Started task graph with 5 named threads and 6 total threads with 1 sets of task threads.
LogStats: Stats thread started at 1.107340
LogInit: Using libcurl 7.47.1
LogInit:  - built for x86_64-pc-win32
LogInit:  - supports SSL with OpenSSL/1.0.2g
LogInit:  - supports HTTP deflate (compression) using libz 1.2.8
LogInit:  - other features:
LogInit:      CURL_VERSION_SSL
LogInit:      CURL_VERSION_LIBZ
LogInit:      CURL_VERSION_IPV6
LogInit:      CURL_VERSION_ASYNCHDNS
LogInit:      CURL_VERSION_LARGEFILE
LogInit:      CURL_VERSION_IDN
LogInit:  CurlRequestOptions (configurable via config and command line):
LogInit:  - bVerifyPeer = false  - Libcurl will NOT verify peer certificate
LogInit:  - bUseHttpProxy = false  - Libcurl will NOT use HTTP proxy
LogInit:  - bDontReuseConnections = false  - Libcurl will reuse connections
LogInit:  - CertBundlePath = nullptr  - Libcurl will use whatever was configured at build time.
LogInit: Build: ++UE4+Release-4.16-CL-3561208
LogInit: Engine Version: 4.16.3-3561208+++UE4+Release-4.16
LogInit: Compatible Engine Version: 4.16.0-3452394+++UE4+Release-4.16
LogInit: Net CL: 3452394
LogDevObjectVersion: Number of dev versions registered: 16
LogDevObjectVersion:   Dev-Blueprints (B0D832E4-1F89-4F0D-ACCF-7EB736FD4AA2): 9
LogDevObjectVersion:   Dev-Build (E1C64328-A22C-4D53-A36C-8E866417BD8C): 0
LogDevObjectVersion:   Dev-Core (375EC13C-06E4-48FB-B500-84F0262A717E): 2
LogDevObjectVersion:   Dev-Editor (E4B068ED-F494-42E9-A231-DA0B2E46BB41): 17
LogDevObjectVersion:   Dev-Framework (CFFC743F-43B0-4480-9391-14DF171D2073): 23
LogDevObjectVersion:   Dev-Mobile (B02B49B5-BB20-44E9-A304-32B752E40360): 0
LogDevObjectVersion:   Dev-Networking (A4E4105C-59A1-49B5-A7C5-40C4547EDFEE): 0
LogDevObjectVersion:   Dev-Online (39C831C9-5AE6-47DC-9A44-9C173E1C8E7C): 0
LogDevObjectVersion:   Dev-Physics (78F01B33-EBEA-4F98-B9B4-84EACCB95AA2): 0
LogDevObjectVersion:   Dev-Platform (6631380F-2D4D-43E0-8009-CF276956A95A): 0
LogDevObjectVersion:   Dev-Rendering (12F88B9F-8875-4AFC-A67C-D90C383ABD29): 15
LogDevObjectVersion:   Dev-Sequencer (7B5AE74C-D270-4C10-A958-57980B212A5A): 4
LogDevObjectVersion:   Dev-VR (D7296918-1DD6-4BDD-9DE2-64A83CC13884): 0
LogDevObjectVersion:   Dev-LoadTimes (C2A15278-BFE7-4AFE-6C17-90FF531DF755): 1
LogDevObjectVersion:   Private-Geometry (6EACA3D4-40EC-4CC1-B786-8BED09428FC5): 1
LogDevObjectVersion:   Dev-AnimPhys (29E575DD-E0A3-4627-9D10-D276232CDCEA): 3
LogInit: Compiled (64-bit): Jul 28 2017 11:49:47
LogInit: Compiled with Visual C++: 19.00.24215.01
LogInit: Build Configuration: Development
LogInit: Branch Name: ++UE4+Release-4.16
LogInit: Command line:  -skipcompile
LogInit: Base directory: C:/Program Files (x86)/Epic Games/UE_4.16/Engine/Binaries/Win64/
LogInit: Installed Engine Build: 1
LogInit: Presizing for max 8388607 objects, including 0 objects not considered by GC, pre-allocating 0 bytes for permanent pool.
LogInit: Object subsystem initialized
[2017.11.15-19.52.30:855][  0]LogInit: Selected Device Profile: [Windows]
[2017.11.15-19.52.30:855][  0]LogInit: Applying CVar settings loaded from the selected device profile: [Windows]
[2017.11.15-19.52.30:886][  0]LogInit: Computer: HP-PC
[2017.11.15-19.52.30:886][  0]LogInit: User: Admin
[2017.11.15-19.52.30:886][  0]LogInit: CPU Page size=4096, Cores=2
[2017.11.15-19.52.30:886][  0]LogInit: High frequency timer resolution =3.117558 MHz
[2017.11.15-19.52.30:886][  0]LogMemory: Memory total: Physical=7.9GB (8GB approx)
[2017.11.15-19.52.30:886][  0]LogMemory: Platform Memory Stats for Windows
[2017.11.15-19.52.30:886][  0]LogMemory: Process Physical Memory: 273.72 MB used, 273.72 MB peak
[2017.11.15-19.52.30:886][  0]LogMemory: Process Virtual Memory: 260.75 MB used, 260.75 MB peak
[2017.11.15-19.52.30:886][  0]LogMemory: Physical Memory: 5584.09 MB used,  2471.20 MB free, 8055.29 MB total
[2017.11.15-19.52.30:886][  0]LogMemory: Virtual Memory: 618.77 MB used,  2471.20 MB free, 8388608.00 MB total
[2017.11.15-19.52.31:491][  0]LogInit: Overriding language with editor language configuration option (en).
[2017.11.15-19.52.31:492][  0]LogInit: Overriding locale with editor locale configuration option (en).
[2017.11.15-19.52.33:322][  0]LogD3D11RHI: D3D11 adapters:
[2017.11.15-19.52.33:377][  0]LogD3D11RHI:    0. 'NVIDIA GeForce GT 730' (Feature Level 11_0)
[2017.11.15-19.52.33:377][  0]LogD3D11RHI:       973/0/3072 MB DedicatedVideo/DedicatedSystem/SharedSystem, Outputs:1, VendorId:0x10de
[2017.11.15-19.52.33:377][  0]LogD3D11RHI: Chosen D3D11 Adapter: 0
[2017.11.15-19.52.33:386][  0]LogD3D11RHI: Creating new Direct3DDevice
[2017.11.15-19.52.33:387][  0]LogD3D11RHI:     GPU DeviceId: 0x1287 (for the marketing name, search the web for "GPU Device Id")
[2017.11.15-19.52.33:387][  0]LogWindows: EnumDisplayDevices:
[2017.11.15-19.52.33:387][  0]LogWindows:    0. 'NVIDIA GeForce GT 730' (P:1 D:1)
[2017.11.15-19.52.33:387][  0]LogWindows:    1. 'NVIDIA GeForce GT 730' (P:0 D:0)
[2017.11.15-19.52.33:388][  0]LogWindows:    2. 'NVIDIA GeForce GT 730' (P:0 D:0)
[2017.11.15-19.52.33:388][  0]LogWindows:    3. 'RDPDD Chained DD' (P:0 D:0)
[2017.11.15-19.52.33:388][  0]LogWindows:    4. 'RDP Encoder Mirror Driver' (P:0 D:0)
[2017.11.15-19.52.33:388][  0]LogWindows:    5. 'RDP Reflector Display Driver' (P:0 D:0)
[2017.11.15-19.52.33:388][  0]LogWindows: DebugString: GetVideoDriverDetailsInvalid PrimaryIsNotTheChoosenAdapter GetVideoDriverDetailsInvalid PrimaryIsNotTheChoosenAdapter GetVideoDriverDetailsInvalid PrimaryIsNotTheChoosenAdapter FoundDriverCount:3 
[2017.11.15-19.52.33:388][  0]LogD3D11RHI:     Adapter Name: NVIDIA GeForce GT 730
[2017.11.15-19.52.33:389][  0]LogD3D11RHI:   Driver Version: 385.69 (internal:22.21.13.8569, unified:385.69)
[2017.11.15-19.52.33:389][  0]LogD3D11RHI:      Driver Date: 9-16-2017
[2017.11.15-19.52.33:389][  0]LogRHI: Texture pool is 681 MB (70% of 973 MB)
[2017.11.15-19.52.33:414][  0]LogD3D11RHI: Async texture creation enabled
[2017.11.15-19.52.33:452][  0]LogD3D11RHI: GPU Timing Frequency: 1000.000000 (Debug: 2 2)
[2017.11.15-19.52.33:461][  0]LogShaderCompilers: Guid format shader working directory is -22 characters bigger than the processId version (../../../../../../Users/Admin/Documents/Unreal Projects/OpenWorld_16/Intermediate/Shaders/WorkingDirectory/4760/).
[2017.11.15-19.52.33:461][  0]LogShaderCompilers: Cleaned the shader compiler working directory 'C:/Users/Admin/AppData/Local/Temp/UnrealShaderWorkingDir/555DE9B9424FC49A5317A6B41C8A553E/'.
[2017.11.15-19.52.33:462][  0]LogShaderCompilers:Display: Using Local Shader Compiler.
[2017.11.15-19.52.35:401][  0]LogTemp:Display: Loaded TP AllDesktopTargetPlatform
[2017.11.15-19.52.35:494][  0]LogTemp:Display: Loaded TP MacClientTargetPlatform
[2017.11.15-19.52.35:583][  0]LogTemp:Display: Loaded TP MacNoEditorTargetPlatform
[2017.11.15-19.52.35:672][  0]LogTemp:Display: Loaded TP MacServerTargetPlatform
[2017.11.15-19.52.35:763][  0]LogTemp:Display: Loaded TP MacTargetPlatform
[2017.11.15-19.52.35:870][  0]LogTemp:Display: Loaded TP WindowsClientTargetPlatform
[2017.11.15-19.52.35:959][  0]LogTemp:Display: Loaded TP WindowsNoEditorTargetPlatform
[2017.11.15-19.52.36:055][  0]LogTemp:Display: Loaded TP WindowsServerTargetPlatform
[2017.11.15-19.52.36:140][  0]LogTemp:Display: Loaded TP WindowsTargetPlatform
[2017.11.15-19.52.36:237][  0]LogTemp:Display: Loaded TP AndroidTargetPlatform
[2017.11.15-19.52.36:326][  0]LogTemp:Display: Loaded TP Android_ASTCTargetPlatform
[2017.11.15-19.52.36:418][  0]LogTemp:Display: Loaded TP Android_ATCTargetPlatform
[2017.11.15-19.52.36:509][  0]LogTemp:Display: Loaded TP Android_DXTTargetPlatform
[2017.11.15-19.52.36:602][  0]LogTemp:Display: Loaded TP Android_ETC1TargetPlatform
[2017.11.15-19.52.36:694][  0]LogTemp:Display: Loaded TP Android_ETC2TargetPlatform
[2017.11.15-19.52.36:903][  0]LogTemp:Display: Loaded TP Android_MultiTargetPlatform
[2017.11.15-19.52.36:904][  0]LogTemp:Display: Loaded TP Android_PVRTCTargetPlatform
[2017.11.15-19.52.36:977][  0]LogTemp:Display: Loaded TP HTML5TargetPlatform
[2017.11.15-19.52.37:198][  0]LogTemp:Display: Loaded TP IOSTargetPlatform
[2017.11.15-19.52.37:274][  0]LogTemp:Display: Loaded TP TVOSTargetPlatform
[2017.11.15-19.52.37:359][  0]LogTemp:Display: Loaded TP LinuxClientTargetPlatform
[2017.11.15-19.52.37:462][  0]LogTemp:Display: Loaded TP LinuxNoEditorTargetPlatform
[2017.11.15-19.52.37:551][  0]LogTemp:Display: Loaded TP LinuxServerTargetPlatform
[2017.11.15-19.52.37:651][  0]LogTemp:Display: Loaded TP LinuxTargetPlatform
[2017.11.15-19.52.37:651][  0]LogTargetPlatformManager:Display: Building Assets For Windows
[2017.11.15-19.52.38:704][  0]LogDerivedDataCache:Display: Max Cache Size: 512 MB
[2017.11.15-19.52.39:348][  0]LogDerivedDataCache: Loaded boot cache 0.64s 90MB C:/Users/Admin/AppData/Local/UnrealEngine/4.16/DerivedDataCache/Boot.ddc.
[2017.11.15-19.52.39:348][  0]LogDerivedDataCache:Display: Loaded Boot cache: C:/Users/Admin/AppData/Local/UnrealEngine/4.16/DerivedDataCache/Boot.ddc
[2017.11.15-19.52.39:348][  0]LogDerivedDataCache: FDerivedDataBackendGraph:  Pak pak cache file ../../../../../../Users/Admin/Documents/Unreal Projects/OpenWorld_16/DerivedDataCache/DDC.ddp not found, will not use a pak cache.
[2017.11.15-19.52.39:348][  0]LogDerivedDataCache: Unable to find inner node Pak for hierarchical cache Hierarchy.
[2017.11.15-19.52.39:348][  0]LogDerivedDataCache: FDerivedDataBackendGraph:  CompressedPak pak cache file ../../../../../../Users/Admin/Documents/Unreal Projects/OpenWorld_16/DerivedDataCache/Compressed.ddp not found, will not use a pak cache.
[2017.11.15-19.52.39:348][  0]LogDerivedDataCache: Unable to find inner node CompressedPak for hierarchical cache Hierarchy.
[2017.11.15-19.52.39:384][  0]LogDerivedDataCache:Display: Pak cache opened for reading ../../../Engine/DerivedDataCache/Compressed.ddp.
[2017.11.15-19.52.39:399][  0]LogDerivedDataCache: Using Local data cache path C:/Users/Admin/AppData/Local/UnrealEngine/Common/DerivedDataCache: Writable
[2017.11.15-19.52.39:420][  0]LogMaterial: Verifying Global Shaders for PCD3D_SM5
[2017.11.15-19.52.39:428][  0]LogSlate: Using Freetype 2.6.0
[2017.11.15-19.52.39:433][  0]LogSlate: SlateFontCache - WITH_FREETYPE: 1, WITH_HARFBUZZ: 1
[2017.11.15-19.52.39:433][  0]LogSlate: SlateFontCache - WITH_FREETYPE: 1, WITH_HARFBUZZ: 1
[2017.11.15-19.52.41:029][  0]LogInit: Selected Device Profile: [Windows]
[2017.11.15-19.52.41:046][  0]LogContentStreaming: Texture pool size is 0.00 MB
[2017.11.15-19.52.41:528][  0]LogMeshUtilities: Using QuadricMeshReduction for automatic static mesh reduction
[2017.11.15-19.52.41:641][  0]LogSimplygon: Simplygon DLL not present - disabling.
[2017.11.15-19.52.41:731][  0]LogMeshUtilities: Using SimplygonSwarm for distributed automatic mesh merging
[2017.11.15-19.52.41:731][  0]LogMeshUtilities: No automatic skeletal mesh reduction module available
[2017.11.15-19.52.41:731][  0]LogMeshUtilities: No automatic mesh merging module available
[2017.11.15-19.52.43:095][  0]LogNetVersion: OpenWorld_16 , NetCL: 3452394, EngineNetVer: 2, GameNetVer: 0 (Checksum: 878940126)
[2017.11.15-19.52.43:243][  0]LogAssetRegistry: FAssetRegistry took 0.0337 seconds to start up
[2017.11.15-19.52.43:309][  0]LogPackageLocalizationCache: Processed 4 localized package path(s) for 1 prioritized culture(s) in 0.030267 seconds
[2017.11.15-19.52.43:318][  0]LogUObjectArray: 34194 objects as part of root set at end of initial load.
[2017.11.15-19.52.43:318][  0]LogUObjectAllocator: 7260416 out of 0 bytes used by permanent object pool.
[2017.11.15-19.52.43:318][  0]LogUObjectArray: CloseDisregardForGC: 0/0 objects in disregard for GC pool
[2017.11.15-19.52.43:422][  0]LogInit: WinSock: version 1.1 (2.2), MaxSocks=32767, MaxUdp=65467
[2017.11.15-19.52.50:733][  0]LogSubstanceCoreModule: Substance [CPU] Engine Loaded, Max Texture Size = 2048
[2017.11.15-19.52.50:804][  0]LogTcpMessaging: Initializing TcpMessaging bridge
[2017.11.15-19.52.50:868][  0]LogUdpMessaging: Initializing bridge on interface 0.0.0.0:0 to multicast group 230.0.0.1:6666.
[2017.11.15-19.52.52:691][  0]LogMaterial: Uniform references updated for custom material expression Custom.
[2017.11.15-19.52.53:588][  0]SourceControl: Info Source control is disabled
[2017.11.15-19.52.53:709][  0]SourceControl: Info Source control is disabled
[2017.11.15-19.52.53:822][  0]SourceControl: Info Source control is disabled
[2017.11.15-19.52.53:944][  0]SourceControl: Info Source control is disabled
[2017.11.15-19.52.56:171][  0]LogAndroidPermission: UAndroidPermissionCallbackProxy::GetInstance
[2017.11.15-19.52.57:806][  0]LogEngine: Initializing Engine...
[2017.11.15-19.52.57:808][  0]LogHMD: Failed to initialize OpenVR with code 110
[2017.11.15-19.52.58:168][  0]LogStats: UGameplayTagsManager::ConstructGameplayTagTree: Construct from data asset -  0.000 s
[2017.11.15-19.52.58:169][  0]LogStats: UGameplayTagsManager::ConstructGameplayTagTree: GameplayTagTreeChangedEvent.Broadcast -  0.000 s
[2017.11.15-19.52.58:514][  0]LogAIModule: Creating AISystem for world Untitled
[2017.11.15-19.52.58:567][  0]LogInit: XAudio2 using 'Altavoces (Realtek High Definition Audio)' : 2 channels at 48 kHz using 32 bits per sample (channel mask 0x3)
[2017.11.15-19.52.58:641][  0]LogInit: FAudioDevice initialized.
[2017.11.15-19.52.58:697][  0]LogDerivedDataCache: Saved boot cache 0.06s 90MB C:/Users/Admin/AppData/Local/UnrealEngine/4.16/DerivedDataCache/Boot.ddc.
[2017.11.15-19.52.58:723][  0]LogInit: Texture streaming: Enabled
[2017.11.15-19.52.58:899][  0]LogEngineSessionManager: EngineSessionManager initialized
[2017.11.15-19.52.59:543][  0]LogInit: Transaction tracking system initialized
[2017.11.15-19.53.00:287][  0]BlueprintLog: New page: Editor Load
[2017.11.15-19.53.02:732][  0]LocalizationService: Info Localization service is disabled
[2017.11.15-19.53.04:836][  0]LogConsoleResponse:Display: 
[2017.11.15-19.53.05:457][  0]LogCook:Display: Max memory allowance for cook 16384mb min free memory 0mb
[2017.11.15-19.53.05:457][  0]LogCook:Display: Mobile HDR setting 1
[2017.11.15-19.53.06:326][  0]LogFileCache: Scanning file cache for directory 'C:/Users/Admin/Documents/Unreal Projects/OpenWorld_16/Content/' took 0.02s
[2017.11.15-19.53.08:004][  0]SourceControl: Info Source control is disabled
[2017.11.15-19.53.08:010][  0]Cmd: MAP LOAD FILE="../../../../../../Users/Admin/Documents/Unreal Projects/OpenWorld_16/Content/FirstPersonBP/Maps/FirstPersonExampleMap.umap" TEMPLATE=0 SHOWPROGRESS=1 FEATURELEVEL=3
[2017.11.15-19.53.08:014][  0]LightingResults: New page: Lighting Build
[2017.11.15-19.53.08:111][  0]MapCheck: New page: Map Check
[2017.11.15-19.53.08:112][  0]LightingResults: New page: Lighting Build
[2017.11.15-19.53.09:079][  0]LogAIModule: Creating AISystem for world FirstPersonExampleMap
[2017.11.15-19.53.09:148][  0]LogEditorServer: Finished looking for orphan Actors (0.000 secs)
[2017.11.15-19.53.09:192][  0]Cmd: MAP CHECKDEP NOCLEARLOG
[2017.11.15-19.53.09:320][  0]MapCheck: Info Map check complete: 0 Error(s), 0 Warning(s), took 127.592ms to complete.
[2017.11.15-19.53.09:321][  0]LogFileHelpers: Loading map 'FirstPersonExampleMap' took 1.388
[2017.11.15-19.53.09:625][  0]LogCollectionManager: Loaded 0 collections in 0.002127 seconds
[2017.11.15-19.53.09:814][  0]LogFileCache: Scanning file cache for directory 'C:/Users/Admin/Documents/Unreal Projects/OpenWorld_16/Saved/Collections/' took 0.01s
[2017.11.15-19.53.09:814][  0]LogFileCache: Scanning file cache for directory 'C:/Users/Admin/Documents/Unreal Projects/OpenWorld_16/Content/Developers/Admin/Collections/' took 0.01s
[2017.11.15-19.53.09:814][  0]LogFileCache: Scanning file cache for directory 'C:/Users/Admin/Documents/Unreal Projects/OpenWorld_16/Content/Collections/' took 0.01s
[2017.11.15-19.53.09:814][  0]LogCollectionManager: Rebuilt the GUID cache for 0 collections in 0.000005 seconds
[2017.11.15-19.53.09:845][  0]LogContentBrowser: Native class hierarchy populated in 0.0202 seconds. Added 2361 classes and 508 folders.
[2017.11.15-19.53.09:992][  0]LogContentBrowser: Native class hierarchy updated for 'WidgetCarousel' in 0.0019 seconds. Added 0 classes and 0 folders.
[2017.11.15-19.53.10:296][  0]LogContentBrowser: Native class hierarchy updated for 'AddContentDialog' in 0.0020 seconds. Added 0 classes and 0 folders.
[2017.11.15-19.53.10:439][  0]LogContentBrowser: Native class hierarchy updated for 'SceneOutliner' in 0.0022 seconds. Added 1 classes and 2 folders.
[2017.11.15-19.53.10:787][  0]LogCrashTracker: Crashtracker disabled due to settings.
[2017.11.15-19.53.10:801][  0]LogSlate: Took 0.002120 seconds to synchronously load lazily loaded font '../../../Engine/Content/Slate/Fonts/Roboto-Regular.ttf' (155K)
[2017.11.15-19.53.10:806][  0]LogSlate: Took 0.002342 seconds to synchronously load lazily loaded font '../../../Engine/Content/Slate/Fonts/Roboto-Bold.ttf' (160K)
[2017.11.15-19.53.10:820][  0]LogSlate: Took 0.002340 seconds to synchronously load lazily loaded font '../../../Engine/Content/Editor/Slate/Fonts/FontAwesome.ttf' (139K)
[2017.11.15-19.53.10:993][  0]LogRenderer: Reallocating scene render targets to support 844x408 NumSamples 1 (Frame:1).
[2017.11.15-19.53.11:178][  0]LogSlate: Took 0.002706 seconds to synchronously load lazily loaded font '../../../Engine/Content/Slate/Fonts/Roboto-Light.ttf' (159K)
[2017.11.15-19.53.11:363][  0]LogUObjectGlobals:Warning: Failed to find object 'Class None.'
[2017.11.15-19.53.11:499][  0]LogContentBrowser: Native class hierarchy updated for 'HierarchicalLODOutliner' in 0.0020 seconds. Added 1 classes and 2 folders.
[2017.11.15-19.53.11:499][  0]LogLoad: (Engine Initialization) Total time: 45.28 seconds
[2017.11.15-19.53.11:499][  0]LogLoad: (Engine Initialization) Total Blueprint compile time: 0.30 seconds
[2017.11.15-19.53.11:499][  0]LogExternalProfiler: Found external profiler: VSPerf
[2017.11.15-19.53.11:499][  0]LogExternalProfiler: Using external profiler: VSPerf
[2017.11.15-19.53.11:538][  0]LogOcInput: OculusInput pre-init called
[2017.11.15-19.53.11:539][  0]LogHMD: Starting GearVRController plugin
[2017.11.15-19.53.11:568][  0]LogContentStreaming: Texture pool size now 600 MB
[2017.11.15-19.53.11:657][  1]LogAssetRegistry: Asset discovery search completed in 28.5313 seconds
[2017.11.15-19.53.11:659][  1]LogCollectionManager: Rebuilt the object cache for 0 collections in 0.000001 seconds (found 0 objects)
[2017.11.15-19.53.11:660][  1]LogCollectionManager: Fixed up redirectors for 0 collections in 0.000288 seconds (updated 0 objects)
[2017.11.15-19.53.41:868][904]LogTemp: Repeting last play command: Selected Viewport
[2017.11.15-19.53.41:944][904]LogBlueprintUserMessages: Early PlayInEditor Detection: Level '/Game/FirstPersonBP/Maps/FirstPersonExampleMap.FirstPersonExampleMap:PersistentLevel' has LevelScriptBlueprint '/Game/FirstPersonBP/Maps/FirstPersonExampleMap.FirstPersonExampleMap:PersistentLevel.FirstPersonExampleMap' with GeneratedClass '/Game/FirstPersonBP/Maps/FirstPersonExampleMap.FirstPersonExampleMap_C' with ClassGeneratedBy '/Game/FirstPersonBP/Maps/FirstPersonExampleMap.FirstPersonExampleMap:PersistentLevel.FirstPersonExampleMap'
[2017.11.15-19.53.41:945][904]LogPlayLevel: PlayLevel: No blueprints needed recompiling
[2017.11.15-19.53.41:946][904]PIE: New page: PIE session: FirstPersonExampleMap (Nov 15, 2017, 9:53:41 PM)
[2017.11.15-19.53.41:947][904]LogPlayLevel: Creating play world package: /Game/FirstPersonBP/Maps/UEDPIE_0_FirstPersonExampleMap
[2017.11.15-19.53.41:992][904]LogPlayLevel: PIE: StaticDuplicateObject took: (0.045084s)
[2017.11.15-19.53.41:993][904]LogAIModule: Creating AISystem for world FirstPersonExampleMap
[2017.11.15-19.53.41:994][904]LogPlayLevel: PIE: World Init took: (0.001302s)
[2017.11.15-19.53.41:994][904]LogPlayLevel: PIE: Created PIE world by copying editor world from /Game/FirstPersonBP/Maps/FirstPersonExampleMap.FirstPersonExampleMap to /Game/FirstPersonBP/Maps/UEDPIE_0_FirstPersonExampleMap.FirstPersonExampleMap (0.047618s)
[2017.11.15-19.53.42:032][904]LogInit: XAudio2 using 'Altavoces (Realtek High Definition Audio)' : 2 channels at 48 kHz using 32 bits per sample (channel mask 0x3)
[2017.11.15-19.53.42:046][904]LogInit: FAudioDevice initialized.
[2017.11.15-19.53.42:102][904]LogLoad: Game class is 'WorldGameMode_BP_C'
[2017.11.15-19.53.42:106][904]LogWorld: Bringing World /Game/FirstPersonBP/Maps/UEDPIE_0_FirstPersonExampleMap.FirstPersonExampleMap up for play (max tick rate 30) at 2017.11.15-20.53.42
[2017.11.15-19.53.42:107][904]LogWorld: Bringing up level for play took: 0.001683
[2017.11.15-19.53.42:215][904]LogContentBrowser: Native class hierarchy updated for 'MovieSceneCapture' in 0.0020 seconds. Added 11 classes and 0 folders.
[2017.11.15-19.53.42:218][904]LogBlueprintUserMessages: [WorldGameMode_BP_C_0] Hello
[2017.11.15-19.53.42:293][904]LogTemp:Warning: First map load took: 74.768136 ms
[2017.11.15-19.53.42:295][904]PIE: Info Play in editor start time for /Game/FirstPersonBP/Maps/UEDPIE_0_FirstPersonExampleMap 0.859
[2017.11.15-19.53.42:295][904]LogBlueprintUserMessages: Late PlayInEditor Detection: Level '/Game/FirstPersonBP/Maps/FirstPersonExampleMap.FirstPersonExampleMap:PersistentLevel' has LevelScriptBlueprint '/Game/FirstPersonBP/Maps/FirstPersonExampleMap.FirstPersonExampleMap:PersistentLevel.FirstPersonExampleMap' with GeneratedClass '/Game/FirstPersonBP/Maps/FirstPersonExampleMap.FirstPersonExampleMap_C' with ClassGeneratedBy '/Game/FirstPersonBP/Maps/FirstPersonExampleMap.FirstPersonExampleMap:PersistentLevel.FirstPersonExampleMap'
[2017.11.15-19.53.42:339][905]Mat_Loader:Warning: Added transition meterial with index: 2-1-0
[2017.11.15-19.53.46:018][  3]LogBlueprintUserMessages: [WorldGameMode_BP_C_0] Hello
[2017.11.15-19.54.12:079][723]Cmd: Stat UnitGraph
[2017.11.15-19.54.12:086][723]Cmd: STAT Unit
[2017.11.15-19.54.12:086][723]Cmd: STAT UnitTime
[2017.11.15-19.54.13:566][768]Cmd: LevelEditor.ToggleImmersive
[2017.11.15-19.54.13:757][769]LogRenderer: Reallocating scene render targets to support 1172x608 NumSamples 1 (Frame:866).
[2017.11.15-19.54.13:831][770]LogRenderer: Reallocating scene render targets to support 1368x728 NumSamples 1 (Frame:868).
